
-------------------------------------------------------------------------------
   ROBOCOPY     ::     Robust File Copy for Windows                              
-------------------------------------------------------------------------------

  Started : Saturday, December 16, 2023 12:02:54 AM
   Source : I:\assembly\
     Dest : E:\realtime_backups\assembly\

    Files : *.*
	    
  Options : *.* /S /E /DCOPY:DA /COPY:DAT /PURGE /MIR /MT:8 /R:1000000 /W:30 

------------------------------------------------------------------------------


------------------------------------------------------------------------------

               Total    Copied   Skipped  Mismatch    FAILED    Extras
    Dirs :        73        73        73         0         0         0
   Files :       105         0       105         0         0         0
   Bytes :   497.9 k         0   497.9 k         0         0         0
   Times :   0:00:00   0:00:00                       0:00:00   0:00:00
   Ended : Saturday, December 16, 2023 12:02:54 AM


-------------------------------------------------------------------------------
   ROBOCOPY     ::     Robust File Copy for Windows                              
-------------------------------------------------------------------------------

  Started : Saturday, December 16, 2023 12:08:42 AM
   Source : I:\assembly\
     Dest : E:\realtime_backups\assembly\

    Files : *.*
	    
  Options : *.* /S /E /DCOPY:DA /COPY:DAT /PURGE /MIR /MT:8 /R:1000000 /W:30 

------------------------------------------------------------------------------


------------------------------------------------------------------------------

               Total    Copied   Skipped  Mismatch    FAILED    Extras
    Dirs :        73        73        73         0         0         0
   Files :       105         0       105         0         0         0
   Bytes :   497.9 k         0   497.9 k         0         0         0
   Times :   0:00:00   0:00:00                       0:00:00   0:00:00
   Ended : Saturday, December 16, 2023 12:08:42 AM


-------------------------------------------------------------------------------
   ROBOCOPY     ::     Robust File Copy for Windows                              
-------------------------------------------------------------------------------

  Started : Saturday, December 16, 2023 12:14:03 AM
   Source : I:\assembly\
     Dest : E:\realtime_backups\assembly\

    Files : *.*
	    
  Options : *.* /S /E /DCOPY:DA /COPY:DAT /PURGE /MIR /MT:8 /R:1000000 /W:30 

------------------------------------------------------------------------------


------------------------------------------------------------------------------

               Total    Copied   Skipped  Mismatch    FAILED    Extras
    Dirs :        73        73        73         0         0         0
   Files :       105         0       105         0         0         0
   Bytes :   497.9 k         0   497.9 k         0         0         0
   Times :   0:00:00   0:00:00                       0:00:00   0:00:00
   Ended : Saturday, December 16, 2023 12:14:03 AM


-------------------------------------------------------------------------------
   ROBOCOPY     ::     Robust File Copy for Windows                              
-------------------------------------------------------------------------------

  Started : Saturday, December 16, 2023 12:19:24 AM
   Source : I:\assembly\
     Dest : E:\realtime_backups\assembly\

    Files : *.*
	    
  Options : *.* /S /E /DCOPY:DA /COPY:DAT /PURGE /MIR /MT:8 /R:1000000 /W:30 

------------------------------------------------------------------------------


------------------------------------------------------------------------------

               Total    Copied   Skipped  Mismatch    FAILED    Extras
    Dirs :        73        73        73         0         0         0
   Files :       105         0       105         0         0         0
   Bytes :   497.9 k         0   497.9 k         0         0         0
   Times :   0:00:00   0:00:00                       0:00:00   0:00:00
   Ended : Saturday, December 16, 2023 12:19:24 AM


-------------------------------------------------------------------------------
   ROBOCOPY     ::     Robust File Copy for Windows                              
-------------------------------------------------------------------------------

  Started : Saturday, December 16, 2023 12:24:45 AM
   Source : I:\assembly\
     Dest : E:\realtime_backups\assembly\

    Files : *.*
	    
  Options : *.* /S /E /DCOPY:DA /COPY:DAT /PURGE /MIR /MT:8 /R:1000000 /W:30 

------------------------------------------------------------------------------


------------------------------------------------------------------------------

               Total    Copied   Skipped  Mismatch    FAILED    Extras
    Dirs :        73        73        73         0         0         0
   Files :       105         0       105         0         0         0
   Bytes :   497.9 k         0   497.9 k         0         0         0
   Times :   0:00:00   0:00:00                       0:00:00   0:00:00
   Ended : Saturday, December 16, 2023 12:24:45 AM


-------------------------------------------------------------------------------
   ROBOCOPY     ::     Robust File Copy for Windows                              
-------------------------------------------------------------------------------

  Started : Saturday, December 16, 2023 12:30:06 AM
   Source : I:\assembly\
     Dest : E:\realtime_backups\assembly\

    Files : *.*
	    
  Options : *.* /S /E /DCOPY:DA /COPY:DAT /PURGE /MIR /MT:8 /R:1000000 /W:30 

------------------------------------------------------------------------------


------------------------------------------------------------------------------

               Total    Copied   Skipped  Mismatch    FAILED    Extras
    Dirs :        73        73        73         0         0         0
   Files :       105         0       105         0         0         0
   Bytes :   497.9 k         0   497.9 k         0         0         0
   Times :   0:00:00   0:00:00                       0:00:00   0:00:00
   Ended : Saturday, December 16, 2023 12:30:06 AM


-------------------------------------------------------------------------------
   ROBOCOPY     ::     Robust File Copy for Windows                              
-------------------------------------------------------------------------------

  Started : Saturday, December 16, 2023 12:35:34 AM
   Source : I:\assembly\
     Dest : E:\realtime_backups\assembly\

    Files : *.*
	    
  Options : *.* /S /E /DCOPY:DA /COPY:DAT /PURGE /MIR /MT:8 /R:1000000 /W:30 

------------------------------------------------------------------------------


------------------------------------------------------------------------------

               Total    Copied   Skipped  Mismatch    FAILED    Extras
    Dirs :        73        73        73         0         0         0
   Files :       105         0       105         0         0         0
   Bytes :   497.9 k         0   497.9 k         0         0         0
   Times :   0:00:00   0:00:00                       0:00:00   0:00:00
   Ended : Saturday, December 16, 2023 12:35:34 AM


-------------------------------------------------------------------------------
   ROBOCOPY     ::     Robust File Copy for Windows                              
-------------------------------------------------------------------------------

  Started : Saturday, December 16, 2023 12:41:22 AM
   Source : I:\assembly\
     Dest : E:\realtime_backups\assembly\

    Files : *.*
	    
  Options : *.* /S /E /DCOPY:DA /COPY:DAT /PURGE /MIR /MT:8 /R:1000000 /W:30 

------------------------------------------------------------------------------


------------------------------------------------------------------------------

               Total    Copied   Skipped  Mismatch    FAILED    Extras
    Dirs :        73        73        73         0         0         0
   Files :       105         0       105         0         0         0
   Bytes :   497.9 k         0   497.9 k         0         0         0
   Times :   0:00:00   0:00:00                       0:00:00   0:00:00
   Ended : Saturday, December 16, 2023 12:41:22 AM


-------------------------------------------------------------------------------
   ROBOCOPY     ::     Robust File Copy for Windows                              
-------------------------------------------------------------------------------

  Started : Saturday, December 16, 2023 12:46:43 AM
   Source : I:\assembly\
     Dest : E:\realtime_backups\assembly\

    Files : *.*
	    
  Options : *.* /S /E /DCOPY:DA /COPY:DAT /PURGE /MIR /MT:8 /R:1000000 /W:30 

------------------------------------------------------------------------------


------------------------------------------------------------------------------

               Total    Copied   Skipped  Mismatch    FAILED    Extras
    Dirs :        73        73        73         0         0         0
   Files :       105         0       105         0         0         0
   Bytes :   497.9 k         0   497.9 k         0         0         0
   Times :   0:00:00   0:00:00                       0:00:00   0:00:00
   Ended : Saturday, December 16, 2023 12:46:43 AM


-------------------------------------------------------------------------------
   ROBOCOPY     ::     Robust File Copy for Windows                              
-------------------------------------------------------------------------------

  Started : Saturday, December 16, 2023 12:52:04 AM
   Source : I:\assembly\
     Dest : E:\realtime_backups\assembly\

    Files : *.*
	    
  Options : *.* /S /E /DCOPY:DA /COPY:DAT /PURGE /MIR /MT:8 /R:1000000 /W:30 

------------------------------------------------------------------------------


------------------------------------------------------------------------------

               Total    Copied   Skipped  Mismatch    FAILED    Extras
    Dirs :        73        73        73         0         0         0
   Files :       105         0       105         0         0         0
   Bytes :   497.9 k         0   497.9 k         0         0         0
   Times :   0:00:00   0:00:00                       0:00:00   0:00:00
   Ended : Saturday, December 16, 2023 12:52:04 AM


-------------------------------------------------------------------------------
   ROBOCOPY     ::     Robust File Copy for Windows                              
-------------------------------------------------------------------------------

  Started : Saturday, December 16, 2023 12:57:25 AM
   Source : I:\assembly\
     Dest : E:\realtime_backups\assembly\

    Files : *.*
	    
  Options : *.* /S /E /DCOPY:DA /COPY:DAT /PURGE /MIR /MT:8 /R:1000000 /W:30 

------------------------------------------------------------------------------


------------------------------------------------------------------------------

               Total    Copied   Skipped  Mismatch    FAILED    Extras
    Dirs :        73        73        73         0         0         0
   Files :       105         0       105         0         0         0
   Bytes :   497.9 k         0   497.9 k         0         0         0
   Times :   0:00:00   0:00:00                       0:00:00   0:00:00
   Ended : Saturday, December 16, 2023 12:57:25 AM


-------------------------------------------------------------------------------
   ROBOCOPY     ::     Robust File Copy for Windows                              
-------------------------------------------------------------------------------

  Started : Saturday, December 16, 2023 1:02:45 AM
   Source : I:\assembly\
     Dest : E:\realtime_backups\assembly\

    Files : *.*
	    
  Options : *.* /S /E /DCOPY:DA /COPY:DAT /PURGE /MIR /MT:8 /R:1000000 /W:30 

------------------------------------------------------------------------------


------------------------------------------------------------------------------

               Total    Copied   Skipped  Mismatch    FAILED    Extras
    Dirs :        73        73        73         0         0         0
   Files :       105         0       105         0         0         0
   Bytes :   497.9 k         0   497.9 k         0         0         0
   Times :   0:00:00   0:00:00                       0:00:00   0:00:00
   Ended : Saturday, December 16, 2023 1:02:45 AM


-------------------------------------------------------------------------------
   ROBOCOPY     ::     Robust File Copy for Windows                              
-------------------------------------------------------------------------------

  Started : Saturday, December 16, 2023 1:08:05 AM
   Source : I:\assembly\
     Dest : E:\realtime_backups\assembly\

    Files : *.*
	    
  Options : *.* /S /E /DCOPY:DA /COPY:DAT /PURGE /MIR /MT:8 /R:1000000 /W:30 

------------------------------------------------------------------------------


------------------------------------------------------------------------------

               Total    Copied   Skipped  Mismatch    FAILED    Extras
    Dirs :        73        73        73         0         0         0
   Files :       105         0       105         0         0         0
   Bytes :   497.9 k         0   497.9 k         0         0         0
   Times :   0:00:00   0:00:00                       0:00:00   0:00:00
   Ended : Saturday, December 16, 2023 1:08:05 AM


-------------------------------------------------------------------------------
   ROBOCOPY     ::     Robust File Copy for Windows                              
-------------------------------------------------------------------------------

  Started : Saturday, December 16, 2023 1:13:26 AM
   Source : I:\assembly\
     Dest : E:\realtime_backups\assembly\

    Files : *.*
	    
  Options : *.* /S /E /DCOPY:DA /COPY:DAT /PURGE /MIR /MT:8 /R:1000000 /W:30 

------------------------------------------------------------------------------


------------------------------------------------------------------------------

               Total    Copied   Skipped  Mismatch    FAILED    Extras
    Dirs :        73        73        73         0         0         0
   Files :       105         0       105         0         0         0
   Bytes :   497.9 k         0   497.9 k         0         0         0
   Times :   0:00:00   0:00:00                       0:00:00   0:00:00
   Ended : Saturday, December 16, 2023 1:13:26 AM


-------------------------------------------------------------------------------
   ROBOCOPY     ::     Robust File Copy for Windows                              
-------------------------------------------------------------------------------

  Started : Saturday, December 16, 2023 1:18:46 AM
   Source : I:\assembly\
     Dest : E:\realtime_backups\assembly\

    Files : *.*
	    
  Options : *.* /S /E /DCOPY:DA /COPY:DAT /PURGE /MIR /MT:8 /R:1000000 /W:30 

------------------------------------------------------------------------------


------------------------------------------------------------------------------

               Total    Copied   Skipped  Mismatch    FAILED    Extras
    Dirs :        73        73        73         0         0         0
   Files :       105         0       105         0         0         0
   Bytes :   497.9 k         0   497.9 k         0         0         0
   Times :   0:00:00   0:00:00                       0:00:00   0:00:00
   Ended : Saturday, December 16, 2023 1:18:46 AM


-------------------------------------------------------------------------------
   ROBOCOPY     ::     Robust File Copy for Windows                              
-------------------------------------------------------------------------------

  Started : Saturday, December 16, 2023 1:24:12 AM
   Source : I:\assembly\
     Dest : E:\realtime_backups\assembly\

    Files : *.*
	    
  Options : *.* /S /E /DCOPY:DA /COPY:DAT /PURGE /MIR /MT:8 /R:1000000 /W:30 

------------------------------------------------------------------------------


------------------------------------------------------------------------------

               Total    Copied   Skipped  Mismatch    FAILED    Extras
    Dirs :        73        73        73         0         0         0
   Files :       105         0       105         0         0         0
   Bytes :   497.9 k         0   497.9 k         0         0         0
   Times :   0:00:00   0:00:00                       0:00:00   0:00:00
   Ended : Saturday, December 16, 2023 1:24:12 AM


-------------------------------------------------------------------------------
   ROBOCOPY     ::     Robust File Copy for Windows                              
-------------------------------------------------------------------------------

  Started : Saturday, December 16, 2023 1:30:00 AM
   Source : I:\assembly\
     Dest : E:\realtime_backups\assembly\

    Files : *.*
	    
  Options : *.* /S /E /DCOPY:DA /COPY:DAT /PURGE /MIR /MT:8 /R:1000000 /W:30 

------------------------------------------------------------------------------


------------------------------------------------------------------------------

               Total    Copied   Skipped  Mismatch    FAILED    Extras
    Dirs :        73        73        73         0         0         0
   Files :       105         0       105         0         0         0
   Bytes :   497.9 k         0   497.9 k         0         0         0
   Times :   0:00:00   0:00:00                       0:00:00   0:00:00
   Ended : Saturday, December 16, 2023 1:30:00 AM


-------------------------------------------------------------------------------
   ROBOCOPY     ::     Robust File Copy for Windows                              
-------------------------------------------------------------------------------

  Started : Saturday, December 16, 2023 1:35:37 AM
   Source : I:\assembly\
     Dest : E:\realtime_backups\assembly\

    Files : *.*
	    
  Options : *.* /S /E /DCOPY:DA /COPY:DAT /PURGE /MIR /MT:8 /R:1000000 /W:30 

------------------------------------------------------------------------------


------------------------------------------------------------------------------

               Total    Copied   Skipped  Mismatch    FAILED    Extras
    Dirs :        73        73        73         0         0         0
   Files :       105         0       105         0         0         0
   Bytes :   497.9 k         0   497.9 k         0         0         0
   Times :   0:00:00   0:00:00                       0:00:00   0:00:00
   Ended : Saturday, December 16, 2023 1:35:37 AM


-------------------------------------------------------------------------------
   ROBOCOPY     ::     Robust File Copy for Windows                              
-------------------------------------------------------------------------------

  Started : Saturday, December 16, 2023 1:41:26 AM
   Source : I:\assembly\
     Dest : E:\realtime_backups\assembly\

    Files : *.*
	    
  Options : *.* /S /E /DCOPY:DA /COPY:DAT /PURGE /MIR /MT:8 /R:1000000 /W:30 

------------------------------------------------------------------------------


------------------------------------------------------------------------------

               Total    Copied   Skipped  Mismatch    FAILED    Extras
    Dirs :        73        73        73         0         0         0
   Files :       105         0       105         0         0         0
   Bytes :   497.9 k         0   497.9 k         0         0         0
   Times :   0:00:00   0:00:00                       0:00:00   0:00:00
   Ended : Saturday, December 16, 2023 1:41:26 AM


-------------------------------------------------------------------------------
   ROBOCOPY     ::     Robust File Copy for Windows                              
-------------------------------------------------------------------------------

  Started : Saturday, December 16, 2023 1:46:46 AM
   Source : I:\assembly\
     Dest : E:\realtime_backups\assembly\

    Files : *.*
	    
  Options : *.* /S /E /DCOPY:DA /COPY:DAT /PURGE /MIR /MT:8 /R:1000000 /W:30 

------------------------------------------------------------------------------


------------------------------------------------------------------------------

               Total    Copied   Skipped  Mismatch    FAILED    Extras
    Dirs :        73        73        73         0         0         0
   Files :       104         0       105         0         0         0
   Bytes :   497.5 k         0   497.5 k         0         0         0
   Times :   0:00:00   0:00:00                       0:00:00   0:00:00
   Ended : Saturday, December 16, 2023 1:46:46 AM


-------------------------------------------------------------------------------
   ROBOCOPY     ::     Robust File Copy for Windows                              
-------------------------------------------------------------------------------

  Started : Saturday, December 16, 2023 1:52:18 AM
   Source : I:\assembly\
     Dest : E:\realtime_backups\assembly\

    Files : *.*
	    
  Options : *.* /S /E /DCOPY:DA /COPY:DAT /PURGE /MIR /MT:8 /R:1000000 /W:30 

------------------------------------------------------------------------------


------------------------------------------------------------------------------

               Total    Copied   Skipped  Mismatch    FAILED    Extras
    Dirs :        73        73        73         0         0         0
   Files :       105         0       105         0         0         0
   Bytes :   497.9 k         0   497.9 k         0         0         0
   Times :   0:00:00   0:00:00                       0:00:00   0:00:00
   Ended : Saturday, December 16, 2023 1:52:18 AM


-------------------------------------------------------------------------------
   ROBOCOPY     ::     Robust File Copy for Windows                              
-------------------------------------------------------------------------------

  Started : Saturday, December 16, 2023 1:57:38 AM
   Source : I:\assembly\
     Dest : E:\realtime_backups\assembly\

    Files : *.*
	    
  Options : *.* /S /E /DCOPY:DA /COPY:DAT /PURGE /MIR /MT:8 /R:1000000 /W:30 

------------------------------------------------------------------------------


------------------------------------------------------------------------------

               Total    Copied   Skipped  Mismatch    FAILED    Extras
    Dirs :        73        73        73         0         0         0
   Files :       105         0       105         0         0         0
   Bytes :   497.9 k         0   497.9 k         0         0         0
   Times :   0:00:00   0:00:00                       0:00:00   0:00:00
   Ended : Saturday, December 16, 2023 1:57:38 AM


-------------------------------------------------------------------------------
   ROBOCOPY     ::     Robust File Copy for Windows                              
-------------------------------------------------------------------------------

  Started : Saturday, December 16, 2023 2:02:59 AM
   Source : I:\assembly\
     Dest : E:\realtime_backups\assembly\

    Files : *.*
	    
  Options : *.* /S /E /DCOPY:DA /COPY:DAT /PURGE /MIR /MT:8 /R:1000000 /W:30 

------------------------------------------------------------------------------


------------------------------------------------------------------------------

               Total    Copied   Skipped  Mismatch    FAILED    Extras
    Dirs :        73        73        73         0         0         0
   Files :       105         0       105         0         0         0
   Bytes :   497.9 k         0   497.9 k         0         0         0
   Times :   0:00:00   0:00:00                       0:00:00   0:00:00
   Ended : Saturday, December 16, 2023 2:02:59 AM


-------------------------------------------------------------------------------
   ROBOCOPY     ::     Robust File Copy for Windows                              
-------------------------------------------------------------------------------

  Started : Saturday, December 16, 2023 2:08:19 AM
   Source : I:\assembly\
     Dest : E:\realtime_backups\assembly\

    Files : *.*
	    
  Options : *.* /S /E /DCOPY:DA /COPY:DAT /PURGE /MIR /MT:8 /R:1000000 /W:30 

------------------------------------------------------------------------------


------------------------------------------------------------------------------

               Total    Copied   Skipped  Mismatch    FAILED    Extras
    Dirs :        73        73        73         0         0         0
   Files :       105         0       105         0         0         0
   Bytes :   497.9 k         0   497.9 k         0         0         0
   Times :   0:00:00   0:00:00                       0:00:00   0:00:00
   Ended : Saturday, December 16, 2023 2:08:19 AM


-------------------------------------------------------------------------------
   ROBOCOPY     ::     Robust File Copy for Windows                              
-------------------------------------------------------------------------------

  Started : Saturday, December 16, 2023 2:13:40 AM
   Source : I:\assembly\
     Dest : E:\realtime_backups\assembly\

    Files : *.*
	    
  Options : *.* /S /E /DCOPY:DA /COPY:DAT /PURGE /MIR /MT:8 /R:1000000 /W:30 

------------------------------------------------------------------------------


------------------------------------------------------------------------------

               Total    Copied   Skipped  Mismatch    FAILED    Extras
    Dirs :        73        73        73         0         0         0
   Files :       105         0       105         0         0         0
   Bytes :   497.9 k         0   497.9 k         0         0         0
   Times :   0:00:00   0:00:00                       0:00:00   0:00:00
   Ended : Saturday, December 16, 2023 2:13:40 AM


-------------------------------------------------------------------------------
   ROBOCOPY     ::     Robust File Copy for Windows                              
-------------------------------------------------------------------------------

  Started : Saturday, December 16, 2023 2:19:00 AM
   Source : I:\assembly\
     Dest : E:\realtime_backups\assembly\

    Files : *.*
	    
  Options : *.* /S /E /DCOPY:DA /COPY:DAT /PURGE /MIR /MT:8 /R:1000000 /W:30 

------------------------------------------------------------------------------


------------------------------------------------------------------------------

               Total    Copied   Skipped  Mismatch    FAILED    Extras
    Dirs :        73        73        73         0         0         0
   Files :       105         0       105         0         0         0
   Bytes :   497.9 k         0   497.9 k         0         0         0
   Times :   0:00:00   0:00:00                       0:00:00   0:00:00
   Ended : Saturday, December 16, 2023 2:19:00 AM


-------------------------------------------------------------------------------
   ROBOCOPY     ::     Robust File Copy for Windows                              
-------------------------------------------------------------------------------

  Started : Saturday, December 16, 2023 2:24:21 AM
   Source : I:\assembly\
     Dest : E:\realtime_backups\assembly\

    Files : *.*
	    
  Options : *.* /S /E /DCOPY:DA /COPY:DAT /PURGE /MIR /MT:8 /R:1000000 /W:30 

------------------------------------------------------------------------------


------------------------------------------------------------------------------

               Total    Copied   Skipped  Mismatch    FAILED    Extras
    Dirs :        73        73        73         0         0         0
   Files :       105         0       105         0         0         0
   Bytes :   497.9 k         0   497.9 k         0         0         0
   Times :   0:00:00   0:00:00                       0:00:00   0:00:00
   Ended : Saturday, December 16, 2023 2:24:21 AM


-------------------------------------------------------------------------------
   ROBOCOPY     ::     Robust File Copy for Windows                              
-------------------------------------------------------------------------------

  Started : Saturday, December 16, 2023 2:29:41 AM
   Source : I:\assembly\
     Dest : E:\realtime_backups\assembly\

    Files : *.*
	    
  Options : *.* /S /E /DCOPY:DA /COPY:DAT /PURGE /MIR /MT:8 /R:1000000 /W:30 

------------------------------------------------------------------------------


------------------------------------------------------------------------------

               Total    Copied   Skipped  Mismatch    FAILED    Extras
    Dirs :        73        73        73         0         0         0
   Files :       105         0       105         0         0         0
   Bytes :   497.9 k         0   497.9 k         0         0         0
   Times :   0:00:00   0:00:00                       0:00:00   0:00:00
   Ended : Saturday, December 16, 2023 2:29:41 AM


-------------------------------------------------------------------------------
   ROBOCOPY     ::     Robust File Copy for Windows                              
-------------------------------------------------------------------------------

  Started : Saturday, December 16, 2023 2:35:06 AM
   Source : I:\assembly\
     Dest : E:\realtime_backups\assembly\

    Files : *.*
	    
  Options : *.* /S /E /DCOPY:DA /COPY:DAT /PURGE /MIR /MT:8 /R:1000000 /W:30 

------------------------------------------------------------------------------


------------------------------------------------------------------------------

               Total    Copied   Skipped  Mismatch    FAILED    Extras
    Dirs :        73        73        73         0         0         0
   Files :       105         0       105         0         0         0
   Bytes :   497.9 k         0   497.9 k         0         0         0
   Times :   0:00:00   0:00:00                       0:00:00   0:00:00
   Ended : Saturday, December 16, 2023 2:35:06 AM


-------------------------------------------------------------------------------
   ROBOCOPY     ::     Robust File Copy for Windows                              
-------------------------------------------------------------------------------

  Started : Saturday, December 16, 2023 2:40:54 AM
   Source : I:\assembly\
     Dest : E:\realtime_backups\assembly\

    Files : *.*
	    
  Options : *.* /S /E /DCOPY:DA /COPY:DAT /PURGE /MIR /MT:8 /R:1000000 /W:30 

------------------------------------------------------------------------------


------------------------------------------------------------------------------

               Total    Copied   Skipped  Mismatch    FAILED    Extras
    Dirs :        73        73        73         0         0         0
   Files :       105         0       105         0         0         0
   Bytes :   497.9 k         0   497.9 k         0         0         0
   Times :   0:00:00   0:00:00                       0:00:00   0:00:00
   Ended : Saturday, December 16, 2023 2:40:54 AM


-------------------------------------------------------------------------------
   ROBOCOPY     ::     Robust File Copy for Windows                              
-------------------------------------------------------------------------------

  Started : Saturday, December 16, 2023 2:46:36 AM
   Source : I:\assembly\
     Dest : E:\realtime_backups\assembly\

    Files : *.*
	    
  Options : *.* /S /E /DCOPY:DA /COPY:DAT /PURGE /MIR /MT:8 /R:1000000 /W:30 

------------------------------------------------------------------------------


------------------------------------------------------------------------------

               Total    Copied   Skipped  Mismatch    FAILED    Extras
    Dirs :        73        73        73         0         0         0
   Files :       105         0       105         0         0         0
   Bytes :   497.9 k         0   497.9 k         0         0         0
   Times :   0:00:00   0:00:00                       0:00:00   0:00:00
   Ended : Saturday, December 16, 2023 2:46:36 AM


-------------------------------------------------------------------------------
   ROBOCOPY     ::     Robust File Copy for Windows                              
-------------------------------------------------------------------------------

  Started : Saturday, December 16, 2023 2:51:57 AM
   Source : I:\assembly\
     Dest : E:\realtime_backups\assembly\

    Files : *.*
	    
  Options : *.* /S /E /DCOPY:DA /COPY:DAT /PURGE /MIR /MT:8 /R:1000000 /W:30 

------------------------------------------------------------------------------


------------------------------------------------------------------------------

               Total    Copied   Skipped  Mismatch    FAILED    Extras
    Dirs :        73        73        73         0         0         0
   Files :       105         0       105         0         0         0
   Bytes :   497.9 k         0   497.9 k         0         0         0
   Times :   0:00:00   0:00:00                       0:00:00   0:00:00
   Ended : Saturday, December 16, 2023 2:51:57 AM


-------------------------------------------------------------------------------
   ROBOCOPY     ::     Robust File Copy for Windows                              
-------------------------------------------------------------------------------

  Started : Saturday, December 16, 2023 2:58:01 AM
   Source : I:\assembly\
     Dest : E:\realtime_backups\assembly\

    Files : *.*
	    
  Options : *.* /S /E /DCOPY:DA /COPY:DAT /PURGE /MIR /MT:8 /R:1000000 /W:30 

------------------------------------------------------------------------------


------------------------------------------------------------------------------

               Total    Copied   Skipped  Mismatch    FAILED    Extras
    Dirs :        73        73        73         0         0         0
   Files :       105         0       105         0         0         0
   Bytes :   497.9 k         0   497.9 k         0         0         0
   Times :   0:00:00   0:00:00                       0:00:00   0:00:00
   Ended : Saturday, December 16, 2023 2:58:01 AM


-------------------------------------------------------------------------------
   ROBOCOPY     ::     Robust File Copy for Windows                              
-------------------------------------------------------------------------------

  Started : Saturday, December 16, 2023 3:03:23 AM
   Source : I:\assembly\
     Dest : E:\realtime_backups\assembly\

    Files : *.*
	    
  Options : *.* /S /E /DCOPY:DA /COPY:DAT /PURGE /MIR /MT:8 /R:1000000 /W:30 

------------------------------------------------------------------------------


------------------------------------------------------------------------------

               Total    Copied   Skipped  Mismatch    FAILED    Extras
    Dirs :        73        73        73         0         0         0
   Files :       105         0       105         0         0         0
   Bytes :   497.9 k         0   497.9 k         0         0         0
   Times :   0:00:00   0:00:00                       0:00:00   0:00:00
   Ended : Saturday, December 16, 2023 3:03:23 AM

