
-------------------------------------------------------------------------------
   ROBOCOPY     ::     Robust File Copy for Windows                              
-------------------------------------------------------------------------------

  Started : Friday, December 22, 2023 12:03:05 AM
   Source : I:\nvim\
     Dest : E:\realtime_backups\nvim\

    Files : *.*
	    
  Options : *.* /S /E /DCOPY:DA /COPY:DAT /PURGE /MIR /MT:8 /R:1000000 /W:30 

------------------------------------------------------------------------------


------------------------------------------------------------------------------

               Total    Copied   Skipped  Mismatch    FAILED    Extras
    Dirs :       137       137       137         0         0         0
   Files :       216         0       216         0         0         0
   Bytes :   460.2 k         0   460.2 k         0         0         0
   Times :   0:00:00   0:00:00                       0:00:00   0:00:00
   Ended : Friday, December 22, 2023 12:03:05 AM


-------------------------------------------------------------------------------
   ROBOCOPY     ::     Robust File Copy for Windows                              
-------------------------------------------------------------------------------

  Started : Friday, December 22, 2023 12:08:34 AM
   Source : I:\nvim\
     Dest : E:\realtime_backups\nvim\

    Files : *.*
	    
  Options : *.* /S /E /DCOPY:DA /COPY:DAT /PURGE /MIR /MT:8 /R:1000000 /W:30 

------------------------------------------------------------------------------


------------------------------------------------------------------------------

               Total    Copied   Skipped  Mismatch    FAILED    Extras
    Dirs :       137       137       137         0         0         0
   Files :       216         0       216         0         0         0
   Bytes :   460.2 k         0   460.2 k         0         0         0
   Times :   0:00:00   0:00:00                       0:00:00   0:00:00
   Ended : Friday, December 22, 2023 12:08:34 AM


-------------------------------------------------------------------------------
   ROBOCOPY     ::     Robust File Copy for Windows                              
-------------------------------------------------------------------------------

  Started : Friday, December 22, 2023 12:14:24 AM
   Source : I:\nvim\
     Dest : E:\realtime_backups\nvim\

    Files : *.*
	    
  Options : *.* /S /E /DCOPY:DA /COPY:DAT /PURGE /MIR /MT:8 /R:1000000 /W:30 

------------------------------------------------------------------------------


------------------------------------------------------------------------------

               Total    Copied   Skipped  Mismatch    FAILED    Extras
    Dirs :       137       137       137         0         0         0
   Files :       216         0       216         0         0         0
   Bytes :   460.2 k         0   460.2 k         0         0         0
   Times :   0:00:00   0:00:00                       0:00:00   0:00:00
   Ended : Friday, December 22, 2023 12:14:24 AM


-------------------------------------------------------------------------------
   ROBOCOPY     ::     Robust File Copy for Windows                              
-------------------------------------------------------------------------------

  Started : Friday, December 22, 2023 12:19:47 AM
   Source : I:\nvim\
     Dest : E:\realtime_backups\nvim\

    Files : *.*
	    
  Options : *.* /S /E /DCOPY:DA /COPY:DAT /PURGE /MIR /MT:8 /R:1000000 /W:30 

------------------------------------------------------------------------------


------------------------------------------------------------------------------

               Total    Copied   Skipped  Mismatch    FAILED    Extras
    Dirs :       137       137       137         0         0         0
   Files :       216         0       216         0         0         0
   Bytes :   460.2 k         0   460.2 k         0         0         0
   Times :   0:00:00   0:00:00                       0:00:00   0:00:00
   Ended : Friday, December 22, 2023 12:19:47 AM


-------------------------------------------------------------------------------
   ROBOCOPY     ::     Robust File Copy for Windows                              
-------------------------------------------------------------------------------

  Started : Friday, December 22, 2023 12:25:08 AM
   Source : I:\nvim\
     Dest : E:\realtime_backups\nvim\

    Files : *.*
	    
  Options : *.* /S /E /DCOPY:DA /COPY:DAT /PURGE /MIR /MT:8 /R:1000000 /W:30 

------------------------------------------------------------------------------


------------------------------------------------------------------------------

               Total    Copied   Skipped  Mismatch    FAILED    Extras
    Dirs :       137       137       137         0         0         0
   Files :       215         0       214         0         0         0
   Bytes :   459.5 k         0   458.1 k         0         0         0
   Times :   0:00:00   0:00:00                       0:00:00   0:00:00
   Ended : Friday, December 22, 2023 12:25:08 AM


-------------------------------------------------------------------------------
   ROBOCOPY     ::     Robust File Copy for Windows                              
-------------------------------------------------------------------------------

  Started : Friday, December 22, 2023 12:30:29 AM
   Source : I:\nvim\
     Dest : E:\realtime_backups\nvim\

    Files : *.*
	    
  Options : *.* /S /E /DCOPY:DA /COPY:DAT /PURGE /MIR /MT:8 /R:1000000 /W:30 

------------------------------------------------------------------------------


------------------------------------------------------------------------------

               Total    Copied   Skipped  Mismatch    FAILED    Extras
    Dirs :       137       137       137         0         0         0
   Files :       216         0       216         0         0         0
   Bytes :   460.2 k         0   460.2 k         0         0         0
   Times :   0:00:00   0:00:00                       0:00:00   0:00:00
   Ended : Friday, December 22, 2023 12:30:29 AM


-------------------------------------------------------------------------------
   ROBOCOPY     ::     Robust File Copy for Windows                              
-------------------------------------------------------------------------------

  Started : Friday, December 22, 2023 12:35:50 AM
   Source : I:\nvim\
     Dest : E:\realtime_backups\nvim\

    Files : *.*
	    
  Options : *.* /S /E /DCOPY:DA /COPY:DAT /PURGE /MIR /MT:8 /R:1000000 /W:30 

------------------------------------------------------------------------------


------------------------------------------------------------------------------

               Total    Copied   Skipped  Mismatch    FAILED    Extras
    Dirs :       137       137       137         0         0         0
   Files :       216         0       216         0         0         0
   Bytes :   460.2 k         0   460.2 k         0         0         0
   Times :   0:00:00   0:00:00                       0:00:00   0:00:00
   Ended : Friday, December 22, 2023 12:35:50 AM


-------------------------------------------------------------------------------
   ROBOCOPY     ::     Robust File Copy for Windows                              
-------------------------------------------------------------------------------

  Started : Friday, December 22, 2023 12:41:18 AM
   Source : I:\nvim\
     Dest : E:\realtime_backups\nvim\

    Files : *.*
	    
  Options : *.* /S /E /DCOPY:DA /COPY:DAT /PURGE /MIR /MT:8 /R:1000000 /W:30 

------------------------------------------------------------------------------


------------------------------------------------------------------------------

               Total    Copied   Skipped  Mismatch    FAILED    Extras
    Dirs :       137       137       137         0         0         0
   Files :       216         0       216         0         0         0
   Bytes :   460.2 k         0   460.2 k         0         0         0
   Times :   0:00:00   0:00:00                       0:00:00   0:00:00
   Ended : Friday, December 22, 2023 12:41:18 AM


-------------------------------------------------------------------------------
   ROBOCOPY     ::     Robust File Copy for Windows                              
-------------------------------------------------------------------------------

  Started : Friday, December 22, 2023 12:46:41 AM
   Source : I:\nvim\
     Dest : E:\realtime_backups\nvim\

    Files : *.*
	    
  Options : *.* /S /E /DCOPY:DA /COPY:DAT /PURGE /MIR /MT:8 /R:1000000 /W:30 

------------------------------------------------------------------------------


------------------------------------------------------------------------------

               Total    Copied   Skipped  Mismatch    FAILED    Extras
    Dirs :       137       137       137         0         0         0
   Files :       216         0       216         0         0         0
   Bytes :   460.2 k         0   460.2 k         0         0         0
   Times :   0:00:00   0:00:00                       0:00:00   0:00:00
   Ended : Friday, December 22, 2023 12:46:41 AM


-------------------------------------------------------------------------------
   ROBOCOPY     ::     Robust File Copy for Windows                              
-------------------------------------------------------------------------------

  Started : Friday, December 22, 2023 12:52:20 AM
   Source : I:\nvim\
     Dest : E:\realtime_backups\nvim\

    Files : *.*
	    
  Options : *.* /S /E /DCOPY:DA /COPY:DAT /PURGE /MIR /MT:8 /R:1000000 /W:30 

------------------------------------------------------------------------------


------------------------------------------------------------------------------

               Total    Copied   Skipped  Mismatch    FAILED    Extras
    Dirs :       137       137       137         0         0         0
   Files :       216         0       216         0         0         0
   Bytes :   460.2 k         0   460.2 k         0         0         0
   Times :   0:00:00   0:00:00                       0:00:00   0:00:00
   Ended : Friday, December 22, 2023 12:52:20 AM


-------------------------------------------------------------------------------
   ROBOCOPY     ::     Robust File Copy for Windows                              
-------------------------------------------------------------------------------

  Started : Friday, December 22, 2023 12:57:41 AM
   Source : I:\nvim\
     Dest : E:\realtime_backups\nvim\

    Files : *.*
	    
  Options : *.* /S /E /DCOPY:DA /COPY:DAT /PURGE /MIR /MT:8 /R:1000000 /W:30 

------------------------------------------------------------------------------


------------------------------------------------------------------------------

               Total    Copied   Skipped  Mismatch    FAILED    Extras
    Dirs :       137       137       137         0         0         0
   Files :       216         0       216         0         0         0
   Bytes :   460.2 k         0   460.2 k         0         0         0
   Times :   0:00:00   0:00:00                       0:00:00   0:00:00
   Ended : Friday, December 22, 2023 12:57:41 AM

