
-------------------------------------------------------------------------------
   ROBOCOPY     ::     Robust File Copy for Windows                              
-------------------------------------------------------------------------------

  Started : Wednesday, January 3, 2024 12:05:12 AM
   Source : I:\android\
     Dest : E:\realtime_backups\android\

    Files : *.*
	    
  Options : *.* /S /E /DCOPY:DA /COPY:DAT /PURGE /MIR /MT:8 /R:1000000 /W:30 

------------------------------------------------------------------------------


------------------------------------------------------------------------------

               Total    Copied   Skipped  Mismatch    FAILED    Extras
    Dirs :      2650      2650      2650         0         0         0
   Files :     10135         0     10135         0         0         0
   Bytes :  394.91 m         0  393.11 m         0         0         0
   Times :   0:00:00   0:00:00                       0:00:00   0:00:00
   Ended : Wednesday, January 3, 2024 12:05:12 AM


-------------------------------------------------------------------------------
   ROBOCOPY     ::     Robust File Copy for Windows                              
-------------------------------------------------------------------------------

  Started : Wednesday, January 3, 2024 12:11:14 AM
   Source : I:\android\
     Dest : E:\realtime_backups\android\

    Files : *.*
	    
  Options : *.* /S /E /DCOPY:DA /COPY:DAT /PURGE /MIR /MT:8 /R:1000000 /W:30 

------------------------------------------------------------------------------

	  *EXTRA File 		       9	E:\realtime_backups\android\APKs\planner\12.31.2023\version.txt

------------------------------------------------------------------------------

               Total    Copied   Skipped  Mismatch    FAILED    Extras
    Dirs :      2650      2650      2650         0         0         0
   Files :     10147         0     10149         0         0         1
   Bytes :  394.93 m         0  394.94 m         0         0         9
   Times :   0:00:00   0:00:00                       0:00:00   0:00:00
   Ended : Wednesday, January 3, 2024 12:11:14 AM


-------------------------------------------------------------------------------
   ROBOCOPY     ::     Robust File Copy for Windows                              
-------------------------------------------------------------------------------

  Started : Wednesday, January 3, 2024 12:16:55 AM
   Source : I:\android\
     Dest : E:\realtime_backups\android\

    Files : *.*
	    
  Options : *.* /S /E /DCOPY:DA /COPY:DAT /PURGE /MIR /MT:8 /R:1000000 /W:30 

------------------------------------------------------------------------------

	  *EXTRA File 		       9	E:\realtime_backups\android\APKs\planner\12.31.2023\version.txt

------------------------------------------------------------------------------

               Total    Copied   Skipped  Mismatch    FAILED    Extras
    Dirs :      2650      2650      2650         0         0         0
   Files :     10151         0     10148         0         0         1
   Bytes :  394.92 m         0  394.94 m         0         0         9
   Times :   0:00:00   0:00:00                       0:00:00   0:00:00
   Ended : Wednesday, January 3, 2024 12:16:56 AM


-------------------------------------------------------------------------------
   ROBOCOPY     ::     Robust File Copy for Windows                              
-------------------------------------------------------------------------------

  Started : Wednesday, January 3, 2024 12:22:15 AM
   Source : I:\android\
     Dest : E:\realtime_backups\android\

    Files : *.*
	    
  Options : *.* /S /E /DCOPY:DA /COPY:DAT /PURGE /MIR /MT:8 /R:1000000 /W:30 

------------------------------------------------------------------------------


------------------------------------------------------------------------------

               Total    Copied   Skipped  Mismatch    FAILED    Extras
    Dirs :      2650      2650      2650         0         0         0
   Files :     10147         0     10148         0         0         0
   Bytes :  394.92 m         0  394.92 m         0         0         0
   Times :   0:00:00   0:00:00                       0:00:00   0:00:00
   Ended : Wednesday, January 3, 2024 12:22:16 AM


-------------------------------------------------------------------------------
   ROBOCOPY     ::     Robust File Copy for Windows                              
-------------------------------------------------------------------------------

  Started : Wednesday, January 3, 2024 12:27:57 AM
   Source : I:\android\
     Dest : E:\realtime_backups\android\

    Files : *.*
	    
  Options : *.* /S /E /DCOPY:DA /COPY:DAT /PURGE /MIR /MT:8 /R:1000000 /W:30 

------------------------------------------------------------------------------

	  *EXTRA File 		       9	E:\realtime_backups\android\APKs\planner\12.31.2023\version.txt

------------------------------------------------------------------------------

               Total    Copied   Skipped  Mismatch    FAILED    Extras
    Dirs :      2650      2650      2650         0         0         0
   Files :     10140         0     10140         0         0         1
   Bytes :  394.92 m         0  394.92 m         0         0         9
   Times :   0:00:00   0:00:00                       0:00:00   0:00:00
   Ended : Wednesday, January 3, 2024 12:27:57 AM


-------------------------------------------------------------------------------
   ROBOCOPY     ::     Robust File Copy for Windows                              
-------------------------------------------------------------------------------

  Started : Wednesday, January 3, 2024 12:33:38 AM
   Source : I:\android\
     Dest : E:\realtime_backups\android\

    Files : *.*
	    
  Options : *.* /S /E /DCOPY:DA /COPY:DAT /PURGE /MIR /MT:8 /R:1000000 /W:30 

------------------------------------------------------------------------------

	  *EXTRA File 		       9	E:\realtime_backups\android\APKs\planner\12.31.2023\version.txt

------------------------------------------------------------------------------

               Total    Copied   Skipped  Mismatch    FAILED    Extras
    Dirs :      2650      2650      2650         0         0         0
   Files :     10147         0     10145         0         0         1
   Bytes :  394.79 m         0  394.78 m         0         0         9
   Times :   0:00:00   0:00:00                       0:00:00   0:00:00
   Ended : Wednesday, January 3, 2024 12:33:38 AM


-------------------------------------------------------------------------------
   ROBOCOPY     ::     Robust File Copy for Windows                              
-------------------------------------------------------------------------------

  Started : Wednesday, January 3, 2024 6:46:45 PM
   Source : I:\android\
     Dest : E:\realtime_backups\android\

    Files : *.*
	    
  Options : *.* /S /E /DCOPY:DA /COPY:DAT /PURGE /MIR /MT:8 /R:1000000 /W:30 

------------------------------------------------------------------------------


------------------------------------------------------------------------------

               Total    Copied   Skipped  Mismatch    FAILED    Extras
    Dirs :      2650      2650      2650         0         0         0
   Files :     10155         0     10154         0         0         0
   Bytes :  394.96 m         0  394.95 m         0         0         0
   Times :   0:00:00   0:00:00                       0:00:00   0:00:00
   Ended : Wednesday, January 3, 2024 6:46:46 PM


-------------------------------------------------------------------------------
   ROBOCOPY     ::     Robust File Copy for Windows                              
-------------------------------------------------------------------------------

  Started : Wednesday, January 3, 2024 6:52:47 PM
   Source : I:\android\
     Dest : E:\realtime_backups\android\

    Files : *.*
	    
  Options : *.* /S /E /DCOPY:DA /COPY:DAT /PURGE /MIR /MT:8 /R:1000000 /W:30 

------------------------------------------------------------------------------

	  *EXTRA File 		       9	E:\realtime_backups\android\APKs\planner\12.31.2023\version.txt

------------------------------------------------------------------------------

               Total    Copied   Skipped  Mismatch    FAILED    Extras
    Dirs :      2650      2650      2650         0         0         0
   Files :     10141         0     10145         0         0         1
   Bytes :  394.91 m         0  394.13 m         0         0         9
   Times :   0:00:00   0:00:00                       0:00:00   0:00:00
   Ended : Wednesday, January 3, 2024 6:52:47 PM


-------------------------------------------------------------------------------
   ROBOCOPY     ::     Robust File Copy for Windows                              
-------------------------------------------------------------------------------

  Started : Wednesday, January 3, 2024 6:58:29 PM
   Source : I:\android\
     Dest : E:\realtime_backups\android\

    Files : *.*
	    
  Options : *.* /S /E /DCOPY:DA /COPY:DAT /PURGE /MIR /MT:8 /R:1000000 /W:30 

------------------------------------------------------------------------------

	  *EXTRA File 		       9	E:\realtime_backups\android\APKs\planner\12.31.2023\version.txt

------------------------------------------------------------------------------

               Total    Copied   Skipped  Mismatch    FAILED    Extras
    Dirs :      2650      2650      2650         0         0         0
   Files :     10148         0     10148         0         0         1
   Bytes :  394.93 m         0  394.94 m         0         0         9
   Times :   0:00:00   0:00:00                       0:00:00   0:00:00
   Ended : Wednesday, January 3, 2024 6:58:29 PM


-------------------------------------------------------------------------------
   ROBOCOPY     ::     Robust File Copy for Windows                              
-------------------------------------------------------------------------------

  Started : Wednesday, January 3, 2024 7:03:50 PM
   Source : I:\android\
     Dest : E:\realtime_backups\android\

    Files : *.*
	    
  Options : *.* /S /E /DCOPY:DA /COPY:DAT /PURGE /MIR /MT:8 /R:1000000 /W:30 

------------------------------------------------------------------------------


------------------------------------------------------------------------------

               Total    Copied   Skipped  Mismatch    FAILED    Extras
    Dirs :      2650      2650      2649         0         0         0
   Files :     10148         0     10147         0         0         0
   Bytes :  394.93 m         0  394.93 m         0         0         0
   Times :   0:00:00   0:00:00                       0:00:00   0:00:00
   Ended : Wednesday, January 3, 2024 7:03:50 PM


-------------------------------------------------------------------------------
   ROBOCOPY     ::     Robust File Copy for Windows                              
-------------------------------------------------------------------------------

  Started : Wednesday, January 3, 2024 7:09:33 PM
   Source : I:\android\
     Dest : E:\realtime_backups\android\

    Files : *.*
	    
  Options : *.* /S /E /DCOPY:DA /COPY:DAT /PURGE /MIR /MT:8 /R:1000000 /W:30 

------------------------------------------------------------------------------

	  *EXTRA File 		       9	E:\realtime_backups\android\APKs\planner\12.31.2023\version.txt

------------------------------------------------------------------------------

               Total    Copied   Skipped  Mismatch    FAILED    Extras
    Dirs :      2650      2650      2650         0         0         0
   Files :     10147         0     10149         0         0         1
   Bytes :  394.89 m         0  394.95 m         0         0         9
   Times :   0:00:00   0:00:00                       0:00:00   0:00:00
   Ended : Wednesday, January 3, 2024 7:09:33 PM


-------------------------------------------------------------------------------
   ROBOCOPY     ::     Robust File Copy for Windows                              
-------------------------------------------------------------------------------

  Started : Wednesday, January 3, 2024 7:15:16 PM
   Source : I:\android\
     Dest : E:\realtime_backups\android\

    Files : *.*
	    
  Options : *.* /S /E /DCOPY:DA /COPY:DAT /PURGE /MIR /MT:8 /R:1000000 /W:30 

------------------------------------------------------------------------------

	  *EXTRA File 		       9	E:\realtime_backups\android\APKs\planner\12.31.2023\version.txt

------------------------------------------------------------------------------

               Total    Copied   Skipped  Mismatch    FAILED    Extras
    Dirs :      2650      2650      2650         0         0         0
   Files :     10145         0     10145         0         0         1
   Bytes :  394.91 m         0  394.91 m         0         0         9
   Times :   0:00:00   0:00:00                       0:00:00   0:00:00
   Ended : Wednesday, January 3, 2024 7:15:16 PM


-------------------------------------------------------------------------------
   ROBOCOPY     ::     Robust File Copy for Windows                              
-------------------------------------------------------------------------------

  Started : Wednesday, January 3, 2024 7:20:36 PM
   Source : I:\android\
     Dest : E:\realtime_backups\android\

    Files : *.*
	    
  Options : *.* /S /E /DCOPY:DA /COPY:DAT /PURGE /MIR /MT:8 /R:1000000 /W:30 

------------------------------------------------------------------------------


------------------------------------------------------------------------------

               Total    Copied   Skipped  Mismatch    FAILED    Extras
    Dirs :      2650      2650      2650         0         0         0
   Files :     10144         0     10141         0         0         0
   Bytes :  394.91 m         0  394.90 m         0         0         0
   Times :   0:00:00   0:00:00                       0:00:00   0:00:00
   Ended : Wednesday, January 3, 2024 7:20:36 PM


-------------------------------------------------------------------------------
   ROBOCOPY     ::     Robust File Copy for Windows                              
-------------------------------------------------------------------------------

  Started : Wednesday, January 3, 2024 7:26:18 PM
   Source : I:\android\
     Dest : E:\realtime_backups\android\

    Files : *.*
	    
  Options : *.* /S /E /DCOPY:DA /COPY:DAT /PURGE /MIR /MT:8 /R:1000000 /W:30 

------------------------------------------------------------------------------

	  *EXTRA File 		       9	E:\realtime_backups\android\APKs\planner\12.31.2023\version.txt

------------------------------------------------------------------------------

               Total    Copied   Skipped  Mismatch    FAILED    Extras
    Dirs :      2650      2650      2650         0         0         0
   Files :     10146         0     10148         0         0         1
   Bytes :  394.93 m         0  394.94 m         0         0         9
   Times :   0:00:00   0:00:00                       0:00:00   0:00:00
   Ended : Wednesday, January 3, 2024 7:26:18 PM


-------------------------------------------------------------------------------
   ROBOCOPY     ::     Robust File Copy for Windows                              
-------------------------------------------------------------------------------

  Started : Wednesday, January 3, 2024 7:32:01 PM
   Source : I:\android\
     Dest : E:\realtime_backups\android\

    Files : *.*
	    
  Options : *.* /S /E /DCOPY:DA /COPY:DAT /PURGE /MIR /MT:8 /R:1000000 /W:30 

------------------------------------------------------------------------------

	  *EXTRA File 		       9	E:\realtime_backups\android\APKs\planner\12.31.2023\version.txt

------------------------------------------------------------------------------

               Total    Copied   Skipped  Mismatch    FAILED    Extras
    Dirs :      2650      2650      2650         0         0         0
   Files :     10143         0     10142         0         0         1
   Bytes :  394.90 m         0  394.89 m         0         0         9
   Times :   0:00:00   0:00:00                       0:00:00   0:00:00
   Ended : Wednesday, January 3, 2024 7:32:01 PM


-------------------------------------------------------------------------------
   ROBOCOPY     ::     Robust File Copy for Windows                              
-------------------------------------------------------------------------------

  Started : Wednesday, January 3, 2024 7:37:25 PM
   Source : I:\android\
     Dest : E:\realtime_backups\android\

    Files : *.*
	    
  Options : *.* /S /E /DCOPY:DA /COPY:DAT /PURGE /MIR /MT:8 /R:1000000 /W:30 

------------------------------------------------------------------------------


------------------------------------------------------------------------------

               Total    Copied   Skipped  Mismatch    FAILED    Extras
    Dirs :      2650      2650      2650         0         0         0
   Files :     10144         0     10148         0         0         0
   Bytes :  394.90 m         0  394.93 m         0         0         0
   Times :   0:00:00   0:00:00                       0:00:00   0:00:00
   Ended : Wednesday, January 3, 2024 7:37:25 PM


-------------------------------------------------------------------------------
   ROBOCOPY     ::     Robust File Copy for Windows                              
-------------------------------------------------------------------------------

  Started : Wednesday, January 3, 2024 7:43:10 PM
   Source : I:\android\
     Dest : E:\realtime_backups\android\

    Files : *.*
	    
  Options : *.* /S /E /DCOPY:DA /COPY:DAT /PURGE /MIR /MT:8 /R:1000000 /W:30 

------------------------------------------------------------------------------

	  *EXTRA File 		       9	E:\realtime_backups\android\APKs\planner\12.31.2023\version.txt

------------------------------------------------------------------------------

               Total    Copied   Skipped  Mismatch    FAILED    Extras
    Dirs :      2650      2650      2650         0         0         0
   Files :     10151         0     10148         0         0         1
   Bytes :  394.85 m         0  394.95 m         0         0         9
   Times :   0:00:00   0:00:00                       0:00:00   0:00:00
   Ended : Wednesday, January 3, 2024 7:43:10 PM


-------------------------------------------------------------------------------
   ROBOCOPY     ::     Robust File Copy for Windows                              
-------------------------------------------------------------------------------

  Started : Wednesday, January 3, 2024 7:48:54 PM
   Source : I:\android\
     Dest : E:\realtime_backups\android\

    Files : *.*
	    
  Options : *.* /S /E /DCOPY:DA /COPY:DAT /PURGE /MIR /MT:8 /R:1000000 /W:30 

------------------------------------------------------------------------------

	  *EXTRA File 		       9	E:\realtime_backups\android\APKs\planner\12.31.2023\version.txt

------------------------------------------------------------------------------

               Total    Copied   Skipped  Mismatch    FAILED    Extras
    Dirs :      2650      2650      2650         0         0         0
   Files :     10143         0     10146         0         0         1
   Bytes :  394.87 m         0  394.92 m         0         0         9
   Times :   0:00:00   0:00:00                       0:00:00   0:00:00
   Ended : Wednesday, January 3, 2024 7:48:54 PM


-------------------------------------------------------------------------------
   ROBOCOPY     ::     Robust File Copy for Windows                              
-------------------------------------------------------------------------------

  Started : Wednesday, January 3, 2024 7:54:16 PM
   Source : I:\android\
     Dest : E:\realtime_backups\android\

    Files : *.*
	    
  Options : *.* /S /E /DCOPY:DA /COPY:DAT /PURGE /MIR /MT:8 /R:1000000 /W:30 

------------------------------------------------------------------------------


------------------------------------------------------------------------------

               Total    Copied   Skipped  Mismatch    FAILED    Extras
    Dirs :      2650      2650      2650         0         0         0
   Files :     10153         0     10154         0         0         0
   Bytes :  394.95 m         0  394.96 m         0         0         0
   Times :   0:00:00   0:00:00                       0:00:00   0:00:00
   Ended : Wednesday, January 3, 2024 7:54:16 PM


-------------------------------------------------------------------------------
   ROBOCOPY     ::     Robust File Copy for Windows                              
-------------------------------------------------------------------------------

  Started : Wednesday, January 3, 2024 7:59:58 PM
   Source : I:\android\
     Dest : E:\realtime_backups\android\

    Files : *.*
	    
  Options : *.* /S /E /DCOPY:DA /COPY:DAT /PURGE /MIR /MT:8 /R:1000000 /W:30 

------------------------------------------------------------------------------

	  *EXTRA File 		       9	E:\realtime_backups\android\APKs\planner\12.31.2023\version.txt

------------------------------------------------------------------------------

               Total    Copied   Skipped  Mismatch    FAILED    Extras
    Dirs :      2650      2650      2649         0         0         0
   Files :     10148         0     10152         0         0         1
   Bytes :  394.92 m         0  394.93 m         0         0         9
   Times :   0:00:00   0:00:00                       0:00:00   0:00:00
   Ended : Wednesday, January 3, 2024 7:59:58 PM


-------------------------------------------------------------------------------
   ROBOCOPY     ::     Robust File Copy for Windows                              
-------------------------------------------------------------------------------

  Started : Wednesday, January 3, 2024 8:05:41 PM
   Source : I:\android\
     Dest : E:\realtime_backups\android\

    Files : *.*
	    
  Options : *.* /S /E /DCOPY:DA /COPY:DAT /PURGE /MIR /MT:8 /R:1000000 /W:30 

------------------------------------------------------------------------------

	  *EXTRA File 		       9	E:\realtime_backups\android\APKs\planner\12.31.2023\version.txt

------------------------------------------------------------------------------

               Total    Copied   Skipped  Mismatch    FAILED    Extras
    Dirs :      2650      2650      2650         0         0         0
   Files :     10149         0     10151         0         0         1
   Bytes :  394.94 m         0  394.95 m         0         0         9
   Times :   0:00:00   0:00:00                       0:00:00   0:00:00
   Ended : Wednesday, January 3, 2024 8:05:41 PM


-------------------------------------------------------------------------------
   ROBOCOPY     ::     Robust File Copy for Windows                              
-------------------------------------------------------------------------------

  Started : Wednesday, January 3, 2024 8:11:02 PM
   Source : I:\android\
     Dest : E:\realtime_backups\android\

    Files : *.*
	    
  Options : *.* /S /E /DCOPY:DA /COPY:DAT /PURGE /MIR /MT:8 /R:1000000 /W:30 

------------------------------------------------------------------------------


------------------------------------------------------------------------------

               Total    Copied   Skipped  Mismatch    FAILED    Extras
    Dirs :      2650      2650      2650         0         0         0
   Files :     10153         0     10153         0         0         0
   Bytes :  394.95 m         0  394.94 m         0         0         0
   Times :   0:00:00   0:00:00                       0:00:00   0:00:00
   Ended : Wednesday, January 3, 2024 8:11:02 PM


-------------------------------------------------------------------------------
   ROBOCOPY     ::     Robust File Copy for Windows                              
-------------------------------------------------------------------------------

  Started : Wednesday, January 3, 2024 8:16:45 PM
   Source : I:\android\
     Dest : E:\realtime_backups\android\

    Files : *.*
	    
  Options : *.* /S /E /DCOPY:DA /COPY:DAT /PURGE /MIR /MT:8 /R:1000000 /W:30 

------------------------------------------------------------------------------

	  *EXTRA File 		       9	E:\realtime_backups\android\APKs\planner\12.31.2023\version.txt

------------------------------------------------------------------------------

               Total    Copied   Skipped  Mismatch    FAILED    Extras
    Dirs :      2650      2650      2650         0         0         0
   Files :     10149         0     10151         0         0         1
   Bytes :  394.83 m         0  394.82 m         0         0         9
   Times :   0:00:00   0:00:00                       0:00:00   0:00:00
   Ended : Wednesday, January 3, 2024 8:16:45 PM


-------------------------------------------------------------------------------
   ROBOCOPY     ::     Robust File Copy for Windows                              
-------------------------------------------------------------------------------

  Started : Wednesday, January 3, 2024 8:22:27 PM
   Source : I:\android\
     Dest : E:\realtime_backups\android\

    Files : *.*
	    
  Options : *.* /S /E /DCOPY:DA /COPY:DAT /PURGE /MIR /MT:8 /R:1000000 /W:30 

------------------------------------------------------------------------------

	  *EXTRA File 		       9	E:\realtime_backups\android\APKs\planner\12.31.2023\version.txt

------------------------------------------------------------------------------

               Total    Copied   Skipped  Mismatch    FAILED    Extras
    Dirs :      2650      2650      2650         0         0         0
   Files :     10153         0     10152         0         0         1
   Bytes :  394.95 m         0  394.75 m         0         0         9
   Times :   0:00:00   0:00:00                       0:00:00   0:00:00
   Ended : Wednesday, January 3, 2024 8:22:27 PM


-------------------------------------------------------------------------------
   ROBOCOPY     ::     Robust File Copy for Windows                              
-------------------------------------------------------------------------------

  Started : Wednesday, January 3, 2024 8:27:49 PM
   Source : I:\android\
     Dest : E:\realtime_backups\android\

    Files : *.*
	    
  Options : *.* /S /E /DCOPY:DA /COPY:DAT /PURGE /MIR /MT:8 /R:1000000 /W:30 

------------------------------------------------------------------------------


------------------------------------------------------------------------------

               Total    Copied   Skipped  Mismatch    FAILED    Extras
    Dirs :      2650      2650      2650         0         0         0
   Files :     10153         0     10154         0         0         0
   Bytes :  394.95 m         0  394.96 m         0         0         0
   Times :   0:00:00   0:00:00                       0:00:00   0:00:00
   Ended : Wednesday, January 3, 2024 8:27:50 PM


-------------------------------------------------------------------------------
   ROBOCOPY     ::     Robust File Copy for Windows                              
-------------------------------------------------------------------------------

  Started : Wednesday, January 3, 2024 8:33:59 PM
   Source : I:\android\
     Dest : E:\realtime_backups\android\

    Files : *.*
	    
  Options : *.* /S /E /DCOPY:DA /COPY:DAT /PURGE /MIR /MT:8 /R:1000000 /W:30 

------------------------------------------------------------------------------

	  *EXTRA File 		       9	E:\realtime_backups\android\APKs\planner\12.31.2023\version.txt

------------------------------------------------------------------------------

               Total    Copied   Skipped  Mismatch    FAILED    Extras
    Dirs :      2650      2650      2650         0         0         0
   Files :     10137         0     10141         0         0         1
   Bytes :  394.93 m         0  394.93 m         0         0         9
   Times :   0:00:00   0:00:00                       0:00:00   0:00:00
   Ended : Wednesday, January 3, 2024 8:33:59 PM


-------------------------------------------------------------------------------
   ROBOCOPY     ::     Robust File Copy for Windows                              
-------------------------------------------------------------------------------

  Started : Wednesday, January 3, 2024 8:39:59 PM
   Source : I:\android\
     Dest : E:\realtime_backups\android\

    Files : *.*
	    
  Options : *.* /S /E /DCOPY:DA /COPY:DAT /PURGE /MIR /MT:8 /R:1000000 /W:30 

------------------------------------------------------------------------------

	  *EXTRA File 		       9	E:\realtime_backups\android\APKs\planner\12.31.2023\version.txt

------------------------------------------------------------------------------

               Total    Copied   Skipped  Mismatch    FAILED    Extras
    Dirs :      2650      2650      2650         0         0         0
   Files :     10127         0     10129         0         0         1
   Bytes :  394.87 m         0  394.89 m         0         0         9
   Times :   0:00:00   0:00:00                       0:00:00   0:00:00
   Ended : Wednesday, January 3, 2024 8:39:59 PM


-------------------------------------------------------------------------------
   ROBOCOPY     ::     Robust File Copy for Windows                              
-------------------------------------------------------------------------------

  Started : Wednesday, January 3, 2024 8:45:22 PM
   Source : I:\android\
     Dest : E:\realtime_backups\android\

    Files : *.*
	    
  Options : *.* /S /E /DCOPY:DA /COPY:DAT /PURGE /MIR /MT:8 /R:1000000 /W:30 

------------------------------------------------------------------------------


------------------------------------------------------------------------------

               Total    Copied   Skipped  Mismatch    FAILED    Extras
    Dirs :      2650      2650      2650         0         0         0
   Files :     10138         0     10139         0         0         0
   Bytes :  394.92 m         0  394.93 m         0         0         0
   Times :   0:00:00   0:00:00                       0:00:00   0:00:00
   Ended : Wednesday, January 3, 2024 8:45:22 PM


-------------------------------------------------------------------------------
   ROBOCOPY     ::     Robust File Copy for Windows                              
-------------------------------------------------------------------------------

  Started : Wednesday, January 3, 2024 8:51:05 PM
   Source : I:\android\
     Dest : E:\realtime_backups\android\

    Files : *.*
	    
  Options : *.* /S /E /DCOPY:DA /COPY:DAT /PURGE /MIR /MT:8 /R:1000000 /W:30 

------------------------------------------------------------------------------

	  *EXTRA File 		       9	E:\realtime_backups\android\APKs\planner\12.31.2023\version.txt

------------------------------------------------------------------------------

               Total    Copied   Skipped  Mismatch    FAILED    Extras
    Dirs :      2650      2650      2650         0         0         0
   Files :     10141         0     10140         0         0         1
   Bytes :  394.92 m         0  394.91 m         0         0         9
   Times :   0:00:00   0:00:00                       0:00:00   0:00:00
   Ended : Wednesday, January 3, 2024 8:51:05 PM


-------------------------------------------------------------------------------
   ROBOCOPY     ::     Robust File Copy for Windows                              
-------------------------------------------------------------------------------

  Started : Wednesday, January 3, 2024 8:56:48 PM
   Source : I:\android\
     Dest : E:\realtime_backups\android\

    Files : *.*
	    
  Options : *.* /S /E /DCOPY:DA /COPY:DAT /PURGE /MIR /MT:8 /R:1000000 /W:30 

------------------------------------------------------------------------------

	  *EXTRA File 		       9	E:\realtime_backups\android\APKs\planner\12.31.2023\version.txt

------------------------------------------------------------------------------

               Total    Copied   Skipped  Mismatch    FAILED    Extras
    Dirs :      2650      2650      2650         0         0         0
   Files :     10151         0     10151         0         0         1
   Bytes :  394.95 m         0  394.95 m         0         0         9
   Times :   0:00:00   0:00:00                       0:00:00   0:00:00
   Ended : Wednesday, January 3, 2024 8:56:48 PM


-------------------------------------------------------------------------------
   ROBOCOPY     ::     Robust File Copy for Windows                              
-------------------------------------------------------------------------------

  Started : Wednesday, January 3, 2024 9:02:10 PM
   Source : I:\android\
     Dest : E:\realtime_backups\android\

    Files : *.*
	    
  Options : *.* /S /E /DCOPY:DA /COPY:DAT /PURGE /MIR /MT:8 /R:1000000 /W:30 

------------------------------------------------------------------------------


------------------------------------------------------------------------------

               Total    Copied   Skipped  Mismatch    FAILED    Extras
    Dirs :      2650      2650      2650         0         0         0
   Files :     10153         0     10154         0         0         0
   Bytes :  394.94 m         0  394.96 m         0         0         0
   Times :   0:00:00   0:00:00                       0:00:00   0:00:00
   Ended : Wednesday, January 3, 2024 9:02:10 PM


-------------------------------------------------------------------------------
   ROBOCOPY     ::     Robust File Copy for Windows                              
-------------------------------------------------------------------------------

  Started : Wednesday, January 3, 2024 9:07:53 PM
   Source : I:\android\
     Dest : E:\realtime_backups\android\

    Files : *.*
	    
  Options : *.* /S /E /DCOPY:DA /COPY:DAT /PURGE /MIR /MT:8 /R:1000000 /W:30 

------------------------------------------------------------------------------

	  *EXTRA File 		       9	E:\realtime_backups\android\APKs\planner\12.31.2023\version.txt

------------------------------------------------------------------------------

               Total    Copied   Skipped  Mismatch    FAILED    Extras
    Dirs :      2650      2650      2650         0         0         0
   Files :     10149         0     10151         0         0         1
   Bytes :  394.94 m         0  394.92 m         0         0         9
   Times :   0:00:00   0:00:00                       0:00:00   0:00:00
   Ended : Wednesday, January 3, 2024 9:07:53 PM


-------------------------------------------------------------------------------
   ROBOCOPY     ::     Robust File Copy for Windows                              
-------------------------------------------------------------------------------

  Started : Wednesday, January 3, 2024 9:13:34 PM
   Source : I:\android\
     Dest : E:\realtime_backups\android\

    Files : *.*
	    
  Options : *.* /S /E /DCOPY:DA /COPY:DAT /PURGE /MIR /MT:8 /R:1000000 /W:30 

------------------------------------------------------------------------------

	  *EXTRA File 		       9	E:\realtime_backups\android\APKs\planner\12.31.2023\version.txt

------------------------------------------------------------------------------

               Total    Copied   Skipped  Mismatch    FAILED    Extras
    Dirs :      2650      2650      2650         0         0         0
   Files :     10147         0     10149         0         0         1
   Bytes :  394.66 m         0  394.92 m         0         0         9
   Times :   0:00:00   0:00:00                       0:00:00   0:00:00
   Ended : Wednesday, January 3, 2024 9:13:35 PM


-------------------------------------------------------------------------------
   ROBOCOPY     ::     Robust File Copy for Windows                              
-------------------------------------------------------------------------------

  Started : Wednesday, January 3, 2024 9:18:56 PM
   Source : I:\android\
     Dest : E:\realtime_backups\android\

    Files : *.*
	    
  Options : *.* /S /E /DCOPY:DA /COPY:DAT /PURGE /MIR /MT:8 /R:1000000 /W:30 

------------------------------------------------------------------------------


------------------------------------------------------------------------------

               Total    Copied   Skipped  Mismatch    FAILED    Extras
    Dirs :      2650      2650      2650         0         0         0
   Files :     10145         0     10148         0         0         0
   Bytes :  394.93 m         0  394.94 m         0         0         0
   Times :   0:00:00   0:00:00                       0:00:00   0:00:00
   Ended : Wednesday, January 3, 2024 9:18:56 PM


-------------------------------------------------------------------------------
   ROBOCOPY     ::     Robust File Copy for Windows                              
-------------------------------------------------------------------------------

  Started : Wednesday, January 3, 2024 9:24:39 PM
   Source : I:\android\
     Dest : E:\realtime_backups\android\

    Files : *.*
	    
  Options : *.* /S /E /DCOPY:DA /COPY:DAT /PURGE /MIR /MT:8 /R:1000000 /W:30 

------------------------------------------------------------------------------

	  *EXTRA File 		       9	E:\realtime_backups\android\APKs\planner\12.31.2023\version.txt

------------------------------------------------------------------------------

               Total    Copied   Skipped  Mismatch    FAILED    Extras
    Dirs :      2650      2650      2650         0         0         0
   Files :     10141         0     10147         0         0         1
   Bytes :  394.91 m         0  394.94 m         0         0         9
   Times :   0:00:00   0:00:00                       0:00:00   0:00:00
   Ended : Wednesday, January 3, 2024 9:24:39 PM


-------------------------------------------------------------------------------
   ROBOCOPY     ::     Robust File Copy for Windows                              
-------------------------------------------------------------------------------

  Started : Wednesday, January 3, 2024 9:30:21 PM
   Source : I:\android\
     Dest : E:\realtime_backups\android\

    Files : *.*
	    
  Options : *.* /S /E /DCOPY:DA /COPY:DAT /PURGE /MIR /MT:8 /R:1000000 /W:30 

------------------------------------------------------------------------------

	  *EXTRA File 		       9	E:\realtime_backups\android\APKs\planner\12.31.2023\version.txt

------------------------------------------------------------------------------

               Total    Copied   Skipped  Mismatch    FAILED    Extras
    Dirs :      2650      2650      2650         0         0         0
   Files :     10147         0     10152         0         0         1
   Bytes :  394.84 m         0  394.94 m         0         0         9
   Times :   0:00:00   0:00:00                       0:00:00   0:00:00
   Ended : Wednesday, January 3, 2024 9:30:21 PM


-------------------------------------------------------------------------------
   ROBOCOPY     ::     Robust File Copy for Windows                              
-------------------------------------------------------------------------------

  Started : Wednesday, January 3, 2024 9:35:43 PM
   Source : I:\android\
     Dest : E:\realtime_backups\android\

    Files : *.*
	    
  Options : *.* /S /E /DCOPY:DA /COPY:DAT /PURGE /MIR /MT:8 /R:1000000 /W:30 

------------------------------------------------------------------------------


------------------------------------------------------------------------------

               Total    Copied   Skipped  Mismatch    FAILED    Extras
    Dirs :      2650      2650      2650         0         0         0
   Files :     10144         0     10139         0         0         0
   Bytes :  394.92 m         0  394.89 m         0         0         0
   Times :   0:00:00   0:00:00                       0:00:00   0:00:00
   Ended : Wednesday, January 3, 2024 9:35:43 PM


-------------------------------------------------------------------------------
   ROBOCOPY     ::     Robust File Copy for Windows                              
-------------------------------------------------------------------------------

  Started : Wednesday, January 3, 2024 9:41:25 PM
   Source : I:\android\
     Dest : E:\realtime_backups\android\

    Files : *.*
	    
  Options : *.* /S /E /DCOPY:DA /COPY:DAT /PURGE /MIR /MT:8 /R:1000000 /W:30 

------------------------------------------------------------------------------

	  *EXTRA File 		       9	E:\realtime_backups\android\APKs\planner\12.31.2023\version.txt

------------------------------------------------------------------------------

               Total    Copied   Skipped  Mismatch    FAILED    Extras
    Dirs :      2650      2650      2650         0         0         0
   Files :     10149         0     10147         0         0         1
   Bytes :  394.94 m         0  394.92 m         0         0         9
   Times :   0:00:00   0:00:00                       0:00:00   0:00:00
   Ended : Wednesday, January 3, 2024 9:41:25 PM


-------------------------------------------------------------------------------
   ROBOCOPY     ::     Robust File Copy for Windows                              
-------------------------------------------------------------------------------

  Started : Wednesday, January 3, 2024 9:47:08 PM
   Source : I:\android\
     Dest : E:\realtime_backups\android\

    Files : *.*
	    
  Options : *.* /S /E /DCOPY:DA /COPY:DAT /PURGE /MIR /MT:8 /R:1000000 /W:30 

------------------------------------------------------------------------------

	  *EXTRA File 		       9	E:\realtime_backups\android\APKs\planner\12.31.2023\version.txt

------------------------------------------------------------------------------

               Total    Copied   Skipped  Mismatch    FAILED    Extras
    Dirs :      2650      2650      2650         0         0         0
   Files :     10142         0     10142         0         0         1
   Bytes :  394.89 m         0  394.90 m         0         0         9
   Times :   0:00:00   0:00:00                       0:00:00   0:00:00
   Ended : Wednesday, January 3, 2024 9:47:08 PM


-------------------------------------------------------------------------------
   ROBOCOPY     ::     Robust File Copy for Windows                              
-------------------------------------------------------------------------------

  Started : Wednesday, January 3, 2024 9:52:31 PM
   Source : I:\android\
     Dest : E:\realtime_backups\android\

    Files : *.*
	    
  Options : *.* /S /E /DCOPY:DA /COPY:DAT /PURGE /MIR /MT:8 /R:1000000 /W:30 

------------------------------------------------------------------------------


------------------------------------------------------------------------------

               Total    Copied   Skipped  Mismatch    FAILED    Extras
    Dirs :      2650      2650      2650         0         0         0
   Files :     10147         0     10145         0         0         0
   Bytes :  394.95 m         0  394.93 m         0         0         0
   Times :   0:00:00   0:00:00                       0:00:00   0:00:00
   Ended : Wednesday, January 3, 2024 9:52:31 PM


-------------------------------------------------------------------------------
   ROBOCOPY     ::     Robust File Copy for Windows                              
-------------------------------------------------------------------------------

  Started : Wednesday, January 3, 2024 9:58:22 PM
   Source : I:\android\
     Dest : E:\realtime_backups\android\

    Files : *.*
	    
  Options : *.* /S /E /DCOPY:DA /COPY:DAT /PURGE /MIR /MT:8 /R:1000000 /W:30 

------------------------------------------------------------------------------

	  *EXTRA File 		       9	E:\realtime_backups\android\APKs\planner\12.31.2023\version.txt

------------------------------------------------------------------------------

               Total    Copied   Skipped  Mismatch    FAILED    Extras
    Dirs :      2650      2650      2650         0         0         0
   Files :     10145         0     10145         0         0         1
   Bytes :  394.91 m         0  394.92 m         0         0         9
   Times :   0:00:00   0:00:00                       0:00:00   0:00:00
   Ended : Wednesday, January 3, 2024 9:58:23 PM


-------------------------------------------------------------------------------
   ROBOCOPY     ::     Robust File Copy for Windows                              
-------------------------------------------------------------------------------

  Started : Wednesday, January 3, 2024 10:04:04 PM
   Source : I:\android\
     Dest : E:\realtime_backups\android\

    Files : *.*
	    
  Options : *.* /S /E /DCOPY:DA /COPY:DAT /PURGE /MIR /MT:8 /R:1000000 /W:30 

------------------------------------------------------------------------------

	  *EXTRA File 		       9	E:\realtime_backups\android\APKs\planner\12.31.2023\version.txt

------------------------------------------------------------------------------

               Total    Copied   Skipped  Mismatch    FAILED    Extras
    Dirs :      2650      2650      2650         0         0         0
   Files :     10150         0     10149         0         0         1
   Bytes :  384.72 m         0  394.92 m         0         0         9
   Times :   0:00:00   0:00:00                       0:00:00   0:00:00
   Ended : Wednesday, January 3, 2024 10:04:04 PM


-------------------------------------------------------------------------------
   ROBOCOPY     ::     Robust File Copy for Windows                              
-------------------------------------------------------------------------------

  Started : Wednesday, January 3, 2024 10:09:40 PM
   Source : I:\android\
     Dest : E:\realtime_backups\android\

    Files : *.*
	    
  Options : *.* /S /E /DCOPY:DA /COPY:DAT /PURGE /MIR /MT:8 /R:1000000 /W:30 

------------------------------------------------------------------------------


------------------------------------------------------------------------------

               Total    Copied   Skipped  Mismatch    FAILED    Extras
    Dirs :      2650      2650      2650         0         0         0
   Files :     10140         0     10139         0         0         0
   Bytes :  394.81 m         0  394.79 m         0         0         0
   Times :   0:00:00   0:00:00                       0:00:00   0:00:00
   Ended : Wednesday, January 3, 2024 10:09:40 PM


-------------------------------------------------------------------------------
   ROBOCOPY     ::     Robust File Copy for Windows                              
-------------------------------------------------------------------------------

  Started : Wednesday, January 3, 2024 10:15:22 PM
   Source : I:\android\
     Dest : E:\realtime_backups\android\

    Files : *.*
	    
  Options : *.* /S /E /DCOPY:DA /COPY:DAT /PURGE /MIR /MT:8 /R:1000000 /W:30 

------------------------------------------------------------------------------

	  *EXTRA File 		       9	E:\realtime_backups\android\APKs\planner\12.31.2023\version.txt

------------------------------------------------------------------------------

               Total    Copied   Skipped  Mismatch    FAILED    Extras
    Dirs :      2650      2650      2650         0         0         0
   Files :     10148         0     10145         0         0         1
   Bytes :  394.95 m         0  394.94 m         0         0         9
   Times :   0:00:00   0:00:00                       0:00:00   0:00:00
   Ended : Wednesday, January 3, 2024 10:15:22 PM


-------------------------------------------------------------------------------
   ROBOCOPY     ::     Robust File Copy for Windows                              
-------------------------------------------------------------------------------

  Started : Wednesday, January 3, 2024 10:21:04 PM
   Source : I:\android\
     Dest : E:\realtime_backups\android\

    Files : *.*
	    
  Options : *.* /S /E /DCOPY:DA /COPY:DAT /PURGE /MIR /MT:8 /R:1000000 /W:30 

------------------------------------------------------------------------------

	  *EXTRA File 		       9	E:\realtime_backups\android\APKs\planner\12.31.2023\version.txt

------------------------------------------------------------------------------

               Total    Copied   Skipped  Mismatch    FAILED    Extras
    Dirs :      2650      2650      2650         0         0         0
   Files :     10149         0     10149         0         0         1
   Bytes :  394.93 m         0  394.91 m         0         0         9
   Times :   0:00:00   0:00:00                       0:00:00   0:00:00
   Ended : Wednesday, January 3, 2024 10:21:05 PM


-------------------------------------------------------------------------------
   ROBOCOPY     ::     Robust File Copy for Windows                              
-------------------------------------------------------------------------------

  Started : Wednesday, January 3, 2024 10:26:26 PM
   Source : I:\android\
     Dest : E:\realtime_backups\android\

    Files : *.*
	    
  Options : *.* /S /E /DCOPY:DA /COPY:DAT /PURGE /MIR /MT:8 /R:1000000 /W:30 

------------------------------------------------------------------------------


------------------------------------------------------------------------------

               Total    Copied   Skipped  Mismatch    FAILED    Extras
    Dirs :      2650      2650      2650         0         0         0
   Files :     10143         0     10149         0         0         0
   Bytes :  394.92 m         0  394.94 m         0         0         0
   Times :   0:00:00   0:00:00                       0:00:00   0:00:00
   Ended : Wednesday, January 3, 2024 10:26:26 PM


-------------------------------------------------------------------------------
   ROBOCOPY     ::     Robust File Copy for Windows                              
-------------------------------------------------------------------------------

  Started : Wednesday, January 3, 2024 10:32:08 PM
   Source : I:\android\
     Dest : E:\realtime_backups\android\

    Files : *.*
	    
  Options : *.* /S /E /DCOPY:DA /COPY:DAT /PURGE /MIR /MT:8 /R:1000000 /W:30 

------------------------------------------------------------------------------

	  *EXTRA File 		       9	E:\realtime_backups\android\APKs\planner\12.31.2023\version.txt

------------------------------------------------------------------------------

               Total    Copied   Skipped  Mismatch    FAILED    Extras
    Dirs :      2650      2650      2650         0         0         0
   Files :     10141         0     10141         0         0         1
   Bytes :  394.93 m         0  394.93 m         0         0         9
   Times :   0:00:00   0:00:00                       0:00:00   0:00:00
   Ended : Wednesday, January 3, 2024 10:32:08 PM


-------------------------------------------------------------------------------
   ROBOCOPY     ::     Robust File Copy for Windows                              
-------------------------------------------------------------------------------

  Started : Wednesday, January 3, 2024 10:37:50 PM
   Source : I:\android\
     Dest : E:\realtime_backups\android\

    Files : *.*
	    
  Options : *.* /S /E /DCOPY:DA /COPY:DAT /PURGE /MIR /MT:8 /R:1000000 /W:30 

------------------------------------------------------------------------------

	  *EXTRA File 		       9	E:\realtime_backups\android\APKs\planner\12.31.2023\version.txt

------------------------------------------------------------------------------

               Total    Copied   Skipped  Mismatch    FAILED    Extras
    Dirs :      2650      2650      2650         0         0         0
   Files :     10148         0     10144         0         0         1
   Bytes :  394.92 m         0  392.16 m         0         0         9
   Times :   0:00:00   0:00:00                       0:00:00   0:00:00
   Ended : Wednesday, January 3, 2024 10:37:50 PM


-------------------------------------------------------------------------------
   ROBOCOPY     ::     Robust File Copy for Windows                              
-------------------------------------------------------------------------------

  Started : Wednesday, January 3, 2024 10:43:12 PM
   Source : I:\android\
     Dest : E:\realtime_backups\android\

    Files : *.*
	    
  Options : *.* /S /E /DCOPY:DA /COPY:DAT /PURGE /MIR /MT:8 /R:1000000 /W:30 

------------------------------------------------------------------------------


------------------------------------------------------------------------------

               Total    Copied   Skipped  Mismatch    FAILED    Extras
    Dirs :      2650      2650      2650         0         0         0
   Files :     10150         0     10151         0         0         0
   Bytes :  393.60 m         0  394.93 m         0         0         0
   Times :   0:00:00   0:00:00                       0:00:00   0:00:00
   Ended : Wednesday, January 3, 2024 10:43:12 PM


-------------------------------------------------------------------------------
   ROBOCOPY     ::     Robust File Copy for Windows                              
-------------------------------------------------------------------------------

  Started : Wednesday, January 3, 2024 10:49:09 PM
   Source : I:\android\
     Dest : E:\realtime_backups\android\

    Files : *.*
	    
  Options : *.* /S /E /DCOPY:DA /COPY:DAT /PURGE /MIR /MT:8 /R:1000000 /W:30 

------------------------------------------------------------------------------

	  *EXTRA File 		       9	E:\realtime_backups\android\APKs\planner\12.31.2023\version.txt

------------------------------------------------------------------------------

               Total    Copied   Skipped  Mismatch    FAILED    Extras
    Dirs :      2650      2650      2650         0         0         0
   Files :     10148         0     10151         0         0         1
   Bytes :  394.95 m         0  394.95 m         0         0         9
   Times :   0:00:00   0:00:00                       0:00:00   0:00:00
   Ended : Wednesday, January 3, 2024 10:49:09 PM


-------------------------------------------------------------------------------
   ROBOCOPY     ::     Robust File Copy for Windows                              
-------------------------------------------------------------------------------

  Started : Wednesday, January 3, 2024 10:54:51 PM
   Source : I:\android\
     Dest : E:\realtime_backups\android\

    Files : *.*
	    
  Options : *.* /S /E /DCOPY:DA /COPY:DAT /PURGE /MIR /MT:8 /R:1000000 /W:30 

------------------------------------------------------------------------------

	  *EXTRA File 		       9	E:\realtime_backups\android\APKs\planner\12.31.2023\version.txt

------------------------------------------------------------------------------

               Total    Copied   Skipped  Mismatch    FAILED    Extras
    Dirs :      2650      2650      2650         0         0         0
   Files :     10143         0     10147         0         0         1
   Bytes :  394.90 m         0  394.94 m         0         0         9
   Times :   0:00:00   0:00:00                       0:00:00   0:00:00
   Ended : Wednesday, January 3, 2024 10:54:52 PM


-------------------------------------------------------------------------------
   ROBOCOPY     ::     Robust File Copy for Windows                              
-------------------------------------------------------------------------------

  Started : Wednesday, January 3, 2024 11:00:13 PM
   Source : I:\android\
     Dest : E:\realtime_backups\android\

    Files : *.*
	    
  Options : *.* /S /E /DCOPY:DA /COPY:DAT /PURGE /MIR /MT:8 /R:1000000 /W:30 

------------------------------------------------------------------------------


------------------------------------------------------------------------------

               Total    Copied   Skipped  Mismatch    FAILED    Extras
    Dirs :      2650      2650      2650         0         0         0
   Files :     10145         0     10145         0         0         0
   Bytes :  394.92 m         0  394.64 m         0         0         0
   Times :   0:00:00   0:00:00                       0:00:00   0:00:00
   Ended : Wednesday, January 3, 2024 11:00:13 PM


-------------------------------------------------------------------------------
   ROBOCOPY     ::     Robust File Copy for Windows                              
-------------------------------------------------------------------------------

  Started : Wednesday, January 3, 2024 11:06:01 PM
   Source : I:\android\
     Dest : E:\realtime_backups\android\

    Files : *.*
	    
  Options : *.* /S /E /DCOPY:DA /COPY:DAT /PURGE /MIR /MT:8 /R:1000000 /W:30 

------------------------------------------------------------------------------

	  *EXTRA File 		       9	E:\realtime_backups\android\APKs\planner\12.31.2023\version.txt

------------------------------------------------------------------------------

               Total    Copied   Skipped  Mismatch    FAILED    Extras
    Dirs :      2650      2650      2650         0         0         0
   Files :     10149         0     10148         0         0         1
   Bytes :  394.94 m         0  394.94 m         0         0         9
   Times :   0:00:00   0:00:00                       0:00:00   0:00:00
   Ended : Wednesday, January 3, 2024 11:06:01 PM


-------------------------------------------------------------------------------
   ROBOCOPY     ::     Robust File Copy for Windows                              
-------------------------------------------------------------------------------

  Started : Wednesday, January 3, 2024 11:11:44 PM
   Source : I:\android\
     Dest : E:\realtime_backups\android\

    Files : *.*
	    
  Options : *.* /S /E /DCOPY:DA /COPY:DAT /PURGE /MIR /MT:8 /R:1000000 /W:30 

------------------------------------------------------------------------------

	  *EXTRA File 		       9	E:\realtime_backups\android\APKs\planner\12.31.2023\version.txt

------------------------------------------------------------------------------

               Total    Copied   Skipped  Mismatch    FAILED    Extras
    Dirs :      2650      2650      2650         0         0         0
   Files :     10132         0     10136         0         0         1
   Bytes :  394.87 m         0  394.89 m         0         0         9
   Times :   0:00:00   0:00:00                       0:00:00   0:00:00
   Ended : Wednesday, January 3, 2024 11:11:44 PM


-------------------------------------------------------------------------------
   ROBOCOPY     ::     Robust File Copy for Windows                              
-------------------------------------------------------------------------------

  Started : Wednesday, January 3, 2024 11:17:30 PM
   Source : I:\android\
     Dest : E:\monthly_backups\Jan\android\

    Files : *.*
	    
  Options : *.* /S /E /DCOPY:DA /COPY:DAT /PURGE /MIR /MT:8 /R:1000000 /W:30 

------------------------------------------------------------------------------


------------------------------------------------------------------------------

               Total    Copied   Skipped  Mismatch    FAILED    Extras
    Dirs :      2650      2650      2650         0         0         0
   Files :     10152         0     10153         0         0         0
   Bytes :  394.93 m         0  394.94 m         0         0         0
   Times :   0:00:01   0:00:00                       0:00:00   0:00:01
   Ended : Wednesday, January 3, 2024 11:17:31 PM


-------------------------------------------------------------------------------
   ROBOCOPY     ::     Robust File Copy for Windows                              
-------------------------------------------------------------------------------

  Started : Wednesday, January 3, 2024 11:18:06 PM
   Source : I:\android\
     Dest : E:\realtime_backups\android\

    Files : *.*
	    
  Options : *.* /S /E /DCOPY:DA /COPY:DAT /PURGE /MIR /MT:8 /R:1000000 /W:30 

------------------------------------------------------------------------------


------------------------------------------------------------------------------

               Total    Copied   Skipped  Mismatch    FAILED    Extras
    Dirs :      2650      2650      2649         0         0         0
   Files :     10148         0     10145         0         0         0
   Bytes :  394.94 m         0  392.18 m         0         0         0
   Times :   0:00:00   0:00:00                       0:00:00   0:00:00
   Ended : Wednesday, January 3, 2024 11:18:06 PM


-------------------------------------------------------------------------------
   ROBOCOPY     ::     Robust File Copy for Windows                              
-------------------------------------------------------------------------------

  Started : Wednesday, January 3, 2024 11:23:27 PM
   Source : I:\android\
     Dest : E:\realtime_backups\android\

    Files : *.*
	    
  Options : *.* /S /E /DCOPY:DA /COPY:DAT /PURGE /MIR /MT:8 /R:1000000 /W:30 

------------------------------------------------------------------------------

	  *EXTRA File 		       9	E:\realtime_backups\android\APKs\planner\12.31.2023\version.txt

------------------------------------------------------------------------------

               Total    Copied   Skipped  Mismatch    FAILED    Extras
    Dirs :      2650      2650      2650         0         0         0
   Files :     10139         0     10135         0         0         1
   Bytes :  394.79 m         0  394.91 m         0         0         9
   Times :   0:00:00   0:00:00                       0:00:00   0:00:00
   Ended : Wednesday, January 3, 2024 11:23:27 PM


-------------------------------------------------------------------------------
   ROBOCOPY     ::     Robust File Copy for Windows                              
-------------------------------------------------------------------------------

  Started : Wednesday, January 3, 2024 11:29:10 PM
   Source : I:\android\
     Dest : E:\realtime_backups\android\

    Files : *.*
	    
  Options : *.* /S /E /DCOPY:DA /COPY:DAT /PURGE /MIR /MT:8 /R:1000000 /W:30 

------------------------------------------------------------------------------

	  *EXTRA File 		       9	E:\realtime_backups\android\APKs\planner\12.31.2023\version.txt

------------------------------------------------------------------------------

               Total    Copied   Skipped  Mismatch    FAILED    Extras
    Dirs :      2650      2650      2650         0         0         0
   Files :     10144         0     10144         0         0         1
   Bytes :  394.93 m         0  394.94 m         0         0         9
   Times :   0:00:00   0:00:00                       0:00:00   0:00:00
   Ended : Wednesday, January 3, 2024 11:29:10 PM


-------------------------------------------------------------------------------
   ROBOCOPY     ::     Robust File Copy for Windows                              
-------------------------------------------------------------------------------

  Started : Wednesday, January 3, 2024 11:34:32 PM
   Source : I:\android\
     Dest : E:\realtime_backups\android\

    Files : *.*
	    
  Options : *.* /S /E /DCOPY:DA /COPY:DAT /PURGE /MIR /MT:8 /R:1000000 /W:30 

------------------------------------------------------------------------------


------------------------------------------------------------------------------

               Total    Copied   Skipped  Mismatch    FAILED    Extras
    Dirs :      2650      2650      2650         0         0         0
   Files :     10148         0     10146         0         0         0
   Bytes :  394.92 m         0  394.91 m         0         0         0
   Times :   0:00:00   0:00:00                       0:00:00   0:00:00
   Ended : Wednesday, January 3, 2024 11:34:32 PM


-------------------------------------------------------------------------------
   ROBOCOPY     ::     Robust File Copy for Windows                              
-------------------------------------------------------------------------------

  Started : Wednesday, January 3, 2024 11:40:15 PM
   Source : I:\android\
     Dest : E:\realtime_backups\android\

    Files : *.*
	    
  Options : *.* /S /E /DCOPY:DA /COPY:DAT /PURGE /MIR /MT:8 /R:1000000 /W:30 

------------------------------------------------------------------------------

	  *EXTRA File 		       9	E:\realtime_backups\android\APKs\planner\12.31.2023\version.txt

------------------------------------------------------------------------------

               Total    Copied   Skipped  Mismatch    FAILED    Extras
    Dirs :      2650      2650      2649         0         0         0
   Files :     10155         0     10153         0         0         1
   Bytes :  388.53 m         0  394.94 m         0         0         9
   Times :   0:00:00   0:00:00                       0:00:00   0:00:00
   Ended : Wednesday, January 3, 2024 11:40:15 PM


-------------------------------------------------------------------------------
   ROBOCOPY     ::     Robust File Copy for Windows                              
-------------------------------------------------------------------------------

  Started : Wednesday, January 3, 2024 11:45:57 PM
   Source : I:\android\
     Dest : E:\realtime_backups\android\

    Files : *.*
	    
  Options : *.* /S /E /DCOPY:DA /COPY:DAT /PURGE /MIR /MT:8 /R:1000000 /W:30 

------------------------------------------------------------------------------

	  *EXTRA File 		       9	E:\realtime_backups\android\APKs\planner\12.31.2023\version.txt

------------------------------------------------------------------------------

               Total    Copied   Skipped  Mismatch    FAILED    Extras
    Dirs :      2650      2650      2650         0         0         0
   Files :     10150         0     10151         0         0         1
   Bytes :  394.94 m         0  394.95 m         0         0         9
   Times :   0:00:00   0:00:00                       0:00:00   0:00:00
   Ended : Wednesday, January 3, 2024 11:45:57 PM


-------------------------------------------------------------------------------
   ROBOCOPY     ::     Robust File Copy for Windows                              
-------------------------------------------------------------------------------

  Started : Wednesday, January 3, 2024 11:51:19 PM
   Source : I:\android\
     Dest : E:\realtime_backups\android\

    Files : *.*
	    
  Options : *.* /S /E /DCOPY:DA /COPY:DAT /PURGE /MIR /MT:8 /R:1000000 /W:30 

------------------------------------------------------------------------------


------------------------------------------------------------------------------

               Total    Copied   Skipped  Mismatch    FAILED    Extras
    Dirs :      2650      2650      2650         0         0         0
   Files :     10142         0     10140         0         0         0
   Bytes :  394.93 m         0  394.91 m         0         0         0
   Times :   0:00:00   0:00:00                       0:00:00   0:00:00
   Ended : Wednesday, January 3, 2024 11:51:19 PM


-------------------------------------------------------------------------------
   ROBOCOPY     ::     Robust File Copy for Windows                              
-------------------------------------------------------------------------------

  Started : Wednesday, January 3, 2024 11:57:02 PM
   Source : I:\android\
     Dest : E:\realtime_backups\android\

    Files : *.*
	    
  Options : *.* /S /E /DCOPY:DA /COPY:DAT /PURGE /MIR /MT:8 /R:1000000 /W:30 

------------------------------------------------------------------------------

	  *EXTRA File 		       9	E:\realtime_backups\android\APKs\planner\12.31.2023\version.txt

------------------------------------------------------------------------------

               Total    Copied   Skipped  Mismatch    FAILED    Extras
    Dirs :      2650      2650      2650         0         0         0
   Files :     10148         0     10151         0         0         1
   Bytes :  394.63 m         0  394.94 m         0         0         9
   Times :   0:00:00   0:00:00                       0:00:00   0:00:00
   Ended : Wednesday, January 3, 2024 11:57:02 PM

