
-------------------------------------------------------------------------------
   ROBOCOPY     ::     Robust File Copy for Windows                              
-------------------------------------------------------------------------------

  Started : Tuesday, March 26, 2024 5:26:52 AM
   Source : J:\NavyFedApi\
     Dest : E:\realtime_backups\NavyFedApi\

    Files : *.*
	    
  Options : *.* /S /E /DCOPY:DA /COPY:DAT /PURGE /MIR /MT:8 /R:1000000 /W:30 

------------------------------------------------------------------------------


------------------------------------------------------------------------------

               Total    Copied   Skipped  Mismatch    FAILED    Extras
    Dirs :        25        25        25         0         0         0
   Files :        34         0        34         0         0         0
   Bytes :    37.2 k         0    37.2 k         0         0         0
   Times :   0:00:00   0:00:00                       0:00:00   0:00:00
   Ended : Tuesday, March 26, 2024 5:26:52 AM


-------------------------------------------------------------------------------
   ROBOCOPY     ::     Robust File Copy for Windows                              
-------------------------------------------------------------------------------

  Started : Tuesday, March 26, 2024 5:32:48 AM
   Source : J:\NavyFedApi\
     Dest : E:\realtime_backups\NavyFedApi\

    Files : *.*
	    
  Options : *.* /S /E /DCOPY:DA /COPY:DAT /PURGE /MIR /MT:8 /R:1000000 /W:30 

------------------------------------------------------------------------------


------------------------------------------------------------------------------

               Total    Copied   Skipped  Mismatch    FAILED    Extras
    Dirs :        25        25        25         0         0         0
   Files :        34         0        34         0         0         0
   Bytes :    37.2 k         0    37.2 k         0         0         0
   Times :   0:00:00   0:00:00                       0:00:00   0:00:00
   Ended : Tuesday, March 26, 2024 5:32:48 AM


-------------------------------------------------------------------------------
   ROBOCOPY     ::     Robust File Copy for Windows                              
-------------------------------------------------------------------------------

  Started : Tuesday, March 26, 2024 5:38:22 AM
   Source : J:\NavyFedApi\
     Dest : E:\realtime_backups\NavyFedApi\

    Files : *.*
	    
  Options : *.* /S /E /DCOPY:DA /COPY:DAT /PURGE /MIR /MT:8 /R:1000000 /W:30 

------------------------------------------------------------------------------


------------------------------------------------------------------------------

               Total    Copied   Skipped  Mismatch    FAILED    Extras
    Dirs :        25        25        25         0         0         0
   Files :        34         0        34         0         0         0
   Bytes :    37.2 k         0    37.2 k         0         0         0
   Times :   0:00:00   0:00:00                       0:00:00   0:00:00
   Ended : Tuesday, March 26, 2024 5:38:22 AM


-------------------------------------------------------------------------------
   ROBOCOPY     ::     Robust File Copy for Windows                              
-------------------------------------------------------------------------------

  Started : Tuesday, March 26, 2024 5:44:16 AM
   Source : J:\NavyFedApi\
     Dest : E:\realtime_backups\NavyFedApi\

    Files : *.*
	    
  Options : *.* /S /E /DCOPY:DA /COPY:DAT /PURGE /MIR /MT:8 /R:1000000 /W:30 

------------------------------------------------------------------------------


------------------------------------------------------------------------------

               Total    Copied   Skipped  Mismatch    FAILED    Extras
    Dirs :        25        25        25         0         0         0
   Files :        34         0        34         0         0         0
   Bytes :    37.2 k         0    37.2 k         0         0         0
   Times :   0:00:00   0:00:00                       0:00:00   0:00:00
   Ended : Tuesday, March 26, 2024 5:44:16 AM


-------------------------------------------------------------------------------
   ROBOCOPY     ::     Robust File Copy for Windows                              
-------------------------------------------------------------------------------

  Started : Tuesday, March 26, 2024 5:50:11 AM
   Source : J:\NavyFedApi\
     Dest : E:\realtime_backups\NavyFedApi\

    Files : *.*
	    
  Options : *.* /S /E /DCOPY:DA /COPY:DAT /PURGE /MIR /MT:8 /R:1000000 /W:30 

------------------------------------------------------------------------------


------------------------------------------------------------------------------

               Total    Copied   Skipped  Mismatch    FAILED    Extras
    Dirs :        25        25        25         0         0         0
   Files :        34         0        34         0         0         0
   Bytes :    37.2 k         0    37.2 k         0         0         0
   Times :   0:00:00   0:00:00                       0:00:00   0:00:00
   Ended : Tuesday, March 26, 2024 5:50:11 AM


-------------------------------------------------------------------------------
   ROBOCOPY     ::     Robust File Copy for Windows                              
-------------------------------------------------------------------------------

  Started : Tuesday, March 26, 2024 5:55:45 AM
   Source : J:\NavyFedApi\
     Dest : E:\realtime_backups\NavyFedApi\

    Files : *.*
	    
  Options : *.* /S /E /DCOPY:DA /COPY:DAT /PURGE /MIR /MT:8 /R:1000000 /W:30 

------------------------------------------------------------------------------


------------------------------------------------------------------------------

               Total    Copied   Skipped  Mismatch    FAILED    Extras
    Dirs :        25        25        25         0         0         0
   Files :        34         0        34         0         0         0
   Bytes :    37.2 k         0    37.2 k         0         0         0
   Times :   0:00:00   0:00:00                       0:00:00   0:00:00
   Ended : Tuesday, March 26, 2024 5:55:45 AM


-------------------------------------------------------------------------------
   ROBOCOPY     ::     Robust File Copy for Windows                              
-------------------------------------------------------------------------------

  Started : Tuesday, March 26, 2024 6:01:38 AM
   Source : J:\NavyFedApi\
     Dest : E:\realtime_backups\NavyFedApi\

    Files : *.*
	    
  Options : *.* /S /E /DCOPY:DA /COPY:DAT /PURGE /MIR /MT:8 /R:1000000 /W:30 

------------------------------------------------------------------------------


------------------------------------------------------------------------------

               Total    Copied   Skipped  Mismatch    FAILED    Extras
    Dirs :        25        25        25         0         0         0
   Files :        34         0        34         0         0         0
   Bytes :    37.2 k         0    37.2 k         0         0         0
   Times :   0:00:00   0:00:00                       0:00:00   0:00:00
   Ended : Tuesday, March 26, 2024 6:01:38 AM


-------------------------------------------------------------------------------
   ROBOCOPY     ::     Robust File Copy for Windows                              
-------------------------------------------------------------------------------

  Started : Tuesday, March 26, 2024 6:07:33 AM
   Source : J:\NavyFedApi\
     Dest : E:\realtime_backups\NavyFedApi\

    Files : *.*
	    
  Options : *.* /S /E /DCOPY:DA /COPY:DAT /PURGE /MIR /MT:8 /R:1000000 /W:30 

------------------------------------------------------------------------------


------------------------------------------------------------------------------

               Total    Copied   Skipped  Mismatch    FAILED    Extras
    Dirs :        25        25        25         0         0         0
   Files :        34         0        34         0         0         0
   Bytes :    37.2 k         0    37.2 k         0         0         0
   Times :   0:00:00   0:00:00                       0:00:00   0:00:00
   Ended : Tuesday, March 26, 2024 6:07:33 AM


-------------------------------------------------------------------------------
   ROBOCOPY     ::     Robust File Copy for Windows                              
-------------------------------------------------------------------------------

  Started : Tuesday, March 26, 2024 6:13:06 AM
   Source : J:\NavyFedApi\
     Dest : E:\realtime_backups\NavyFedApi\

    Files : *.*
	    
  Options : *.* /S /E /DCOPY:DA /COPY:DAT /PURGE /MIR /MT:8 /R:1000000 /W:30 

------------------------------------------------------------------------------


------------------------------------------------------------------------------

               Total    Copied   Skipped  Mismatch    FAILED    Extras
    Dirs :        25        25        25         0         0         0
   Files :        34         0        34         0         0         0
   Bytes :    37.2 k         0    37.2 k         0         0         0
   Times :   0:00:00   0:00:00                       0:00:00   0:00:00
   Ended : Tuesday, March 26, 2024 6:13:06 AM


-------------------------------------------------------------------------------
   ROBOCOPY     ::     Robust File Copy for Windows                              
-------------------------------------------------------------------------------

  Started : Tuesday, March 26, 2024 6:19:00 AM
   Source : J:\NavyFedApi\
     Dest : E:\realtime_backups\NavyFedApi\

    Files : *.*
	    
  Options : *.* /S /E /DCOPY:DA /COPY:DAT /PURGE /MIR /MT:8 /R:1000000 /W:30 

------------------------------------------------------------------------------


------------------------------------------------------------------------------

               Total    Copied   Skipped  Mismatch    FAILED    Extras
    Dirs :        25        25        25         0         0         0
   Files :        34         0        34         0         0         0
   Bytes :    37.2 k         0    37.2 k         0         0         0
   Times :   0:00:00   0:00:00                       0:00:00   0:00:00
   Ended : Tuesday, March 26, 2024 6:19:00 AM


-------------------------------------------------------------------------------
   ROBOCOPY     ::     Robust File Copy for Windows                              
-------------------------------------------------------------------------------

  Started : Tuesday, March 26, 2024 6:24:53 AM
   Source : J:\NavyFedApi\
     Dest : E:\realtime_backups\NavyFedApi\

    Files : *.*
	    
  Options : *.* /S /E /DCOPY:DA /COPY:DAT /PURGE /MIR /MT:8 /R:1000000 /W:30 

------------------------------------------------------------------------------


------------------------------------------------------------------------------

               Total    Copied   Skipped  Mismatch    FAILED    Extras
    Dirs :        25        25        25         0         0         0
   Files :        34         0        34         0         0         0
   Bytes :    37.2 k         0    37.2 k         0         0         0
   Times :   0:00:00   0:00:00                       0:00:00   0:00:00
   Ended : Tuesday, March 26, 2024 6:24:53 AM


-------------------------------------------------------------------------------
   ROBOCOPY     ::     Robust File Copy for Windows                              
-------------------------------------------------------------------------------

  Started : Tuesday, March 26, 2024 6:30:30 AM
   Source : J:\NavyFedApi\
     Dest : E:\realtime_backups\NavyFedApi\

    Files : *.*
	    
  Options : *.* /S /E /DCOPY:DA /COPY:DAT /PURGE /MIR /MT:8 /R:1000000 /W:30 

------------------------------------------------------------------------------


------------------------------------------------------------------------------

               Total    Copied   Skipped  Mismatch    FAILED    Extras
    Dirs :        25        25        25         0         0         0
   Files :        34         0        34         0         0         0
   Bytes :    37.2 k         0    37.2 k         0         0         0
   Times :   0:00:00   0:00:00                       0:00:00   0:00:00
   Ended : Tuesday, March 26, 2024 6:30:30 AM

