
-------------------------------------------------------------------------------
   ROBOCOPY     ::     Robust File Copy for Windows                              
-------------------------------------------------------------------------------

  Started : Sunday, December 31, 2023 9:39:44 PM
   Source : I:\EasyHKS\
     Dest : E:\realtime_backups\EasyHKS\

    Files : *.*
	    
  Options : *.* /S /E /DCOPY:DA /COPY:DAT /PURGE /MIR /MT:8 /R:1000000 /W:30 

------------------------------------------------------------------------------


------------------------------------------------------------------------------

               Total    Copied   Skipped  Mismatch    FAILED    Extras
    Dirs :       472       472       472         0         0         0
   Files :      1897         0      1897         0         0         0
   Bytes :   33.24 m         0   33.24 m         0         0         0
   Times :   0:00:00   0:00:00                       0:00:00   0:00:00
   Ended : Sunday, December 31, 2023 9:39:44 PM


-------------------------------------------------------------------------------
   ROBOCOPY     ::     Robust File Copy for Windows                              
-------------------------------------------------------------------------------

  Started : Sunday, December 31, 2023 9:45:14 PM
   Source : I:\EasyHKS\
     Dest : E:\realtime_backups\EasyHKS\

    Files : *.*
	    
  Options : *.* /S /E /DCOPY:DA /COPY:DAT /PURGE /MIR /MT:8 /R:1000000 /W:30 

------------------------------------------------------------------------------


------------------------------------------------------------------------------

               Total    Copied   Skipped  Mismatch    FAILED    Extras
    Dirs :       472       472       472         0         0         0
   Files :      1897         0      1897         0         0         0
   Bytes :   33.24 m         0   33.24 m         0         0         0
   Times :   0:00:00   0:00:00                       0:00:00   0:00:00
   Ended : Sunday, December 31, 2023 9:45:14 PM


-------------------------------------------------------------------------------
   ROBOCOPY     ::     Robust File Copy for Windows                              
-------------------------------------------------------------------------------

  Started : Sunday, December 31, 2023 9:50:36 PM
   Source : I:\EasyHKS\
     Dest : E:\realtime_backups\EasyHKS\

    Files : *.*
	    
  Options : *.* /S /E /DCOPY:DA /COPY:DAT /PURGE /MIR /MT:8 /R:1000000 /W:30 

------------------------------------------------------------------------------


------------------------------------------------------------------------------

               Total    Copied   Skipped  Mismatch    FAILED    Extras
    Dirs :       472       472       472         0         0         0
   Files :      1895         0      1895         0         0         0
   Bytes :   33.24 m         0   33.24 m         0         0         0
   Times :   0:00:00   0:00:00                       0:00:00   0:00:00
   Ended : Sunday, December 31, 2023 9:50:36 PM


-------------------------------------------------------------------------------
   ROBOCOPY     ::     Robust File Copy for Windows                              
-------------------------------------------------------------------------------

  Started : Sunday, December 31, 2023 9:55:56 PM
   Source : I:\EasyHKS\
     Dest : E:\realtime_backups\EasyHKS\

    Files : *.*
	    
  Options : *.* /S /E /DCOPY:DA /COPY:DAT /PURGE /MIR /MT:8 /R:1000000 /W:30 

------------------------------------------------------------------------------


------------------------------------------------------------------------------

               Total    Copied   Skipped  Mismatch    FAILED    Extras
    Dirs :       472       472       472         0         0         0
   Files :      1895         0      1896         0         0         0
   Bytes :   33.24 m         0   33.24 m         0         0         0
   Times :   0:00:00   0:00:00                       0:00:00   0:00:00
   Ended : Sunday, December 31, 2023 9:55:56 PM


-------------------------------------------------------------------------------
   ROBOCOPY     ::     Robust File Copy for Windows                              
-------------------------------------------------------------------------------

  Started : Sunday, December 31, 2023 10:01:17 PM
   Source : I:\EasyHKS\
     Dest : E:\realtime_backups\EasyHKS\

    Files : *.*
	    
  Options : *.* /S /E /DCOPY:DA /COPY:DAT /PURGE /MIR /MT:8 /R:1000000 /W:30 

------------------------------------------------------------------------------


------------------------------------------------------------------------------

               Total    Copied   Skipped  Mismatch    FAILED    Extras
    Dirs :       472       472       472         0         0         0
   Files :      1897         0      1897         0         0         0
   Bytes :   33.24 m         0   33.24 m         0         0         0
   Times :   0:00:00   0:00:00                       0:00:00   0:00:00
   Ended : Sunday, December 31, 2023 10:01:17 PM


-------------------------------------------------------------------------------
   ROBOCOPY     ::     Robust File Copy for Windows                              
-------------------------------------------------------------------------------

  Started : Sunday, December 31, 2023 10:06:38 PM
   Source : I:\EasyHKS\
     Dest : E:\realtime_backups\EasyHKS\

    Files : *.*
	    
  Options : *.* /S /E /DCOPY:DA /COPY:DAT /PURGE /MIR /MT:8 /R:1000000 /W:30 

------------------------------------------------------------------------------


------------------------------------------------------------------------------

               Total    Copied   Skipped  Mismatch    FAILED    Extras
    Dirs :       472       472       472         0         0         0
   Files :      1897         0      1897         0         0         0
   Bytes :   33.24 m         0   33.24 m         0         0         0
   Times :   0:00:00   0:00:00                       0:00:00   0:00:00
   Ended : Sunday, December 31, 2023 10:06:38 PM


-------------------------------------------------------------------------------
   ROBOCOPY     ::     Robust File Copy for Windows                              
-------------------------------------------------------------------------------

  Started : Sunday, December 31, 2023 10:12:22 PM
   Source : I:\EasyHKS\
     Dest : E:\realtime_backups\EasyHKS\

    Files : *.*
	    
  Options : *.* /S /E /DCOPY:DA /COPY:DAT /PURGE /MIR /MT:8 /R:1000000 /W:30 

------------------------------------------------------------------------------


------------------------------------------------------------------------------

               Total    Copied   Skipped  Mismatch    FAILED    Extras
    Dirs :       472       472       472         0         0         0
   Files :      1897         0      1897         0         0         0
   Bytes :   33.24 m         0   33.24 m         0         0         0
   Times :   0:00:00   0:00:00                       0:00:00   0:00:00
   Ended : Sunday, December 31, 2023 10:12:22 PM

