
-------------------------------------------------------------------------------
   ROBOCOPY     ::     Robust File Copy for Windows                              
-------------------------------------------------------------------------------

  Started : Monday, March 25, 2024 5:11:13 AM
   Source : J:\nvim\
     Dest : E:\realtime_backups\nvim\

    Files : *.*
	    
  Options : *.* /S /E /DCOPY:DA /COPY:DAT /PURGE /MIR /MT:8 /R:1000000 /W:30 

------------------------------------------------------------------------------

	*EXTRA Dir        -1	E:\realtime_backups\nvim\ftplugin\
	  *EXTRA File 		    5272	E:\realtime_backups\nvim\ftplugin\java.lua
	    Newer     		    8601	J:\nvim\lua\keymaps.lua100%  
	    Newer     		    2691	J:\nvim\lua\plugins.lua100%  
	    Newer     		     695	J:\nvim\lua\profile.lua100%  
	    Newer     		    8601	J:\nvim\lua\core\keymaps.lua100%  
	    Newer     		    2691	J:\nvim\lua\core\plugins.lua100%  
	    Newer     		     695	J:\nvim\lua\core\profile.lua100%  
	    New File  		    3395	J:\nvim\lua\plugin_config\'100%  
	    Newer     		    1948	J:\nvim\lua\plugin_config\completions.lua100%  
	    Newer     		     438	J:\nvim\lua\plugin_config\treesitter.lua100%  
	    New File  		    3395	J:\nvim\lua\core\plugin_config\'  0%  100%  
	    Newer     		    1948	J:\nvim\lua\core\plugin_config\completions.lua100%  
	    Newer     		     438	J:\nvim\lua\core\plugin_config\treesitter.lua100%  

------------------------------------------------------------------------------

               Total    Copied   Skipped  Mismatch    FAILED    Extras
    Dirs :       156       156       156         0         0         1
   Files :       255        12       243         0         0         1
   Bytes :   511.6 k    34.7 k   476.9 k         0         0     5.1 k
   Times :   0:00:00   0:00:00                       0:00:00   0:00:00


   Speed :             348,392 Bytes/sec.
   Speed :              19.935 MegaBytes/min.
   Ended : Monday, March 25, 2024 5:11:13 AM


-------------------------------------------------------------------------------
   ROBOCOPY     ::     Robust File Copy for Windows                              
-------------------------------------------------------------------------------

  Started : Monday, March 25, 2024 5:16:54 AM
   Source : J:\nvim\
     Dest : E:\realtime_backups\nvim\

    Files : *.*
	    
  Options : *.* /S /E /DCOPY:DA /COPY:DAT /PURGE /MIR /MT:8 /R:1000000 /W:30 

------------------------------------------------------------------------------


------------------------------------------------------------------------------

               Total    Copied   Skipped  Mismatch    FAILED    Extras
    Dirs :       156       156       156         0         0         0
   Files :       255         0       255         0         0         0
   Bytes :   511.6 k         0   511.6 k         0         0         0
   Times :   0:00:00   0:00:00                       0:00:00   0:00:00
   Ended : Monday, March 25, 2024 5:16:54 AM


-------------------------------------------------------------------------------
   ROBOCOPY     ::     Robust File Copy for Windows                              
-------------------------------------------------------------------------------

  Started : Monday, March 25, 2024 5:22:28 AM
   Source : J:\nvim\
     Dest : E:\realtime_backups\nvim\

    Files : *.*
	    
  Options : *.* /S /E /DCOPY:DA /COPY:DAT /PURGE /MIR /MT:8 /R:1000000 /W:30 

------------------------------------------------------------------------------


------------------------------------------------------------------------------

               Total    Copied   Skipped  Mismatch    FAILED    Extras
    Dirs :       156       156       156         0         0         0
   Files :       255         0       254         0         0         0
   Bytes :   511.4 k         0   510.0 k         0         0         0
   Times :   0:00:00   0:00:00                       0:00:00   0:00:00
   Ended : Monday, March 25, 2024 5:22:28 AM


-------------------------------------------------------------------------------
   ROBOCOPY     ::     Robust File Copy for Windows                              
-------------------------------------------------------------------------------

  Started : Monday, March 25, 2024 5:28:24 AM
   Source : J:\nvim\
     Dest : E:\realtime_backups\nvim\

    Files : *.*
	    
  Options : *.* /S /E /DCOPY:DA /COPY:DAT /PURGE /MIR /MT:8 /R:1000000 /W:30 

------------------------------------------------------------------------------


------------------------------------------------------------------------------

               Total    Copied   Skipped  Mismatch    FAILED    Extras
    Dirs :       156       156       156         0         0         0
   Files :       255         0       255         0         0         0
   Bytes :   511.6 k         0   511.6 k         0         0         0
   Times :   0:00:00   0:00:00                       0:00:00   0:00:00
   Ended : Monday, March 25, 2024 5:28:24 AM


-------------------------------------------------------------------------------
   ROBOCOPY     ::     Robust File Copy for Windows                              
-------------------------------------------------------------------------------

  Started : Monday, March 25, 2024 5:34:19 AM
   Source : J:\nvim\
     Dest : E:\realtime_backups\nvim\

    Files : *.*
	    
  Options : *.* /S /E /DCOPY:DA /COPY:DAT /PURGE /MIR /MT:8 /R:1000000 /W:30 

------------------------------------------------------------------------------


------------------------------------------------------------------------------

               Total    Copied   Skipped  Mismatch    FAILED    Extras
    Dirs :       156       156       156         0         0         0
   Files :       255         0       255         0         0         0
   Bytes :   511.6 k         0   511.6 k         0         0         0
   Times :   0:00:00   0:00:00                       0:00:00   0:00:00
   Ended : Monday, March 25, 2024 5:34:19 AM


-------------------------------------------------------------------------------
   ROBOCOPY     ::     Robust File Copy for Windows                              
-------------------------------------------------------------------------------

  Started : Monday, March 25, 2024 5:39:55 AM
   Source : J:\nvim\
     Dest : E:\realtime_backups\nvim\

    Files : *.*
	    
  Options : *.* /S /E /DCOPY:DA /COPY:DAT /PURGE /MIR /MT:8 /R:1000000 /W:30 

------------------------------------------------------------------------------


------------------------------------------------------------------------------

               Total    Copied   Skipped  Mismatch    FAILED    Extras
    Dirs :       156       156       156         0         0         0
   Files :       255         0       255         0         0         0
   Bytes :   511.6 k         0   511.6 k         0         0         0
   Times :   0:00:00   0:00:00                       0:00:00   0:00:00
   Ended : Monday, March 25, 2024 5:39:55 AM


-------------------------------------------------------------------------------
   ROBOCOPY     ::     Robust File Copy for Windows                              
-------------------------------------------------------------------------------

  Started : Monday, March 25, 2024 5:45:52 AM
   Source : J:\nvim\
     Dest : E:\realtime_backups\nvim\

    Files : *.*
	    
  Options : *.* /S /E /DCOPY:DA /COPY:DAT /PURGE /MIR /MT:8 /R:1000000 /W:30 

------------------------------------------------------------------------------


------------------------------------------------------------------------------

               Total    Copied   Skipped  Mismatch    FAILED    Extras
    Dirs :       156       156       156         0         0         0
   Files :       255         0       255         0         0         0
   Bytes :   511.6 k         0   511.6 k         0         0         0
   Times :   0:00:00   0:00:00                       0:00:00   0:00:00
   Ended : Monday, March 25, 2024 5:45:52 AM


-------------------------------------------------------------------------------
   ROBOCOPY     ::     Robust File Copy for Windows                              
-------------------------------------------------------------------------------

  Started : Monday, March 25, 2024 5:51:49 AM
   Source : J:\nvim\
     Dest : E:\realtime_backups\nvim\

    Files : *.*
	    
  Options : *.* /S /E /DCOPY:DA /COPY:DAT /PURGE /MIR /MT:8 /R:1000000 /W:30 

------------------------------------------------------------------------------


------------------------------------------------------------------------------

               Total    Copied   Skipped  Mismatch    FAILED    Extras
    Dirs :       156       156       156         0         0         0
   Files :       255         0       255         0         0         0
   Bytes :   511.6 k         0   511.6 k         0         0         0
   Times :   0:00:00   0:00:00                       0:00:00   0:00:00
   Ended : Monday, March 25, 2024 5:51:49 AM


-------------------------------------------------------------------------------
   ROBOCOPY     ::     Robust File Copy for Windows                              
-------------------------------------------------------------------------------

  Started : Monday, March 25, 2024 5:57:25 AM
   Source : J:\nvim\
     Dest : E:\realtime_backups\nvim\

    Files : *.*
	    
  Options : *.* /S /E /DCOPY:DA /COPY:DAT /PURGE /MIR /MT:8 /R:1000000 /W:30 

------------------------------------------------------------------------------


------------------------------------------------------------------------------

               Total    Copied   Skipped  Mismatch    FAILED    Extras
    Dirs :       156       156       156         0         0         0
   Files :       255         0       255         0         0         0
   Bytes :   511.6 k         0   511.6 k         0         0         0
   Times :   0:00:00   0:00:00                       0:00:00   0:00:00
   Ended : Monday, March 25, 2024 5:57:25 AM


-------------------------------------------------------------------------------
   ROBOCOPY     ::     Robust File Copy for Windows                              
-------------------------------------------------------------------------------

  Started : Monday, March 25, 2024 6:03:22 AM
   Source : J:\nvim\
     Dest : E:\realtime_backups\nvim\

    Files : *.*
	    
  Options : *.* /S /E /DCOPY:DA /COPY:DAT /PURGE /MIR /MT:8 /R:1000000 /W:30 

------------------------------------------------------------------------------


------------------------------------------------------------------------------

               Total    Copied   Skipped  Mismatch    FAILED    Extras
    Dirs :       156       156       156         0         0         0
   Files :       255         0       255         0         0         0
   Bytes :   511.6 k         0   511.6 k         0         0         0
   Times :   0:00:00   0:00:00                       0:00:00   0:00:00
   Ended : Monday, March 25, 2024 6:03:22 AM


-------------------------------------------------------------------------------
   ROBOCOPY     ::     Robust File Copy for Windows                              
-------------------------------------------------------------------------------

  Started : Monday, March 25, 2024 6:09:19 AM
   Source : J:\nvim\
     Dest : E:\realtime_backups\nvim\

    Files : *.*
	    
  Options : *.* /S /E /DCOPY:DA /COPY:DAT /PURGE /MIR /MT:8 /R:1000000 /W:30 

------------------------------------------------------------------------------


------------------------------------------------------------------------------

               Total    Copied   Skipped  Mismatch    FAILED    Extras
    Dirs :       156       156       156         0         0         0
   Files :       255         0       255         0         0         0
   Bytes :   511.6 k         0   511.6 k         0         0         0
   Times :   0:00:00   0:00:00                       0:00:00   0:00:00
   Ended : Monday, March 25, 2024 6:09:19 AM


-------------------------------------------------------------------------------
   ROBOCOPY     ::     Robust File Copy for Windows                              
-------------------------------------------------------------------------------

  Started : Monday, March 25, 2024 6:14:54 AM
   Source : J:\nvim\
     Dest : E:\realtime_backups\nvim\

    Files : *.*
	    
  Options : *.* /S /E /DCOPY:DA /COPY:DAT /PURGE /MIR /MT:8 /R:1000000 /W:30 

------------------------------------------------------------------------------


------------------------------------------------------------------------------

               Total    Copied   Skipped  Mismatch    FAILED    Extras
    Dirs :       156       156       156         0         0         0
   Files :       255         0       255         0         0         0
   Bytes :   511.6 k         0   511.6 k         0         0         0
   Times :   0:00:00   0:00:00                       0:00:00   0:00:00
   Ended : Monday, March 25, 2024 6:14:54 AM


-------------------------------------------------------------------------------
   ROBOCOPY     ::     Robust File Copy for Windows                              
-------------------------------------------------------------------------------

  Started : Monday, March 25, 2024 6:20:53 AM
   Source : J:\nvim\
     Dest : E:\realtime_backups\nvim\

    Files : *.*
	    
  Options : *.* /S /E /DCOPY:DA /COPY:DAT /PURGE /MIR /MT:8 /R:1000000 /W:30 

------------------------------------------------------------------------------


------------------------------------------------------------------------------

               Total    Copied   Skipped  Mismatch    FAILED    Extras
    Dirs :       156       156       156         0         0         0
   Files :       255         0       255         0         0         0
   Bytes :   511.6 k         0   511.6 k         0         0         0
   Times :   0:00:00   0:00:00                       0:00:00   0:00:00
   Ended : Monday, March 25, 2024 6:20:53 AM


-------------------------------------------------------------------------------
   ROBOCOPY     ::     Robust File Copy for Windows                              
-------------------------------------------------------------------------------

  Started : Monday, March 25, 2024 6:26:51 AM
   Source : J:\nvim\
     Dest : E:\realtime_backups\nvim\

    Files : *.*
	    
  Options : *.* /S /E /DCOPY:DA /COPY:DAT /PURGE /MIR /MT:8 /R:1000000 /W:30 

------------------------------------------------------------------------------


------------------------------------------------------------------------------

               Total    Copied   Skipped  Mismatch    FAILED    Extras
    Dirs :       156       156       156         0         0         0
   Files :       255         0       255         0         0         0
   Bytes :   511.6 k         0   511.6 k         0         0         0
   Times :   0:00:00   0:00:00                       0:00:00   0:00:00
   Ended : Monday, March 25, 2024 6:26:51 AM


-------------------------------------------------------------------------------
   ROBOCOPY     ::     Robust File Copy for Windows                              
-------------------------------------------------------------------------------

  Started : Monday, March 25, 2024 5:26:09 PM
   Source : J:\nvim\
     Dest : E:\realtime_backups\nvim\

    Files : *.*
	    
  Options : *.* /S /E /DCOPY:DA /COPY:DAT /PURGE /MIR /MT:8 /R:1000000 /W:30 

------------------------------------------------------------------------------


------------------------------------------------------------------------------

               Total    Copied   Skipped  Mismatch    FAILED    Extras
    Dirs :       156       156       156         0         0         0
   Files :       254         0       254         0         0         0
   Bytes :   511.4 k         0   511.4 k         0         0         0
   Times :   0:00:00   0:00:00                       0:00:00   0:00:00
   Ended : Monday, March 25, 2024 5:26:09 PM


-------------------------------------------------------------------------------
   ROBOCOPY     ::     Robust File Copy for Windows                              
-------------------------------------------------------------------------------

  Started : Monday, March 25, 2024 5:32:08 PM
   Source : J:\nvim\
     Dest : E:\realtime_backups\nvim\

    Files : *.*
	    
  Options : *.* /S /E /DCOPY:DA /COPY:DAT /PURGE /MIR /MT:8 /R:1000000 /W:30 

------------------------------------------------------------------------------


------------------------------------------------------------------------------

               Total    Copied   Skipped  Mismatch    FAILED    Extras
    Dirs :       156       156       156         0         0         0
   Files :       255         0       255         0         0         0
   Bytes :   511.6 k         0   511.6 k         0         0         0
   Times :   0:00:00   0:00:00                       0:00:00   0:00:00
   Ended : Monday, March 25, 2024 5:32:08 PM


-------------------------------------------------------------------------------
   ROBOCOPY     ::     Robust File Copy for Windows                              
-------------------------------------------------------------------------------

  Started : Monday, March 25, 2024 5:38:02 PM
   Source : J:\nvim\
     Dest : E:\realtime_backups\nvim\

    Files : *.*
	    
  Options : *.* /S /E /DCOPY:DA /COPY:DAT /PURGE /MIR /MT:8 /R:1000000 /W:30 

------------------------------------------------------------------------------


------------------------------------------------------------------------------

               Total    Copied   Skipped  Mismatch    FAILED    Extras
    Dirs :       156       156       156         0         0         0
   Files :       255         0       254         0         0         0
   Bytes :   511.6 k         0   511.4 k         0         0         0
   Times :   0:00:00   0:00:00                       0:00:00   0:00:00
   Ended : Monday, March 25, 2024 5:38:02 PM


-------------------------------------------------------------------------------
   ROBOCOPY     ::     Robust File Copy for Windows                              
-------------------------------------------------------------------------------

  Started : Monday, March 25, 2024 5:43:37 PM
   Source : J:\nvim\
     Dest : E:\realtime_backups\nvim\

    Files : *.*
	    
  Options : *.* /S /E /DCOPY:DA /COPY:DAT /PURGE /MIR /MT:8 /R:1000000 /W:30 

------------------------------------------------------------------------------


------------------------------------------------------------------------------

               Total    Copied   Skipped  Mismatch    FAILED    Extras
    Dirs :       156       156       156         0         0         0
   Files :       254         0       255         0         0         0
   Bytes :   511.5 k         0   511.4 k         0         0         0
   Times :   0:00:00   0:00:00                       0:00:00   0:00:00
   Ended : Monday, March 25, 2024 5:43:37 PM


-------------------------------------------------------------------------------
   ROBOCOPY     ::     Robust File Copy for Windows                              
-------------------------------------------------------------------------------

  Started : Monday, March 25, 2024 5:49:50 PM
   Source : J:\nvim\
     Dest : E:\realtime_backups\nvim\

    Files : *.*
	    
  Options : *.* /S /E /DCOPY:DA /COPY:DAT /PURGE /MIR /MT:8 /R:1000000 /W:30 

------------------------------------------------------------------------------


------------------------------------------------------------------------------

               Total    Copied   Skipped  Mismatch    FAILED    Extras
    Dirs :       156       156       156         0         0         0
   Files :       255         0       255         0         0         0
   Bytes :   511.6 k         0   511.6 k         0         0         0
   Times :   0:00:00   0:00:00                       0:00:00   0:00:00
   Ended : Monday, March 25, 2024 5:49:50 PM


-------------------------------------------------------------------------------
   ROBOCOPY     ::     Robust File Copy for Windows                              
-------------------------------------------------------------------------------

  Started : Monday, March 25, 2024 5:55:46 PM
   Source : J:\nvim\
     Dest : E:\realtime_backups\nvim\

    Files : *.*
	    
  Options : *.* /S /E /DCOPY:DA /COPY:DAT /PURGE /MIR /MT:8 /R:1000000 /W:30 

------------------------------------------------------------------------------


------------------------------------------------------------------------------

               Total    Copied   Skipped  Mismatch    FAILED    Extras
    Dirs :       156       156       156         0         0         0
   Files :       255         0       254         0         0         0
   Bytes :   511.6 k         0   511.6 k         0         0         0
   Times :   0:00:00   0:00:00                       0:00:00   0:00:00
   Ended : Monday, March 25, 2024 5:55:46 PM


-------------------------------------------------------------------------------
   ROBOCOPY     ::     Robust File Copy for Windows                              
-------------------------------------------------------------------------------

  Started : Monday, March 25, 2024 6:01:21 PM
   Source : J:\nvim\
     Dest : E:\realtime_backups\nvim\

    Files : *.*
	    
  Options : *.* /S /E /DCOPY:DA /COPY:DAT /PURGE /MIR /MT:8 /R:1000000 /W:30 

------------------------------------------------------------------------------


------------------------------------------------------------------------------

               Total    Copied   Skipped  Mismatch    FAILED    Extras
    Dirs :       156       156       156         0         0         0
   Files :       255         0       255         0         0         0
   Bytes :   511.6 k         0   511.6 k         0         0         0
   Times :   0:00:00   0:00:00                       0:00:00   0:00:00
   Ended : Monday, March 25, 2024 6:01:21 PM


-------------------------------------------------------------------------------
   ROBOCOPY     ::     Robust File Copy for Windows                              
-------------------------------------------------------------------------------

  Started : Monday, March 25, 2024 6:07:16 PM
   Source : J:\nvim\
     Dest : E:\realtime_backups\nvim\

    Files : *.*
	    
  Options : *.* /S /E /DCOPY:DA /COPY:DAT /PURGE /MIR /MT:8 /R:1000000 /W:30 

------------------------------------------------------------------------------


------------------------------------------------------------------------------

               Total    Copied   Skipped  Mismatch    FAILED    Extras
    Dirs :       156       156       156         0         0         0
   Files :       255         0       255         0         0         0
   Bytes :   511.6 k         0   511.6 k         0         0         0
   Times :   0:00:00   0:00:00                       0:00:00   0:00:00
   Ended : Monday, March 25, 2024 6:07:16 PM


-------------------------------------------------------------------------------
   ROBOCOPY     ::     Robust File Copy for Windows                              
-------------------------------------------------------------------------------

  Started : Monday, March 25, 2024 6:13:11 PM
   Source : J:\nvim\
     Dest : E:\realtime_backups\nvim\

    Files : *.*
	    
  Options : *.* /S /E /DCOPY:DA /COPY:DAT /PURGE /MIR /MT:8 /R:1000000 /W:30 

------------------------------------------------------------------------------


------------------------------------------------------------------------------

               Total    Copied   Skipped  Mismatch    FAILED    Extras
    Dirs :       156       156       156         0         0         0
   Files :       255         0       255         0         0         0
   Bytes :   511.6 k         0   511.6 k         0         0         0
   Times :   0:00:00   0:00:00                       0:00:00   0:00:00
   Ended : Monday, March 25, 2024 6:13:11 PM


-------------------------------------------------------------------------------
   ROBOCOPY     ::     Robust File Copy for Windows                              
-------------------------------------------------------------------------------

  Started : Monday, March 25, 2024 6:18:46 PM
   Source : J:\nvim\
     Dest : E:\realtime_backups\nvim\

    Files : *.*
	    
  Options : *.* /S /E /DCOPY:DA /COPY:DAT /PURGE /MIR /MT:8 /R:1000000 /W:30 

------------------------------------------------------------------------------


------------------------------------------------------------------------------

               Total    Copied   Skipped  Mismatch    FAILED    Extras
    Dirs :       156       156       156         0         0         0
   Files :       255         0       255         0         0         0
   Bytes :   511.6 k         0   511.6 k         0         0         0
   Times :   0:00:00   0:00:00                       0:00:00   0:00:00
   Ended : Monday, March 25, 2024 6:18:46 PM


-------------------------------------------------------------------------------
   ROBOCOPY     ::     Robust File Copy for Windows                              
-------------------------------------------------------------------------------

  Started : Monday, March 25, 2024 6:24:41 PM
   Source : J:\nvim\
     Dest : E:\realtime_backups\nvim\

    Files : *.*
	    
  Options : *.* /S /E /DCOPY:DA /COPY:DAT /PURGE /MIR /MT:8 /R:1000000 /W:30 

------------------------------------------------------------------------------


------------------------------------------------------------------------------

               Total    Copied   Skipped  Mismatch    FAILED    Extras
    Dirs :       156       156       156         0         0         0
   Files :       255         0       255         0         0         0
   Bytes :   511.6 k         0   511.6 k         0         0         0
   Times :   0:00:00   0:00:00                       0:00:00   0:00:00
   Ended : Monday, March 25, 2024 6:24:41 PM


-------------------------------------------------------------------------------
   ROBOCOPY     ::     Robust File Copy for Windows                              
-------------------------------------------------------------------------------

  Started : Monday, March 25, 2024 6:30:36 PM
   Source : J:\nvim\
     Dest : E:\realtime_backups\nvim\

    Files : *.*
	    
  Options : *.* /S /E /DCOPY:DA /COPY:DAT /PURGE /MIR /MT:8 /R:1000000 /W:30 

------------------------------------------------------------------------------


------------------------------------------------------------------------------

               Total    Copied   Skipped  Mismatch    FAILED    Extras
    Dirs :       156       156       156         0         0         0
   Files :       255         0       255         0         0         0
   Bytes :   511.6 k         0   511.6 k         0         0         0
   Times :   0:00:00   0:00:00                       0:00:00   0:00:00
   Ended : Monday, March 25, 2024 6:30:36 PM


-------------------------------------------------------------------------------
   ROBOCOPY     ::     Robust File Copy for Windows                              
-------------------------------------------------------------------------------

  Started : Monday, March 25, 2024 6:36:11 PM
   Source : J:\nvim\
     Dest : E:\realtime_backups\nvim\

    Files : *.*
	    
  Options : *.* /S /E /DCOPY:DA /COPY:DAT /PURGE /MIR /MT:8 /R:1000000 /W:30 

------------------------------------------------------------------------------


------------------------------------------------------------------------------

               Total    Copied   Skipped  Mismatch    FAILED    Extras
    Dirs :       156       156       156         0         0         0
   Files :       255         0       255         0         0         0
   Bytes :   511.6 k         0   511.6 k         0         0         0
   Times :   0:00:00   0:00:00                       0:00:00   0:00:00
   Ended : Monday, March 25, 2024 6:36:11 PM


-------------------------------------------------------------------------------
   ROBOCOPY     ::     Robust File Copy for Windows                              
-------------------------------------------------------------------------------

  Started : Monday, March 25, 2024 6:42:07 PM
   Source : J:\nvim\
     Dest : E:\realtime_backups\nvim\

    Files : *.*
	    
  Options : *.* /S /E /DCOPY:DA /COPY:DAT /PURGE /MIR /MT:8 /R:1000000 /W:30 

------------------------------------------------------------------------------


------------------------------------------------------------------------------

               Total    Copied   Skipped  Mismatch    FAILED    Extras
    Dirs :       156       156       156         0         0         0
   Files :       255         0       255         0         0         0
   Bytes :   511.6 k         0   511.6 k         0         0         0
   Times :   0:00:00   0:00:00                       0:00:00   0:00:00
   Ended : Monday, March 25, 2024 6:42:07 PM

