
-------------------------------------------------------------------------------
   ROBOCOPY     ::     Robust File Copy for Windows                              
-------------------------------------------------------------------------------

  Started : Tuesday, December 26, 2023 9:09:53 PM
   Source : I:\assembly\
     Dest : E:\realtime_backups\assembly\

    Files : *.*
	    
  Options : *.* /S /E /DCOPY:DA /COPY:DAT /PURGE /MIR /MT:8 /R:1000000 /W:30 

------------------------------------------------------------------------------


------------------------------------------------------------------------------

               Total    Copied   Skipped  Mismatch    FAILED    Extras
    Dirs :        81        81        81         0         0         0
   Files :       115         0       115         0         0         0
   Bytes :   510.8 k         0   510.8 k         0         0         0
   Times :   0:00:00   0:00:00                       0:00:00   0:00:00
   Ended : Tuesday, December 26, 2023 9:09:53 PM


-------------------------------------------------------------------------------
   ROBOCOPY     ::     Robust File Copy for Windows                              
-------------------------------------------------------------------------------

  Started : Tuesday, December 26, 2023 9:15:17 PM
   Source : I:\assembly\
     Dest : E:\realtime_backups\assembly\

    Files : *.*
	    
  Options : *.* /S /E /DCOPY:DA /COPY:DAT /PURGE /MIR /MT:8 /R:1000000 /W:30 

------------------------------------------------------------------------------


------------------------------------------------------------------------------

               Total    Copied   Skipped  Mismatch    FAILED    Extras
    Dirs :        81        81        81         0         0         0
   Files :       115         0       115         0         0         0
   Bytes :   510.8 k         0   510.8 k         0         0         0
   Times :   0:00:00   0:00:00                       0:00:00   0:00:00
   Ended : Tuesday, December 26, 2023 9:15:17 PM


-------------------------------------------------------------------------------
   ROBOCOPY     ::     Robust File Copy for Windows                              
-------------------------------------------------------------------------------

  Started : Tuesday, December 26, 2023 9:20:40 PM
   Source : I:\assembly\
     Dest : E:\realtime_backups\assembly\

    Files : *.*
	    
  Options : *.* /S /E /DCOPY:DA /COPY:DAT /PURGE /MIR /MT:8 /R:1000000 /W:30 

------------------------------------------------------------------------------


------------------------------------------------------------------------------

               Total    Copied   Skipped  Mismatch    FAILED    Extras
    Dirs :        81        81        81         0         0         0
   Files :       115         0       115         0         0         0
   Bytes :   510.8 k         0   510.8 k         0         0         0
   Times :   0:00:00   0:00:00                       0:00:00   0:00:00
   Ended : Tuesday, December 26, 2023 9:20:40 PM


-------------------------------------------------------------------------------
   ROBOCOPY     ::     Robust File Copy for Windows                              
-------------------------------------------------------------------------------

  Started : Tuesday, December 26, 2023 9:26:02 PM
   Source : I:\assembly\
     Dest : E:\realtime_backups\assembly\

    Files : *.*
	    
  Options : *.* /S /E /DCOPY:DA /COPY:DAT /PURGE /MIR /MT:8 /R:1000000 /W:30 

------------------------------------------------------------------------------


------------------------------------------------------------------------------

               Total    Copied   Skipped  Mismatch    FAILED    Extras
    Dirs :        81        81        81         0         0         0
   Files :       115         0       115         0         0         0
   Bytes :   510.8 k         0   510.8 k         0         0         0
   Times :   0:00:00   0:00:00                       0:00:00   0:00:00
   Ended : Tuesday, December 26, 2023 9:26:02 PM


-------------------------------------------------------------------------------
   ROBOCOPY     ::     Robust File Copy for Windows                              
-------------------------------------------------------------------------------

  Started : Tuesday, December 26, 2023 9:31:44 PM
   Source : I:\assembly\
     Dest : E:\realtime_backups\assembly\

    Files : *.*
	    
  Options : *.* /S /E /DCOPY:DA /COPY:DAT /PURGE /MIR /MT:8 /R:1000000 /W:30 

------------------------------------------------------------------------------


------------------------------------------------------------------------------

               Total    Copied   Skipped  Mismatch    FAILED    Extras
    Dirs :        81        81        81         0         0         0
   Files :       115         0       115         0         0         0
   Bytes :   510.8 k         0   510.8 k         0         0         0
   Times :   0:00:00   0:00:00                       0:00:00   0:00:00
   Ended : Tuesday, December 26, 2023 9:31:44 PM


-------------------------------------------------------------------------------
   ROBOCOPY     ::     Robust File Copy for Windows                              
-------------------------------------------------------------------------------

  Started : Tuesday, December 26, 2023 9:37:06 PM
   Source : I:\assembly\
     Dest : E:\realtime_backups\assembly\

    Files : *.*
	    
  Options : *.* /S /E /DCOPY:DA /COPY:DAT /PURGE /MIR /MT:8 /R:1000000 /W:30 

------------------------------------------------------------------------------


------------------------------------------------------------------------------

               Total    Copied   Skipped  Mismatch    FAILED    Extras
    Dirs :        81        81        81         0         0         0
   Files :       115         0       115         0         0         0
   Bytes :   510.8 k         0   510.8 k         0         0         0
   Times :   0:00:00   0:00:00                       0:00:00   0:00:00
   Ended : Tuesday, December 26, 2023 9:37:06 PM


-------------------------------------------------------------------------------
   ROBOCOPY     ::     Robust File Copy for Windows                              
-------------------------------------------------------------------------------

  Started : Tuesday, December 26, 2023 9:42:27 PM
   Source : I:\assembly\
     Dest : E:\realtime_backups\assembly\

    Files : *.*
	    
  Options : *.* /S /E /DCOPY:DA /COPY:DAT /PURGE /MIR /MT:8 /R:1000000 /W:30 

------------------------------------------------------------------------------


------------------------------------------------------------------------------

               Total    Copied   Skipped  Mismatch    FAILED    Extras
    Dirs :        81        81        81         0         0         0
   Files :       115         0       115         0         0         0
   Bytes :   510.8 k         0   510.8 k         0         0         0
   Times :   0:00:00   0:00:00                       0:00:00   0:00:00
   Ended : Tuesday, December 26, 2023 9:42:27 PM

