
-------------------------------------------------------------------------------
   ROBOCOPY     ::     Robust File Copy for Windows                              
-------------------------------------------------------------------------------

  Started : Sunday, January 21, 2024 1:19:45 PM
   Source : J:\NavyFedApi\
     Dest : E:\monthly_backups\Jan\NavyFedApi\

    Files : *.*
	    
  Options : *.* /S /E /DCOPY:DA /COPY:DAT /PURGE /MIR /MT:8 /R:1000000 /W:30 

------------------------------------------------------------------------------


------------------------------------------------------------------------------

               Total    Copied   Skipped  Mismatch    FAILED    Extras
    Dirs :        25        25        25         0         0         0
   Files :        34         0        34         0         0         0
   Bytes :    37.2 k         0    37.2 k         0         0         0
   Times :   0:00:00   0:00:00                       0:00:00   0:00:00
   Ended : Sunday, January 21, 2024 1:19:45 PM


-------------------------------------------------------------------------------
   ROBOCOPY     ::     Robust File Copy for Windows                              
-------------------------------------------------------------------------------

  Started : Sunday, January 21, 2024 1:20:23 PM
   Source : J:\NavyFedApi\
     Dest : E:\realtime_backups\NavyFedApi\

    Files : *.*
	    
  Options : *.* /S /E /DCOPY:DA /COPY:DAT /PURGE /MIR /MT:8 /R:1000000 /W:30 

------------------------------------------------------------------------------


------------------------------------------------------------------------------

               Total    Copied   Skipped  Mismatch    FAILED    Extras
    Dirs :        25        25        25         0         0         0
   Files :        34         0        34         0         0         0
   Bytes :    37.2 k         0    37.2 k         0         0         0
   Times :   0:00:00   0:00:00                       0:00:00   0:00:00
   Ended : Sunday, January 21, 2024 1:20:23 PM


-------------------------------------------------------------------------------
   ROBOCOPY     ::     Robust File Copy for Windows                              
-------------------------------------------------------------------------------

  Started : Sunday, January 21, 2024 1:25:45 PM
   Source : J:\NavyFedApi\
     Dest : E:\realtime_backups\NavyFedApi\

    Files : *.*
	    
  Options : *.* /S /E /DCOPY:DA /COPY:DAT /PURGE /MIR /MT:8 /R:1000000 /W:30 

------------------------------------------------------------------------------


------------------------------------------------------------------------------

               Total    Copied   Skipped  Mismatch    FAILED    Extras
    Dirs :        25        25        25         0         0         0
   Files :        34         0        34         0         0         0
   Bytes :    37.2 k         0    37.2 k         0         0         0
   Times :   0:00:00   0:00:00                       0:00:00   0:00:00
   Ended : Sunday, January 21, 2024 1:25:45 PM


-------------------------------------------------------------------------------
   ROBOCOPY     ::     Robust File Copy for Windows                              
-------------------------------------------------------------------------------

  Started : Sunday, January 21, 2024 1:31:06 PM
   Source : J:\NavyFedApi\
     Dest : E:\realtime_backups\NavyFedApi\

    Files : *.*
	    
  Options : *.* /S /E /DCOPY:DA /COPY:DAT /PURGE /MIR /MT:8 /R:1000000 /W:30 

------------------------------------------------------------------------------


------------------------------------------------------------------------------

               Total    Copied   Skipped  Mismatch    FAILED    Extras
    Dirs :        25        25        25         0         0         0
   Files :        34         0        34         0         0         0
   Bytes :    37.2 k         0    37.2 k         0         0         0
   Times :   0:00:00   0:00:00                       0:00:00   0:00:00
   Ended : Sunday, January 21, 2024 1:31:06 PM

