
-------------------------------------------------------------------------------
   ROBOCOPY     ::     Robust File Copy for Windows                              
-------------------------------------------------------------------------------

  Started : Tuesday, March 26, 2024 5:26:51 AM
   Source : J:\assembly\
     Dest : E:\realtime_backups\assembly\

    Files : *.*
	    
  Options : *.* /S /E /DCOPY:DA /COPY:DAT /PURGE /MIR /MT:8 /R:1000000 /W:30 

------------------------------------------------------------------------------


------------------------------------------------------------------------------

               Total    Copied   Skipped  Mismatch    FAILED    Extras
    Dirs :        91        91        91         0         0         0
   Files :       128         0       128         0         0         0
   Bytes :   566.0 k         0   566.0 k         0         0         0
   Times :   0:00:00   0:00:00                       0:00:00   0:00:00
   Ended : Tuesday, March 26, 2024 5:26:51 AM


-------------------------------------------------------------------------------
   ROBOCOPY     ::     Robust File Copy for Windows                              
-------------------------------------------------------------------------------

  Started : Tuesday, March 26, 2024 5:32:48 AM
   Source : J:\assembly\
     Dest : E:\realtime_backups\assembly\

    Files : *.*
	    
  Options : *.* /S /E /DCOPY:DA /COPY:DAT /PURGE /MIR /MT:8 /R:1000000 /W:30 

------------------------------------------------------------------------------


------------------------------------------------------------------------------

               Total    Copied   Skipped  Mismatch    FAILED    Extras
    Dirs :        91        91        91         0         0         0
   Files :       128         0       128         0         0         0
   Bytes :   566.0 k         0   566.0 k         0         0         0
   Times :   0:00:00   0:00:00                       0:00:00   0:00:00
   Ended : Tuesday, March 26, 2024 5:32:48 AM


-------------------------------------------------------------------------------
   ROBOCOPY     ::     Robust File Copy for Windows                              
-------------------------------------------------------------------------------

  Started : Tuesday, March 26, 2024 5:38:21 AM
   Source : J:\assembly\
     Dest : E:\realtime_backups\assembly\

    Files : *.*
	    
  Options : *.* /S /E /DCOPY:DA /COPY:DAT /PURGE /MIR /MT:8 /R:1000000 /W:30 

------------------------------------------------------------------------------


------------------------------------------------------------------------------

               Total    Copied   Skipped  Mismatch    FAILED    Extras
    Dirs :        91        91        91         0         0         0
   Files :       127         0       127         0         0         0
   Bytes :   565.9 k         0   564.8 k         0         0         0
   Times :   0:00:00   0:00:00                       0:00:00   0:00:00
   Ended : Tuesday, March 26, 2024 5:38:21 AM


-------------------------------------------------------------------------------
   ROBOCOPY     ::     Robust File Copy for Windows                              
-------------------------------------------------------------------------------

  Started : Tuesday, March 26, 2024 5:44:16 AM
   Source : J:\assembly\
     Dest : E:\realtime_backups\assembly\

    Files : *.*
	    
  Options : *.* /S /E /DCOPY:DA /COPY:DAT /PURGE /MIR /MT:8 /R:1000000 /W:30 

------------------------------------------------------------------------------


------------------------------------------------------------------------------

               Total    Copied   Skipped  Mismatch    FAILED    Extras
    Dirs :        91        91        91         0         0         0
   Files :       128         0       128         0         0         0
   Bytes :   566.0 k         0   566.0 k         0         0         0
   Times :   0:00:00   0:00:00                       0:00:00   0:00:00
   Ended : Tuesday, March 26, 2024 5:44:16 AM


-------------------------------------------------------------------------------
   ROBOCOPY     ::     Robust File Copy for Windows                              
-------------------------------------------------------------------------------

  Started : Tuesday, March 26, 2024 5:50:11 AM
   Source : J:\assembly\
     Dest : E:\realtime_backups\assembly\

    Files : *.*
	    
  Options : *.* /S /E /DCOPY:DA /COPY:DAT /PURGE /MIR /MT:8 /R:1000000 /W:30 

------------------------------------------------------------------------------


------------------------------------------------------------------------------

               Total    Copied   Skipped  Mismatch    FAILED    Extras
    Dirs :        91        91        91         0         0         0
   Files :       128         0       128         0         0         0
   Bytes :   562.5 k         0   566.0 k         0         0         0
   Times :   0:00:00   0:00:00                       0:00:00   0:00:00
   Ended : Tuesday, March 26, 2024 5:50:11 AM


-------------------------------------------------------------------------------
   ROBOCOPY     ::     Robust File Copy for Windows                              
-------------------------------------------------------------------------------

  Started : Tuesday, March 26, 2024 5:55:44 AM
   Source : J:\assembly\
     Dest : E:\realtime_backups\assembly\

    Files : *.*
	    
  Options : *.* /S /E /DCOPY:DA /COPY:DAT /PURGE /MIR /MT:8 /R:1000000 /W:30 

------------------------------------------------------------------------------


------------------------------------------------------------------------------

               Total    Copied   Skipped  Mismatch    FAILED    Extras
    Dirs :        91        91        91         0         0         0
   Files :       128         0       128         0         0         0
   Bytes :   566.0 k         0   566.0 k         0         0         0
   Times :   0:00:00   0:00:00                       0:00:00   0:00:00
   Ended : Tuesday, March 26, 2024 5:55:44 AM


-------------------------------------------------------------------------------
   ROBOCOPY     ::     Robust File Copy for Windows                              
-------------------------------------------------------------------------------

  Started : Tuesday, March 26, 2024 6:01:38 AM
   Source : J:\assembly\
     Dest : E:\realtime_backups\assembly\

    Files : *.*
	    
  Options : *.* /S /E /DCOPY:DA /COPY:DAT /PURGE /MIR /MT:8 /R:1000000 /W:30 

------------------------------------------------------------------------------


------------------------------------------------------------------------------

               Total    Copied   Skipped  Mismatch    FAILED    Extras
    Dirs :        91        91        91         0         0         0
   Files :       127         0       127         0         0         0
   Bytes :   564.6 k         0   562.6 k         0         0         0
   Times :   0:00:00   0:00:00                       0:00:00   0:00:00
   Ended : Tuesday, March 26, 2024 6:01:38 AM


-------------------------------------------------------------------------------
   ROBOCOPY     ::     Robust File Copy for Windows                              
-------------------------------------------------------------------------------

  Started : Tuesday, March 26, 2024 6:07:32 AM
   Source : J:\assembly\
     Dest : E:\realtime_backups\assembly\

    Files : *.*
	    
  Options : *.* /S /E /DCOPY:DA /COPY:DAT /PURGE /MIR /MT:8 /R:1000000 /W:30 

------------------------------------------------------------------------------


------------------------------------------------------------------------------

               Total    Copied   Skipped  Mismatch    FAILED    Extras
    Dirs :        91        91        91         0         0         0
   Files :       128         0       128         0         0         0
   Bytes :   566.0 k         0   566.0 k         0         0         0
   Times :   0:00:00   0:00:00                       0:00:00   0:00:00
   Ended : Tuesday, March 26, 2024 6:07:32 AM


-------------------------------------------------------------------------------
   ROBOCOPY     ::     Robust File Copy for Windows                              
-------------------------------------------------------------------------------

  Started : Tuesday, March 26, 2024 6:13:06 AM
   Source : J:\assembly\
     Dest : E:\realtime_backups\assembly\

    Files : *.*
	    
  Options : *.* /S /E /DCOPY:DA /COPY:DAT /PURGE /MIR /MT:8 /R:1000000 /W:30 

------------------------------------------------------------------------------


------------------------------------------------------------------------------

               Total    Copied   Skipped  Mismatch    FAILED    Extras
    Dirs :        91        91        91         0         0         0
   Files :       128         0       128         0         0         0
   Bytes :   566.0 k         0   566.0 k         0         0         0
   Times :   0:00:00   0:00:00                       0:00:00   0:00:00
   Ended : Tuesday, March 26, 2024 6:13:06 AM


-------------------------------------------------------------------------------
   ROBOCOPY     ::     Robust File Copy for Windows                              
-------------------------------------------------------------------------------

  Started : Tuesday, March 26, 2024 6:19:00 AM
   Source : J:\assembly\
     Dest : E:\realtime_backups\assembly\

    Files : *.*
	    
  Options : *.* /S /E /DCOPY:DA /COPY:DAT /PURGE /MIR /MT:8 /R:1000000 /W:30 

------------------------------------------------------------------------------


------------------------------------------------------------------------------

               Total    Copied   Skipped  Mismatch    FAILED    Extras
    Dirs :        91        91        91         0         0         0
   Files :       128         0       128         0         0         0
   Bytes :   566.0 k         0   566.0 k         0         0         0
   Times :   0:00:00   0:00:00                       0:00:00   0:00:00
   Ended : Tuesday, March 26, 2024 6:19:00 AM


-------------------------------------------------------------------------------
   ROBOCOPY     ::     Robust File Copy for Windows                              
-------------------------------------------------------------------------------

  Started : Tuesday, March 26, 2024 6:24:53 AM
   Source : J:\assembly\
     Dest : E:\realtime_backups\assembly\

    Files : *.*
	    
  Options : *.* /S /E /DCOPY:DA /COPY:DAT /PURGE /MIR /MT:8 /R:1000000 /W:30 

------------------------------------------------------------------------------


------------------------------------------------------------------------------

               Total    Copied   Skipped  Mismatch    FAILED    Extras
    Dirs :        91        91        91         0         0         0
   Files :       127         0       127         0         0         0
   Bytes :   565.9 k         0   565.9 k         0         0         0
   Times :   0:00:00   0:00:00                       0:00:00   0:00:00
   Ended : Tuesday, March 26, 2024 6:24:53 AM


-------------------------------------------------------------------------------
   ROBOCOPY     ::     Robust File Copy for Windows                              
-------------------------------------------------------------------------------

  Started : Tuesday, March 26, 2024 6:30:29 AM
   Source : J:\assembly\
     Dest : E:\realtime_backups\assembly\

    Files : *.*
	    
  Options : *.* /S /E /DCOPY:DA /COPY:DAT /PURGE /MIR /MT:8 /R:1000000 /W:30 

------------------------------------------------------------------------------


------------------------------------------------------------------------------

               Total    Copied   Skipped  Mismatch    FAILED    Extras
    Dirs :        91        91        91         0         0         0
   Files :       127         0       127         0         0         0
   Bytes :   565.9 k         0   565.2 k         0         0         0
   Times :   0:00:00   0:00:00                       0:00:00   0:00:00
   Ended : Tuesday, March 26, 2024 6:30:29 AM

