
-------------------------------------------------------------------------------
   ROBOCOPY     ::     Robust File Copy for Windows                              
-------------------------------------------------------------------------------

  Started : Thursday, December 14, 2023 10:04:07 AM
   Source : I:\EasyHKS\
     Dest : E:\realtime_backups\EasyHKS\

    Files : *.*
	    
  Options : *.* /S /E /DCOPY:DA /COPY:DAT /PURGE /MIR /MT:8 /R:1000000 /W:30 

------------------------------------------------------------------------------


------------------------------------------------------------------------------

               Total    Copied   Skipped  Mismatch    FAILED    Extras
    Dirs :       472       472       472         0         0         0
   Files :      1897         0      1897         0         0         0
   Bytes :   33.24 m         0   33.24 m         0         0         0
   Times :   0:00:00   0:00:00                       0:00:00   0:00:00
   Ended : Thursday, December 14, 2023 10:04:07 AM


-------------------------------------------------------------------------------
   ROBOCOPY     ::     Robust File Copy for Windows                              
-------------------------------------------------------------------------------

  Started : Thursday, December 14, 2023 10:05:08 AM
   Source : I:\EasyHKS\
     Dest : E:\realtime_backups\EasyHKS\

    Files : *.*
	    
  Options : *.* /S /E /DCOPY:DA /COPY:DAT /PURGE /MIR /MT:8 /R:1000000 /W:30 

------------------------------------------------------------------------------


------------------------------------------------------------------------------

               Total    Copied   Skipped  Mismatch    FAILED    Extras
    Dirs :       472       472       472         0         0         0
   Files :      1896         0      1896         0         0         0
   Bytes :   33.24 m         0   33.24 m         0         0         0
   Times :   0:00:00   0:00:00                       0:00:00   0:00:00
   Ended : Thursday, December 14, 2023 10:05:08 AM


-------------------------------------------------------------------------------
   ROBOCOPY     ::     Robust File Copy for Windows                              
-------------------------------------------------------------------------------

  Started : Thursday, December 14, 2023 10:10:36 AM
   Source : I:\EasyHKS\
     Dest : E:\realtime_backups\EasyHKS\

    Files : *.*
	    
  Options : *.* /S /E /DCOPY:DA /COPY:DAT /PURGE /MIR /MT:8 /R:1000000 /W:30 

------------------------------------------------------------------------------


------------------------------------------------------------------------------

               Total    Copied   Skipped  Mismatch    FAILED    Extras
    Dirs :       472       472       472         0         0         0
   Files :      1897         0      1896         0         0         0
   Bytes :   33.24 m         0   33.24 m         0         0         0
   Times :   0:00:00   0:00:00                       0:00:00   0:00:00
   Ended : Thursday, December 14, 2023 10:10:36 AM


-------------------------------------------------------------------------------
   ROBOCOPY     ::     Robust File Copy for Windows                              
-------------------------------------------------------------------------------

  Started : Thursday, December 14, 2023 10:15:57 AM
   Source : I:\EasyHKS\
     Dest : E:\realtime_backups\EasyHKS\

    Files : *.*
	    
  Options : *.* /S /E /DCOPY:DA /COPY:DAT /PURGE /MIR /MT:8 /R:1000000 /W:30 

------------------------------------------------------------------------------


------------------------------------------------------------------------------

               Total    Copied   Skipped  Mismatch    FAILED    Extras
    Dirs :       472       472       472         0         0         0
   Files :      1897         0      1897         0         0         0
   Bytes :   33.24 m         0   33.24 m         0         0         0
   Times :   0:00:00   0:00:00                       0:00:00   0:00:00
   Ended : Thursday, December 14, 2023 10:15:57 AM


-------------------------------------------------------------------------------
   ROBOCOPY     ::     Robust File Copy for Windows                              
-------------------------------------------------------------------------------

  Started : Thursday, December 14, 2023 10:21:17 AM
   Source : I:\EasyHKS\
     Dest : E:\realtime_backups\EasyHKS\

    Files : *.*
	    
  Options : *.* /S /E /DCOPY:DA /COPY:DAT /PURGE /MIR /MT:8 /R:1000000 /W:30 

------------------------------------------------------------------------------


------------------------------------------------------------------------------

               Total    Copied   Skipped  Mismatch    FAILED    Extras
    Dirs :       472       472       472         0         0         0
   Files :      1897         0      1897         0         0         0
   Bytes :   33.24 m         0   33.24 m         0         0         0
   Times :   0:00:00   0:00:00                       0:00:00   0:00:00
   Ended : Thursday, December 14, 2023 10:21:17 AM


-------------------------------------------------------------------------------
   ROBOCOPY     ::     Robust File Copy for Windows                              
-------------------------------------------------------------------------------

  Started : Thursday, December 14, 2023 10:26:38 AM
   Source : I:\EasyHKS\
     Dest : E:\realtime_backups\EasyHKS\

    Files : *.*
	    
  Options : *.* /S /E /DCOPY:DA /COPY:DAT /PURGE /MIR /MT:8 /R:1000000 /W:30 

------------------------------------------------------------------------------


------------------------------------------------------------------------------

               Total    Copied   Skipped  Mismatch    FAILED    Extras
    Dirs :       472       472       472         0         0         0
   Files :      1896         0      1894         0         0         0
   Bytes :   33.24 m         0   33.22 m         0         0         0
   Times :   0:00:00   0:00:00                       0:00:00   0:00:00
   Ended : Thursday, December 14, 2023 10:26:38 AM


-------------------------------------------------------------------------------
   ROBOCOPY     ::     Robust File Copy for Windows                              
-------------------------------------------------------------------------------

  Started : Thursday, December 14, 2023 10:32:26 AM
   Source : I:\EasyHKS\
     Dest : E:\realtime_backups\EasyHKS\

    Files : *.*
	    
  Options : *.* /S /E /DCOPY:DA /COPY:DAT /PURGE /MIR /MT:8 /R:1000000 /W:30 

------------------------------------------------------------------------------


------------------------------------------------------------------------------

               Total    Copied   Skipped  Mismatch    FAILED    Extras
    Dirs :       472       472       472         0         0         0
   Files :      1897         0      1897         0         0         0
   Bytes :   33.24 m         0   33.24 m         0         0         0
   Times :   0:00:00   0:00:00                       0:00:00   0:00:00
   Ended : Thursday, December 14, 2023 10:32:26 AM


-------------------------------------------------------------------------------
   ROBOCOPY     ::     Robust File Copy for Windows                              
-------------------------------------------------------------------------------

  Started : Thursday, December 14, 2023 10:37:47 AM
   Source : I:\EasyHKS\
     Dest : E:\realtime_backups\EasyHKS\

    Files : *.*
	    
  Options : *.* /S /E /DCOPY:DA /COPY:DAT /PURGE /MIR /MT:8 /R:1000000 /W:30 

------------------------------------------------------------------------------


------------------------------------------------------------------------------

               Total    Copied   Skipped  Mismatch    FAILED    Extras
    Dirs :       472       472       472         0         0         0
   Files :      1897         0      1896         0         0         0
   Bytes :   33.24 m         0   33.24 m         0         0         0
   Times :   0:00:00   0:00:00                       0:00:00   0:00:00
   Ended : Thursday, December 14, 2023 10:37:47 AM


-------------------------------------------------------------------------------
   ROBOCOPY     ::     Robust File Copy for Windows                              
-------------------------------------------------------------------------------

  Started : Thursday, December 14, 2023 10:43:34 AM
   Source : I:\EasyHKS\
     Dest : E:\realtime_backups\EasyHKS\

    Files : *.*
	    
  Options : *.* /S /E /DCOPY:DA /COPY:DAT /PURGE /MIR /MT:8 /R:1000000 /W:30 

------------------------------------------------------------------------------


------------------------------------------------------------------------------

               Total    Copied   Skipped  Mismatch    FAILED    Extras
    Dirs :       472       472       472         0         0         0
   Files :      1897         0      1897         0         0         0
   Bytes :   33.24 m         0   33.24 m         0         0         0
   Times :   0:00:00   0:00:00                       0:00:00   0:00:00
   Ended : Thursday, December 14, 2023 10:43:35 AM


-------------------------------------------------------------------------------
   ROBOCOPY     ::     Robust File Copy for Windows                              
-------------------------------------------------------------------------------

  Started : Thursday, December 14, 2023 10:48:55 AM
   Source : I:\EasyHKS\
     Dest : E:\realtime_backups\EasyHKS\

    Files : *.*
	    
  Options : *.* /S /E /DCOPY:DA /COPY:DAT /PURGE /MIR /MT:8 /R:1000000 /W:30 

------------------------------------------------------------------------------


------------------------------------------------------------------------------

               Total    Copied   Skipped  Mismatch    FAILED    Extras
    Dirs :       472       472       472         0         0         0
   Files :      1897         0      1897         0         0         0
   Bytes :   33.24 m         0   33.24 m         0         0         0
   Times :   0:00:00   0:00:00                       0:00:00   0:00:00
   Ended : Thursday, December 14, 2023 10:48:56 AM


-------------------------------------------------------------------------------
   ROBOCOPY     ::     Robust File Copy for Windows                              
-------------------------------------------------------------------------------

  Started : Thursday, December 14, 2023 10:54:16 AM
   Source : I:\EasyHKS\
     Dest : E:\realtime_backups\EasyHKS\

    Files : *.*
	    
  Options : *.* /S /E /DCOPY:DA /COPY:DAT /PURGE /MIR /MT:8 /R:1000000 /W:30 

------------------------------------------------------------------------------


------------------------------------------------------------------------------

               Total    Copied   Skipped  Mismatch    FAILED    Extras
    Dirs :       472       472       472         0         0         0
   Files :      1895         0      1896         0         0         0
   Bytes :   33.24 m         0   33.24 m         0         0         0
   Times :   0:00:00   0:00:00                       0:00:00   0:00:00
   Ended : Thursday, December 14, 2023 10:54:16 AM


-------------------------------------------------------------------------------
   ROBOCOPY     ::     Robust File Copy for Windows                              
-------------------------------------------------------------------------------

  Started : Thursday, December 14, 2023 10:59:59 AM
   Source : I:\EasyHKS\
     Dest : E:\realtime_backups\EasyHKS\

    Files : *.*
	    
  Options : *.* /S /E /DCOPY:DA /COPY:DAT /PURGE /MIR /MT:8 /R:1000000 /W:30 

------------------------------------------------------------------------------


------------------------------------------------------------------------------

               Total    Copied   Skipped  Mismatch    FAILED    Extras
    Dirs :       472       472       472         0         0         0
   Files :      1897         0      1896         0         0         0
   Bytes :   33.24 m         0   33.24 m         0         0         0
   Times :   0:00:00   0:00:00                       0:00:00   0:00:00
   Ended : Thursday, December 14, 2023 10:59:59 AM


-------------------------------------------------------------------------------
   ROBOCOPY     ::     Robust File Copy for Windows                              
-------------------------------------------------------------------------------

  Started : Thursday, December 14, 2023 11:05:20 AM
   Source : I:\EasyHKS\
     Dest : E:\realtime_backups\EasyHKS\

    Files : *.*
	    
  Options : *.* /S /E /DCOPY:DA /COPY:DAT /PURGE /MIR /MT:8 /R:1000000 /W:30 

------------------------------------------------------------------------------


------------------------------------------------------------------------------

               Total    Copied   Skipped  Mismatch    FAILED    Extras
    Dirs :       472       472       472         0         0         0
   Files :      1896         0      1896         0         0         0
   Bytes :   33.24 m         0   33.24 m         0         0         0
   Times :   0:00:00   0:00:00                       0:00:00   0:00:00
   Ended : Thursday, December 14, 2023 11:05:20 AM


-------------------------------------------------------------------------------
   ROBOCOPY     ::     Robust File Copy for Windows                              
-------------------------------------------------------------------------------

  Started : Thursday, December 14, 2023 11:10:41 AM
   Source : I:\EasyHKS\
     Dest : E:\realtime_backups\EasyHKS\

    Files : *.*
	    
  Options : *.* /S /E /DCOPY:DA /COPY:DAT /PURGE /MIR /MT:8 /R:1000000 /W:30 

------------------------------------------------------------------------------


------------------------------------------------------------------------------

               Total    Copied   Skipped  Mismatch    FAILED    Extras
    Dirs :       472       472       472         0         0         0
   Files :      1897         0      1897         0         0         0
   Bytes :   33.24 m         0   33.24 m         0         0         0
   Times :   0:00:00   0:00:00                       0:00:00   0:00:00
   Ended : Thursday, December 14, 2023 11:10:41 AM


-------------------------------------------------------------------------------
   ROBOCOPY     ::     Robust File Copy for Windows                              
-------------------------------------------------------------------------------

  Started : Thursday, December 14, 2023 11:16:02 AM
   Source : I:\EasyHKS\
     Dest : E:\realtime_backups\EasyHKS\

    Files : *.*
	    
  Options : *.* /S /E /DCOPY:DA /COPY:DAT /PURGE /MIR /MT:8 /R:1000000 /W:30 

------------------------------------------------------------------------------


------------------------------------------------------------------------------

               Total    Copied   Skipped  Mismatch    FAILED    Extras
    Dirs :       472       472       472         0         0         0
   Files :      1897         0      1896         0         0         0
   Bytes :   33.24 m         0   33.24 m         0         0         0
   Times :   0:00:00   0:00:00                       0:00:00   0:00:00
   Ended : Thursday, December 14, 2023 11:16:02 AM


-------------------------------------------------------------------------------
   ROBOCOPY     ::     Robust File Copy for Windows                              
-------------------------------------------------------------------------------

  Started : Thursday, December 14, 2023 11:21:28 AM
   Source : I:\EasyHKS\
     Dest : E:\realtime_backups\EasyHKS\

    Files : *.*
	    
  Options : *.* /S /E /DCOPY:DA /COPY:DAT /PURGE /MIR /MT:8 /R:1000000 /W:30 

------------------------------------------------------------------------------


------------------------------------------------------------------------------

               Total    Copied   Skipped  Mismatch    FAILED    Extras
    Dirs :       472       472       472         0         0         0
   Files :      1897         0      1897         0         0         0
   Bytes :   33.24 m         0   33.24 m         0         0         0
   Times :   0:00:00   0:00:00                       0:00:00   0:00:00
   Ended : Thursday, December 14, 2023 11:21:28 AM


-------------------------------------------------------------------------------
   ROBOCOPY     ::     Robust File Copy for Windows                              
-------------------------------------------------------------------------------

  Started : Thursday, December 14, 2023 11:27:00 AM
   Source : I:\EasyHKS\
     Dest : E:\realtime_backups\EasyHKS\

    Files : *.*
	    
  Options : *.* /S /E /DCOPY:DA /COPY:DAT /PURGE /MIR /MT:8 /R:1000000 /W:30 

------------------------------------------------------------------------------


------------------------------------------------------------------------------

               Total    Copied   Skipped  Mismatch    FAILED    Extras
    Dirs :       472       472       472         0         0         0
   Files :      1895         0      1896         0         0         0
   Bytes :   33.24 m         0   33.24 m         0         0         0
   Times :   0:00:00   0:00:00                       0:00:00   0:00:00
   Ended : Thursday, December 14, 2023 11:27:00 AM


-------------------------------------------------------------------------------
   ROBOCOPY     ::     Robust File Copy for Windows                              
-------------------------------------------------------------------------------

  Started : Thursday, December 14, 2023 11:32:20 AM
   Source : I:\EasyHKS\
     Dest : E:\realtime_backups\EasyHKS\

    Files : *.*
	    
  Options : *.* /S /E /DCOPY:DA /COPY:DAT /PURGE /MIR /MT:8 /R:1000000 /W:30 

------------------------------------------------------------------------------


------------------------------------------------------------------------------

               Total    Copied   Skipped  Mismatch    FAILED    Extras
    Dirs :       472       472       472         0         0         0
   Files :      1897         0      1897         0         0         0
   Bytes :   33.24 m         0   33.24 m         0         0         0
   Times :   0:00:00   0:00:00                       0:00:00   0:00:00
   Ended : Thursday, December 14, 2023 11:32:20 AM


-------------------------------------------------------------------------------
   ROBOCOPY     ::     Robust File Copy for Windows                              
-------------------------------------------------------------------------------

  Started : Thursday, December 14, 2023 11:37:56 AM
   Source : I:\EasyHKS\
     Dest : E:\realtime_backups\EasyHKS\

    Files : *.*
	    
  Options : *.* /S /E /DCOPY:DA /COPY:DAT /PURGE /MIR /MT:8 /R:1000000 /W:30 

------------------------------------------------------------------------------


------------------------------------------------------------------------------

               Total    Copied   Skipped  Mismatch    FAILED    Extras
    Dirs :       472       472       472         0         0         0
   Files :      1896         0      1896         0         0         0
   Bytes :   33.24 m         0   33.24 m         0         0         0
   Times :   0:00:00   0:00:00                       0:00:00   0:00:00
   Ended : Thursday, December 14, 2023 11:37:56 AM


-------------------------------------------------------------------------------
   ROBOCOPY     ::     Robust File Copy for Windows                              
-------------------------------------------------------------------------------

  Started : Thursday, December 14, 2023 11:43:17 AM
   Source : I:\EasyHKS\
     Dest : E:\realtime_backups\EasyHKS\

    Files : *.*
	    
  Options : *.* /S /E /DCOPY:DA /COPY:DAT /PURGE /MIR /MT:8 /R:1000000 /W:30 

------------------------------------------------------------------------------


------------------------------------------------------------------------------

               Total    Copied   Skipped  Mismatch    FAILED    Extras
    Dirs :       472       472       472         0         0         0
   Files :      1896         0      1897         0         0         0
   Bytes :   33.24 m         0   33.24 m         0         0         0
   Times :   0:00:00   0:00:00                       0:00:00   0:00:00
   Ended : Thursday, December 14, 2023 11:43:17 AM


-------------------------------------------------------------------------------
   ROBOCOPY     ::     Robust File Copy for Windows                              
-------------------------------------------------------------------------------

  Started : Thursday, December 14, 2023 11:49:05 AM
   Source : I:\EasyHKS\
     Dest : E:\realtime_backups\EasyHKS\

    Files : *.*
	    
  Options : *.* /S /E /DCOPY:DA /COPY:DAT /PURGE /MIR /MT:8 /R:1000000 /W:30 

------------------------------------------------------------------------------


------------------------------------------------------------------------------

               Total    Copied   Skipped  Mismatch    FAILED    Extras
    Dirs :       472       472       472         0         0         0
   Files :      1897         0      1896         0         0         0
   Bytes :   33.24 m         0   33.24 m         0         0         0
   Times :   0:00:00   0:00:00                       0:00:00   0:00:00
   Ended : Thursday, December 14, 2023 11:49:05 AM


-------------------------------------------------------------------------------
   ROBOCOPY     ::     Robust File Copy for Windows                              
-------------------------------------------------------------------------------

  Started : Thursday, December 14, 2023 11:54:47 AM
   Source : I:\EasyHKS\
     Dest : E:\realtime_backups\EasyHKS\

    Files : *.*
	    
  Options : *.* /S /E /DCOPY:DA /COPY:DAT /PURGE /MIR /MT:8 /R:1000000 /W:30 

------------------------------------------------------------------------------


------------------------------------------------------------------------------

               Total    Copied   Skipped  Mismatch    FAILED    Extras
    Dirs :       472       472       472         0         0         0
   Files :      1897         0      1897         0         0         0
   Bytes :   33.24 m         0   33.24 m         0         0         0
   Times :   0:00:00   0:00:00                       0:00:00   0:00:00
   Ended : Thursday, December 14, 2023 11:54:47 AM


-------------------------------------------------------------------------------
   ROBOCOPY     ::     Robust File Copy for Windows                              
-------------------------------------------------------------------------------

  Started : Thursday, December 14, 2023 12:00:07 PM
   Source : I:\EasyHKS\
     Dest : E:\realtime_backups\EasyHKS\

    Files : *.*
	    
  Options : *.* /S /E /DCOPY:DA /COPY:DAT /PURGE /MIR /MT:8 /R:1000000 /W:30 

------------------------------------------------------------------------------


------------------------------------------------------------------------------

               Total    Copied   Skipped  Mismatch    FAILED    Extras
    Dirs :       472       472       472         0         0         0
   Files :      1896         0      1897         0         0         0
   Bytes :   33.24 m         0   33.24 m         0         0         0
   Times :   0:00:00   0:00:00                       0:00:00   0:00:00
   Ended : Thursday, December 14, 2023 12:00:07 PM


-------------------------------------------------------------------------------
   ROBOCOPY     ::     Robust File Copy for Windows                              
-------------------------------------------------------------------------------

  Started : Thursday, December 14, 2023 12:05:28 PM
   Source : I:\EasyHKS\
     Dest : E:\realtime_backups\EasyHKS\

    Files : *.*
	    
  Options : *.* /S /E /DCOPY:DA /COPY:DAT /PURGE /MIR /MT:8 /R:1000000 /W:30 

------------------------------------------------------------------------------


------------------------------------------------------------------------------

               Total    Copied   Skipped  Mismatch    FAILED    Extras
    Dirs :       472       472       472         0         0         0
   Files :      1894         0      1894         0         0         0
   Bytes :   33.24 m         0   33.24 m         0         0         0
   Times :   0:00:00   0:00:00                       0:00:00   0:00:00
   Ended : Thursday, December 14, 2023 12:05:28 PM


-------------------------------------------------------------------------------
   ROBOCOPY     ::     Robust File Copy for Windows                              
-------------------------------------------------------------------------------

  Started : Thursday, December 14, 2023 12:10:48 PM
   Source : I:\EasyHKS\
     Dest : E:\realtime_backups\EasyHKS\

    Files : *.*
	    
  Options : *.* /S /E /DCOPY:DA /COPY:DAT /PURGE /MIR /MT:8 /R:1000000 /W:30 

------------------------------------------------------------------------------


------------------------------------------------------------------------------

               Total    Copied   Skipped  Mismatch    FAILED    Extras
    Dirs :       472       472       472         0         0         0
   Files :      1896         0      1896         0         0         0
   Bytes :   33.24 m         0   33.24 m         0         0         0
   Times :   0:00:00   0:00:00                       0:00:00   0:00:00
   Ended : Thursday, December 14, 2023 12:10:48 PM


-------------------------------------------------------------------------------
   ROBOCOPY     ::     Robust File Copy for Windows                              
-------------------------------------------------------------------------------

  Started : Thursday, December 14, 2023 12:16:22 PM
   Source : I:\EasyHKS\
     Dest : E:\realtime_backups\EasyHKS\

    Files : *.*
	    
  Options : *.* /S /E /DCOPY:DA /COPY:DAT /PURGE /MIR /MT:8 /R:1000000 /W:30 

------------------------------------------------------------------------------


------------------------------------------------------------------------------

               Total    Copied   Skipped  Mismatch    FAILED    Extras
    Dirs :       472       472       472         0         0         0
   Files :      1894         0      1893         0         0         0
   Bytes :   33.24 m         0   33.24 m         0         0         0
   Times :   0:00:00   0:00:00                       0:00:00   0:00:00
   Ended : Thursday, December 14, 2023 12:16:22 PM


-------------------------------------------------------------------------------
   ROBOCOPY     ::     Robust File Copy for Windows                              
-------------------------------------------------------------------------------

  Started : Thursday, December 14, 2023 12:22:09 PM
   Source : I:\EasyHKS\
     Dest : E:\realtime_backups\EasyHKS\

    Files : *.*
	    
  Options : *.* /S /E /DCOPY:DA /COPY:DAT /PURGE /MIR /MT:8 /R:1000000 /W:30 

------------------------------------------------------------------------------


------------------------------------------------------------------------------

               Total    Copied   Skipped  Mismatch    FAILED    Extras
    Dirs :       472       472       472         0         0         0
   Files :      1894         0      1894         0         0         0
   Bytes :   33.24 m         0   33.24 m         0         0         0
   Times :   0:00:00   0:00:00                       0:00:00   0:00:00
   Ended : Thursday, December 14, 2023 12:22:10 PM


-------------------------------------------------------------------------------
   ROBOCOPY     ::     Robust File Copy for Windows                              
-------------------------------------------------------------------------------

  Started : Thursday, December 14, 2023 12:27:30 PM
   Source : I:\EasyHKS\
     Dest : E:\realtime_backups\EasyHKS\

    Files : *.*
	    
  Options : *.* /S /E /DCOPY:DA /COPY:DAT /PURGE /MIR /MT:8 /R:1000000 /W:30 

------------------------------------------------------------------------------


------------------------------------------------------------------------------

               Total    Copied   Skipped  Mismatch    FAILED    Extras
    Dirs :       472       472       472         0         0         0
   Files :      1896         0      1895         0         0         0
   Bytes :   33.24 m         0   33.24 m         0         0         0
   Times :   0:00:00   0:00:00                       0:00:00   0:00:00
   Ended : Thursday, December 14, 2023 12:27:30 PM


-------------------------------------------------------------------------------
   ROBOCOPY     ::     Robust File Copy for Windows                              
-------------------------------------------------------------------------------

  Started : Thursday, December 14, 2023 12:33:02 PM
   Source : I:\EasyHKS\
     Dest : E:\realtime_backups\EasyHKS\

    Files : *.*
	    
  Options : *.* /S /E /DCOPY:DA /COPY:DAT /PURGE /MIR /MT:8 /R:1000000 /W:30 

------------------------------------------------------------------------------


------------------------------------------------------------------------------

               Total    Copied   Skipped  Mismatch    FAILED    Extras
    Dirs :       472       472       472         0         0         0
   Files :      1895         0      1895         0         0         0
   Bytes :   33.24 m         0   33.24 m         0         0         0
   Times :   0:00:00   0:00:00                       0:00:00   0:00:00
   Ended : Thursday, December 14, 2023 12:33:02 PM


-------------------------------------------------------------------------------
   ROBOCOPY     ::     Robust File Copy for Windows                              
-------------------------------------------------------------------------------

  Started : Thursday, December 14, 2023 12:38:24 PM
   Source : I:\EasyHKS\
     Dest : E:\realtime_backups\EasyHKS\

    Files : *.*
	    
  Options : *.* /S /E /DCOPY:DA /COPY:DAT /PURGE /MIR /MT:8 /R:1000000 /W:30 

------------------------------------------------------------------------------


------------------------------------------------------------------------------

               Total    Copied   Skipped  Mismatch    FAILED    Extras
    Dirs :       472       472       472         0         0         0
   Files :      1896         0      1896         0         0         0
   Bytes :   33.24 m         0   33.24 m         0         0         0
   Times :   0:00:00   0:00:00                       0:00:00   0:00:00
   Ended : Thursday, December 14, 2023 12:38:24 PM


-------------------------------------------------------------------------------
   ROBOCOPY     ::     Robust File Copy for Windows                              
-------------------------------------------------------------------------------

  Started : Thursday, December 14, 2023 12:43:44 PM
   Source : I:\EasyHKS\
     Dest : E:\realtime_backups\EasyHKS\

    Files : *.*
	    
  Options : *.* /S /E /DCOPY:DA /COPY:DAT /PURGE /MIR /MT:8 /R:1000000 /W:30 

------------------------------------------------------------------------------


------------------------------------------------------------------------------

               Total    Copied   Skipped  Mismatch    FAILED    Extras
    Dirs :       472       472       472         0         0         0
   Files :      1897         0      1897         0         0         0
   Bytes :   33.24 m         0   33.24 m         0         0         0
   Times :   0:00:00   0:00:00                       0:00:00   0:00:00
   Ended : Thursday, December 14, 2023 12:43:44 PM


-------------------------------------------------------------------------------
   ROBOCOPY     ::     Robust File Copy for Windows                              
-------------------------------------------------------------------------------

  Started : Thursday, December 14, 2023 12:49:24 PM
   Source : I:\EasyHKS\
     Dest : E:\realtime_backups\EasyHKS\

    Files : *.*
	    
  Options : *.* /S /E /DCOPY:DA /COPY:DAT /PURGE /MIR /MT:8 /R:1000000 /W:30 

------------------------------------------------------------------------------


------------------------------------------------------------------------------

               Total    Copied   Skipped  Mismatch    FAILED    Extras
    Dirs :       472       472       472         0         0         0
   Files :      1897         0      1896         0         0         0
   Bytes :   33.24 m         0   33.24 m         0         0         0
   Times :   0:00:00   0:00:00                       0:00:00   0:00:00
   Ended : Thursday, December 14, 2023 12:49:24 PM


-------------------------------------------------------------------------------
   ROBOCOPY     ::     Robust File Copy for Windows                              
-------------------------------------------------------------------------------

  Started : Thursday, December 14, 2023 12:54:45 PM
   Source : I:\EasyHKS\
     Dest : E:\realtime_backups\EasyHKS\

    Files : *.*
	    
  Options : *.* /S /E /DCOPY:DA /COPY:DAT /PURGE /MIR /MT:8 /R:1000000 /W:30 

------------------------------------------------------------------------------


------------------------------------------------------------------------------

               Total    Copied   Skipped  Mismatch    FAILED    Extras
    Dirs :       472       472       472         0         0         0
   Files :      1896         0      1895         0         0         0
   Bytes :   33.24 m         0   33.24 m         0         0         0
   Times :   0:00:00   0:00:00                       0:00:00   0:00:00
   Ended : Thursday, December 14, 2023 12:54:45 PM


-------------------------------------------------------------------------------
   ROBOCOPY     ::     Robust File Copy for Windows                              
-------------------------------------------------------------------------------

  Started : Thursday, December 14, 2023 1:00:22 PM
   Source : I:\EasyHKS\
     Dest : E:\realtime_backups\EasyHKS\

    Files : *.*
	    
  Options : *.* /S /E /DCOPY:DA /COPY:DAT /PURGE /MIR /MT:8 /R:1000000 /W:30 

------------------------------------------------------------------------------


------------------------------------------------------------------------------

               Total    Copied   Skipped  Mismatch    FAILED    Extras
    Dirs :       472       472       472         0         0         0
   Files :      1897         0      1896         0         0         0
   Bytes :   33.24 m         0   33.24 m         0         0         0
   Times :   0:00:00   0:00:00                       0:00:00   0:00:00
   Ended : Thursday, December 14, 2023 1:00:22 PM


-------------------------------------------------------------------------------
   ROBOCOPY     ::     Robust File Copy for Windows                              
-------------------------------------------------------------------------------

  Started : Thursday, December 14, 2023 1:05:59 PM
   Source : I:\EasyHKS\
     Dest : E:\realtime_backups\EasyHKS\

    Files : *.*
	    
  Options : *.* /S /E /DCOPY:DA /COPY:DAT /PURGE /MIR /MT:8 /R:1000000 /W:30 

------------------------------------------------------------------------------


------------------------------------------------------------------------------

               Total    Copied   Skipped  Mismatch    FAILED    Extras
    Dirs :       472       472       472         0         0         0
   Files :      1895         0      1895         0         0         0
   Bytes :   33.24 m         0   33.24 m         0         0         0
   Times :   0:00:00   0:00:00                       0:00:00   0:00:00
   Ended : Thursday, December 14, 2023 1:05:59 PM


-------------------------------------------------------------------------------
   ROBOCOPY     ::     Robust File Copy for Windows                              
-------------------------------------------------------------------------------

  Started : Thursday, December 14, 2023 1:11:20 PM
   Source : I:\EasyHKS\
     Dest : E:\realtime_backups\EasyHKS\

    Files : *.*
	    
  Options : *.* /S /E /DCOPY:DA /COPY:DAT /PURGE /MIR /MT:8 /R:1000000 /W:30 

------------------------------------------------------------------------------


------------------------------------------------------------------------------

               Total    Copied   Skipped  Mismatch    FAILED    Extras
    Dirs :       472       472       472         0         0         0
   Files :      1896         0      1895         0         0         0
   Bytes :   33.24 m         0   33.24 m         0         0         0
   Times :   0:00:00   0:00:00                       0:00:00   0:00:00
   Ended : Thursday, December 14, 2023 1:11:20 PM


-------------------------------------------------------------------------------
   ROBOCOPY     ::     Robust File Copy for Windows                              
-------------------------------------------------------------------------------

  Started : Thursday, December 14, 2023 1:16:42 PM
   Source : I:\EasyHKS\
     Dest : E:\realtime_backups\EasyHKS\

    Files : *.*
	    
  Options : *.* /S /E /DCOPY:DA /COPY:DAT /PURGE /MIR /MT:8 /R:1000000 /W:30 

------------------------------------------------------------------------------


------------------------------------------------------------------------------

               Total    Copied   Skipped  Mismatch    FAILED    Extras
    Dirs :       472       472       472         0         0         0
   Files :      1897         0      1897         0         0         0
   Bytes :   33.24 m         0   33.24 m         0         0         0
   Times :   0:00:00   0:00:00                       0:00:00   0:00:00
   Ended : Thursday, December 14, 2023 1:16:42 PM

