
-------------------------------------------------------------------------------
   ROBOCOPY     ::     Robust File Copy for Windows                              
-------------------------------------------------------------------------------

  Started : Thursday, December 21, 2023 12:03:29 AM
   Source : I:\NavyFedApi\
     Dest : E:\realtime_backups\NavyFedApi\

    Files : *.*
	    
  Options : *.* /S /E /DCOPY:DA /COPY:DAT /PURGE /MIR /MT:8 /R:1000000 /W:30 

------------------------------------------------------------------------------


------------------------------------------------------------------------------

               Total    Copied   Skipped  Mismatch    FAILED    Extras
    Dirs :        25        25        25         0         0         0
   Files :        34         0        34         0         0         0
   Bytes :    37.2 k         0    37.2 k         0         0         0
   Times :   0:00:00   0:00:00                       0:00:00   0:00:00
   Ended : Thursday, December 21, 2023 12:03:29 AM


-------------------------------------------------------------------------------
   ROBOCOPY     ::     Robust File Copy for Windows                              
-------------------------------------------------------------------------------

  Started : Thursday, December 21, 2023 12:08:50 AM
   Source : I:\NavyFedApi\
     Dest : E:\realtime_backups\NavyFedApi\

    Files : *.*
	    
  Options : *.* /S /E /DCOPY:DA /COPY:DAT /PURGE /MIR /MT:8 /R:1000000 /W:30 

------------------------------------------------------------------------------


------------------------------------------------------------------------------

               Total    Copied   Skipped  Mismatch    FAILED    Extras
    Dirs :        25        25        25         0         0         0
   Files :        34         0        34         0         0         0
   Bytes :    37.2 k         0    37.2 k         0         0         0
   Times :   0:00:00   0:00:00                       0:00:00   0:00:00
   Ended : Thursday, December 21, 2023 12:08:50 AM


-------------------------------------------------------------------------------
   ROBOCOPY     ::     Robust File Copy for Windows                              
-------------------------------------------------------------------------------

  Started : Thursday, December 21, 2023 12:14:11 AM
   Source : I:\NavyFedApi\
     Dest : E:\realtime_backups\NavyFedApi\

    Files : *.*
	    
  Options : *.* /S /E /DCOPY:DA /COPY:DAT /PURGE /MIR /MT:8 /R:1000000 /W:30 

------------------------------------------------------------------------------


------------------------------------------------------------------------------

               Total    Copied   Skipped  Mismatch    FAILED    Extras
    Dirs :        25        25        25         0         0         0
   Files :        34         0        34         0         0         0
   Bytes :    37.2 k         0    37.2 k         0         0         0
   Times :   0:00:00   0:00:00                       0:00:00   0:00:00
   Ended : Thursday, December 21, 2023 12:14:11 AM


-------------------------------------------------------------------------------
   ROBOCOPY     ::     Robust File Copy for Windows                              
-------------------------------------------------------------------------------

  Started : Thursday, December 21, 2023 12:19:32 AM
   Source : I:\NavyFedApi\
     Dest : E:\realtime_backups\NavyFedApi\

    Files : *.*
	    
  Options : *.* /S /E /DCOPY:DA /COPY:DAT /PURGE /MIR /MT:8 /R:1000000 /W:30 

------------------------------------------------------------------------------


------------------------------------------------------------------------------

               Total    Copied   Skipped  Mismatch    FAILED    Extras
    Dirs :        25        25        25         0         0         0
   Files :        34         0        34         0         0         0
   Bytes :    37.2 k         0    37.2 k         0         0         0
   Times :   0:00:00   0:00:00                       0:00:00   0:00:00
   Ended : Thursday, December 21, 2023 12:19:32 AM


-------------------------------------------------------------------------------
   ROBOCOPY     ::     Robust File Copy for Windows                              
-------------------------------------------------------------------------------

  Started : Thursday, December 21, 2023 8:14:52 PM
   Source : I:\NavyFedApi\
     Dest : E:\monthly_backups\Dec\NavyFedApi\

    Files : *.*
	    
  Options : *.* /S /E /DCOPY:DA /COPY:DAT /PURGE /MIR /MT:8 /R:1000000 /W:30 

------------------------------------------------------------------------------


------------------------------------------------------------------------------

               Total    Copied   Skipped  Mismatch    FAILED    Extras
    Dirs :        25        25        25         0         0         0
   Files :        34         0        34         0         0         0
   Bytes :    37.2 k         0    37.2 k         0         0         0
   Times :   0:00:00   0:00:00                       0:00:00   0:00:00
   Ended : Thursday, December 21, 2023 8:14:53 PM


-------------------------------------------------------------------------------
   ROBOCOPY     ::     Robust File Copy for Windows                              
-------------------------------------------------------------------------------

  Started : Thursday, December 21, 2023 8:15:21 PM
   Source : I:\NavyFedApi\
     Dest : \\hksCenter\hks\backup\NavyFedApi\

    Files : *.*
	    
  Options : *.* /S /E /DCOPY:DA /COPY:DAT /PURGE /MIR /MT:8 /R:1000000 /W:30 

------------------------------------------------------------------------------


------------------------------------------------------------------------------

               Total    Copied   Skipped  Mismatch    FAILED    Extras
    Dirs :        25        25        25         0         0         0
   Files :        34         0        34         0         0         0
   Bytes :    37.2 k         0    37.2 k         0         0         0
   Times :   0:00:00   0:00:00                       0:00:00   0:00:00
   Ended : Thursday, December 21, 2023 8:15:21 PM


-------------------------------------------------------------------------------
   ROBOCOPY     ::     Robust File Copy for Windows                              
-------------------------------------------------------------------------------

  Started : Thursday, December 21, 2023 8:15:40 PM
   Source : I:\NavyFedApi\
     Dest : E:\realtime_backups\NavyFedApi\

    Files : *.*
	    
  Options : *.* /S /E /DCOPY:DA /COPY:DAT /PURGE /MIR /MT:8 /R:1000000 /W:30 

------------------------------------------------------------------------------


------------------------------------------------------------------------------

               Total    Copied   Skipped  Mismatch    FAILED    Extras
    Dirs :        25        25        25         0         0         0
   Files :        34         0        34         0         0         0
   Bytes :    37.2 k         0    37.2 k         0         0         0
   Times :   0:00:00   0:00:00                       0:00:00   0:00:00
   Ended : Thursday, December 21, 2023 8:15:40 PM


-------------------------------------------------------------------------------
   ROBOCOPY     ::     Robust File Copy for Windows                              
-------------------------------------------------------------------------------

  Started : Thursday, December 21, 2023 8:21:02 PM
   Source : I:\NavyFedApi\
     Dest : E:\realtime_backups\NavyFedApi\

    Files : *.*
	    
  Options : *.* /S /E /DCOPY:DA /COPY:DAT /PURGE /MIR /MT:8 /R:1000000 /W:30 

------------------------------------------------------------------------------


------------------------------------------------------------------------------

               Total    Copied   Skipped  Mismatch    FAILED    Extras
    Dirs :        25        25        25         0         0         0
   Files :        34         0        34         0         0         0
   Bytes :    37.2 k         0    37.2 k         0         0         0
   Times :   0:00:00   0:00:00                       0:00:00   0:00:00
   Ended : Thursday, December 21, 2023 8:21:02 PM


-------------------------------------------------------------------------------
   ROBOCOPY     ::     Robust File Copy for Windows                              
-------------------------------------------------------------------------------

  Started : Thursday, December 21, 2023 8:26:50 PM
   Source : I:\NavyFedApi\
     Dest : E:\realtime_backups\NavyFedApi\

    Files : *.*
	    
  Options : *.* /S /E /DCOPY:DA /COPY:DAT /PURGE /MIR /MT:8 /R:1000000 /W:30 

------------------------------------------------------------------------------


------------------------------------------------------------------------------

               Total    Copied   Skipped  Mismatch    FAILED    Extras
    Dirs :        25        25        25         0         0         0
   Files :        34         0        34         0         0         0
   Bytes :    37.2 k         0    37.2 k         0         0         0
   Times :   0:00:00   0:00:00                       0:00:00   0:00:00
   Ended : Thursday, December 21, 2023 8:26:50 PM


-------------------------------------------------------------------------------
   ROBOCOPY     ::     Robust File Copy for Windows                              
-------------------------------------------------------------------------------

  Started : Thursday, December 21, 2023 8:32:11 PM
   Source : I:\NavyFedApi\
     Dest : E:\realtime_backups\NavyFedApi\

    Files : *.*
	    
  Options : *.* /S /E /DCOPY:DA /COPY:DAT /PURGE /MIR /MT:8 /R:1000000 /W:30 

------------------------------------------------------------------------------


------------------------------------------------------------------------------

               Total    Copied   Skipped  Mismatch    FAILED    Extras
    Dirs :        25        25        25         0         0         0
   Files :        34         0        34         0         0         0
   Bytes :    37.2 k         0    37.2 k         0         0         0
   Times :   0:00:00   0:00:00                       0:00:00   0:00:00
   Ended : Thursday, December 21, 2023 8:32:11 PM


-------------------------------------------------------------------------------
   ROBOCOPY     ::     Robust File Copy for Windows                              
-------------------------------------------------------------------------------

  Started : Thursday, December 21, 2023 8:37:33 PM
   Source : I:\NavyFedApi\
     Dest : E:\realtime_backups\NavyFedApi\

    Files : *.*
	    
  Options : *.* /S /E /DCOPY:DA /COPY:DAT /PURGE /MIR /MT:8 /R:1000000 /W:30 

------------------------------------------------------------------------------


------------------------------------------------------------------------------

               Total    Copied   Skipped  Mismatch    FAILED    Extras
    Dirs :        25        25        25         0         0         0
   Files :        34         0        34         0         0         0
   Bytes :    37.2 k         0    37.2 k         0         0         0
   Times :   0:00:00   0:00:00                       0:00:00   0:00:00
   Ended : Thursday, December 21, 2023 8:37:33 PM


-------------------------------------------------------------------------------
   ROBOCOPY     ::     Robust File Copy for Windows                              
-------------------------------------------------------------------------------

  Started : Thursday, December 21, 2023 8:42:55 PM
   Source : I:\NavyFedApi\
     Dest : E:\realtime_backups\NavyFedApi\

    Files : *.*
	    
  Options : *.* /S /E /DCOPY:DA /COPY:DAT /PURGE /MIR /MT:8 /R:1000000 /W:30 

------------------------------------------------------------------------------


------------------------------------------------------------------------------

               Total    Copied   Skipped  Mismatch    FAILED    Extras
    Dirs :        25        25        25         0         0         0
   Files :        34         0        34         0         0         0
   Bytes :    37.2 k         0    37.2 k         0         0         0
   Times :   0:00:00   0:00:00                       0:00:00   0:00:00
   Ended : Thursday, December 21, 2023 8:42:55 PM


-------------------------------------------------------------------------------
   ROBOCOPY     ::     Robust File Copy for Windows                              
-------------------------------------------------------------------------------

  Started : Thursday, December 21, 2023 8:48:59 PM
   Source : I:\NavyFedApi\
     Dest : E:\realtime_backups\NavyFedApi\

    Files : *.*
	    
  Options : *.* /S /E /DCOPY:DA /COPY:DAT /PURGE /MIR /MT:8 /R:1000000 /W:30 

------------------------------------------------------------------------------


------------------------------------------------------------------------------

               Total    Copied   Skipped  Mismatch    FAILED    Extras
    Dirs :        25        25        25         0         0         0
   Files :        34         0        34         0         0         0
   Bytes :    37.2 k         0    37.2 k         0         0         0
   Times :   0:00:00   0:00:00                       0:00:00   0:00:00
   Ended : Thursday, December 21, 2023 8:48:59 PM


-------------------------------------------------------------------------------
   ROBOCOPY     ::     Robust File Copy for Windows                              
-------------------------------------------------------------------------------

  Started : Thursday, December 21, 2023 8:54:20 PM
   Source : I:\NavyFedApi\
     Dest : E:\realtime_backups\NavyFedApi\

    Files : *.*
	    
  Options : *.* /S /E /DCOPY:DA /COPY:DAT /PURGE /MIR /MT:8 /R:1000000 /W:30 

------------------------------------------------------------------------------


------------------------------------------------------------------------------

               Total    Copied   Skipped  Mismatch    FAILED    Extras
    Dirs :        25        25        25         0         0         0
   Files :        34         0        34         0         0         0
   Bytes :    37.2 k         0    37.2 k         0         0         0
   Times :   0:00:00   0:00:00                       0:00:00   0:00:00
   Ended : Thursday, December 21, 2023 8:54:20 PM


-------------------------------------------------------------------------------
   ROBOCOPY     ::     Robust File Copy for Windows                              
-------------------------------------------------------------------------------

  Started : Thursday, December 21, 2023 8:59:42 PM
   Source : I:\NavyFedApi\
     Dest : E:\realtime_backups\NavyFedApi\

    Files : *.*
	    
  Options : *.* /S /E /DCOPY:DA /COPY:DAT /PURGE /MIR /MT:8 /R:1000000 /W:30 

------------------------------------------------------------------------------


------------------------------------------------------------------------------

               Total    Copied   Skipped  Mismatch    FAILED    Extras
    Dirs :        25        25        25         0         0         0
   Files :        34         0        34         0         0         0
   Bytes :    37.2 k         0    37.2 k         0         0         0
   Times :   0:00:00   0:00:00                       0:00:00   0:00:00
   Ended : Thursday, December 21, 2023 8:59:42 PM


-------------------------------------------------------------------------------
   ROBOCOPY     ::     Robust File Copy for Windows                              
-------------------------------------------------------------------------------

  Started : Thursday, December 21, 2023 9:05:03 PM
   Source : I:\NavyFedApi\
     Dest : E:\realtime_backups\NavyFedApi\

    Files : *.*
	    
  Options : *.* /S /E /DCOPY:DA /COPY:DAT /PURGE /MIR /MT:8 /R:1000000 /W:30 

------------------------------------------------------------------------------


------------------------------------------------------------------------------

               Total    Copied   Skipped  Mismatch    FAILED    Extras
    Dirs :        25        25        25         0         0         0
   Files :        34         0        34         0         0         0
   Bytes :    37.2 k         0    37.2 k         0         0         0
   Times :   0:00:00   0:00:00                       0:00:00   0:00:00
   Ended : Thursday, December 21, 2023 9:05:03 PM


-------------------------------------------------------------------------------
   ROBOCOPY     ::     Robust File Copy for Windows                              
-------------------------------------------------------------------------------

  Started : Thursday, December 21, 2023 9:10:23 PM
   Source : I:\NavyFedApi\
     Dest : E:\realtime_backups\NavyFedApi\

    Files : *.*
	    
  Options : *.* /S /E /DCOPY:DA /COPY:DAT /PURGE /MIR /MT:8 /R:1000000 /W:30 

------------------------------------------------------------------------------


------------------------------------------------------------------------------

               Total    Copied   Skipped  Mismatch    FAILED    Extras
    Dirs :        25        25        25         0         0         0
   Files :        34         0        34         0         0         0
   Bytes :    37.2 k         0    37.2 k         0         0         0
   Times :   0:00:00   0:00:00                       0:00:00   0:00:00
   Ended : Thursday, December 21, 2023 9:10:23 PM


-------------------------------------------------------------------------------
   ROBOCOPY     ::     Robust File Copy for Windows                              
-------------------------------------------------------------------------------

  Started : Thursday, December 21, 2023 9:15:46 PM
   Source : I:\NavyFedApi\
     Dest : E:\realtime_backups\NavyFedApi\

    Files : *.*
	    
  Options : *.* /S /E /DCOPY:DA /COPY:DAT /PURGE /MIR /MT:8 /R:1000000 /W:30 

------------------------------------------------------------------------------


------------------------------------------------------------------------------

               Total    Copied   Skipped  Mismatch    FAILED    Extras
    Dirs :        25        25        25         0         0         0
   Files :        34         0        34         0         0         0
   Bytes :    37.2 k         0    37.2 k         0         0         0
   Times :   0:00:00   0:00:00                       0:00:00   0:00:00
   Ended : Thursday, December 21, 2023 9:15:46 PM


-------------------------------------------------------------------------------
   ROBOCOPY     ::     Robust File Copy for Windows                              
-------------------------------------------------------------------------------

  Started : Thursday, December 21, 2023 9:21:07 PM
   Source : I:\NavyFedApi\
     Dest : E:\realtime_backups\NavyFedApi\

    Files : *.*
	    
  Options : *.* /S /E /DCOPY:DA /COPY:DAT /PURGE /MIR /MT:8 /R:1000000 /W:30 

------------------------------------------------------------------------------


------------------------------------------------------------------------------

               Total    Copied   Skipped  Mismatch    FAILED    Extras
    Dirs :        25        25        25         0         0         0
   Files :        34         0        34         0         0         0
   Bytes :    37.2 k         0    37.2 k         0         0         0
   Times :   0:00:00   0:00:00                       0:00:00   0:00:00
   Ended : Thursday, December 21, 2023 9:21:07 PM


-------------------------------------------------------------------------------
   ROBOCOPY     ::     Robust File Copy for Windows                              
-------------------------------------------------------------------------------

  Started : Thursday, December 21, 2023 9:23:52 PM
   Source : I:\NavyFedApi\
     Dest : E:\realtime_backups\NavyFedApi\

    Files : *.*
	    
  Options : *.* /S /E /DCOPY:DA /COPY:DAT /PURGE /MIR /MT:8 /R:1000000 /W:30 

------------------------------------------------------------------------------


------------------------------------------------------------------------------

               Total    Copied   Skipped  Mismatch    FAILED    Extras
    Dirs :        25        25        25         0         0         0
   Files :        34         0        34         0         0         0
   Bytes :    37.2 k         0    37.2 k         0         0         0
   Times :   0:00:00   0:00:00                       0:00:00   0:00:00
   Ended : Thursday, December 21, 2023 9:23:52 PM


-------------------------------------------------------------------------------
   ROBOCOPY     ::     Robust File Copy for Windows                              
-------------------------------------------------------------------------------

  Started : Thursday, December 21, 2023 9:29:14 PM
   Source : I:\NavyFedApi\
     Dest : E:\realtime_backups\NavyFedApi\

    Files : *.*
	    
  Options : *.* /S /E /DCOPY:DA /COPY:DAT /PURGE /MIR /MT:8 /R:1000000 /W:30 

------------------------------------------------------------------------------


------------------------------------------------------------------------------

               Total    Copied   Skipped  Mismatch    FAILED    Extras
    Dirs :        25        25        25         0         0         0
   Files :        34         0        34         0         0         0
   Bytes :    37.2 k         0    37.2 k         0         0         0
   Times :   0:00:00   0:00:00                       0:00:00   0:00:00
   Ended : Thursday, December 21, 2023 9:29:14 PM


-------------------------------------------------------------------------------
   ROBOCOPY     ::     Robust File Copy for Windows                              
-------------------------------------------------------------------------------

  Started : Thursday, December 21, 2023 9:30:48 PM
   Source : I:\NavyFedApi\
     Dest : E:\realtime_backups\NavyFedApi\

    Files : *.*
	    
  Options : *.* /S /E /DCOPY:DA /COPY:DAT /PURGE /MIR /MT:8 /R:1000000 /W:30 

------------------------------------------------------------------------------


------------------------------------------------------------------------------

               Total    Copied   Skipped  Mismatch    FAILED    Extras
    Dirs :        25        25        25         0         0         0
   Files :        34         0        34         0         0         0
   Bytes :    37.2 k         0    37.2 k         0         0         0
   Times :   0:00:00   0:00:00                       0:00:00   0:00:00
   Ended : Thursday, December 21, 2023 9:30:48 PM


-------------------------------------------------------------------------------
   ROBOCOPY     ::     Robust File Copy for Windows                              
-------------------------------------------------------------------------------

  Started : Thursday, December 21, 2023 9:32:38 PM
   Source : I:\NavyFedApi\
     Dest : E:\realtime_backups\NavyFedApi\

    Files : *.*
	    
  Options : *.* /S /E /DCOPY:DA /COPY:DAT /PURGE /MIR /MT:8 /R:1000000 /W:30 

------------------------------------------------------------------------------


------------------------------------------------------------------------------

               Total    Copied   Skipped  Mismatch    FAILED    Extras
    Dirs :        25        25        25         0         0         0
   Files :        34         0        34         0         0         0
   Bytes :    37.2 k         0    37.2 k         0         0         0
   Times :   0:00:00   0:00:00                       0:00:00   0:00:00
   Ended : Thursday, December 21, 2023 9:32:38 PM


-------------------------------------------------------------------------------
   ROBOCOPY     ::     Robust File Copy for Windows                              
-------------------------------------------------------------------------------

  Started : Thursday, December 21, 2023 9:34:51 PM
   Source : I:\NavyFedApi\
     Dest : E:\realtime_backups\NavyFedApi\

    Files : *.*
	    
  Options : *.* /S /E /DCOPY:DA /COPY:DAT /PURGE /MIR /MT:8 /R:1000000 /W:30 

------------------------------------------------------------------------------


------------------------------------------------------------------------------

               Total    Copied   Skipped  Mismatch    FAILED    Extras
    Dirs :        25        25        25         0         0         0
   Files :        34         0        34         0         0         0
   Bytes :    37.2 k         0    37.2 k         0         0         0
   Times :   0:00:00   0:00:00                       0:00:00   0:00:00
   Ended : Thursday, December 21, 2023 9:34:51 PM


-------------------------------------------------------------------------------
   ROBOCOPY     ::     Robust File Copy for Windows                              
-------------------------------------------------------------------------------

  Started : Thursday, December 21, 2023 9:40:22 PM
   Source : I:\NavyFedApi\
     Dest : E:\realtime_backups\NavyFedApi\

    Files : *.*
	    
  Options : *.* /S /E /DCOPY:DA /COPY:DAT /PURGE /MIR /MT:8 /R:1000000 /W:30 

------------------------------------------------------------------------------


------------------------------------------------------------------------------

               Total    Copied   Skipped  Mismatch    FAILED    Extras
    Dirs :        25        25        25         0         0         0
   Files :        34         0        34         0         0         0
   Bytes :    37.2 k         0    37.2 k         0         0         0
   Times :   0:00:00   0:00:00                       0:00:00   0:00:00
   Ended : Thursday, December 21, 2023 9:40:22 PM


-------------------------------------------------------------------------------
   ROBOCOPY     ::     Robust File Copy for Windows                              
-------------------------------------------------------------------------------

  Started : Thursday, December 21, 2023 9:45:43 PM
   Source : I:\NavyFedApi\
     Dest : E:\realtime_backups\NavyFedApi\

    Files : *.*
	    
  Options : *.* /S /E /DCOPY:DA /COPY:DAT /PURGE /MIR /MT:8 /R:1000000 /W:30 

------------------------------------------------------------------------------


------------------------------------------------------------------------------

               Total    Copied   Skipped  Mismatch    FAILED    Extras
    Dirs :        25        25        25         0         0         0
   Files :        34         0        34         0         0         0
   Bytes :    37.2 k         0    37.2 k         0         0         0
   Times :   0:00:00   0:00:00                       0:00:00   0:00:00
   Ended : Thursday, December 21, 2023 9:45:43 PM


-------------------------------------------------------------------------------
   ROBOCOPY     ::     Robust File Copy for Windows                              
-------------------------------------------------------------------------------

  Started : Thursday, December 21, 2023 9:51:04 PM
   Source : I:\NavyFedApi\
     Dest : E:\realtime_backups\NavyFedApi\

    Files : *.*
	    
  Options : *.* /S /E /DCOPY:DA /COPY:DAT /PURGE /MIR /MT:8 /R:1000000 /W:30 

------------------------------------------------------------------------------


------------------------------------------------------------------------------

               Total    Copied   Skipped  Mismatch    FAILED    Extras
    Dirs :        25        25        25         0         0         0
   Files :        34         0        34         0         0         0
   Bytes :    37.2 k         0    37.2 k         0         0         0
   Times :   0:00:00   0:00:00                       0:00:00   0:00:00
   Ended : Thursday, December 21, 2023 9:51:04 PM


-------------------------------------------------------------------------------
   ROBOCOPY     ::     Robust File Copy for Windows                              
-------------------------------------------------------------------------------

  Started : Thursday, December 21, 2023 9:56:45 PM
   Source : I:\NavyFedApi\
     Dest : E:\realtime_backups\NavyFedApi\

    Files : *.*
	    
  Options : *.* /S /E /DCOPY:DA /COPY:DAT /PURGE /MIR /MT:8 /R:1000000 /W:30 

------------------------------------------------------------------------------


------------------------------------------------------------------------------

               Total    Copied   Skipped  Mismatch    FAILED    Extras
    Dirs :        25        25        25         0         0         0
   Files :        34         0        34         0         0         0
   Bytes :    37.2 k         0    37.2 k         0         0         0
   Times :   0:00:00   0:00:00                       0:00:00   0:00:00
   Ended : Thursday, December 21, 2023 9:56:45 PM


-------------------------------------------------------------------------------
   ROBOCOPY     ::     Robust File Copy for Windows                              
-------------------------------------------------------------------------------

  Started : Thursday, December 21, 2023 10:02:06 PM
   Source : I:\NavyFedApi\
     Dest : E:\realtime_backups\NavyFedApi\

    Files : *.*
	    
  Options : *.* /S /E /DCOPY:DA /COPY:DAT /PURGE /MIR /MT:8 /R:1000000 /W:30 

------------------------------------------------------------------------------


------------------------------------------------------------------------------

               Total    Copied   Skipped  Mismatch    FAILED    Extras
    Dirs :        25        25        25         0         0         0
   Files :        34         0        34         0         0         0
   Bytes :    37.2 k         0    37.2 k         0         0         0
   Times :   0:00:00   0:00:00                       0:00:00   0:00:00
   Ended : Thursday, December 21, 2023 10:02:06 PM


-------------------------------------------------------------------------------
   ROBOCOPY     ::     Robust File Copy for Windows                              
-------------------------------------------------------------------------------

  Started : Thursday, December 21, 2023 10:08:05 PM
   Source : I:\NavyFedApi\
     Dest : E:\realtime_backups\NavyFedApi\

    Files : *.*
	    
  Options : *.* /S /E /DCOPY:DA /COPY:DAT /PURGE /MIR /MT:8 /R:1000000 /W:30 

------------------------------------------------------------------------------


------------------------------------------------------------------------------

               Total    Copied   Skipped  Mismatch    FAILED    Extras
    Dirs :        25        25        25         0         0         0
   Files :        34         0        34         0         0         0
   Bytes :    37.2 k         0    37.2 k         0         0         0
   Times :   0:00:00   0:00:00                       0:00:00   0:00:00
   Ended : Thursday, December 21, 2023 10:08:05 PM


-------------------------------------------------------------------------------
   ROBOCOPY     ::     Robust File Copy for Windows                              
-------------------------------------------------------------------------------

  Started : Thursday, December 21, 2023 10:13:26 PM
   Source : I:\NavyFedApi\
     Dest : E:\realtime_backups\NavyFedApi\

    Files : *.*
	    
  Options : *.* /S /E /DCOPY:DA /COPY:DAT /PURGE /MIR /MT:8 /R:1000000 /W:30 

------------------------------------------------------------------------------


------------------------------------------------------------------------------

               Total    Copied   Skipped  Mismatch    FAILED    Extras
    Dirs :        25        25        25         0         0         0
   Files :        34         0        34         0         0         0
   Bytes :    37.2 k         0    37.2 k         0         0         0
   Times :   0:00:00   0:00:00                       0:00:00   0:00:00
   Ended : Thursday, December 21, 2023 10:13:26 PM


-------------------------------------------------------------------------------
   ROBOCOPY     ::     Robust File Copy for Windows                              
-------------------------------------------------------------------------------

  Started : Thursday, December 21, 2023 10:18:47 PM
   Source : I:\NavyFedApi\
     Dest : E:\realtime_backups\NavyFedApi\

    Files : *.*
	    
  Options : *.* /S /E /DCOPY:DA /COPY:DAT /PURGE /MIR /MT:8 /R:1000000 /W:30 

------------------------------------------------------------------------------


------------------------------------------------------------------------------

               Total    Copied   Skipped  Mismatch    FAILED    Extras
    Dirs :        25        25        25         0         0         0
   Files :        34         0        34         0         0         0
   Bytes :    37.2 k         0    37.2 k         0         0         0
   Times :   0:00:00   0:00:00                       0:00:00   0:00:00
   Ended : Thursday, December 21, 2023 10:18:47 PM


-------------------------------------------------------------------------------
   ROBOCOPY     ::     Robust File Copy for Windows                              
-------------------------------------------------------------------------------

  Started : Thursday, December 21, 2023 10:24:08 PM
   Source : I:\NavyFedApi\
     Dest : E:\realtime_backups\NavyFedApi\

    Files : *.*
	    
  Options : *.* /S /E /DCOPY:DA /COPY:DAT /PURGE /MIR /MT:8 /R:1000000 /W:30 

------------------------------------------------------------------------------


------------------------------------------------------------------------------

               Total    Copied   Skipped  Mismatch    FAILED    Extras
    Dirs :        25        25        25         0         0         0
   Files :        34         0        34         0         0         0
   Bytes :    37.2 k         0    37.2 k         0         0         0
   Times :   0:00:00   0:00:00                       0:00:00   0:00:00
   Ended : Thursday, December 21, 2023 10:24:08 PM


-------------------------------------------------------------------------------
   ROBOCOPY     ::     Robust File Copy for Windows                              
-------------------------------------------------------------------------------

  Started : Thursday, December 21, 2023 10:29:29 PM
   Source : I:\NavyFedApi\
     Dest : E:\realtime_backups\NavyFedApi\

    Files : *.*
	    
  Options : *.* /S /E /DCOPY:DA /COPY:DAT /PURGE /MIR /MT:8 /R:1000000 /W:30 

------------------------------------------------------------------------------


------------------------------------------------------------------------------

               Total    Copied   Skipped  Mismatch    FAILED    Extras
    Dirs :        25        25        25         0         0         0
   Files :        34         0        34         0         0         0
   Bytes :    37.2 k         0    37.2 k         0         0         0
   Times :   0:00:00   0:00:00                       0:00:00   0:00:00
   Ended : Thursday, December 21, 2023 10:29:29 PM


-------------------------------------------------------------------------------
   ROBOCOPY     ::     Robust File Copy for Windows                              
-------------------------------------------------------------------------------

  Started : Thursday, December 21, 2023 10:34:51 PM
   Source : I:\NavyFedApi\
     Dest : E:\realtime_backups\NavyFedApi\

    Files : *.*
	    
  Options : *.* /S /E /DCOPY:DA /COPY:DAT /PURGE /MIR /MT:8 /R:1000000 /W:30 

------------------------------------------------------------------------------


------------------------------------------------------------------------------

               Total    Copied   Skipped  Mismatch    FAILED    Extras
    Dirs :        25        25        25         0         0         0
   Files :        34         0        34         0         0         0
   Bytes :    37.2 k         0    37.2 k         0         0         0
   Times :   0:00:00   0:00:00                       0:00:00   0:00:00
   Ended : Thursday, December 21, 2023 10:34:51 PM


-------------------------------------------------------------------------------
   ROBOCOPY     ::     Robust File Copy for Windows                              
-------------------------------------------------------------------------------

  Started : Thursday, December 21, 2023 10:40:11 PM
   Source : I:\NavyFedApi\
     Dest : E:\realtime_backups\NavyFedApi\

    Files : *.*
	    
  Options : *.* /S /E /DCOPY:DA /COPY:DAT /PURGE /MIR /MT:8 /R:1000000 /W:30 

------------------------------------------------------------------------------


------------------------------------------------------------------------------

               Total    Copied   Skipped  Mismatch    FAILED    Extras
    Dirs :        25        25        25         0         0         0
   Files :        34         0        34         0         0         0
   Bytes :    37.2 k         0    37.2 k         0         0         0
   Times :   0:00:00   0:00:00                       0:00:00   0:00:00
   Ended : Thursday, December 21, 2023 10:40:11 PM


-------------------------------------------------------------------------------
   ROBOCOPY     ::     Robust File Copy for Windows                              
-------------------------------------------------------------------------------

  Started : Thursday, December 21, 2023 10:45:33 PM
   Source : I:\NavyFedApi\
     Dest : E:\realtime_backups\NavyFedApi\

    Files : *.*
	    
  Options : *.* /S /E /DCOPY:DA /COPY:DAT /PURGE /MIR /MT:8 /R:1000000 /W:30 

------------------------------------------------------------------------------


------------------------------------------------------------------------------

               Total    Copied   Skipped  Mismatch    FAILED    Extras
    Dirs :        25        25        25         0         0         0
   Files :        34         0        34         0         0         0
   Bytes :    37.2 k         0    37.2 k         0         0         0
   Times :   0:00:00   0:00:00                       0:00:00   0:00:00
   Ended : Thursday, December 21, 2023 10:45:33 PM


-------------------------------------------------------------------------------
   ROBOCOPY     ::     Robust File Copy for Windows                              
-------------------------------------------------------------------------------

  Started : Thursday, December 21, 2023 10:51:10 PM
   Source : I:\NavyFedApi\
     Dest : E:\realtime_backups\NavyFedApi\

    Files : *.*
	    
  Options : *.* /S /E /DCOPY:DA /COPY:DAT /PURGE /MIR /MT:8 /R:1000000 /W:30 

------------------------------------------------------------------------------


------------------------------------------------------------------------------

               Total    Copied   Skipped  Mismatch    FAILED    Extras
    Dirs :        25        25        25         0         0         0
   Files :        34         0        34         0         0         0
   Bytes :    37.2 k         0    37.2 k         0         0         0
   Times :   0:00:00   0:00:00                       0:00:00   0:00:00
   Ended : Thursday, December 21, 2023 10:51:10 PM


-------------------------------------------------------------------------------
   ROBOCOPY     ::     Robust File Copy for Windows                              
-------------------------------------------------------------------------------

  Started : Thursday, December 21, 2023 10:56:31 PM
   Source : I:\NavyFedApi\
     Dest : E:\realtime_backups\NavyFedApi\

    Files : *.*
	    
  Options : *.* /S /E /DCOPY:DA /COPY:DAT /PURGE /MIR /MT:8 /R:1000000 /W:30 

------------------------------------------------------------------------------


------------------------------------------------------------------------------

               Total    Copied   Skipped  Mismatch    FAILED    Extras
    Dirs :        25        25        25         0         0         0
   Files :        34         0        34         0         0         0
   Bytes :    37.2 k         0    37.2 k         0         0         0
   Times :   0:00:00   0:00:00                       0:00:00   0:00:00
   Ended : Thursday, December 21, 2023 10:56:31 PM


-------------------------------------------------------------------------------
   ROBOCOPY     ::     Robust File Copy for Windows                              
-------------------------------------------------------------------------------

  Started : Thursday, December 21, 2023 11:01:52 PM
   Source : I:\NavyFedApi\
     Dest : E:\realtime_backups\NavyFedApi\

    Files : *.*
	    
  Options : *.* /S /E /DCOPY:DA /COPY:DAT /PURGE /MIR /MT:8 /R:1000000 /W:30 

------------------------------------------------------------------------------


------------------------------------------------------------------------------

               Total    Copied   Skipped  Mismatch    FAILED    Extras
    Dirs :        25        25        25         0         0         0
   Files :        34         0        34         0         0         0
   Bytes :    37.2 k         0    37.2 k         0         0         0
   Times :   0:00:00   0:00:00                       0:00:00   0:00:00
   Ended : Thursday, December 21, 2023 11:01:52 PM


-------------------------------------------------------------------------------
   ROBOCOPY     ::     Robust File Copy for Windows                              
-------------------------------------------------------------------------------

  Started : Thursday, December 21, 2023 11:07:18 PM
   Source : I:\NavyFedApi\
     Dest : E:\realtime_backups\NavyFedApi\

    Files : *.*
	    
  Options : *.* /S /E /DCOPY:DA /COPY:DAT /PURGE /MIR /MT:8 /R:1000000 /W:30 

------------------------------------------------------------------------------


------------------------------------------------------------------------------

               Total    Copied   Skipped  Mismatch    FAILED    Extras
    Dirs :        25        25        25         0         0         0
   Files :        34         0        34         0         0         0
   Bytes :    37.2 k         0    37.2 k         0         0         0
   Times :   0:00:00   0:00:00                       0:00:00   0:00:00
   Ended : Thursday, December 21, 2023 11:07:18 PM


-------------------------------------------------------------------------------
   ROBOCOPY     ::     Robust File Copy for Windows                              
-------------------------------------------------------------------------------

  Started : Thursday, December 21, 2023 11:12:41 PM
   Source : I:\NavyFedApi\
     Dest : E:\realtime_backups\NavyFedApi\

    Files : *.*
	    
  Options : *.* /S /E /DCOPY:DA /COPY:DAT /PURGE /MIR /MT:8 /R:1000000 /W:30 

------------------------------------------------------------------------------


------------------------------------------------------------------------------

               Total    Copied   Skipped  Mismatch    FAILED    Extras
    Dirs :        25        25        25         0         0         0
   Files :        34         0        34         0         0         0
   Bytes :    37.2 k         0    37.2 k         0         0         0
   Times :   0:00:00   0:00:00                       0:00:00   0:00:00
   Ended : Thursday, December 21, 2023 11:12:41 PM


-------------------------------------------------------------------------------
   ROBOCOPY     ::     Robust File Copy for Windows                              
-------------------------------------------------------------------------------

  Started : Thursday, December 21, 2023 11:18:04 PM
   Source : I:\NavyFedApi\
     Dest : E:\realtime_backups\NavyFedApi\

    Files : *.*
	    
  Options : *.* /S /E /DCOPY:DA /COPY:DAT /PURGE /MIR /MT:8 /R:1000000 /W:30 

------------------------------------------------------------------------------


------------------------------------------------------------------------------

               Total    Copied   Skipped  Mismatch    FAILED    Extras
    Dirs :        25        25        25         0         0         0
   Files :        34         0        34         0         0         0
   Bytes :    37.2 k         0    37.2 k         0         0         0
   Times :   0:00:00   0:00:00                       0:00:00   0:00:00
   Ended : Thursday, December 21, 2023 11:18:04 PM


-------------------------------------------------------------------------------
   ROBOCOPY     ::     Robust File Copy for Windows                              
-------------------------------------------------------------------------------

  Started : Thursday, December 21, 2023 11:23:48 PM
   Source : I:\NavyFedApi\
     Dest : E:\realtime_backups\NavyFedApi\

    Files : *.*
	    
  Options : *.* /S /E /DCOPY:DA /COPY:DAT /PURGE /MIR /MT:8 /R:1000000 /W:30 

------------------------------------------------------------------------------


------------------------------------------------------------------------------

               Total    Copied   Skipped  Mismatch    FAILED    Extras
    Dirs :        25        25        25         0         0         0
   Files :        34         0        34         0         0         0
   Bytes :    37.2 k         0    37.2 k         0         0         0
   Times :   0:00:00   0:00:00                       0:00:00   0:00:00
   Ended : Thursday, December 21, 2023 11:23:48 PM


-------------------------------------------------------------------------------
   ROBOCOPY     ::     Robust File Copy for Windows                              
-------------------------------------------------------------------------------

  Started : Thursday, December 21, 2023 11:29:25 PM
   Source : I:\NavyFedApi\
     Dest : E:\realtime_backups\NavyFedApi\

    Files : *.*
	    
  Options : *.* /S /E /DCOPY:DA /COPY:DAT /PURGE /MIR /MT:8 /R:1000000 /W:30 

------------------------------------------------------------------------------


------------------------------------------------------------------------------

               Total    Copied   Skipped  Mismatch    FAILED    Extras
    Dirs :        25        25        25         0         0         0
   Files :        34         0        34         0         0         0
   Bytes :    37.2 k         0    37.2 k         0         0         0
   Times :   0:00:00   0:00:00                       0:00:00   0:00:00
   Ended : Thursday, December 21, 2023 11:29:25 PM


-------------------------------------------------------------------------------
   ROBOCOPY     ::     Robust File Copy for Windows                              
-------------------------------------------------------------------------------

  Started : Thursday, December 21, 2023 11:35:09 PM
   Source : I:\NavyFedApi\
     Dest : E:\realtime_backups\NavyFedApi\

    Files : *.*
	    
  Options : *.* /S /E /DCOPY:DA /COPY:DAT /PURGE /MIR /MT:8 /R:1000000 /W:30 

------------------------------------------------------------------------------


------------------------------------------------------------------------------

               Total    Copied   Skipped  Mismatch    FAILED    Extras
    Dirs :        25        25        25         0         0         0
   Files :        34         0        34         0         0         0
   Bytes :    37.2 k         0    37.2 k         0         0         0
   Times :   0:00:00   0:00:00                       0:00:00   0:00:00
   Ended : Thursday, December 21, 2023 11:35:09 PM


-------------------------------------------------------------------------------
   ROBOCOPY     ::     Robust File Copy for Windows                              
-------------------------------------------------------------------------------

  Started : Thursday, December 21, 2023 11:40:56 PM
   Source : I:\NavyFedApi\
     Dest : E:\realtime_backups\NavyFedApi\

    Files : *.*
	    
  Options : *.* /S /E /DCOPY:DA /COPY:DAT /PURGE /MIR /MT:8 /R:1000000 /W:30 

------------------------------------------------------------------------------


------------------------------------------------------------------------------

               Total    Copied   Skipped  Mismatch    FAILED    Extras
    Dirs :        25        25        25         0         0         0
   Files :        34         0        34         0         0         0
   Bytes :    37.2 k         0    37.2 k         0         0         0
   Times :   0:00:00   0:00:00                       0:00:00   0:00:00
   Ended : Thursday, December 21, 2023 11:40:56 PM


-------------------------------------------------------------------------------
   ROBOCOPY     ::     Robust File Copy for Windows                              
-------------------------------------------------------------------------------

  Started : Thursday, December 21, 2023 11:46:27 PM
   Source : I:\NavyFedApi\
     Dest : E:\realtime_backups\NavyFedApi\

    Files : *.*
	    
  Options : *.* /S /E /DCOPY:DA /COPY:DAT /PURGE /MIR /MT:8 /R:1000000 /W:30 

------------------------------------------------------------------------------


------------------------------------------------------------------------------

               Total    Copied   Skipped  Mismatch    FAILED    Extras
    Dirs :        25        25        25         0         0         0
   Files :        34         0        34         0         0         0
   Bytes :    37.2 k         0    37.2 k         0         0         0
   Times :   0:00:00   0:00:00                       0:00:00   0:00:00
   Ended : Thursday, December 21, 2023 11:46:27 PM


-------------------------------------------------------------------------------
   ROBOCOPY     ::     Robust File Copy for Windows                              
-------------------------------------------------------------------------------

  Started : Thursday, December 21, 2023 11:51:50 PM
   Source : I:\NavyFedApi\
     Dest : E:\realtime_backups\NavyFedApi\

    Files : *.*
	    
  Options : *.* /S /E /DCOPY:DA /COPY:DAT /PURGE /MIR /MT:8 /R:1000000 /W:30 

------------------------------------------------------------------------------


------------------------------------------------------------------------------

               Total    Copied   Skipped  Mismatch    FAILED    Extras
    Dirs :        25        25        25         0         0         0
   Files :        34         0        34         0         0         0
   Bytes :    37.2 k         0    37.2 k         0         0         0
   Times :   0:00:00   0:00:00                       0:00:00   0:00:00
   Ended : Thursday, December 21, 2023 11:51:50 PM


-------------------------------------------------------------------------------
   ROBOCOPY     ::     Robust File Copy for Windows                              
-------------------------------------------------------------------------------

  Started : Thursday, December 21, 2023 11:57:40 PM
   Source : I:\NavyFedApi\
     Dest : E:\realtime_backups\NavyFedApi\

    Files : *.*
	    
  Options : *.* /S /E /DCOPY:DA /COPY:DAT /PURGE /MIR /MT:8 /R:1000000 /W:30 

------------------------------------------------------------------------------


------------------------------------------------------------------------------

               Total    Copied   Skipped  Mismatch    FAILED    Extras
    Dirs :        25        25        25         0         0         0
   Files :        34         0        34         0         0         0
   Bytes :    37.2 k         0    37.2 k         0         0         0
   Times :   0:00:00   0:00:00                       0:00:00   0:00:00
   Ended : Thursday, December 21, 2023 11:57:40 PM

