
-------------------------------------------------------------------------------
   ROBOCOPY     ::     Robust File Copy for Windows                              
-------------------------------------------------------------------------------

  Started : Thursday, December 14, 2023 10:04:06 AM
   Source : I:\android\
     Dest : E:\realtime_backups\android\

    Files : *.*
	    
  Options : *.* /S /E /DCOPY:DA /COPY:DAT /PURGE /MIR /MT:8 /R:1000000 /W:30 

------------------------------------------------------------------------------


------------------------------------------------------------------------------

               Total    Copied   Skipped  Mismatch    FAILED    Extras
    Dirs :      2600      2600      2600         0         0         0
   Files :      9429         0      9427         0         0         0
   Bytes :   1.221 g         0   1.221 g         0         0         0
   Times :   0:00:00   0:00:00                       0:00:00   0:00:00
   Ended : Thursday, December 14, 2023 10:04:07 AM


-------------------------------------------------------------------------------
   ROBOCOPY     ::     Robust File Copy for Windows                              
-------------------------------------------------------------------------------

  Started : Thursday, December 14, 2023 10:05:08 AM
   Source : I:\android\
     Dest : E:\realtime_backups\android\

    Files : *.*
	    
  Options : *.* /S /E /DCOPY:DA /COPY:DAT /PURGE /MIR /MT:8 /R:1000000 /W:30 

------------------------------------------------------------------------------

	    Older     		       9	I:\android\APKs\planner\11.22.2023\version.txt100%  

------------------------------------------------------------------------------

               Total    Copied   Skipped  Mismatch    FAILED    Extras
    Dirs :      2600      2600      2600         0         0         0
   Files :      9423         1      9426         0         0         0
   Bytes :   1.221 g         9   1.221 g         0         0         0
   Times :   0:00:00   0:00:00                       0:00:00   0:00:00
   Ended : Thursday, December 14, 2023 10:05:08 AM


-------------------------------------------------------------------------------
   ROBOCOPY     ::     Robust File Copy for Windows                              
-------------------------------------------------------------------------------

  Started : Thursday, December 14, 2023 10:10:36 AM
   Source : I:\android\
     Dest : E:\realtime_backups\android\

    Files : *.*
	    
  Options : *.* /S /E /DCOPY:DA /COPY:DAT /PURGE /MIR /MT:8 /R:1000000 /W:30 

------------------------------------------------------------------------------


------------------------------------------------------------------------------

               Total    Copied   Skipped  Mismatch    FAILED    Extras
    Dirs :      2600      2600      2600         0         0         0
   Files :      9429         0      9427         0         0         0
   Bytes :   1.221 g         0   1.221 g         0         0         0
   Times :   0:00:00   0:00:00                       0:00:00   0:00:00
   Ended : Thursday, December 14, 2023 10:10:36 AM


-------------------------------------------------------------------------------
   ROBOCOPY     ::     Robust File Copy for Windows                              
-------------------------------------------------------------------------------

  Started : Thursday, December 14, 2023 10:15:56 AM
   Source : I:\android\
     Dest : E:\realtime_backups\android\

    Files : *.*
	    
  Options : *.* /S /E /DCOPY:DA /COPY:DAT /PURGE /MIR /MT:8 /R:1000000 /W:30 

------------------------------------------------------------------------------


------------------------------------------------------------------------------

               Total    Copied   Skipped  Mismatch    FAILED    Extras
    Dirs :      2600      2600      2600         0         0         0
   Files :      9420         0      9419         0         0         0
   Bytes :   1.221 g         0   1.221 g         0         0         0
   Times :   0:00:00   0:00:00                       0:00:00   0:00:00
   Ended : Thursday, December 14, 2023 10:15:57 AM


-------------------------------------------------------------------------------
   ROBOCOPY     ::     Robust File Copy for Windows                              
-------------------------------------------------------------------------------

  Started : Thursday, December 14, 2023 10:21:17 AM
   Source : I:\android\
     Dest : E:\realtime_backups\android\

    Files : *.*
	    
  Options : *.* /S /E /DCOPY:DA /COPY:DAT /PURGE /MIR /MT:8 /R:1000000 /W:30 

------------------------------------------------------------------------------


------------------------------------------------------------------------------

               Total    Copied   Skipped  Mismatch    FAILED    Extras
    Dirs :      2600      2600      2600         0         0         0
   Files :      9416         0      9420         0         0         0
   Bytes :   1.221 g         0   1.221 g         0         0         0
   Times :   0:00:00   0:00:00                       0:00:00   0:00:00
   Ended : Thursday, December 14, 2023 10:21:17 AM


-------------------------------------------------------------------------------
   ROBOCOPY     ::     Robust File Copy for Windows                              
-------------------------------------------------------------------------------

  Started : Thursday, December 14, 2023 10:26:38 AM
   Source : I:\android\
     Dest : E:\realtime_backups\android\

    Files : *.*
	    
  Options : *.* /S /E /DCOPY:DA /COPY:DAT /PURGE /MIR /MT:8 /R:1000000 /W:30 

------------------------------------------------------------------------------


------------------------------------------------------------------------------

               Total    Copied   Skipped  Mismatch    FAILED    Extras
    Dirs :      2600      2600      2599         0         0         0
   Files :      9428         0      9430         0         0         0
   Bytes :   1.221 g         0   1.221 g         0         0         0
   Times :   0:00:00   0:00:00                       0:00:00   0:00:00
   Ended : Thursday, December 14, 2023 10:26:38 AM


-------------------------------------------------------------------------------
   ROBOCOPY     ::     Robust File Copy for Windows                              
-------------------------------------------------------------------------------

  Started : Thursday, December 14, 2023 10:32:25 AM
   Source : I:\android\
     Dest : E:\realtime_backups\android\

    Files : *.*
	    
  Options : *.* /S /E /DCOPY:DA /COPY:DAT /PURGE /MIR /MT:8 /R:1000000 /W:30 

------------------------------------------------------------------------------


------------------------------------------------------------------------------

               Total    Copied   Skipped  Mismatch    FAILED    Extras
    Dirs :      2600      2600      2600         0         0         0
   Files :      9429         0      9429         0         0         0
   Bytes :   1.221 g         0   1.221 g         0         0         0
   Times :   0:00:00   0:00:00                       0:00:00   0:00:00
   Ended : Thursday, December 14, 2023 10:32:26 AM


-------------------------------------------------------------------------------
   ROBOCOPY     ::     Robust File Copy for Windows                              
-------------------------------------------------------------------------------

  Started : Thursday, December 14, 2023 10:37:46 AM
   Source : I:\android\
     Dest : E:\realtime_backups\android\

    Files : *.*
	    
  Options : *.* /S /E /DCOPY:DA /COPY:DAT /PURGE /MIR /MT:8 /R:1000000 /W:30 

------------------------------------------------------------------------------


------------------------------------------------------------------------------

               Total    Copied   Skipped  Mismatch    FAILED    Extras
    Dirs :      2600      2600      2600         0         0         0
   Files :      9429         0      9428         0         0         0
   Bytes :   1.221 g         0   1.221 g         0         0         0
   Times :   0:00:00   0:00:00                       0:00:00   0:00:00
   Ended : Thursday, December 14, 2023 10:37:46 AM


-------------------------------------------------------------------------------
   ROBOCOPY     ::     Robust File Copy for Windows                              
-------------------------------------------------------------------------------

  Started : Thursday, December 14, 2023 10:43:34 AM
   Source : I:\android\
     Dest : E:\realtime_backups\android\

    Files : *.*
	    
  Options : *.* /S /E /DCOPY:DA /COPY:DAT /PURGE /MIR /MT:8 /R:1000000 /W:30 

------------------------------------------------------------------------------


------------------------------------------------------------------------------

               Total    Copied   Skipped  Mismatch    FAILED    Extras
    Dirs :      2600      2600      2600         0         0         0
   Files :      9429         0      9428         0         0         0
   Bytes :   1.221 g         0   1.221 g         0         0         0
   Times :   0:00:00   0:00:00                       0:00:00   0:00:00
   Ended : Thursday, December 14, 2023 10:43:34 AM


-------------------------------------------------------------------------------
   ROBOCOPY     ::     Robust File Copy for Windows                              
-------------------------------------------------------------------------------

  Started : Thursday, December 14, 2023 10:48:55 AM
   Source : I:\android\
     Dest : E:\realtime_backups\android\

    Files : *.*
	    
  Options : *.* /S /E /DCOPY:DA /COPY:DAT /PURGE /MIR /MT:8 /R:1000000 /W:30 

------------------------------------------------------------------------------


------------------------------------------------------------------------------

               Total    Copied   Skipped  Mismatch    FAILED    Extras
    Dirs :      2600      2600      2600         0         0         0
   Files :      9428         0      9428         0         0         0
   Bytes :   1.221 g         0   1.221 g         0         0         0
   Times :   0:00:00   0:00:00                       0:00:00   0:00:00
   Ended : Thursday, December 14, 2023 10:48:55 AM

