
-------------------------------------------------------------------------------
   ROBOCOPY     ::     Robust File Copy for Windows                              
-------------------------------------------------------------------------------

  Started : Sunday, January 21, 2024 1:19:43 PM
   Source : J:\assembly\
     Dest : E:\monthly_backups\Jan\assembly\

    Files : *.*
	    
  Options : *.* /S /E /DCOPY:DA /COPY:DAT /PURGE /MIR /MT:8 /R:1000000 /W:30 

------------------------------------------------------------------------------

	    Older     		      -1	J:\assembly\source.asm  0%  100%  

------------------------------------------------------------------------------

               Total    Copied   Skipped  Mismatch    FAILED    Extras
    Dirs :        81        81        81         0         0         0
   Files :       115         1       114         0         0         0
   Bytes :   498.1 k        -1   498.1 k         0         0         0
   Times :   0:00:00   0:00:00                       0:00:00   0:00:00
   Ended : Sunday, January 21, 2024 1:19:43 PM


-------------------------------------------------------------------------------
   ROBOCOPY     ::     Robust File Copy for Windows                              
-------------------------------------------------------------------------------

  Started : Sunday, January 21, 2024 1:20:23 PM
   Source : J:\assembly\
     Dest : E:\realtime_backups\assembly\

    Files : *.*
	    
  Options : *.* /S /E /DCOPY:DA /COPY:DAT /PURGE /MIR /MT:8 /R:1000000 /W:30 

------------------------------------------------------------------------------

	    Older     		      -1	J:\assembly\source.asm100%  

------------------------------------------------------------------------------

               Total    Copied   Skipped  Mismatch    FAILED    Extras
    Dirs :        81        81        81         0         0         0
   Files :       115         1       114         0         0         0
   Bytes :   498.1 k        -1   498.1 k         0         0         0
   Times :   0:00:00   0:00:00                       0:00:00   0:00:00
   Ended : Sunday, January 21, 2024 1:20:23 PM


-------------------------------------------------------------------------------
   ROBOCOPY     ::     Robust File Copy for Windows                              
-------------------------------------------------------------------------------

  Started : Sunday, January 21, 2024 1:25:44 PM
   Source : J:\assembly\
     Dest : E:\realtime_backups\assembly\

    Files : *.*
	    
  Options : *.* /S /E /DCOPY:DA /COPY:DAT /PURGE /MIR /MT:8 /R:1000000 /W:30 

------------------------------------------------------------------------------

	    Older     		      -1	J:\assembly\source.asm100%  

------------------------------------------------------------------------------

               Total    Copied   Skipped  Mismatch    FAILED    Extras
    Dirs :        81        81        81         0         0         0
   Files :       115         1       114         0         0         0
   Bytes :   498.1 k        -1   498.1 k         0         0         0
   Times :   0:00:00   0:00:00                       0:00:00   0:00:00
   Ended : Sunday, January 21, 2024 1:25:44 PM


-------------------------------------------------------------------------------
   ROBOCOPY     ::     Robust File Copy for Windows                              
-------------------------------------------------------------------------------

  Started : Sunday, January 21, 2024 1:31:05 PM
   Source : J:\assembly\
     Dest : E:\realtime_backups\assembly\

    Files : *.*
	    
  Options : *.* /S /E /DCOPY:DA /COPY:DAT /PURGE /MIR /MT:8 /R:1000000 /W:30 

------------------------------------------------------------------------------

	    Older     		      -1	J:\assembly\source.asm100%  

------------------------------------------------------------------------------

               Total    Copied   Skipped  Mismatch    FAILED    Extras
    Dirs :        81        81        81         0         0         0
   Files :       115         1       114         0         0         0
   Bytes :   498.1 k        -1   498.1 k         0         0         0
   Times :   0:00:00   0:00:00                       0:00:00   0:00:00
   Ended : Sunday, January 21, 2024 1:31:05 PM

