
-------------------------------------------------------------------------------
   ROBOCOPY     ::     Robust File Copy for Windows                              
-------------------------------------------------------------------------------

  Started : Sunday, January 21, 2024 1:19:45 PM
   Source : J:\zig\
     Dest : E:\monthly_backups\Jan\zig\

    Files : *.*
	    
  Options : *.* /S /E /DCOPY:DA /COPY:DAT /PURGE /MIR /MT:8 /R:1000000 /W:30 

------------------------------------------------------------------------------

	    Older     		      -1	J:\zig\source.zig100%  

------------------------------------------------------------------------------

               Total    Copied   Skipped  Mismatch    FAILED    Extras
    Dirs :        95        95        95         0         0         0
   Files :       136         1       135         0         0         0
   Bytes :  253.33 m        -1  253.33 m         0         0         0
   Times :   0:00:00   0:00:00                       0:00:00   0:00:00
   Ended : Sunday, January 21, 2024 1:19:45 PM


-------------------------------------------------------------------------------
   ROBOCOPY     ::     Robust File Copy for Windows                              
-------------------------------------------------------------------------------

  Started : Sunday, January 21, 2024 1:20:23 PM
   Source : J:\zig\
     Dest : E:\realtime_backups\zig\

    Files : *.*
	    
  Options : *.* /S /E /DCOPY:DA /COPY:DAT /PURGE /MIR /MT:8 /R:1000000 /W:30 

------------------------------------------------------------------------------

	    Older     		      -1	J:\zig\source.zig100%  

------------------------------------------------------------------------------

               Total    Copied   Skipped  Mismatch    FAILED    Extras
    Dirs :        95        95        95         0         0         0
   Files :       136         1       135         0         0         0
   Bytes :  253.33 m        -1  253.33 m         0         0         0
   Times :   0:00:00   0:00:00                       0:00:00   0:00:00
   Ended : Sunday, January 21, 2024 1:20:23 PM


-------------------------------------------------------------------------------
   ROBOCOPY     ::     Robust File Copy for Windows                              
-------------------------------------------------------------------------------

  Started : Sunday, January 21, 2024 1:25:45 PM
   Source : J:\zig\
     Dest : E:\realtime_backups\zig\

    Files : *.*
	    
  Options : *.* /S /E /DCOPY:DA /COPY:DAT /PURGE /MIR /MT:8 /R:1000000 /W:30 

------------------------------------------------------------------------------

	    Older     		      -1	J:\zig\source.zig100%  

------------------------------------------------------------------------------

               Total    Copied   Skipped  Mismatch    FAILED    Extras
    Dirs :        95        95        95         0         0         0
   Files :       136         1       135         0         0         0
   Bytes :  253.33 m        -1  253.33 m         0         0         0
   Times :   0:00:00   0:00:00                       0:00:00   0:00:00
   Ended : Sunday, January 21, 2024 1:25:45 PM


-------------------------------------------------------------------------------
   ROBOCOPY     ::     Robust File Copy for Windows                              
-------------------------------------------------------------------------------

  Started : Sunday, January 21, 2024 1:31:06 PM
   Source : J:\zig\
     Dest : E:\realtime_backups\zig\

    Files : *.*
	    
  Options : *.* /S /E /DCOPY:DA /COPY:DAT /PURGE /MIR /MT:8 /R:1000000 /W:30 

------------------------------------------------------------------------------

	    Older     		      -1	J:\zig\source.zig100%  

------------------------------------------------------------------------------

               Total    Copied   Skipped  Mismatch    FAILED    Extras
    Dirs :        95        95        95         0         0         0
   Files :       136         1       135         0         0         0
   Bytes :  253.33 m        -1  253.33 m         0         0         0
   Times :   0:00:00   0:00:00                       0:00:00   0:00:00
   Ended : Sunday, January 21, 2024 1:31:06 PM

