
-------------------------------------------------------------------------------
   ROBOCOPY     ::     Robust File Copy for Windows                              
-------------------------------------------------------------------------------

  Started : Saturday, December 16, 2023 12:02:54 AM
   Source : I:\android\
     Dest : E:\realtime_backups\android\

    Files : *.*
	    
  Options : *.* /S /E /DCOPY:DA /COPY:DAT /PURGE /MIR /MT:8 /R:1000000 /W:30 

------------------------------------------------------------------------------


------------------------------------------------------------------------------

               Total    Copied   Skipped  Mismatch    FAILED    Extras
    Dirs :      2600      2600      2600         0         0         0
   Files :      9433         0      9431         0         0         0
   Bytes :   1.221 g         0   1.221 g         0         0         0
   Times :   0:00:00   0:00:00                       0:00:00   0:00:00
   Ended : Saturday, December 16, 2023 12:02:54 AM


-------------------------------------------------------------------------------
   ROBOCOPY     ::     Robust File Copy for Windows                              
-------------------------------------------------------------------------------

  Started : Saturday, December 16, 2023 12:08:42 AM
   Source : I:\android\
     Dest : E:\realtime_backups\android\

    Files : *.*
	    
  Options : *.* /S /E /DCOPY:DA /COPY:DAT /PURGE /MIR /MT:8 /R:1000000 /W:30 

------------------------------------------------------------------------------


------------------------------------------------------------------------------

               Total    Copied   Skipped  Mismatch    FAILED    Extras
    Dirs :      2600      2600      2600         0         0         0
   Files :      9431         0      9431         0         0         0
   Bytes :   1.221 g         0   1.221 g         0         0         0
   Times :   0:00:00   0:00:00                       0:00:00   0:00:00
   Ended : Saturday, December 16, 2023 12:08:42 AM


-------------------------------------------------------------------------------
   ROBOCOPY     ::     Robust File Copy for Windows                              
-------------------------------------------------------------------------------

  Started : Saturday, December 16, 2023 12:14:03 AM
   Source : I:\android\
     Dest : E:\realtime_backups\android\

    Files : *.*
	    
  Options : *.* /S /E /DCOPY:DA /COPY:DAT /PURGE /MIR /MT:8 /R:1000000 /W:30 

------------------------------------------------------------------------------


------------------------------------------------------------------------------

               Total    Copied   Skipped  Mismatch    FAILED    Extras
    Dirs :      2600      2600      2600         0         0         0
   Files :      9419         0      9424         0         0         0
   Bytes :   1.221 g         0   1.221 g         0         0         0
   Times :   0:00:00   0:00:00                       0:00:00   0:00:00
   Ended : Saturday, December 16, 2023 12:14:03 AM


-------------------------------------------------------------------------------
   ROBOCOPY     ::     Robust File Copy for Windows                              
-------------------------------------------------------------------------------

  Started : Saturday, December 16, 2023 12:19:24 AM
   Source : I:\android\
     Dest : E:\realtime_backups\android\

    Files : *.*
	    
  Options : *.* /S /E /DCOPY:DA /COPY:DAT /PURGE /MIR /MT:8 /R:1000000 /W:30 

------------------------------------------------------------------------------


------------------------------------------------------------------------------

               Total    Copied   Skipped  Mismatch    FAILED    Extras
    Dirs :      2600      2600      2600         0         0         0
   Files :      9423         0      9416         0         0         0
   Bytes :   1.221 g         0   1.221 g         0         0         0
   Times :   0:00:00   0:00:00                       0:00:00   0:00:00
   Ended : Saturday, December 16, 2023 12:19:24 AM


-------------------------------------------------------------------------------
   ROBOCOPY     ::     Robust File Copy for Windows                              
-------------------------------------------------------------------------------

  Started : Saturday, December 16, 2023 12:24:45 AM
   Source : I:\android\
     Dest : E:\realtime_backups\android\

    Files : *.*
	    
  Options : *.* /S /E /DCOPY:DA /COPY:DAT /PURGE /MIR /MT:8 /R:1000000 /W:30 

------------------------------------------------------------------------------


------------------------------------------------------------------------------

               Total    Copied   Skipped  Mismatch    FAILED    Extras
    Dirs :      2600      2600      2600         0         0         0
   Files :      9418         0      9420         0         0         0
   Bytes :   1.221 g         0   1.221 g         0         0         0
   Times :   0:00:00   0:00:00                       0:00:00   0:00:00
   Ended : Saturday, December 16, 2023 12:24:45 AM


-------------------------------------------------------------------------------
   ROBOCOPY     ::     Robust File Copy for Windows                              
-------------------------------------------------------------------------------

  Started : Saturday, December 16, 2023 12:30:06 AM
   Source : I:\android\
     Dest : E:\realtime_backups\android\

    Files : *.*
	    
  Options : *.* /S /E /DCOPY:DA /COPY:DAT /PURGE /MIR /MT:8 /R:1000000 /W:30 

------------------------------------------------------------------------------


------------------------------------------------------------------------------

               Total    Copied   Skipped  Mismatch    FAILED    Extras
    Dirs :      2600      2600      2600         0         0         0
   Files :      9430         0      9430         0         0         0
   Bytes :   1.221 g         0   1.221 g         0         0         0
   Times :   0:00:00   0:00:00                       0:00:00   0:00:00
   Ended : Saturday, December 16, 2023 12:30:06 AM


-------------------------------------------------------------------------------
   ROBOCOPY     ::     Robust File Copy for Windows                              
-------------------------------------------------------------------------------

  Started : Saturday, December 16, 2023 12:35:34 AM
   Source : I:\android\
     Dest : E:\realtime_backups\android\

    Files : *.*
	    
  Options : *.* /S /E /DCOPY:DA /COPY:DAT /PURGE /MIR /MT:8 /R:1000000 /W:30 

------------------------------------------------------------------------------


------------------------------------------------------------------------------

               Total    Copied   Skipped  Mismatch    FAILED    Extras
    Dirs :      2600      2600      2600         0         0         0
   Files :      9432         0      9431         0         0         0
   Bytes :   1.221 g         0   1.221 g         0         0         0
   Times :   0:00:00   0:00:00                       0:00:00   0:00:00
   Ended : Saturday, December 16, 2023 12:35:34 AM


-------------------------------------------------------------------------------
   ROBOCOPY     ::     Robust File Copy for Windows                              
-------------------------------------------------------------------------------

  Started : Saturday, December 16, 2023 12:41:22 AM
   Source : I:\android\
     Dest : E:\realtime_backups\android\

    Files : *.*
	    
  Options : *.* /S /E /DCOPY:DA /COPY:DAT /PURGE /MIR /MT:8 /R:1000000 /W:30 

------------------------------------------------------------------------------


------------------------------------------------------------------------------

               Total    Copied   Skipped  Mismatch    FAILED    Extras
    Dirs :      2600      2600      2600         0         0         0
   Files :      9424         0      9423         0         0         0
   Bytes :   1.221 g         0   1.221 g         0         0         0
   Times :   0:00:00   0:00:00                       0:00:00   0:00:00
   Ended : Saturday, December 16, 2023 12:41:22 AM


-------------------------------------------------------------------------------
   ROBOCOPY     ::     Robust File Copy for Windows                              
-------------------------------------------------------------------------------

  Started : Saturday, December 16, 2023 12:46:43 AM
   Source : I:\android\
     Dest : E:\realtime_backups\android\

    Files : *.*
	    
  Options : *.* /S /E /DCOPY:DA /COPY:DAT /PURGE /MIR /MT:8 /R:1000000 /W:30 

------------------------------------------------------------------------------


------------------------------------------------------------------------------

               Total    Copied   Skipped  Mismatch    FAILED    Extras
    Dirs :      2600      2600      2600         0         0         0
   Files :      9419         0      9420         0         0         0
   Bytes :   1.221 g         0   1.221 g         0         0         0
   Times :   0:00:00   0:00:00                       0:00:00   0:00:00
   Ended : Saturday, December 16, 2023 12:46:43 AM


-------------------------------------------------------------------------------
   ROBOCOPY     ::     Robust File Copy for Windows                              
-------------------------------------------------------------------------------

  Started : Saturday, December 16, 2023 12:52:04 AM
   Source : I:\android\
     Dest : E:\realtime_backups\android\

    Files : *.*
	    
  Options : *.* /S /E /DCOPY:DA /COPY:DAT /PURGE /MIR /MT:8 /R:1000000 /W:30 

------------------------------------------------------------------------------


------------------------------------------------------------------------------

               Total    Copied   Skipped  Mismatch    FAILED    Extras
    Dirs :      2600      2600      2600         0         0         0
   Files :      9426         0      9429         0         0         0
   Bytes :   1.221 g         0   1.221 g         0         0         0
   Times :   0:00:00   0:00:00                       0:00:00   0:00:00
   Ended : Saturday, December 16, 2023 12:52:04 AM


-------------------------------------------------------------------------------
   ROBOCOPY     ::     Robust File Copy for Windows                              
-------------------------------------------------------------------------------

  Started : Saturday, December 16, 2023 12:57:24 AM
   Source : I:\android\
     Dest : E:\realtime_backups\android\

    Files : *.*
	    
  Options : *.* /S /E /DCOPY:DA /COPY:DAT /PURGE /MIR /MT:8 /R:1000000 /W:30 

------------------------------------------------------------------------------


------------------------------------------------------------------------------

               Total    Copied   Skipped  Mismatch    FAILED    Extras
    Dirs :      2600      2600      2600         0         0         0
   Files :      9430         0      9430         0         0         0
   Bytes :   1.221 g         0   1.221 g         0         0         0
   Times :   0:00:00   0:00:00                       0:00:00   0:00:00
   Ended : Saturday, December 16, 2023 12:57:24 AM


-------------------------------------------------------------------------------
   ROBOCOPY     ::     Robust File Copy for Windows                              
-------------------------------------------------------------------------------

  Started : Saturday, December 16, 2023 1:02:45 AM
   Source : I:\android\
     Dest : E:\realtime_backups\android\

    Files : *.*
	    
  Options : *.* /S /E /DCOPY:DA /COPY:DAT /PURGE /MIR /MT:8 /R:1000000 /W:30 

------------------------------------------------------------------------------


------------------------------------------------------------------------------

               Total    Copied   Skipped  Mismatch    FAILED    Extras
    Dirs :      2600      2600      2600         0         0         0
   Files :      9418         0      9415         0         0         0
   Bytes :   1.220 g         0   1.221 g         0         0         0
   Times :   0:00:00   0:00:00                       0:00:00   0:00:00
   Ended : Saturday, December 16, 2023 1:02:45 AM


-------------------------------------------------------------------------------
   ROBOCOPY     ::     Robust File Copy for Windows                              
-------------------------------------------------------------------------------

  Started : Saturday, December 16, 2023 1:08:05 AM
   Source : I:\android\
     Dest : E:\realtime_backups\android\

    Files : *.*
	    
  Options : *.* /S /E /DCOPY:DA /COPY:DAT /PURGE /MIR /MT:8 /R:1000000 /W:30 

------------------------------------------------------------------------------


------------------------------------------------------------------------------

               Total    Copied   Skipped  Mismatch    FAILED    Extras
    Dirs :      2600      2600      2600         0         0         0
   Files :      9415         0      9418         0         0         0
   Bytes :   1.221 g         0   1.221 g         0         0         0
   Times :   0:00:00   0:00:00                       0:00:00   0:00:00
   Ended : Saturday, December 16, 2023 1:08:05 AM


-------------------------------------------------------------------------------
   ROBOCOPY     ::     Robust File Copy for Windows                              
-------------------------------------------------------------------------------

  Started : Saturday, December 16, 2023 1:13:26 AM
   Source : I:\android\
     Dest : E:\realtime_backups\android\

    Files : *.*
	    
  Options : *.* /S /E /DCOPY:DA /COPY:DAT /PURGE /MIR /MT:8 /R:1000000 /W:30 

------------------------------------------------------------------------------


------------------------------------------------------------------------------

               Total    Copied   Skipped  Mismatch    FAILED    Extras
    Dirs :      2600      2600      2600         0         0         0
   Files :      9426         0      9426         0         0         0
   Bytes :   1.221 g         0   1.221 g         0         0         0
   Times :   0:00:00   0:00:00                       0:00:00   0:00:00
   Ended : Saturday, December 16, 2023 1:13:26 AM


-------------------------------------------------------------------------------
   ROBOCOPY     ::     Robust File Copy for Windows                              
-------------------------------------------------------------------------------

  Started : Saturday, December 16, 2023 1:18:46 AM
   Source : I:\android\
     Dest : E:\realtime_backups\android\

    Files : *.*
	    
  Options : *.* /S /E /DCOPY:DA /COPY:DAT /PURGE /MIR /MT:8 /R:1000000 /W:30 

------------------------------------------------------------------------------


------------------------------------------------------------------------------

               Total    Copied   Skipped  Mismatch    FAILED    Extras
    Dirs :      2600      2600      2600         0         0         0
   Files :      9432         0      9432         0         0         0
   Bytes :   1.221 g         0   1.221 g         0         0         0
   Times :   0:00:00   0:00:00                       0:00:00   0:00:00
   Ended : Saturday, December 16, 2023 1:18:46 AM


-------------------------------------------------------------------------------
   ROBOCOPY     ::     Robust File Copy for Windows                              
-------------------------------------------------------------------------------

  Started : Saturday, December 16, 2023 1:24:12 AM
   Source : I:\android\
     Dest : E:\realtime_backups\android\

    Files : *.*
	    
  Options : *.* /S /E /DCOPY:DA /COPY:DAT /PURGE /MIR /MT:8 /R:1000000 /W:30 

------------------------------------------------------------------------------


------------------------------------------------------------------------------

               Total    Copied   Skipped  Mismatch    FAILED    Extras
    Dirs :      2600      2600      2600         0         0         0
   Files :      9426         0      9427         0         0         0
   Bytes :   1.221 g         0   1.221 g         0         0         0
   Times :   0:00:00   0:00:00                       0:00:00   0:00:00
   Ended : Saturday, December 16, 2023 1:24:12 AM


-------------------------------------------------------------------------------
   ROBOCOPY     ::     Robust File Copy for Windows                              
-------------------------------------------------------------------------------

  Started : Saturday, December 16, 2023 1:30:00 AM
   Source : I:\android\
     Dest : E:\realtime_backups\android\

    Files : *.*
	    
  Options : *.* /S /E /DCOPY:DA /COPY:DAT /PURGE /MIR /MT:8 /R:1000000 /W:30 

------------------------------------------------------------------------------


------------------------------------------------------------------------------

               Total    Copied   Skipped  Mismatch    FAILED    Extras
    Dirs :      2600      2600      2600         0         0         0
   Files :      9427         0      9426         0         0         0
   Bytes :   1.221 g         0   1.221 g         0         0         0
   Times :   0:00:00   0:00:00                       0:00:00   0:00:00
   Ended : Saturday, December 16, 2023 1:30:00 AM


-------------------------------------------------------------------------------
   ROBOCOPY     ::     Robust File Copy for Windows                              
-------------------------------------------------------------------------------

  Started : Saturday, December 16, 2023 1:35:37 AM
   Source : I:\android\
     Dest : E:\realtime_backups\android\

    Files : *.*
	    
  Options : *.* /S /E /DCOPY:DA /COPY:DAT /PURGE /MIR /MT:8 /R:1000000 /W:30 

------------------------------------------------------------------------------


------------------------------------------------------------------------------

               Total    Copied   Skipped  Mismatch    FAILED    Extras
    Dirs :      2600      2600      2600         0         0         0
   Files :      9421         0      9420         0         0         0
   Bytes :   1.221 g         0   1.221 g         0         0         0
   Times :   0:00:00   0:00:00                       0:00:00   0:00:00
   Ended : Saturday, December 16, 2023 1:35:37 AM


-------------------------------------------------------------------------------
   ROBOCOPY     ::     Robust File Copy for Windows                              
-------------------------------------------------------------------------------

  Started : Saturday, December 16, 2023 1:41:26 AM
   Source : I:\android\
     Dest : E:\realtime_backups\android\

    Files : *.*
	    
  Options : *.* /S /E /DCOPY:DA /COPY:DAT /PURGE /MIR /MT:8 /R:1000000 /W:30 

------------------------------------------------------------------------------


------------------------------------------------------------------------------

               Total    Copied   Skipped  Mismatch    FAILED    Extras
    Dirs :      2600      2600      2599         0         0         0
   Files :      9424         0      9426         0         0         0
   Bytes :   1.221 g         0   1.221 g         0         0         0
   Times :   0:00:00   0:00:00                       0:00:00   0:00:00
   Ended : Saturday, December 16, 2023 1:41:26 AM


-------------------------------------------------------------------------------
   ROBOCOPY     ::     Robust File Copy for Windows                              
-------------------------------------------------------------------------------

  Started : Saturday, December 16, 2023 1:46:46 AM
   Source : I:\android\
     Dest : E:\realtime_backups\android\

    Files : *.*
	    
  Options : *.* /S /E /DCOPY:DA /COPY:DAT /PURGE /MIR /MT:8 /R:1000000 /W:30 

------------------------------------------------------------------------------


------------------------------------------------------------------------------

               Total    Copied   Skipped  Mismatch    FAILED    Extras
    Dirs :      2600      2600      2600         0         0         0
   Files :      9424         0      9428         0         0         0
   Bytes :   1.221 g         0   1.221 g         0         0         0
   Times :   0:00:00   0:00:00                       0:00:00   0:00:00
   Ended : Saturday, December 16, 2023 1:46:46 AM


-------------------------------------------------------------------------------
   ROBOCOPY     ::     Robust File Copy for Windows                              
-------------------------------------------------------------------------------

  Started : Saturday, December 16, 2023 1:52:18 AM
   Source : I:\android\
     Dest : E:\realtime_backups\android\

    Files : *.*
	    
  Options : *.* /S /E /DCOPY:DA /COPY:DAT /PURGE /MIR /MT:8 /R:1000000 /W:30 

------------------------------------------------------------------------------


------------------------------------------------------------------------------

               Total    Copied   Skipped  Mismatch    FAILED    Extras
    Dirs :      2600      2600      2600         0         0         0
   Files :      9428         0      9428         0         0         0
   Bytes :   1.221 g         0   1.221 g         0         0         0
   Times :   0:00:00   0:00:00                       0:00:00   0:00:00
   Ended : Saturday, December 16, 2023 1:52:18 AM


-------------------------------------------------------------------------------
   ROBOCOPY     ::     Robust File Copy for Windows                              
-------------------------------------------------------------------------------

  Started : Saturday, December 16, 2023 1:57:38 AM
   Source : I:\android\
     Dest : E:\realtime_backups\android\

    Files : *.*
	    
  Options : *.* /S /E /DCOPY:DA /COPY:DAT /PURGE /MIR /MT:8 /R:1000000 /W:30 

------------------------------------------------------------------------------


------------------------------------------------------------------------------

               Total    Copied   Skipped  Mismatch    FAILED    Extras
    Dirs :      2600      2600      2600         0         0         0
   Files :      9428         0      9429         0         0         0
   Bytes :   1.221 g         0   1.221 g         0         0         0
   Times :   0:00:00   0:00:00                       0:00:00   0:00:00
   Ended : Saturday, December 16, 2023 1:57:38 AM


-------------------------------------------------------------------------------
   ROBOCOPY     ::     Robust File Copy for Windows                              
-------------------------------------------------------------------------------

  Started : Saturday, December 16, 2023 2:02:59 AM
   Source : I:\android\
     Dest : E:\realtime_backups\android\

    Files : *.*
	    
  Options : *.* /S /E /DCOPY:DA /COPY:DAT /PURGE /MIR /MT:8 /R:1000000 /W:30 

------------------------------------------------------------------------------


------------------------------------------------------------------------------

               Total    Copied   Skipped  Mismatch    FAILED    Extras
    Dirs :      2600      2600      2600         0         0         0
   Files :      9425         0      9428         0         0         0
   Bytes :   1.221 g         0   1.221 g         0         0         0
   Times :   0:00:00   0:00:00                       0:00:00   0:00:00
   Ended : Saturday, December 16, 2023 2:02:59 AM


-------------------------------------------------------------------------------
   ROBOCOPY     ::     Robust File Copy for Windows                              
-------------------------------------------------------------------------------

  Started : Saturday, December 16, 2023 2:08:19 AM
   Source : I:\android\
     Dest : E:\realtime_backups\android\

    Files : *.*
	    
  Options : *.* /S /E /DCOPY:DA /COPY:DAT /PURGE /MIR /MT:8 /R:1000000 /W:30 

------------------------------------------------------------------------------


------------------------------------------------------------------------------

               Total    Copied   Skipped  Mismatch    FAILED    Extras
    Dirs :      2600      2600      2600         0         0         0
   Files :      9416         0      9422         0         0         0
   Bytes :   1.221 g         0   1.221 g         0         0         0
   Times :   0:00:00   0:00:00                       0:00:00   0:00:00
   Ended : Saturday, December 16, 2023 2:08:19 AM


-------------------------------------------------------------------------------
   ROBOCOPY     ::     Robust File Copy for Windows                              
-------------------------------------------------------------------------------

  Started : Saturday, December 16, 2023 2:13:39 AM
   Source : I:\android\
     Dest : E:\realtime_backups\android\

    Files : *.*
	    
  Options : *.* /S /E /DCOPY:DA /COPY:DAT /PURGE /MIR /MT:8 /R:1000000 /W:30 

------------------------------------------------------------------------------


------------------------------------------------------------------------------

               Total    Copied   Skipped  Mismatch    FAILED    Extras
    Dirs :      2600      2600      2600         0         0         0
   Files :      9419         0      9423         0         0         0
   Bytes :   1.221 g         0   1.221 g         0         0         0
   Times :   0:00:00   0:00:00                       0:00:00   0:00:00
   Ended : Saturday, December 16, 2023 2:13:40 AM


-------------------------------------------------------------------------------
   ROBOCOPY     ::     Robust File Copy for Windows                              
-------------------------------------------------------------------------------

  Started : Saturday, December 16, 2023 2:19:00 AM
   Source : I:\android\
     Dest : E:\realtime_backups\android\

    Files : *.*
	    
  Options : *.* /S /E /DCOPY:DA /COPY:DAT /PURGE /MIR /MT:8 /R:1000000 /W:30 

------------------------------------------------------------------------------


------------------------------------------------------------------------------

               Total    Copied   Skipped  Mismatch    FAILED    Extras
    Dirs :      2600      2600      2600         0         0         0
   Files :      9420         0      9419         0         0         0
   Bytes :   1.221 g         0   1.221 g         0         0         0
   Times :   0:00:00   0:00:00                       0:00:00   0:00:00
   Ended : Saturday, December 16, 2023 2:19:00 AM


-------------------------------------------------------------------------------
   ROBOCOPY     ::     Robust File Copy for Windows                              
-------------------------------------------------------------------------------

  Started : Saturday, December 16, 2023 2:24:20 AM
   Source : I:\android\
     Dest : E:\realtime_backups\android\

    Files : *.*
	    
  Options : *.* /S /E /DCOPY:DA /COPY:DAT /PURGE /MIR /MT:8 /R:1000000 /W:30 

------------------------------------------------------------------------------


------------------------------------------------------------------------------

               Total    Copied   Skipped  Mismatch    FAILED    Extras
    Dirs :      2600      2600      2600         0         0         0
   Files :      9417         0      9417         0         0         0
   Bytes :   1.221 g         0   1.221 g         0         0         0
   Times :   0:00:00   0:00:00                       0:00:00   0:00:00
   Ended : Saturday, December 16, 2023 2:24:21 AM


-------------------------------------------------------------------------------
   ROBOCOPY     ::     Robust File Copy for Windows                              
-------------------------------------------------------------------------------

  Started : Saturday, December 16, 2023 2:29:41 AM
   Source : I:\android\
     Dest : E:\realtime_backups\android\

    Files : *.*
	    
  Options : *.* /S /E /DCOPY:DA /COPY:DAT /PURGE /MIR /MT:8 /R:1000000 /W:30 

------------------------------------------------------------------------------


------------------------------------------------------------------------------

               Total    Copied   Skipped  Mismatch    FAILED    Extras
    Dirs :      2600      2600      2600         0         0         0
   Files :      9427         0      9430         0         0         0
   Bytes :   1.221 g         0   1.221 g         0         0         0
   Times :   0:00:00   0:00:00                       0:00:00   0:00:00
   Ended : Saturday, December 16, 2023 2:29:41 AM


-------------------------------------------------------------------------------
   ROBOCOPY     ::     Robust File Copy for Windows                              
-------------------------------------------------------------------------------

  Started : Saturday, December 16, 2023 2:35:05 AM
   Source : I:\android\
     Dest : E:\realtime_backups\android\

    Files : *.*
	    
  Options : *.* /S /E /DCOPY:DA /COPY:DAT /PURGE /MIR /MT:8 /R:1000000 /W:30 

------------------------------------------------------------------------------


------------------------------------------------------------------------------

               Total    Copied   Skipped  Mismatch    FAILED    Extras
    Dirs :      2600      2600      2600         0         0         0
   Files :      9427         0      9427         0         0         0
   Bytes :   1.221 g         0   1.221 g         0         0         0
   Times :   0:00:00   0:00:00                       0:00:00   0:00:00
   Ended : Saturday, December 16, 2023 2:35:05 AM


-------------------------------------------------------------------------------
   ROBOCOPY     ::     Robust File Copy for Windows                              
-------------------------------------------------------------------------------

  Started : Saturday, December 16, 2023 2:40:53 AM
   Source : I:\android\
     Dest : E:\realtime_backups\android\

    Files : *.*
	    
  Options : *.* /S /E /DCOPY:DA /COPY:DAT /PURGE /MIR /MT:8 /R:1000000 /W:30 

------------------------------------------------------------------------------


------------------------------------------------------------------------------

               Total    Copied   Skipped  Mismatch    FAILED    Extras
    Dirs :      2600      2600      2599         0         0         0
   Files :      9421         0      9423         0         0         0
   Bytes :   1.221 g         0   1.221 g         0         0         0
   Times :   0:00:00   0:00:00                       0:00:00   0:00:00
   Ended : Saturday, December 16, 2023 2:40:54 AM


-------------------------------------------------------------------------------
   ROBOCOPY     ::     Robust File Copy for Windows                              
-------------------------------------------------------------------------------

  Started : Saturday, December 16, 2023 2:46:36 AM
   Source : I:\android\
     Dest : E:\realtime_backups\android\

    Files : *.*
	    
  Options : *.* /S /E /DCOPY:DA /COPY:DAT /PURGE /MIR /MT:8 /R:1000000 /W:30 

------------------------------------------------------------------------------


------------------------------------------------------------------------------

               Total    Copied   Skipped  Mismatch    FAILED    Extras
    Dirs :      2600      2600      2600         0         0         0
   Files :      9434         0      9431         0         0         0
   Bytes :   1.221 g         0   1.221 g         0         0         0
   Times :   0:00:00   0:00:00                       0:00:00   0:00:00
   Ended : Saturday, December 16, 2023 2:46:36 AM


-------------------------------------------------------------------------------
   ROBOCOPY     ::     Robust File Copy for Windows                              
-------------------------------------------------------------------------------

  Started : Saturday, December 16, 2023 2:51:57 AM
   Source : I:\android\
     Dest : E:\realtime_backups\android\

    Files : *.*
	    
  Options : *.* /S /E /DCOPY:DA /COPY:DAT /PURGE /MIR /MT:8 /R:1000000 /W:30 

------------------------------------------------------------------------------


------------------------------------------------------------------------------

               Total    Copied   Skipped  Mismatch    FAILED    Extras
    Dirs :      2600      2600      2600         0         0         0
   Files :      9434         0      9434         0         0         0
   Bytes :   1.221 g         0   1.221 g         0         0         0
   Times :   0:00:00   0:00:00                       0:00:00   0:00:00
   Ended : Saturday, December 16, 2023 2:51:57 AM


-------------------------------------------------------------------------------
   ROBOCOPY     ::     Robust File Copy for Windows                              
-------------------------------------------------------------------------------

  Started : Saturday, December 16, 2023 2:58:00 AM
   Source : I:\android\
     Dest : E:\realtime_backups\android\

    Files : *.*
	    
  Options : *.* /S /E /DCOPY:DA /COPY:DAT /PURGE /MIR /MT:8 /R:1000000 /W:30 

------------------------------------------------------------------------------


------------------------------------------------------------------------------

               Total    Copied   Skipped  Mismatch    FAILED    Extras
    Dirs :      2600      2600      2600         0         0         0
   Files :      9430         0      9433         0         0         0
   Bytes :   1.221 g         0   1.221 g         0         0         0
   Times :   0:00:00   0:00:00                       0:00:00   0:00:00
   Ended : Saturday, December 16, 2023 2:58:00 AM


-------------------------------------------------------------------------------
   ROBOCOPY     ::     Robust File Copy for Windows                              
-------------------------------------------------------------------------------

  Started : Saturday, December 16, 2023 3:03:23 AM
   Source : I:\android\
     Dest : E:\realtime_backups\android\

    Files : *.*
	    
  Options : *.* /S /E /DCOPY:DA /COPY:DAT /PURGE /MIR /MT:8 /R:1000000 /W:30 

------------------------------------------------------------------------------


------------------------------------------------------------------------------

               Total    Copied   Skipped  Mismatch    FAILED    Extras
    Dirs :      2600      2600      2600         0         0         0
   Files :      9426         0      9423         0         0         0
   Bytes :   1.221 g         0   1.221 g         0         0         0
   Times :   0:00:00   0:00:00                       0:00:00   0:00:00
   Ended : Saturday, December 16, 2023 3:03:23 AM

