
-------------------------------------------------------------------------------
   ROBOCOPY     ::     Robust File Copy for Windows                              
-------------------------------------------------------------------------------

  Started : Friday, December 15, 2023 11:35:43 AM
   Source : I:\EasyHKS\
     Dest : E:\monthly_backups\Dec\EasyHKS\

    Files : *.*
	    
  Options : *.* /S /E /DCOPY:DA /COPY:DAT /PURGE /MIR /MT:8 /R:1000000 /W:30 

------------------------------------------------------------------------------


------------------------------------------------------------------------------

               Total    Copied   Skipped  Mismatch    FAILED    Extras
    Dirs :       472       472       472         0         0         0
   Files :      1897         0      1897         0         0         0
   Bytes :   33.24 m         0   33.24 m         0         0         0
   Times :   0:00:00   0:00:00                       0:00:00   0:00:00
   Ended : Friday, December 15, 2023 11:35:43 AM


-------------------------------------------------------------------------------
   ROBOCOPY     ::     Robust File Copy for Windows                              
-------------------------------------------------------------------------------

  Started : Friday, December 15, 2023 12:03:40 PM
   Source : I:\EasyHKS\
     Dest : E:\monthly_backups\Dec\EasyHKS\

    Files : *.*
	    
  Options : *.* /S /E /DCOPY:DA /COPY:DAT /PURGE /MIR /MT:8 /R:1000000 /W:30 

------------------------------------------------------------------------------


------------------------------------------------------------------------------

               Total    Copied   Skipped  Mismatch    FAILED    Extras
    Dirs :       472       472       472         0         0         0
   Files :      1896         0      1896         0         0         0
   Bytes :   33.24 m         0   33.24 m         0         0         0
   Times :   0:00:00   0:00:00                       0:00:00   0:00:00
   Ended : Friday, December 15, 2023 12:03:40 PM


-------------------------------------------------------------------------------
   ROBOCOPY     ::     Robust File Copy for Windows                              
-------------------------------------------------------------------------------

  Started : Friday, December 15, 2023 10:06:45 PM
   Source : I:\EasyHKS\
     Dest : E:\monthly_backups\Dec\EasyHKS\

    Files : *.*
	    
  Options : *.* /S /E /DCOPY:DA /COPY:DAT /PURGE /MIR /MT:8 /R:1000000 /W:30 

------------------------------------------------------------------------------


------------------------------------------------------------------------------

               Total    Copied   Skipped  Mismatch    FAILED    Extras
    Dirs :       472       472       472         0         0         0
   Files :      1897         0      1897         0         0         0
   Bytes :   33.24 m         0   33.24 m         0         0         0
   Times :   0:00:00   0:00:00                       0:00:00   0:00:00
   Ended : Friday, December 15, 2023 10:06:45 PM


-------------------------------------------------------------------------------
   ROBOCOPY     ::     Robust File Copy for Windows                              
-------------------------------------------------------------------------------

  Started : Friday, December 15, 2023 10:06:56 PM
   Source : I:\EasyHKS\
     Dest : \\hksCenter\hks\backup\EasyHKS\

    Files : *.*
	    
  Options : *.* /S /E /DCOPY:DA /COPY:DAT /PURGE /MIR /MT:8 /R:1000000 /W:30 

------------------------------------------------------------------------------


------------------------------------------------------------------------------

               Total    Copied   Skipped  Mismatch    FAILED    Extras
    Dirs :       472       472       472         0         0         0
   Files :      1896         0      1896         0         0         0
   Bytes :   33.24 m         0   33.24 m         0         0         0
   Times :   0:00:01   0:00:00                       0:00:00   0:00:01
   Ended : Friday, December 15, 2023 10:06:57 PM


-------------------------------------------------------------------------------
   ROBOCOPY     ::     Robust File Copy for Windows                              
-------------------------------------------------------------------------------

  Started : Friday, December 15, 2023 10:07:19 PM
   Source : I:\EasyHKS\
     Dest : E:\realtime_backups\EasyHKS\

    Files : *.*
	    
  Options : *.* /S /E /DCOPY:DA /COPY:DAT /PURGE /MIR /MT:8 /R:1000000 /W:30 

------------------------------------------------------------------------------


------------------------------------------------------------------------------

               Total    Copied   Skipped  Mismatch    FAILED    Extras
    Dirs :       472       472       472         0         0         0
   Files :      1896         0      1897         0         0         0
   Bytes :   33.24 m         0   33.24 m         0         0         0
   Times :   0:00:00   0:00:00                       0:00:00   0:00:00
   Ended : Friday, December 15, 2023 10:07:19 PM


-------------------------------------------------------------------------------
   ROBOCOPY     ::     Robust File Copy for Windows                              
-------------------------------------------------------------------------------

  Started : Friday, December 15, 2023 10:12:46 PM
   Source : I:\EasyHKS\
     Dest : E:\realtime_backups\EasyHKS\

    Files : *.*
	    
  Options : *.* /S /E /DCOPY:DA /COPY:DAT /PURGE /MIR /MT:8 /R:1000000 /W:30 

------------------------------------------------------------------------------


------------------------------------------------------------------------------

               Total    Copied   Skipped  Mismatch    FAILED    Extras
    Dirs :       472       472       472         0         0         0
   Files :      1897         0      1897         0         0         0
   Bytes :   33.24 m         0   33.24 m         0         0         0
   Times :   0:00:00   0:00:00                       0:00:00   0:00:00
   Ended : Friday, December 15, 2023 10:12:46 PM


-------------------------------------------------------------------------------
   ROBOCOPY     ::     Robust File Copy for Windows                              
-------------------------------------------------------------------------------

  Started : Friday, December 15, 2023 10:18:35 PM
   Source : I:\EasyHKS\
     Dest : E:\realtime_backups\EasyHKS\

    Files : *.*
	    
  Options : *.* /S /E /DCOPY:DA /COPY:DAT /PURGE /MIR /MT:8 /R:1000000 /W:30 

------------------------------------------------------------------------------


------------------------------------------------------------------------------

               Total    Copied   Skipped  Mismatch    FAILED    Extras
    Dirs :       472       472       472         0         0         0
   Files :      1897         0      1897         0         0         0
   Bytes :   33.24 m         0   33.24 m         0         0         0
   Times :   0:00:00   0:00:00                       0:00:00   0:00:00
   Ended : Friday, December 15, 2023 10:18:35 PM


-------------------------------------------------------------------------------
   ROBOCOPY     ::     Robust File Copy for Windows                              
-------------------------------------------------------------------------------

  Started : Friday, December 15, 2023 10:24:13 PM
   Source : I:\EasyHKS\
     Dest : E:\realtime_backups\EasyHKS\

    Files : *.*
	    
  Options : *.* /S /E /DCOPY:DA /COPY:DAT /PURGE /MIR /MT:8 /R:1000000 /W:30 

------------------------------------------------------------------------------


------------------------------------------------------------------------------

               Total    Copied   Skipped  Mismatch    FAILED    Extras
    Dirs :       472       472       472         0         0         0
   Files :      1896         0      1897         0         0         0
   Bytes :   33.24 m         0   33.24 m         0         0         0
   Times :   0:00:00   0:00:00                       0:00:00   0:00:00
   Ended : Friday, December 15, 2023 10:24:13 PM


-------------------------------------------------------------------------------
   ROBOCOPY     ::     Robust File Copy for Windows                              
-------------------------------------------------------------------------------

  Started : Friday, December 15, 2023 10:29:47 PM
   Source : I:\EasyHKS\
     Dest : E:\realtime_backups\EasyHKS\

    Files : *.*
	    
  Options : *.* /S /E /DCOPY:DA /COPY:DAT /PURGE /MIR /MT:8 /R:1000000 /W:30 

------------------------------------------------------------------------------


------------------------------------------------------------------------------

               Total    Copied   Skipped  Mismatch    FAILED    Extras
    Dirs :       472       472       472         0         0         0
   Files :      1897         0      1897         0         0         0
   Bytes :   33.24 m         0   33.24 m         0         0         0
   Times :   0:00:00   0:00:00                       0:00:00   0:00:00
   Ended : Friday, December 15, 2023 10:29:47 PM


-------------------------------------------------------------------------------
   ROBOCOPY     ::     Robust File Copy for Windows                              
-------------------------------------------------------------------------------

  Started : Friday, December 15, 2023 10:35:24 PM
   Source : I:\EasyHKS\
     Dest : E:\realtime_backups\EasyHKS\

    Files : *.*
	    
  Options : *.* /S /E /DCOPY:DA /COPY:DAT /PURGE /MIR /MT:8 /R:1000000 /W:30 

------------------------------------------------------------------------------


------------------------------------------------------------------------------

               Total    Copied   Skipped  Mismatch    FAILED    Extras
    Dirs :       472       472       472         0         0         0
   Files :      1897         0      1897         0         0         0
   Bytes :   33.24 m         0   33.24 m         0         0         0
   Times :   0:00:00   0:00:00                       0:00:00   0:00:00
   Ended : Friday, December 15, 2023 10:35:24 PM


-------------------------------------------------------------------------------
   ROBOCOPY     ::     Robust File Copy for Windows                              
-------------------------------------------------------------------------------

  Started : Friday, December 15, 2023 10:40:52 PM
   Source : I:\EasyHKS\
     Dest : E:\realtime_backups\EasyHKS\

    Files : *.*
	    
  Options : *.* /S /E /DCOPY:DA /COPY:DAT /PURGE /MIR /MT:8 /R:1000000 /W:30 

------------------------------------------------------------------------------


------------------------------------------------------------------------------

               Total    Copied   Skipped  Mismatch    FAILED    Extras
    Dirs :       472       472       472         0         0         0
   Files :      1897         0      1897         0         0         0
   Bytes :   33.24 m         0   33.24 m         0         0         0
   Times :   0:00:00   0:00:00                       0:00:00   0:00:00
   Ended : Friday, December 15, 2023 10:40:52 PM


-------------------------------------------------------------------------------
   ROBOCOPY     ::     Robust File Copy for Windows                              
-------------------------------------------------------------------------------

  Started : Friday, December 15, 2023 10:46:12 PM
   Source : I:\EasyHKS\
     Dest : E:\realtime_backups\EasyHKS\

    Files : *.*
	    
  Options : *.* /S /E /DCOPY:DA /COPY:DAT /PURGE /MIR /MT:8 /R:1000000 /W:30 

------------------------------------------------------------------------------


------------------------------------------------------------------------------

               Total    Copied   Skipped  Mismatch    FAILED    Extras
    Dirs :       472       472       472         0         0         0
   Files :      1895         0      1896         0         0         0
   Bytes :   33.24 m         0   33.24 m         0         0         0
   Times :   0:00:00   0:00:00                       0:00:00   0:00:00
   Ended : Friday, December 15, 2023 10:46:12 PM


-------------------------------------------------------------------------------
   ROBOCOPY     ::     Robust File Copy for Windows                              
-------------------------------------------------------------------------------

  Started : Friday, December 15, 2023 10:51:43 PM
   Source : I:\EasyHKS\
     Dest : E:\realtime_backups\EasyHKS\

    Files : *.*
	    
  Options : *.* /S /E /DCOPY:DA /COPY:DAT /PURGE /MIR /MT:8 /R:1000000 /W:30 

------------------------------------------------------------------------------


------------------------------------------------------------------------------

               Total    Copied   Skipped  Mismatch    FAILED    Extras
    Dirs :       472       472       472         0         0         0
   Files :      1896         0      1896         0         0         0
   Bytes :   33.24 m         0   33.24 m         0         0         0
   Times :   0:00:00   0:00:00                       0:00:00   0:00:00
   Ended : Friday, December 15, 2023 10:51:43 PM


-------------------------------------------------------------------------------
   ROBOCOPY     ::     Robust File Copy for Windows                              
-------------------------------------------------------------------------------

  Started : Friday, December 15, 2023 10:57:04 PM
   Source : I:\EasyHKS\
     Dest : E:\realtime_backups\EasyHKS\

    Files : *.*
	    
  Options : *.* /S /E /DCOPY:DA /COPY:DAT /PURGE /MIR /MT:8 /R:1000000 /W:30 

------------------------------------------------------------------------------


------------------------------------------------------------------------------

               Total    Copied   Skipped  Mismatch    FAILED    Extras
    Dirs :       472       472       472         0         0         0
   Files :      1897         0      1897         0         0         0
   Bytes :   33.24 m         0   33.24 m         0         0         0
   Times :   0:00:00   0:00:00                       0:00:00   0:00:00
   Ended : Friday, December 15, 2023 10:57:04 PM


-------------------------------------------------------------------------------
   ROBOCOPY     ::     Robust File Copy for Windows                              
-------------------------------------------------------------------------------

  Started : Friday, December 15, 2023 11:02:52 PM
   Source : I:\EasyHKS\
     Dest : E:\realtime_backups\EasyHKS\

    Files : *.*
	    
  Options : *.* /S /E /DCOPY:DA /COPY:DAT /PURGE /MIR /MT:8 /R:1000000 /W:30 

------------------------------------------------------------------------------


------------------------------------------------------------------------------

               Total    Copied   Skipped  Mismatch    FAILED    Extras
    Dirs :       472       472       472         0         0         0
   Files :      1897         0      1896         0         0         0
   Bytes :   33.24 m         0   33.24 m         0         0         0
   Times :   0:00:00   0:00:00                       0:00:00   0:00:00
   Ended : Friday, December 15, 2023 11:02:52 PM


-------------------------------------------------------------------------------
   ROBOCOPY     ::     Robust File Copy for Windows                              
-------------------------------------------------------------------------------

  Started : Friday, December 15, 2023 11:08:13 PM
   Source : I:\EasyHKS\
     Dest : E:\realtime_backups\EasyHKS\

    Files : *.*
	    
  Options : *.* /S /E /DCOPY:DA /COPY:DAT /PURGE /MIR /MT:8 /R:1000000 /W:30 

------------------------------------------------------------------------------


------------------------------------------------------------------------------

               Total    Copied   Skipped  Mismatch    FAILED    Extras
    Dirs :       472       472       472         0         0         0
   Files :      1897         0      1897         0         0         0
   Bytes :   33.24 m         0   33.24 m         0         0         0
   Times :   0:00:00   0:00:00                       0:00:00   0:00:00
   Ended : Friday, December 15, 2023 11:08:13 PM


-------------------------------------------------------------------------------
   ROBOCOPY     ::     Robust File Copy for Windows                              
-------------------------------------------------------------------------------

  Started : Friday, December 15, 2023 11:13:34 PM
   Source : I:\EasyHKS\
     Dest : E:\realtime_backups\EasyHKS\

    Files : *.*
	    
  Options : *.* /S /E /DCOPY:DA /COPY:DAT /PURGE /MIR /MT:8 /R:1000000 /W:30 

------------------------------------------------------------------------------


------------------------------------------------------------------------------

               Total    Copied   Skipped  Mismatch    FAILED    Extras
    Dirs :       472       472       472         0         0         0
   Files :      1896         0      1893         0         0         0
   Bytes :   33.24 m         0   33.24 m         0         0         0
   Times :   0:00:00   0:00:00                       0:00:00   0:00:00
   Ended : Friday, December 15, 2023 11:13:34 PM


-------------------------------------------------------------------------------
   ROBOCOPY     ::     Robust File Copy for Windows                              
-------------------------------------------------------------------------------

  Started : Friday, December 15, 2023 11:18:55 PM
   Source : I:\EasyHKS\
     Dest : E:\realtime_backups\EasyHKS\

    Files : *.*
	    
  Options : *.* /S /E /DCOPY:DA /COPY:DAT /PURGE /MIR /MT:8 /R:1000000 /W:30 

------------------------------------------------------------------------------


------------------------------------------------------------------------------

               Total    Copied   Skipped  Mismatch    FAILED    Extras
    Dirs :       472       472       472         0         0         0
   Files :      1897         0      1897         0         0         0
   Bytes :   33.24 m         0   33.24 m         0         0         0
   Times :   0:00:00   0:00:00                       0:00:00   0:00:00
   Ended : Friday, December 15, 2023 11:18:55 PM


-------------------------------------------------------------------------------
   ROBOCOPY     ::     Robust File Copy for Windows                              
-------------------------------------------------------------------------------

  Started : Friday, December 15, 2023 11:24:16 PM
   Source : I:\EasyHKS\
     Dest : E:\realtime_backups\EasyHKS\

    Files : *.*
	    
  Options : *.* /S /E /DCOPY:DA /COPY:DAT /PURGE /MIR /MT:8 /R:1000000 /W:30 

------------------------------------------------------------------------------


------------------------------------------------------------------------------

               Total    Copied   Skipped  Mismatch    FAILED    Extras
    Dirs :       472       472       472         0         0         0
   Files :      1895         0      1895         0         0         0
   Bytes :   33.24 m         0   33.24 m         0         0         0
   Times :   0:00:00   0:00:00                       0:00:00   0:00:00
   Ended : Friday, December 15, 2023 11:24:16 PM


-------------------------------------------------------------------------------
   ROBOCOPY     ::     Robust File Copy for Windows                              
-------------------------------------------------------------------------------

  Started : Friday, December 15, 2023 11:29:42 PM
   Source : I:\EasyHKS\
     Dest : E:\realtime_backups\EasyHKS\

    Files : *.*
	    
  Options : *.* /S /E /DCOPY:DA /COPY:DAT /PURGE /MIR /MT:8 /R:1000000 /W:30 

------------------------------------------------------------------------------


------------------------------------------------------------------------------

               Total    Copied   Skipped  Mismatch    FAILED    Extras
    Dirs :       472       472       472         0         0         0
   Files :      1897         0      1897         0         0         0
   Bytes :   33.24 m         0   33.24 m         0         0         0
   Times :   0:00:00   0:00:00                       0:00:00   0:00:00
   Ended : Friday, December 15, 2023 11:29:42 PM


-------------------------------------------------------------------------------
   ROBOCOPY     ::     Robust File Copy for Windows                              
-------------------------------------------------------------------------------

  Started : Friday, December 15, 2023 11:35:03 PM
   Source : I:\EasyHKS\
     Dest : E:\realtime_backups\EasyHKS\

    Files : *.*
	    
  Options : *.* /S /E /DCOPY:DA /COPY:DAT /PURGE /MIR /MT:8 /R:1000000 /W:30 

------------------------------------------------------------------------------


------------------------------------------------------------------------------

               Total    Copied   Skipped  Mismatch    FAILED    Extras
    Dirs :       472       472       472         0         0         0
   Files :      1897         0      1897         0         0         0
   Bytes :   33.24 m         0   33.24 m         0         0         0
   Times :   0:00:00   0:00:00                       0:00:00   0:00:00
   Ended : Friday, December 15, 2023 11:35:03 PM


-------------------------------------------------------------------------------
   ROBOCOPY     ::     Robust File Copy for Windows                              
-------------------------------------------------------------------------------

  Started : Friday, December 15, 2023 11:40:52 PM
   Source : I:\EasyHKS\
     Dest : E:\realtime_backups\EasyHKS\

    Files : *.*
	    
  Options : *.* /S /E /DCOPY:DA /COPY:DAT /PURGE /MIR /MT:8 /R:1000000 /W:30 

------------------------------------------------------------------------------


------------------------------------------------------------------------------

               Total    Copied   Skipped  Mismatch    FAILED    Extras
    Dirs :       472       472       472         0         0         0
   Files :      1896         0      1895         0         0         0
   Bytes :   33.24 m         0   33.24 m         0         0         0
   Times :   0:00:00   0:00:00                       0:00:00   0:00:00
   Ended : Friday, December 15, 2023 11:40:52 PM


-------------------------------------------------------------------------------
   ROBOCOPY     ::     Robust File Copy for Windows                              
-------------------------------------------------------------------------------

  Started : Friday, December 15, 2023 11:46:13 PM
   Source : I:\EasyHKS\
     Dest : E:\realtime_backups\EasyHKS\

    Files : *.*
	    
  Options : *.* /S /E /DCOPY:DA /COPY:DAT /PURGE /MIR /MT:8 /R:1000000 /W:30 

------------------------------------------------------------------------------


------------------------------------------------------------------------------

               Total    Copied   Skipped  Mismatch    FAILED    Extras
    Dirs :       472       472       472         0         0         0
   Files :      1897         0      1897         0         0         0
   Bytes :   33.24 m         0   33.24 m         0         0         0
   Times :   0:00:00   0:00:00                       0:00:00   0:00:00
   Ended : Friday, December 15, 2023 11:46:13 PM


-------------------------------------------------------------------------------
   ROBOCOPY     ::     Robust File Copy for Windows                              
-------------------------------------------------------------------------------

  Started : Friday, December 15, 2023 11:52:01 PM
   Source : I:\EasyHKS\
     Dest : E:\realtime_backups\EasyHKS\

    Files : *.*
	    
  Options : *.* /S /E /DCOPY:DA /COPY:DAT /PURGE /MIR /MT:8 /R:1000000 /W:30 

------------------------------------------------------------------------------


------------------------------------------------------------------------------

               Total    Copied   Skipped  Mismatch    FAILED    Extras
    Dirs :       472       472       472         0         0         0
   Files :      1896         0      1896         0         0         0
   Bytes :   33.24 m         0   33.24 m         0         0         0
   Times :   0:00:00   0:00:00                       0:00:00   0:00:00
   Ended : Friday, December 15, 2023 11:52:01 PM


-------------------------------------------------------------------------------
   ROBOCOPY     ::     Robust File Copy for Windows                              
-------------------------------------------------------------------------------

  Started : Friday, December 15, 2023 11:57:22 PM
   Source : I:\EasyHKS\
     Dest : E:\realtime_backups\EasyHKS\

    Files : *.*
	    
  Options : *.* /S /E /DCOPY:DA /COPY:DAT /PURGE /MIR /MT:8 /R:1000000 /W:30 

------------------------------------------------------------------------------


------------------------------------------------------------------------------

               Total    Copied   Skipped  Mismatch    FAILED    Extras
    Dirs :       472       472       472         0         0         0
   Files :      1897         0      1897         0         0         0
   Bytes :   33.24 m         0   33.24 m         0         0         0
   Times :   0:00:00   0:00:00                       0:00:00   0:00:00
   Ended : Friday, December 15, 2023 11:57:22 PM

