
-------------------------------------------------------------------------------
   ROBOCOPY     ::     Robust File Copy for Windows                              
-------------------------------------------------------------------------------

  Started : Friday, December 22, 2023 12:03:05 AM
   Source : I:\assembly\
     Dest : E:\realtime_backups\assembly\

    Files : *.*
	    
  Options : *.* /S /E /DCOPY:DA /COPY:DAT /PURGE /MIR /MT:8 /R:1000000 /W:30 

------------------------------------------------------------------------------


------------------------------------------------------------------------------

               Total    Copied   Skipped  Mismatch    FAILED    Extras
    Dirs :        81        81        81         0         0         0
   Files :       115         0       115         0         0         0
   Bytes :   510.9 k         0   510.9 k         0         0         0
   Times :   0:00:00   0:00:00                       0:00:00   0:00:00
   Ended : Friday, December 22, 2023 12:03:05 AM


-------------------------------------------------------------------------------
   ROBOCOPY     ::     Robust File Copy for Windows                              
-------------------------------------------------------------------------------

  Started : Friday, December 22, 2023 12:08:34 AM
   Source : I:\assembly\
     Dest : E:\realtime_backups\assembly\

    Files : *.*
	    
  Options : *.* /S /E /DCOPY:DA /COPY:DAT /PURGE /MIR /MT:8 /R:1000000 /W:30 

------------------------------------------------------------------------------


------------------------------------------------------------------------------

               Total    Copied   Skipped  Mismatch    FAILED    Extras
    Dirs :        81        81        81         0         0         0
   Files :       115         0       115         0         0         0
   Bytes :   510.9 k         0   510.9 k         0         0         0
   Times :   0:00:00   0:00:00                       0:00:00   0:00:00
   Ended : Friday, December 22, 2023 12:08:34 AM


-------------------------------------------------------------------------------
   ROBOCOPY     ::     Robust File Copy for Windows                              
-------------------------------------------------------------------------------

  Started : Friday, December 22, 2023 12:14:23 AM
   Source : I:\assembly\
     Dest : E:\realtime_backups\assembly\

    Files : *.*
	    
  Options : *.* /S /E /DCOPY:DA /COPY:DAT /PURGE /MIR /MT:8 /R:1000000 /W:30 

------------------------------------------------------------------------------


------------------------------------------------------------------------------

               Total    Copied   Skipped  Mismatch    FAILED    Extras
    Dirs :        81        81        81         0         0         0
   Files :       115         0       115         0         0         0
   Bytes :   510.9 k         0   510.9 k         0         0         0
   Times :   0:00:00   0:00:00                       0:00:00   0:00:00
   Ended : Friday, December 22, 2023 12:14:23 AM


-------------------------------------------------------------------------------
   ROBOCOPY     ::     Robust File Copy for Windows                              
-------------------------------------------------------------------------------

  Started : Friday, December 22, 2023 12:19:46 AM
   Source : I:\assembly\
     Dest : E:\realtime_backups\assembly\

    Files : *.*
	    
  Options : *.* /S /E /DCOPY:DA /COPY:DAT /PURGE /MIR /MT:8 /R:1000000 /W:30 

------------------------------------------------------------------------------


------------------------------------------------------------------------------

               Total    Copied   Skipped  Mismatch    FAILED    Extras
    Dirs :        81        81        81         0         0         0
   Files :       115         0       115         0         0         0
   Bytes :   510.9 k         0   510.9 k         0         0         0
   Times :   0:00:00   0:00:00                       0:00:00   0:00:00
   Ended : Friday, December 22, 2023 12:19:46 AM


-------------------------------------------------------------------------------
   ROBOCOPY     ::     Robust File Copy for Windows                              
-------------------------------------------------------------------------------

  Started : Friday, December 22, 2023 12:25:08 AM
   Source : I:\assembly\
     Dest : E:\realtime_backups\assembly\

    Files : *.*
	    
  Options : *.* /S /E /DCOPY:DA /COPY:DAT /PURGE /MIR /MT:8 /R:1000000 /W:30 

------------------------------------------------------------------------------


------------------------------------------------------------------------------

               Total    Copied   Skipped  Mismatch    FAILED    Extras
    Dirs :        81        81        81         0         0         0
   Files :       115         0       115         0         0         0
   Bytes :   510.9 k         0   510.9 k         0         0         0
   Times :   0:00:00   0:00:00                       0:00:00   0:00:00
   Ended : Friday, December 22, 2023 12:25:08 AM


-------------------------------------------------------------------------------
   ROBOCOPY     ::     Robust File Copy for Windows                              
-------------------------------------------------------------------------------

  Started : Friday, December 22, 2023 12:30:29 AM
   Source : I:\assembly\
     Dest : E:\realtime_backups\assembly\

    Files : *.*
	    
  Options : *.* /S /E /DCOPY:DA /COPY:DAT /PURGE /MIR /MT:8 /R:1000000 /W:30 

------------------------------------------------------------------------------


------------------------------------------------------------------------------

               Total    Copied   Skipped  Mismatch    FAILED    Extras
    Dirs :        81        81        81         0         0         0
   Files :       115         0       115         0         0         0
   Bytes :   510.9 k         0   510.9 k         0         0         0
   Times :   0:00:00   0:00:00                       0:00:00   0:00:00
   Ended : Friday, December 22, 2023 12:30:29 AM


-------------------------------------------------------------------------------
   ROBOCOPY     ::     Robust File Copy for Windows                              
-------------------------------------------------------------------------------

  Started : Friday, December 22, 2023 12:35:50 AM
   Source : I:\assembly\
     Dest : E:\realtime_backups\assembly\

    Files : *.*
	    
  Options : *.* /S /E /DCOPY:DA /COPY:DAT /PURGE /MIR /MT:8 /R:1000000 /W:30 

------------------------------------------------------------------------------


------------------------------------------------------------------------------

               Total    Copied   Skipped  Mismatch    FAILED    Extras
    Dirs :        81        81        81         0         0         0
   Files :       115         0       115         0         0         0
   Bytes :   510.9 k         0   510.9 k         0         0         0
   Times :   0:00:00   0:00:00                       0:00:00   0:00:00
   Ended : Friday, December 22, 2023 12:35:50 AM


-------------------------------------------------------------------------------
   ROBOCOPY     ::     Robust File Copy for Windows                              
-------------------------------------------------------------------------------

  Started : Friday, December 22, 2023 12:41:17 AM
   Source : I:\assembly\
     Dest : E:\realtime_backups\assembly\

    Files : *.*
	    
  Options : *.* /S /E /DCOPY:DA /COPY:DAT /PURGE /MIR /MT:8 /R:1000000 /W:30 

------------------------------------------------------------------------------


------------------------------------------------------------------------------

               Total    Copied   Skipped  Mismatch    FAILED    Extras
    Dirs :        81        81        81         0         0         0
   Files :       115         0       115         0         0         0
   Bytes :   510.9 k         0   510.9 k         0         0         0
   Times :   0:00:00   0:00:00                       0:00:00   0:00:00
   Ended : Friday, December 22, 2023 12:41:17 AM


-------------------------------------------------------------------------------
   ROBOCOPY     ::     Robust File Copy for Windows                              
-------------------------------------------------------------------------------

  Started : Friday, December 22, 2023 12:46:41 AM
   Source : I:\assembly\
     Dest : E:\realtime_backups\assembly\

    Files : *.*
	    
  Options : *.* /S /E /DCOPY:DA /COPY:DAT /PURGE /MIR /MT:8 /R:1000000 /W:30 

------------------------------------------------------------------------------


------------------------------------------------------------------------------

               Total    Copied   Skipped  Mismatch    FAILED    Extras
    Dirs :        81        81        81         0         0         0
   Files :       115         0       115         0         0         0
   Bytes :   510.9 k         0   510.9 k         0         0         0
   Times :   0:00:00   0:00:00                       0:00:00   0:00:00
   Ended : Friday, December 22, 2023 12:46:41 AM


-------------------------------------------------------------------------------
   ROBOCOPY     ::     Robust File Copy for Windows                              
-------------------------------------------------------------------------------

  Started : Friday, December 22, 2023 12:52:20 AM
   Source : I:\assembly\
     Dest : E:\realtime_backups\assembly\

    Files : *.*
	    
  Options : *.* /S /E /DCOPY:DA /COPY:DAT /PURGE /MIR /MT:8 /R:1000000 /W:30 

------------------------------------------------------------------------------


------------------------------------------------------------------------------

               Total    Copied   Skipped  Mismatch    FAILED    Extras
    Dirs :        81        81        81         0         0         0
   Files :       115         0       115         0         0         0
   Bytes :   510.9 k         0   510.9 k         0         0         0
   Times :   0:00:00   0:00:00                       0:00:00   0:00:00
   Ended : Friday, December 22, 2023 12:52:20 AM


-------------------------------------------------------------------------------
   ROBOCOPY     ::     Robust File Copy for Windows                              
-------------------------------------------------------------------------------

  Started : Friday, December 22, 2023 12:57:41 AM
   Source : I:\assembly\
     Dest : E:\realtime_backups\assembly\

    Files : *.*
	    
  Options : *.* /S /E /DCOPY:DA /COPY:DAT /PURGE /MIR /MT:8 /R:1000000 /W:30 

------------------------------------------------------------------------------


------------------------------------------------------------------------------

               Total    Copied   Skipped  Mismatch    FAILED    Extras
    Dirs :        81        81        81         0         0         0
   Files :       115         0       115         0         0         0
   Bytes :   510.9 k         0   510.9 k         0         0         0
   Times :   0:00:00   0:00:00                       0:00:00   0:00:00
   Ended : Friday, December 22, 2023 12:57:41 AM

