
-------------------------------------------------------------------------------
   ROBOCOPY     ::     Robust File Copy for Windows                              
-------------------------------------------------------------------------------

  Started : Wednesday, December 27, 2023 8:01:00 AM
   Source : I:\nvim\
     Dest : E:\monthly_backups\Dec\nvim\

    Files : *.*
	    
  Options : *.* /S /E /DCOPY:DA /COPY:DAT /PURGE /MIR /MT:8 /R:1000000 /W:30 

------------------------------------------------------------------------------

	    Newer     		    7206	I:\nvim\lua\keymaps.lua100%  

------------------------------------------------------------------------------

               Total    Copied   Skipped  Mismatch    FAILED    Extras
    Dirs :       139       139       139         0         0         0
   Files :       225         1       224         0         0         0
   Bytes :   489.4 k     7.0 k   482.4 k         0         0         0
   Times :   0:00:00   0:00:00                       0:00:00   0:00:00


   Speed :             225,187 Bytes/sec.
   Speed :              12.885 MegaBytes/min.
   Ended : Wednesday, December 27, 2023 8:01:01 AM


-------------------------------------------------------------------------------
   ROBOCOPY     ::     Robust File Copy for Windows                              
-------------------------------------------------------------------------------

  Started : Wednesday, December 27, 2023 8:01:39 AM
   Source : I:\nvim\
     Dest : \\hksCenter\hks\backup\nvim\

    Files : *.*
	    
  Options : *.* /S /E /DCOPY:DA /COPY:DAT /PURGE /MIR /MT:8 /R:1000000 /W:30 

------------------------------------------------------------------------------

	    Newer     		    7206	I:\nvim\lua\keymaps.lua100%  

------------------------------------------------------------------------------

               Total    Copied   Skipped  Mismatch    FAILED    Extras
    Dirs :       139       139       139         0         0         0
   Files :       225         1       224         0         0         0
   Bytes :   489.4 k     7.0 k   482.4 k         0         0         0
   Times :   0:00:00   0:00:00                       0:00:00   0:00:00


   Speed :              71,346 Bytes/sec.
   Speed :               4.082 MegaBytes/min.
   Ended : Wednesday, December 27, 2023 8:01:40 AM


-------------------------------------------------------------------------------
   ROBOCOPY     ::     Robust File Copy for Windows                              
-------------------------------------------------------------------------------

  Started : Wednesday, December 27, 2023 8:01:56 AM
   Source : I:\nvim\
     Dest : E:\realtime_backups\nvim\

    Files : *.*
	    
  Options : *.* /S /E /DCOPY:DA /COPY:DAT /PURGE /MIR /MT:8 /R:1000000 /W:30 

------------------------------------------------------------------------------


------------------------------------------------------------------------------

               Total    Copied   Skipped  Mismatch    FAILED    Extras
    Dirs :       139       139       139         0         0         0
   Files :       225         0       225         0         0         0
   Bytes :   489.4 k         0   489.4 k         0         0         0
   Times :   0:00:00   0:00:00                       0:00:00   0:00:00
   Ended : Wednesday, December 27, 2023 8:01:56 AM


-------------------------------------------------------------------------------
   ROBOCOPY     ::     Robust File Copy for Windows                              
-------------------------------------------------------------------------------

  Started : Wednesday, December 27, 2023 8:07:18 AM
   Source : I:\nvim\
     Dest : E:\realtime_backups\nvim\

    Files : *.*
	    
  Options : *.* /S /E /DCOPY:DA /COPY:DAT /PURGE /MIR /MT:8 /R:1000000 /W:30 

------------------------------------------------------------------------------


------------------------------------------------------------------------------

               Total    Copied   Skipped  Mismatch    FAILED    Extras
    Dirs :       139       139       139         0         0         0
   Files :       225         0       225         0         0         0
   Bytes :   489.4 k         0   489.4 k         0         0         0
   Times :   0:00:00   0:00:00                       0:00:00   0:00:00
   Ended : Wednesday, December 27, 2023 8:07:18 AM


-------------------------------------------------------------------------------
   ROBOCOPY     ::     Robust File Copy for Windows                              
-------------------------------------------------------------------------------

  Started : Wednesday, December 27, 2023 8:12:39 AM
   Source : I:\nvim\
     Dest : E:\realtime_backups\nvim\

    Files : *.*
	    
  Options : *.* /S /E /DCOPY:DA /COPY:DAT /PURGE /MIR /MT:8 /R:1000000 /W:30 

------------------------------------------------------------------------------


------------------------------------------------------------------------------

               Total    Copied   Skipped  Mismatch    FAILED    Extras
    Dirs :       139       139       139         0         0         0
   Files :       225         0       225         0         0         0
   Bytes :   489.4 k         0   489.4 k         0         0         0
   Times :   0:00:00   0:00:00                       0:00:00   0:00:00
   Ended : Wednesday, December 27, 2023 8:12:39 AM


-------------------------------------------------------------------------------
   ROBOCOPY     ::     Robust File Copy for Windows                              
-------------------------------------------------------------------------------

  Started : Wednesday, December 27, 2023 8:18:01 AM
   Source : I:\nvim\
     Dest : E:\realtime_backups\nvim\

    Files : *.*
	    
  Options : *.* /S /E /DCOPY:DA /COPY:DAT /PURGE /MIR /MT:8 /R:1000000 /W:30 

------------------------------------------------------------------------------


------------------------------------------------------------------------------

               Total    Copied   Skipped  Mismatch    FAILED    Extras
    Dirs :       139       139       139         0         0         0
   Files :       225         0       225         0         0         0
   Bytes :   489.4 k         0   489.4 k         0         0         0
   Times :   0:00:00   0:00:00                       0:00:00   0:00:00
   Ended : Wednesday, December 27, 2023 8:18:01 AM


-------------------------------------------------------------------------------
   ROBOCOPY     ::     Robust File Copy for Windows                              
-------------------------------------------------------------------------------

  Started : Wednesday, December 27, 2023 8:23:23 AM
   Source : I:\nvim\
     Dest : E:\realtime_backups\nvim\

    Files : *.*
	    
  Options : *.* /S /E /DCOPY:DA /COPY:DAT /PURGE /MIR /MT:8 /R:1000000 /W:30 

------------------------------------------------------------------------------


------------------------------------------------------------------------------

               Total    Copied   Skipped  Mismatch    FAILED    Extras
    Dirs :       139       139       139         0         0         0
   Files :       225         0       225         0         0         0
   Bytes :   489.4 k         0   489.4 k         0         0         0
   Times :   0:00:00   0:00:00                       0:00:00   0:00:00
   Ended : Wednesday, December 27, 2023 8:23:23 AM


-------------------------------------------------------------------------------
   ROBOCOPY     ::     Robust File Copy for Windows                              
-------------------------------------------------------------------------------

  Started : Wednesday, December 27, 2023 8:28:45 AM
   Source : I:\nvim\
     Dest : E:\realtime_backups\nvim\

    Files : *.*
	    
  Options : *.* /S /E /DCOPY:DA /COPY:DAT /PURGE /MIR /MT:8 /R:1000000 /W:30 

------------------------------------------------------------------------------


------------------------------------------------------------------------------

               Total    Copied   Skipped  Mismatch    FAILED    Extras
    Dirs :       139       139       139         0         0         0
   Files :       223         0       225         0         0         0
   Bytes :   489.1 k         0   489.2 k         0         0         0
   Times :   0:00:00   0:00:00                       0:00:00   0:00:00
   Ended : Wednesday, December 27, 2023 8:28:45 AM


-------------------------------------------------------------------------------
   ROBOCOPY     ::     Robust File Copy for Windows                              
-------------------------------------------------------------------------------

  Started : Wednesday, December 27, 2023 8:34:06 AM
   Source : I:\nvim\
     Dest : E:\realtime_backups\nvim\

    Files : *.*
	    
  Options : *.* /S /E /DCOPY:DA /COPY:DAT /PURGE /MIR /MT:8 /R:1000000 /W:30 

------------------------------------------------------------------------------


------------------------------------------------------------------------------

               Total    Copied   Skipped  Mismatch    FAILED    Extras
    Dirs :       139       139       139         0         0         0
   Files :       225         0       225         0         0         0
   Bytes :   489.4 k         0   489.4 k         0         0         0
   Times :   0:00:00   0:00:00                       0:00:00   0:00:00
   Ended : Wednesday, December 27, 2023 8:34:06 AM


-------------------------------------------------------------------------------
   ROBOCOPY     ::     Robust File Copy for Windows                              
-------------------------------------------------------------------------------

  Started : Wednesday, December 27, 2023 8:39:35 AM
   Source : I:\nvim\
     Dest : E:\realtime_backups\nvim\

    Files : *.*
	    
  Options : *.* /S /E /DCOPY:DA /COPY:DAT /PURGE /MIR /MT:8 /R:1000000 /W:30 

------------------------------------------------------------------------------


------------------------------------------------------------------------------

               Total    Copied   Skipped  Mismatch    FAILED    Extras
    Dirs :       139       139       139         0         0         0
   Files :       225         0       225         0         0         0
   Bytes :   489.4 k         0   489.4 k         0         0         0
   Times :   0:00:00   0:00:00                       0:00:00   0:00:00
   Ended : Wednesday, December 27, 2023 8:39:35 AM


-------------------------------------------------------------------------------
   ROBOCOPY     ::     Robust File Copy for Windows                              
-------------------------------------------------------------------------------

  Started : Wednesday, December 27, 2023 8:44:56 AM
   Source : I:\nvim\
     Dest : E:\realtime_backups\nvim\

    Files : *.*
	    
  Options : *.* /S /E /DCOPY:DA /COPY:DAT /PURGE /MIR /MT:8 /R:1000000 /W:30 

------------------------------------------------------------------------------


------------------------------------------------------------------------------

               Total    Copied   Skipped  Mismatch    FAILED    Extras
    Dirs :       139       139       139         0         0         0
   Files :       225         0       225         0         0         0
   Bytes :   489.4 k         0   489.4 k         0         0         0
   Times :   0:00:00   0:00:00                       0:00:00   0:00:00
   Ended : Wednesday, December 27, 2023 8:44:56 AM


-------------------------------------------------------------------------------
   ROBOCOPY     ::     Robust File Copy for Windows                              
-------------------------------------------------------------------------------

  Started : Wednesday, December 27, 2023 8:50:24 AM
   Source : I:\nvim\
     Dest : E:\realtime_backups\nvim\

    Files : *.*
	    
  Options : *.* /S /E /DCOPY:DA /COPY:DAT /PURGE /MIR /MT:8 /R:1000000 /W:30 

------------------------------------------------------------------------------


------------------------------------------------------------------------------

               Total    Copied   Skipped  Mismatch    FAILED    Extras
    Dirs :       139       139       139         0         0         0
   Files :       225         0       225         0         0         0
   Bytes :   489.4 k         0   489.4 k         0         0         0
   Times :   0:00:00   0:00:00                       0:00:00   0:00:00
   Ended : Wednesday, December 27, 2023 8:50:24 AM


-------------------------------------------------------------------------------
   ROBOCOPY     ::     Robust File Copy for Windows                              
-------------------------------------------------------------------------------

  Started : Wednesday, December 27, 2023 8:55:58 AM
   Source : I:\nvim\
     Dest : E:\realtime_backups\nvim\

    Files : *.*
	    
  Options : *.* /S /E /DCOPY:DA /COPY:DAT /PURGE /MIR /MT:8 /R:1000000 /W:30 

------------------------------------------------------------------------------


------------------------------------------------------------------------------

               Total    Copied   Skipped  Mismatch    FAILED    Extras
    Dirs :       139       139       139         0         0         0
   Files :       225         0       225         0         0         0
   Bytes :   489.4 k         0   489.4 k         0         0         0
   Times :   0:00:00   0:00:00                       0:00:00   0:00:00
   Ended : Wednesday, December 27, 2023 8:55:58 AM


-------------------------------------------------------------------------------
   ROBOCOPY     ::     Robust File Copy for Windows                              
-------------------------------------------------------------------------------

  Started : Wednesday, December 27, 2023 9:01:21 AM
   Source : I:\nvim\
     Dest : E:\realtime_backups\nvim\

    Files : *.*
	    
  Options : *.* /S /E /DCOPY:DA /COPY:DAT /PURGE /MIR /MT:8 /R:1000000 /W:30 

------------------------------------------------------------------------------


------------------------------------------------------------------------------

               Total    Copied   Skipped  Mismatch    FAILED    Extras
    Dirs :       139       139       139         0         0         0
   Files :       225         0       224         0         0         0
   Bytes :   489.4 k         0   489.3 k         0         0         0
   Times :   0:00:00   0:00:00                       0:00:00   0:00:00
   Ended : Wednesday, December 27, 2023 9:01:21 AM


-------------------------------------------------------------------------------
   ROBOCOPY     ::     Robust File Copy for Windows                              
-------------------------------------------------------------------------------

  Started : Wednesday, December 27, 2023 9:07:08 AM
   Source : I:\nvim\
     Dest : E:\realtime_backups\nvim\

    Files : *.*
	    
  Options : *.* /S /E /DCOPY:DA /COPY:DAT /PURGE /MIR /MT:8 /R:1000000 /W:30 

------------------------------------------------------------------------------


------------------------------------------------------------------------------

               Total    Copied   Skipped  Mismatch    FAILED    Extras
    Dirs :       139       139       139         0         0         0
   Files :       225         0       225         0         0         0
   Bytes :   489.4 k         0   489.4 k         0         0         0
   Times :   0:00:00   0:00:00                       0:00:00   0:00:00
   Ended : Wednesday, December 27, 2023 9:07:08 AM


-------------------------------------------------------------------------------
   ROBOCOPY     ::     Robust File Copy for Windows                              
-------------------------------------------------------------------------------

  Started : Wednesday, December 27, 2023 9:12:32 AM
   Source : I:\nvim\
     Dest : E:\realtime_backups\nvim\

    Files : *.*
	    
  Options : *.* /S /E /DCOPY:DA /COPY:DAT /PURGE /MIR /MT:8 /R:1000000 /W:30 

------------------------------------------------------------------------------


------------------------------------------------------------------------------

               Total    Copied   Skipped  Mismatch    FAILED    Extras
    Dirs :       139       139       139         0         0         0
   Files :       225         0       225         0         0         0
   Bytes :   489.4 k         0   489.4 k         0         0         0
   Times :   0:00:00   0:00:00                       0:00:00   0:00:00
   Ended : Wednesday, December 27, 2023 9:12:32 AM


-------------------------------------------------------------------------------
   ROBOCOPY     ::     Robust File Copy for Windows                              
-------------------------------------------------------------------------------

  Started : Wednesday, December 27, 2023 9:18:16 AM
   Source : I:\nvim\
     Dest : E:\realtime_backups\nvim\

    Files : *.*
	    
  Options : *.* /S /E /DCOPY:DA /COPY:DAT /PURGE /MIR /MT:8 /R:1000000 /W:30 

------------------------------------------------------------------------------


------------------------------------------------------------------------------

               Total    Copied   Skipped  Mismatch    FAILED    Extras
    Dirs :       139       139       139         0         0         0
   Files :       225         0       225         0         0         0
   Bytes :   489.4 k         0   489.4 k         0         0         0
   Times :   0:00:00   0:00:00                       0:00:00   0:00:00
   Ended : Wednesday, December 27, 2023 9:18:16 AM

