
-------------------------------------------------------------------------------
   ROBOCOPY     ::     Robust File Copy for Windows                              
-------------------------------------------------------------------------------

  Started : Wednesday, January 3, 2024 12:05:12 AM
   Source : I:\nvim\
     Dest : E:\realtime_backups\nvim\

    Files : *.*
	    
  Options : *.* /S /E /DCOPY:DA /COPY:DAT /PURGE /MIR /MT:8 /R:1000000 /W:30 

------------------------------------------------------------------------------


------------------------------------------------------------------------------

               Total    Copied   Skipped  Mismatch    FAILED    Extras
    Dirs :       152       152       152         0         0         0
   Files :       243         0       242         0         0         0
   Bytes :   495.7 k         0   495.5 k         0         0         0
   Times :   0:00:00   0:00:00                       0:00:00   0:00:00
   Ended : Wednesday, January 3, 2024 12:05:12 AM


-------------------------------------------------------------------------------
   ROBOCOPY     ::     Robust File Copy for Windows                              
-------------------------------------------------------------------------------

  Started : Wednesday, January 3, 2024 12:11:15 AM
   Source : I:\nvim\
     Dest : E:\realtime_backups\nvim\

    Files : *.*
	    
  Options : *.* /S /E /DCOPY:DA /COPY:DAT /PURGE /MIR /MT:8 /R:1000000 /W:30 

------------------------------------------------------------------------------


------------------------------------------------------------------------------

               Total    Copied   Skipped  Mismatch    FAILED    Extras
    Dirs :       152       152       152         0         0         0
   Files :       243         0       243         0         0         0
   Bytes :   495.7 k         0   495.7 k         0         0         0
   Times :   0:00:00   0:00:00                       0:00:00   0:00:00
   Ended : Wednesday, January 3, 2024 12:11:15 AM


-------------------------------------------------------------------------------
   ROBOCOPY     ::     Robust File Copy for Windows                              
-------------------------------------------------------------------------------

  Started : Wednesday, January 3, 2024 12:16:56 AM
   Source : I:\nvim\
     Dest : E:\realtime_backups\nvim\

    Files : *.*
	    
  Options : *.* /S /E /DCOPY:DA /COPY:DAT /PURGE /MIR /MT:8 /R:1000000 /W:30 

------------------------------------------------------------------------------


------------------------------------------------------------------------------

               Total    Copied   Skipped  Mismatch    FAILED    Extras
    Dirs :       152       152       152         0         0         0
   Files :       243         0       243         0         0         0
   Bytes :   495.7 k         0   495.7 k         0         0         0
   Times :   0:00:00   0:00:00                       0:00:00   0:00:00
   Ended : Wednesday, January 3, 2024 12:16:56 AM


-------------------------------------------------------------------------------
   ROBOCOPY     ::     Robust File Copy for Windows                              
-------------------------------------------------------------------------------

  Started : Wednesday, January 3, 2024 12:22:16 AM
   Source : I:\nvim\
     Dest : E:\realtime_backups\nvim\

    Files : *.*
	    
  Options : *.* /S /E /DCOPY:DA /COPY:DAT /PURGE /MIR /MT:8 /R:1000000 /W:30 

------------------------------------------------------------------------------


------------------------------------------------------------------------------

               Total    Copied   Skipped  Mismatch    FAILED    Extras
    Dirs :       152       152       152         0         0         0
   Files :       243         0       243         0         0         0
   Bytes :   495.7 k         0   495.7 k         0         0         0
   Times :   0:00:00   0:00:00                       0:00:00   0:00:00
   Ended : Wednesday, January 3, 2024 12:22:16 AM


-------------------------------------------------------------------------------
   ROBOCOPY     ::     Robust File Copy for Windows                              
-------------------------------------------------------------------------------

  Started : Wednesday, January 3, 2024 12:27:57 AM
   Source : I:\nvim\
     Dest : E:\realtime_backups\nvim\

    Files : *.*
	    
  Options : *.* /S /E /DCOPY:DA /COPY:DAT /PURGE /MIR /MT:8 /R:1000000 /W:30 

------------------------------------------------------------------------------


------------------------------------------------------------------------------

               Total    Copied   Skipped  Mismatch    FAILED    Extras
    Dirs :       152       152       152         0         0         0
   Files :       243         0       243         0         0         0
   Bytes :   495.7 k         0   495.7 k         0         0         0
   Times :   0:00:00   0:00:00                       0:00:00   0:00:00
   Ended : Wednesday, January 3, 2024 12:27:57 AM


-------------------------------------------------------------------------------
   ROBOCOPY     ::     Robust File Copy for Windows                              
-------------------------------------------------------------------------------

  Started : Wednesday, January 3, 2024 12:33:39 AM
   Source : I:\nvim\
     Dest : E:\realtime_backups\nvim\

    Files : *.*
	    
  Options : *.* /S /E /DCOPY:DA /COPY:DAT /PURGE /MIR /MT:8 /R:1000000 /W:30 

------------------------------------------------------------------------------


------------------------------------------------------------------------------

               Total    Copied   Skipped  Mismatch    FAILED    Extras
    Dirs :       152       152       152         0         0         0
   Files :       243         0       243         0         0         0
   Bytes :   495.7 k         0   495.7 k         0         0         0
   Times :   0:00:00   0:00:00                       0:00:00   0:00:00
   Ended : Wednesday, January 3, 2024 12:33:39 AM


-------------------------------------------------------------------------------
   ROBOCOPY     ::     Robust File Copy for Windows                              
-------------------------------------------------------------------------------

  Started : Wednesday, January 3, 2024 6:46:47 PM
   Source : I:\nvim\
     Dest : E:\realtime_backups\nvim\

    Files : *.*
	    
  Options : *.* /S /E /DCOPY:DA /COPY:DAT /PURGE /MIR /MT:8 /R:1000000 /W:30 

------------------------------------------------------------------------------


------------------------------------------------------------------------------

               Total    Copied   Skipped  Mismatch    FAILED    Extras
    Dirs :       152       152       152         0         0         0
   Files :       243         0       243         0         0         0
   Bytes :   495.7 k         0   495.7 k         0         0         0
   Times :   0:00:00   0:00:00                       0:00:00   0:00:00
   Ended : Wednesday, January 3, 2024 6:46:47 PM


-------------------------------------------------------------------------------
   ROBOCOPY     ::     Robust File Copy for Windows                              
-------------------------------------------------------------------------------

  Started : Wednesday, January 3, 2024 6:52:47 PM
   Source : I:\nvim\
     Dest : E:\realtime_backups\nvim\

    Files : *.*
	    
  Options : *.* /S /E /DCOPY:DA /COPY:DAT /PURGE /MIR /MT:8 /R:1000000 /W:30 

------------------------------------------------------------------------------


------------------------------------------------------------------------------

               Total    Copied   Skipped  Mismatch    FAILED    Extras
    Dirs :       152       152       152         0         0         0
   Files :       243         0       243         0         0         0
   Bytes :   495.7 k         0   495.7 k         0         0         0
   Times :   0:00:00   0:00:00                       0:00:00   0:00:00
   Ended : Wednesday, January 3, 2024 6:52:47 PM


-------------------------------------------------------------------------------
   ROBOCOPY     ::     Robust File Copy for Windows                              
-------------------------------------------------------------------------------

  Started : Wednesday, January 3, 2024 6:58:29 PM
   Source : I:\nvim\
     Dest : E:\realtime_backups\nvim\

    Files : *.*
	    
  Options : *.* /S /E /DCOPY:DA /COPY:DAT /PURGE /MIR /MT:8 /R:1000000 /W:30 

------------------------------------------------------------------------------


------------------------------------------------------------------------------

               Total    Copied   Skipped  Mismatch    FAILED    Extras
    Dirs :       152       152       152         0         0         0
   Files :       243         0       243         0         0         0
   Bytes :   495.7 k         0   495.7 k         0         0         0
   Times :   0:00:00   0:00:00                       0:00:00   0:00:00
   Ended : Wednesday, January 3, 2024 6:58:29 PM


-------------------------------------------------------------------------------
   ROBOCOPY     ::     Robust File Copy for Windows                              
-------------------------------------------------------------------------------

  Started : Wednesday, January 3, 2024 7:03:51 PM
   Source : I:\nvim\
     Dest : E:\realtime_backups\nvim\

    Files : *.*
	    
  Options : *.* /S /E /DCOPY:DA /COPY:DAT /PURGE /MIR /MT:8 /R:1000000 /W:30 

------------------------------------------------------------------------------


------------------------------------------------------------------------------

               Total    Copied   Skipped  Mismatch    FAILED    Extras
    Dirs :       152       152       152         0         0         0
   Files :       243         0       243         0         0         0
   Bytes :   495.7 k         0   495.7 k         0         0         0
   Times :   0:00:00   0:00:00                       0:00:00   0:00:00
   Ended : Wednesday, January 3, 2024 7:03:51 PM


-------------------------------------------------------------------------------
   ROBOCOPY     ::     Robust File Copy for Windows                              
-------------------------------------------------------------------------------

  Started : Wednesday, January 3, 2024 7:09:33 PM
   Source : I:\nvim\
     Dest : E:\realtime_backups\nvim\

    Files : *.*
	    
  Options : *.* /S /E /DCOPY:DA /COPY:DAT /PURGE /MIR /MT:8 /R:1000000 /W:30 

------------------------------------------------------------------------------


------------------------------------------------------------------------------

               Total    Copied   Skipped  Mismatch    FAILED    Extras
    Dirs :       152       152       152         0         0         0
   Files :       243         0       243         0         0         0
   Bytes :   495.7 k         0   495.7 k         0         0         0
   Times :   0:00:00   0:00:00                       0:00:00   0:00:00
   Ended : Wednesday, January 3, 2024 7:09:33 PM


-------------------------------------------------------------------------------
   ROBOCOPY     ::     Robust File Copy for Windows                              
-------------------------------------------------------------------------------

  Started : Wednesday, January 3, 2024 7:15:16 PM
   Source : I:\nvim\
     Dest : E:\realtime_backups\nvim\

    Files : *.*
	    
  Options : *.* /S /E /DCOPY:DA /COPY:DAT /PURGE /MIR /MT:8 /R:1000000 /W:30 

------------------------------------------------------------------------------


------------------------------------------------------------------------------

               Total    Copied   Skipped  Mismatch    FAILED    Extras
    Dirs :       152       152       152         0         0         0
   Files :       243         0       242         0         0         0
   Bytes :   495.7 k         0   495.5 k         0         0         0
   Times :   0:00:00   0:00:00                       0:00:00   0:00:00
   Ended : Wednesday, January 3, 2024 7:15:16 PM


-------------------------------------------------------------------------------
   ROBOCOPY     ::     Robust File Copy for Windows                              
-------------------------------------------------------------------------------

  Started : Wednesday, January 3, 2024 7:20:37 PM
   Source : I:\nvim\
     Dest : E:\realtime_backups\nvim\

    Files : *.*
	    
  Options : *.* /S /E /DCOPY:DA /COPY:DAT /PURGE /MIR /MT:8 /R:1000000 /W:30 

------------------------------------------------------------------------------


------------------------------------------------------------------------------

               Total    Copied   Skipped  Mismatch    FAILED    Extras
    Dirs :       152       152       152         0         0         0
   Files :       243         0       243         0         0         0
   Bytes :   495.7 k         0   495.7 k         0         0         0
   Times :   0:00:00   0:00:00                       0:00:00   0:00:00
   Ended : Wednesday, January 3, 2024 7:20:37 PM


-------------------------------------------------------------------------------
   ROBOCOPY     ::     Robust File Copy for Windows                              
-------------------------------------------------------------------------------

  Started : Wednesday, January 3, 2024 7:26:19 PM
   Source : I:\nvim\
     Dest : E:\realtime_backups\nvim\

    Files : *.*
	    
  Options : *.* /S /E /DCOPY:DA /COPY:DAT /PURGE /MIR /MT:8 /R:1000000 /W:30 

------------------------------------------------------------------------------


------------------------------------------------------------------------------

               Total    Copied   Skipped  Mismatch    FAILED    Extras
    Dirs :       152       152       152         0         0         0
   Files :       243         0       243         0         0         0
   Bytes :   495.7 k         0   495.7 k         0         0         0
   Times :   0:00:00   0:00:00                       0:00:00   0:00:00
   Ended : Wednesday, January 3, 2024 7:26:19 PM


-------------------------------------------------------------------------------
   ROBOCOPY     ::     Robust File Copy for Windows                              
-------------------------------------------------------------------------------

  Started : Wednesday, January 3, 2024 7:32:02 PM
   Source : I:\nvim\
     Dest : E:\realtime_backups\nvim\

    Files : *.*
	    
  Options : *.* /S /E /DCOPY:DA /COPY:DAT /PURGE /MIR /MT:8 /R:1000000 /W:30 

------------------------------------------------------------------------------


------------------------------------------------------------------------------

               Total    Copied   Skipped  Mismatch    FAILED    Extras
    Dirs :       152       152       152         0         0         0
   Files :       243         0       243         0         0         0
   Bytes :   495.7 k         0   495.7 k         0         0         0
   Times :   0:00:00   0:00:00                       0:00:00   0:00:00
   Ended : Wednesday, January 3, 2024 7:32:02 PM


-------------------------------------------------------------------------------
   ROBOCOPY     ::     Robust File Copy for Windows                              
-------------------------------------------------------------------------------

  Started : Wednesday, January 3, 2024 7:37:25 PM
   Source : I:\nvim\
     Dest : E:\realtime_backups\nvim\

    Files : *.*
	    
  Options : *.* /S /E /DCOPY:DA /COPY:DAT /PURGE /MIR /MT:8 /R:1000000 /W:30 

------------------------------------------------------------------------------


------------------------------------------------------------------------------

               Total    Copied   Skipped  Mismatch    FAILED    Extras
    Dirs :       152       152       152         0         0         0
   Files :       243         0       243         0         0         0
   Bytes :   495.7 k         0   495.7 k         0         0         0
   Times :   0:00:00   0:00:00                       0:00:00   0:00:00
   Ended : Wednesday, January 3, 2024 7:37:25 PM


-------------------------------------------------------------------------------
   ROBOCOPY     ::     Robust File Copy for Windows                              
-------------------------------------------------------------------------------

  Started : Wednesday, January 3, 2024 7:43:10 PM
   Source : I:\nvim\
     Dest : E:\realtime_backups\nvim\

    Files : *.*
	    
  Options : *.* /S /E /DCOPY:DA /COPY:DAT /PURGE /MIR /MT:8 /R:1000000 /W:30 

------------------------------------------------------------------------------


------------------------------------------------------------------------------

               Total    Copied   Skipped  Mismatch    FAILED    Extras
    Dirs :       152       152       152         0         0         0
   Files :       243         0       243         0         0         0
   Bytes :   495.7 k         0   495.7 k         0         0         0
   Times :   0:00:00   0:00:00                       0:00:00   0:00:00
   Ended : Wednesday, January 3, 2024 7:43:10 PM


-------------------------------------------------------------------------------
   ROBOCOPY     ::     Robust File Copy for Windows                              
-------------------------------------------------------------------------------

  Started : Wednesday, January 3, 2024 7:48:54 PM
   Source : I:\nvim\
     Dest : E:\realtime_backups\nvim\

    Files : *.*
	    
  Options : *.* /S /E /DCOPY:DA /COPY:DAT /PURGE /MIR /MT:8 /R:1000000 /W:30 

------------------------------------------------------------------------------


------------------------------------------------------------------------------

               Total    Copied   Skipped  Mismatch    FAILED    Extras
    Dirs :       152       152       152         0         0         0
   Files :       243         0       243         0         0         0
   Bytes :   495.7 k         0   495.7 k         0         0         0
   Times :   0:00:00   0:00:00                       0:00:00   0:00:00
   Ended : Wednesday, January 3, 2024 7:48:54 PM


-------------------------------------------------------------------------------
   ROBOCOPY     ::     Robust File Copy for Windows                              
-------------------------------------------------------------------------------

  Started : Wednesday, January 3, 2024 7:54:16 PM
   Source : I:\nvim\
     Dest : E:\realtime_backups\nvim\

    Files : *.*
	    
  Options : *.* /S /E /DCOPY:DA /COPY:DAT /PURGE /MIR /MT:8 /R:1000000 /W:30 

------------------------------------------------------------------------------


------------------------------------------------------------------------------

               Total    Copied   Skipped  Mismatch    FAILED    Extras
    Dirs :       152       152       152         0         0         0
   Files :       243         0       243         0         0         0
   Bytes :   495.7 k         0   495.7 k         0         0         0
   Times :   0:00:00   0:00:00                       0:00:00   0:00:00
   Ended : Wednesday, January 3, 2024 7:54:16 PM


-------------------------------------------------------------------------------
   ROBOCOPY     ::     Robust File Copy for Windows                              
-------------------------------------------------------------------------------

  Started : Wednesday, January 3, 2024 7:59:59 PM
   Source : I:\nvim\
     Dest : E:\realtime_backups\nvim\

    Files : *.*
	    
  Options : *.* /S /E /DCOPY:DA /COPY:DAT /PURGE /MIR /MT:8 /R:1000000 /W:30 

------------------------------------------------------------------------------


------------------------------------------------------------------------------

               Total    Copied   Skipped  Mismatch    FAILED    Extras
    Dirs :       152       152       152         0         0         0
   Files :       243         0       243         0         0         0
   Bytes :   495.7 k         0   495.7 k         0         0         0
   Times :   0:00:00   0:00:00                       0:00:00   0:00:00
   Ended : Wednesday, January 3, 2024 7:59:59 PM


-------------------------------------------------------------------------------
   ROBOCOPY     ::     Robust File Copy for Windows                              
-------------------------------------------------------------------------------

  Started : Wednesday, January 3, 2024 8:05:42 PM
   Source : I:\nvim\
     Dest : E:\realtime_backups\nvim\

    Files : *.*
	    
  Options : *.* /S /E /DCOPY:DA /COPY:DAT /PURGE /MIR /MT:8 /R:1000000 /W:30 

------------------------------------------------------------------------------


------------------------------------------------------------------------------

               Total    Copied   Skipped  Mismatch    FAILED    Extras
    Dirs :       152       152       152         0         0         0
   Files :       243         0       243         0         0         0
   Bytes :   495.7 k         0   495.7 k         0         0         0
   Times :   0:00:00   0:00:00                       0:00:00   0:00:00
   Ended : Wednesday, January 3, 2024 8:05:42 PM


-------------------------------------------------------------------------------
   ROBOCOPY     ::     Robust File Copy for Windows                              
-------------------------------------------------------------------------------

  Started : Wednesday, January 3, 2024 8:11:03 PM
   Source : I:\nvim\
     Dest : E:\realtime_backups\nvim\

    Files : *.*
	    
  Options : *.* /S /E /DCOPY:DA /COPY:DAT /PURGE /MIR /MT:8 /R:1000000 /W:30 

------------------------------------------------------------------------------


------------------------------------------------------------------------------

               Total    Copied   Skipped  Mismatch    FAILED    Extras
    Dirs :       152       152       152         0         0         0
   Files :       243         0       243         0         0         0
   Bytes :   495.7 k         0   495.7 k         0         0         0
   Times :   0:00:00   0:00:00                       0:00:00   0:00:00
   Ended : Wednesday, January 3, 2024 8:11:03 PM


-------------------------------------------------------------------------------
   ROBOCOPY     ::     Robust File Copy for Windows                              
-------------------------------------------------------------------------------

  Started : Wednesday, January 3, 2024 8:16:45 PM
   Source : I:\nvim\
     Dest : E:\realtime_backups\nvim\

    Files : *.*
	    
  Options : *.* /S /E /DCOPY:DA /COPY:DAT /PURGE /MIR /MT:8 /R:1000000 /W:30 

------------------------------------------------------------------------------


------------------------------------------------------------------------------

               Total    Copied   Skipped  Mismatch    FAILED    Extras
    Dirs :       152       152       152         0         0         0
   Files :       243         0       243         0         0         0
   Bytes :   495.7 k         0   495.7 k         0         0         0
   Times :   0:00:00   0:00:00                       0:00:00   0:00:00
   Ended : Wednesday, January 3, 2024 8:16:45 PM


-------------------------------------------------------------------------------
   ROBOCOPY     ::     Robust File Copy for Windows                              
-------------------------------------------------------------------------------

  Started : Wednesday, January 3, 2024 8:22:28 PM
   Source : I:\nvim\
     Dest : E:\realtime_backups\nvim\

    Files : *.*
	    
  Options : *.* /S /E /DCOPY:DA /COPY:DAT /PURGE /MIR /MT:8 /R:1000000 /W:30 

------------------------------------------------------------------------------


------------------------------------------------------------------------------

               Total    Copied   Skipped  Mismatch    FAILED    Extras
    Dirs :       152       152       152         0         0         0
   Files :       243         0       243         0         0         0
   Bytes :   495.7 k         0   495.7 k         0         0         0
   Times :   0:00:00   0:00:00                       0:00:00   0:00:00
   Ended : Wednesday, January 3, 2024 8:22:28 PM


-------------------------------------------------------------------------------
   ROBOCOPY     ::     Robust File Copy for Windows                              
-------------------------------------------------------------------------------

  Started : Wednesday, January 3, 2024 8:27:50 PM
   Source : I:\nvim\
     Dest : E:\realtime_backups\nvim\

    Files : *.*
	    
  Options : *.* /S /E /DCOPY:DA /COPY:DAT /PURGE /MIR /MT:8 /R:1000000 /W:30 

------------------------------------------------------------------------------


------------------------------------------------------------------------------

               Total    Copied   Skipped  Mismatch    FAILED    Extras
    Dirs :       152       152       152         0         0         0
   Files :       243         0       243         0         0         0
   Bytes :   495.7 k         0   495.7 k         0         0         0
   Times :   0:00:00   0:00:00                       0:00:00   0:00:00
   Ended : Wednesday, January 3, 2024 8:27:50 PM


-------------------------------------------------------------------------------
   ROBOCOPY     ::     Robust File Copy for Windows                              
-------------------------------------------------------------------------------

  Started : Wednesday, January 3, 2024 8:33:59 PM
   Source : I:\nvim\
     Dest : E:\realtime_backups\nvim\

    Files : *.*
	    
  Options : *.* /S /E /DCOPY:DA /COPY:DAT /PURGE /MIR /MT:8 /R:1000000 /W:30 

------------------------------------------------------------------------------


------------------------------------------------------------------------------

               Total    Copied   Skipped  Mismatch    FAILED    Extras
    Dirs :       152       152       152         0         0         0
   Files :       243         0       243         0         0         0
   Bytes :   495.7 k         0   495.7 k         0         0         0
   Times :   0:00:00   0:00:00                       0:00:00   0:00:00
   Ended : Wednesday, January 3, 2024 8:33:59 PM


-------------------------------------------------------------------------------
   ROBOCOPY     ::     Robust File Copy for Windows                              
-------------------------------------------------------------------------------

  Started : Wednesday, January 3, 2024 8:40:00 PM
   Source : I:\nvim\
     Dest : E:\realtime_backups\nvim\

    Files : *.*
	    
  Options : *.* /S /E /DCOPY:DA /COPY:DAT /PURGE /MIR /MT:8 /R:1000000 /W:30 

------------------------------------------------------------------------------


------------------------------------------------------------------------------

               Total    Copied   Skipped  Mismatch    FAILED    Extras
    Dirs :       152       152       152         0         0         0
   Files :       242         0       242         0         0         0
   Bytes :   495.3 k         0   495.3 k         0         0         0
   Times :   0:00:00   0:00:00                       0:00:00   0:00:00
   Ended : Wednesday, January 3, 2024 8:40:00 PM


-------------------------------------------------------------------------------
   ROBOCOPY     ::     Robust File Copy for Windows                              
-------------------------------------------------------------------------------

  Started : Wednesday, January 3, 2024 8:45:22 PM
   Source : I:\nvim\
     Dest : E:\realtime_backups\nvim\

    Files : *.*
	    
  Options : *.* /S /E /DCOPY:DA /COPY:DAT /PURGE /MIR /MT:8 /R:1000000 /W:30 

------------------------------------------------------------------------------


------------------------------------------------------------------------------

               Total    Copied   Skipped  Mismatch    FAILED    Extras
    Dirs :       152       152       152         0         0         0
   Files :       243         0       243         0         0         0
   Bytes :   495.7 k         0   495.7 k         0         0         0
   Times :   0:00:00   0:00:00                       0:00:00   0:00:00
   Ended : Wednesday, January 3, 2024 8:45:22 PM


-------------------------------------------------------------------------------
   ROBOCOPY     ::     Robust File Copy for Windows                              
-------------------------------------------------------------------------------

  Started : Wednesday, January 3, 2024 8:51:06 PM
   Source : I:\nvim\
     Dest : E:\realtime_backups\nvim\

    Files : *.*
	    
  Options : *.* /S /E /DCOPY:DA /COPY:DAT /PURGE /MIR /MT:8 /R:1000000 /W:30 

------------------------------------------------------------------------------


------------------------------------------------------------------------------

               Total    Copied   Skipped  Mismatch    FAILED    Extras
    Dirs :       152       152       152         0         0         0
   Files :       241         0       242         0         0         0
   Bytes :   495.3 k         0   495.5 k         0         0         0
   Times :   0:00:00   0:00:00                       0:00:00   0:00:00
   Ended : Wednesday, January 3, 2024 8:51:06 PM


-------------------------------------------------------------------------------
   ROBOCOPY     ::     Robust File Copy for Windows                              
-------------------------------------------------------------------------------

  Started : Wednesday, January 3, 2024 8:56:48 PM
   Source : I:\nvim\
     Dest : E:\realtime_backups\nvim\

    Files : *.*
	    
  Options : *.* /S /E /DCOPY:DA /COPY:DAT /PURGE /MIR /MT:8 /R:1000000 /W:30 

------------------------------------------------------------------------------


------------------------------------------------------------------------------

               Total    Copied   Skipped  Mismatch    FAILED    Extras
    Dirs :       152       152       152         0         0         0
   Files :       243         0       243         0         0         0
   Bytes :   495.7 k         0   495.7 k         0         0         0
   Times :   0:00:00   0:00:00                       0:00:00   0:00:00
   Ended : Wednesday, January 3, 2024 8:56:48 PM


-------------------------------------------------------------------------------
   ROBOCOPY     ::     Robust File Copy for Windows                              
-------------------------------------------------------------------------------

  Started : Wednesday, January 3, 2024 9:02:11 PM
   Source : I:\nvim\
     Dest : E:\realtime_backups\nvim\

    Files : *.*
	    
  Options : *.* /S /E /DCOPY:DA /COPY:DAT /PURGE /MIR /MT:8 /R:1000000 /W:30 

------------------------------------------------------------------------------


------------------------------------------------------------------------------

               Total    Copied   Skipped  Mismatch    FAILED    Extras
    Dirs :       152       152       152         0         0         0
   Files :       243         0       243         0         0         0
   Bytes :   495.7 k         0   495.7 k         0         0         0
   Times :   0:00:00   0:00:00                       0:00:00   0:00:00
   Ended : Wednesday, January 3, 2024 9:02:11 PM


-------------------------------------------------------------------------------
   ROBOCOPY     ::     Robust File Copy for Windows                              
-------------------------------------------------------------------------------

  Started : Wednesday, January 3, 2024 9:07:53 PM
   Source : I:\nvim\
     Dest : E:\realtime_backups\nvim\

    Files : *.*
	    
  Options : *.* /S /E /DCOPY:DA /COPY:DAT /PURGE /MIR /MT:8 /R:1000000 /W:30 

------------------------------------------------------------------------------


------------------------------------------------------------------------------

               Total    Copied   Skipped  Mismatch    FAILED    Extras
    Dirs :       152       152       152         0         0         0
   Files :       243         0       243         0         0         0
   Bytes :   495.7 k         0   495.7 k         0         0         0
   Times :   0:00:00   0:00:00                       0:00:00   0:00:00
   Ended : Wednesday, January 3, 2024 9:07:53 PM


-------------------------------------------------------------------------------
   ROBOCOPY     ::     Robust File Copy for Windows                              
-------------------------------------------------------------------------------

  Started : Wednesday, January 3, 2024 9:13:35 PM
   Source : I:\nvim\
     Dest : E:\realtime_backups\nvim\

    Files : *.*
	    
  Options : *.* /S /E /DCOPY:DA /COPY:DAT /PURGE /MIR /MT:8 /R:1000000 /W:30 

------------------------------------------------------------------------------


------------------------------------------------------------------------------

               Total    Copied   Skipped  Mismatch    FAILED    Extras
    Dirs :       152       152       152         0         0         0
   Files :       243         0       243         0         0         0
   Bytes :   495.7 k         0   495.7 k         0         0         0
   Times :   0:00:00   0:00:00                       0:00:00   0:00:00
   Ended : Wednesday, January 3, 2024 9:13:35 PM


-------------------------------------------------------------------------------
   ROBOCOPY     ::     Robust File Copy for Windows                              
-------------------------------------------------------------------------------

  Started : Wednesday, January 3, 2024 9:18:56 PM
   Source : I:\nvim\
     Dest : E:\realtime_backups\nvim\

    Files : *.*
	    
  Options : *.* /S /E /DCOPY:DA /COPY:DAT /PURGE /MIR /MT:8 /R:1000000 /W:30 

------------------------------------------------------------------------------


------------------------------------------------------------------------------

               Total    Copied   Skipped  Mismatch    FAILED    Extras
    Dirs :       152       152       152         0         0         0
   Files :       243         0       243         0         0         0
   Bytes :   495.7 k         0   495.7 k         0         0         0
   Times :   0:00:00   0:00:00                       0:00:00   0:00:00
   Ended : Wednesday, January 3, 2024 9:18:56 PM


-------------------------------------------------------------------------------
   ROBOCOPY     ::     Robust File Copy for Windows                              
-------------------------------------------------------------------------------

  Started : Wednesday, January 3, 2024 9:24:39 PM
   Source : I:\nvim\
     Dest : E:\realtime_backups\nvim\

    Files : *.*
	    
  Options : *.* /S /E /DCOPY:DA /COPY:DAT /PURGE /MIR /MT:8 /R:1000000 /W:30 

------------------------------------------------------------------------------


------------------------------------------------------------------------------

               Total    Copied   Skipped  Mismatch    FAILED    Extras
    Dirs :       152       152       152         0         0         0
   Files :       243         0       243         0         0         0
   Bytes :   495.7 k         0   495.7 k         0         0         0
   Times :   0:00:00   0:00:00                       0:00:00   0:00:00
   Ended : Wednesday, January 3, 2024 9:24:39 PM


-------------------------------------------------------------------------------
   ROBOCOPY     ::     Robust File Copy for Windows                              
-------------------------------------------------------------------------------

  Started : Wednesday, January 3, 2024 9:30:22 PM
   Source : I:\nvim\
     Dest : E:\realtime_backups\nvim\

    Files : *.*
	    
  Options : *.* /S /E /DCOPY:DA /COPY:DAT /PURGE /MIR /MT:8 /R:1000000 /W:30 

------------------------------------------------------------------------------


------------------------------------------------------------------------------

               Total    Copied   Skipped  Mismatch    FAILED    Extras
    Dirs :       152       152       152         0         0         0
   Files :       243         0       243         0         0         0
   Bytes :   495.7 k         0   495.7 k         0         0         0
   Times :   0:00:00   0:00:00                       0:00:00   0:00:00
   Ended : Wednesday, January 3, 2024 9:30:22 PM


-------------------------------------------------------------------------------
   ROBOCOPY     ::     Robust File Copy for Windows                              
-------------------------------------------------------------------------------

  Started : Wednesday, January 3, 2024 9:35:43 PM
   Source : I:\nvim\
     Dest : E:\realtime_backups\nvim\

    Files : *.*
	    
  Options : *.* /S /E /DCOPY:DA /COPY:DAT /PURGE /MIR /MT:8 /R:1000000 /W:30 

------------------------------------------------------------------------------


------------------------------------------------------------------------------

               Total    Copied   Skipped  Mismatch    FAILED    Extras
    Dirs :       152       152       152         0         0         0
   Files :       243         0       243         0         0         0
   Bytes :   495.7 k         0   495.7 k         0         0         0
   Times :   0:00:00   0:00:00                       0:00:00   0:00:00
   Ended : Wednesday, January 3, 2024 9:35:43 PM


-------------------------------------------------------------------------------
   ROBOCOPY     ::     Robust File Copy for Windows                              
-------------------------------------------------------------------------------

  Started : Wednesday, January 3, 2024 9:41:26 PM
   Source : I:\nvim\
     Dest : E:\realtime_backups\nvim\

    Files : *.*
	    
  Options : *.* /S /E /DCOPY:DA /COPY:DAT /PURGE /MIR /MT:8 /R:1000000 /W:30 

------------------------------------------------------------------------------


------------------------------------------------------------------------------

               Total    Copied   Skipped  Mismatch    FAILED    Extras
    Dirs :       152       152       152         0         0         0
   Files :       243         0       243         0         0         0
   Bytes :   495.7 k         0   495.7 k         0         0         0
   Times :   0:00:00   0:00:00                       0:00:00   0:00:00
   Ended : Wednesday, January 3, 2024 9:41:26 PM


-------------------------------------------------------------------------------
   ROBOCOPY     ::     Robust File Copy for Windows                              
-------------------------------------------------------------------------------

  Started : Wednesday, January 3, 2024 9:47:08 PM
   Source : I:\nvim\
     Dest : E:\realtime_backups\nvim\

    Files : *.*
	    
  Options : *.* /S /E /DCOPY:DA /COPY:DAT /PURGE /MIR /MT:8 /R:1000000 /W:30 

------------------------------------------------------------------------------


------------------------------------------------------------------------------

               Total    Copied   Skipped  Mismatch    FAILED    Extras
    Dirs :       152       152       152         0         0         0
   Files :       243         0       243         0         0         0
   Bytes :   495.7 k         0   495.7 k         0         0         0
   Times :   0:00:00   0:00:00                       0:00:00   0:00:00
   Ended : Wednesday, January 3, 2024 9:47:08 PM


-------------------------------------------------------------------------------
   ROBOCOPY     ::     Robust File Copy for Windows                              
-------------------------------------------------------------------------------

  Started : Wednesday, January 3, 2024 9:52:31 PM
   Source : I:\nvim\
     Dest : E:\realtime_backups\nvim\

    Files : *.*
	    
  Options : *.* /S /E /DCOPY:DA /COPY:DAT /PURGE /MIR /MT:8 /R:1000000 /W:30 

------------------------------------------------------------------------------


------------------------------------------------------------------------------

               Total    Copied   Skipped  Mismatch    FAILED    Extras
    Dirs :       152       152       152         0         0         0
   Files :       243         0       243         0         0         0
   Bytes :   495.7 k         0   495.7 k         0         0         0
   Times :   0:00:00   0:00:00                       0:00:00   0:00:00
   Ended : Wednesday, January 3, 2024 9:52:31 PM


-------------------------------------------------------------------------------
   ROBOCOPY     ::     Robust File Copy for Windows                              
-------------------------------------------------------------------------------

  Started : Wednesday, January 3, 2024 9:58:23 PM
   Source : I:\nvim\
     Dest : E:\realtime_backups\nvim\

    Files : *.*
	    
  Options : *.* /S /E /DCOPY:DA /COPY:DAT /PURGE /MIR /MT:8 /R:1000000 /W:30 

------------------------------------------------------------------------------


------------------------------------------------------------------------------

               Total    Copied   Skipped  Mismatch    FAILED    Extras
    Dirs :       152       152       152         0         0         0
   Files :       243         0       243         0         0         0
   Bytes :   495.7 k         0   495.7 k         0         0         0
   Times :   0:00:00   0:00:00                       0:00:00   0:00:00
   Ended : Wednesday, January 3, 2024 9:58:23 PM


-------------------------------------------------------------------------------
   ROBOCOPY     ::     Robust File Copy for Windows                              
-------------------------------------------------------------------------------

  Started : Wednesday, January 3, 2024 10:04:05 PM
   Source : I:\nvim\
     Dest : E:\realtime_backups\nvim\

    Files : *.*
	    
  Options : *.* /S /E /DCOPY:DA /COPY:DAT /PURGE /MIR /MT:8 /R:1000000 /W:30 

------------------------------------------------------------------------------


------------------------------------------------------------------------------

               Total    Copied   Skipped  Mismatch    FAILED    Extras
    Dirs :       152       152       152         0         0         0
   Files :       243         0       243         0         0         0
   Bytes :   495.7 k         0   495.7 k         0         0         0
   Times :   0:00:00   0:00:00                       0:00:00   0:00:00
   Ended : Wednesday, January 3, 2024 10:04:05 PM


-------------------------------------------------------------------------------
   ROBOCOPY     ::     Robust File Copy for Windows                              
-------------------------------------------------------------------------------

  Started : Wednesday, January 3, 2024 10:09:40 PM
   Source : I:\nvim\
     Dest : E:\realtime_backups\nvim\

    Files : *.*
	    
  Options : *.* /S /E /DCOPY:DA /COPY:DAT /PURGE /MIR /MT:8 /R:1000000 /W:30 

------------------------------------------------------------------------------


------------------------------------------------------------------------------

               Total    Copied   Skipped  Mismatch    FAILED    Extras
    Dirs :       152       152       152         0         0         0
   Files :       243         0       243         0         0         0
   Bytes :   495.7 k         0   495.7 k         0         0         0
   Times :   0:00:00   0:00:00                       0:00:00   0:00:00
   Ended : Wednesday, January 3, 2024 10:09:40 PM


-------------------------------------------------------------------------------
   ROBOCOPY     ::     Robust File Copy for Windows                              
-------------------------------------------------------------------------------

  Started : Wednesday, January 3, 2024 10:15:23 PM
   Source : I:\nvim\
     Dest : E:\realtime_backups\nvim\

    Files : *.*
	    
  Options : *.* /S /E /DCOPY:DA /COPY:DAT /PURGE /MIR /MT:8 /R:1000000 /W:30 

------------------------------------------------------------------------------


------------------------------------------------------------------------------

               Total    Copied   Skipped  Mismatch    FAILED    Extras
    Dirs :       152       152       152         0         0         0
   Files :       243         0       243         0         0         0
   Bytes :   495.7 k         0   495.7 k         0         0         0
   Times :   0:00:00   0:00:00                       0:00:00   0:00:00
   Ended : Wednesday, January 3, 2024 10:15:23 PM


-------------------------------------------------------------------------------
   ROBOCOPY     ::     Robust File Copy for Windows                              
-------------------------------------------------------------------------------

  Started : Wednesday, January 3, 2024 10:21:05 PM
   Source : I:\nvim\
     Dest : E:\realtime_backups\nvim\

    Files : *.*
	    
  Options : *.* /S /E /DCOPY:DA /COPY:DAT /PURGE /MIR /MT:8 /R:1000000 /W:30 

------------------------------------------------------------------------------


------------------------------------------------------------------------------

               Total    Copied   Skipped  Mismatch    FAILED    Extras
    Dirs :       152       152       152         0         0         0
   Files :       243         0       243         0         0         0
   Bytes :   495.7 k         0   495.7 k         0         0         0
   Times :   0:00:00   0:00:00                       0:00:00   0:00:00
   Ended : Wednesday, January 3, 2024 10:21:05 PM


-------------------------------------------------------------------------------
   ROBOCOPY     ::     Robust File Copy for Windows                              
-------------------------------------------------------------------------------

  Started : Wednesday, January 3, 2024 10:26:26 PM
   Source : I:\nvim\
     Dest : E:\realtime_backups\nvim\

    Files : *.*
	    
  Options : *.* /S /E /DCOPY:DA /COPY:DAT /PURGE /MIR /MT:8 /R:1000000 /W:30 

------------------------------------------------------------------------------


------------------------------------------------------------------------------

               Total    Copied   Skipped  Mismatch    FAILED    Extras
    Dirs :       152       152       152         0         0         0
   Files :       243         0       243         0         0         0
   Bytes :   495.7 k         0   495.7 k         0         0         0
   Times :   0:00:00   0:00:00                       0:00:00   0:00:00
   Ended : Wednesday, January 3, 2024 10:26:26 PM


-------------------------------------------------------------------------------
   ROBOCOPY     ::     Robust File Copy for Windows                              
-------------------------------------------------------------------------------

  Started : Wednesday, January 3, 2024 10:32:08 PM
   Source : I:\nvim\
     Dest : E:\realtime_backups\nvim\

    Files : *.*
	    
  Options : *.* /S /E /DCOPY:DA /COPY:DAT /PURGE /MIR /MT:8 /R:1000000 /W:30 

------------------------------------------------------------------------------


------------------------------------------------------------------------------

               Total    Copied   Skipped  Mismatch    FAILED    Extras
    Dirs :       152       152       152         0         0         0
   Files :       243         0       243         0         0         0
   Bytes :   495.7 k         0   495.7 k         0         0         0
   Times :   0:00:00   0:00:00                       0:00:00   0:00:00
   Ended : Wednesday, January 3, 2024 10:32:08 PM


-------------------------------------------------------------------------------
   ROBOCOPY     ::     Robust File Copy for Windows                              
-------------------------------------------------------------------------------

  Started : Wednesday, January 3, 2024 10:37:50 PM
   Source : I:\nvim\
     Dest : E:\realtime_backups\nvim\

    Files : *.*
	    
  Options : *.* /S /E /DCOPY:DA /COPY:DAT /PURGE /MIR /MT:8 /R:1000000 /W:30 

------------------------------------------------------------------------------


------------------------------------------------------------------------------

               Total    Copied   Skipped  Mismatch    FAILED    Extras
    Dirs :       152       152       152         0         0         0
   Files :       243         0       243         0         0         0
   Bytes :   495.7 k         0   495.7 k         0         0         0
   Times :   0:00:00   0:00:00                       0:00:00   0:00:00
   Ended : Wednesday, January 3, 2024 10:37:50 PM


-------------------------------------------------------------------------------
   ROBOCOPY     ::     Robust File Copy for Windows                              
-------------------------------------------------------------------------------

  Started : Wednesday, January 3, 2024 10:43:12 PM
   Source : I:\nvim\
     Dest : E:\realtime_backups\nvim\

    Files : *.*
	    
  Options : *.* /S /E /DCOPY:DA /COPY:DAT /PURGE /MIR /MT:8 /R:1000000 /W:30 

------------------------------------------------------------------------------


------------------------------------------------------------------------------

               Total    Copied   Skipped  Mismatch    FAILED    Extras
    Dirs :       152       152       152         0         0         0
   Files :       243         0       243         0         0         0
   Bytes :   495.7 k         0   495.7 k         0         0         0
   Times :   0:00:00   0:00:00                       0:00:00   0:00:00
   Ended : Wednesday, January 3, 2024 10:43:12 PM


-------------------------------------------------------------------------------
   ROBOCOPY     ::     Robust File Copy for Windows                              
-------------------------------------------------------------------------------

  Started : Wednesday, January 3, 2024 10:49:09 PM
   Source : I:\nvim\
     Dest : E:\realtime_backups\nvim\

    Files : *.*
	    
  Options : *.* /S /E /DCOPY:DA /COPY:DAT /PURGE /MIR /MT:8 /R:1000000 /W:30 

------------------------------------------------------------------------------


------------------------------------------------------------------------------

               Total    Copied   Skipped  Mismatch    FAILED    Extras
    Dirs :       152       152       152         0         0         0
   Files :       243         0       243         0         0         0
   Bytes :   495.7 k         0   495.7 k         0         0         0
   Times :   0:00:00   0:00:00                       0:00:00   0:00:00
   Ended : Wednesday, January 3, 2024 10:49:09 PM


-------------------------------------------------------------------------------
   ROBOCOPY     ::     Robust File Copy for Windows                              
-------------------------------------------------------------------------------

  Started : Wednesday, January 3, 2024 10:54:52 PM
   Source : I:\nvim\
     Dest : E:\realtime_backups\nvim\

    Files : *.*
	    
  Options : *.* /S /E /DCOPY:DA /COPY:DAT /PURGE /MIR /MT:8 /R:1000000 /W:30 

------------------------------------------------------------------------------


------------------------------------------------------------------------------

               Total    Copied   Skipped  Mismatch    FAILED    Extras
    Dirs :       152       152       152         0         0         0
   Files :       243         0       243         0         0         0
   Bytes :   495.7 k         0   495.7 k         0         0         0
   Times :   0:00:00   0:00:00                       0:00:00   0:00:00
   Ended : Wednesday, January 3, 2024 10:54:52 PM


-------------------------------------------------------------------------------
   ROBOCOPY     ::     Robust File Copy for Windows                              
-------------------------------------------------------------------------------

  Started : Wednesday, January 3, 2024 11:00:14 PM
   Source : I:\nvim\
     Dest : E:\realtime_backups\nvim\

    Files : *.*
	    
  Options : *.* /S /E /DCOPY:DA /COPY:DAT /PURGE /MIR /MT:8 /R:1000000 /W:30 

------------------------------------------------------------------------------


------------------------------------------------------------------------------

               Total    Copied   Skipped  Mismatch    FAILED    Extras
    Dirs :       152       152       152         0         0         0
   Files :       243         0       243         0         0         0
   Bytes :   495.7 k         0   495.7 k         0         0         0
   Times :   0:00:00   0:00:00                       0:00:00   0:00:00
   Ended : Wednesday, January 3, 2024 11:00:14 PM


-------------------------------------------------------------------------------
   ROBOCOPY     ::     Robust File Copy for Windows                              
-------------------------------------------------------------------------------

  Started : Wednesday, January 3, 2024 11:06:01 PM
   Source : I:\nvim\
     Dest : E:\realtime_backups\nvim\

    Files : *.*
	    
  Options : *.* /S /E /DCOPY:DA /COPY:DAT /PURGE /MIR /MT:8 /R:1000000 /W:30 

------------------------------------------------------------------------------


------------------------------------------------------------------------------

               Total    Copied   Skipped  Mismatch    FAILED    Extras
    Dirs :       152       152       152         0         0         0
   Files :       243         0       243         0         0         0
   Bytes :   495.7 k         0   495.7 k         0         0         0
   Times :   0:00:00   0:00:00                       0:00:00   0:00:00
   Ended : Wednesday, January 3, 2024 11:06:01 PM


-------------------------------------------------------------------------------
   ROBOCOPY     ::     Robust File Copy for Windows                              
-------------------------------------------------------------------------------

  Started : Wednesday, January 3, 2024 11:11:45 PM
   Source : I:\nvim\
     Dest : E:\realtime_backups\nvim\

    Files : *.*
	    
  Options : *.* /S /E /DCOPY:DA /COPY:DAT /PURGE /MIR /MT:8 /R:1000000 /W:30 

------------------------------------------------------------------------------


------------------------------------------------------------------------------

               Total    Copied   Skipped  Mismatch    FAILED    Extras
    Dirs :       152       152       152         0         0         0
   Files :       243         0       243         0         0         0
   Bytes :   495.7 k         0   495.7 k         0         0         0
   Times :   0:00:00   0:00:00                       0:00:00   0:00:00
   Ended : Wednesday, January 3, 2024 11:11:45 PM


-------------------------------------------------------------------------------
   ROBOCOPY     ::     Robust File Copy for Windows                              
-------------------------------------------------------------------------------

  Started : Wednesday, January 3, 2024 11:17:32 PM
   Source : I:\nvim\
     Dest : E:\monthly_backups\Jan\nvim\

    Files : *.*
	    
  Options : *.* /S /E /DCOPY:DA /COPY:DAT /PURGE /MIR /MT:8 /R:1000000 /W:30 

------------------------------------------------------------------------------


------------------------------------------------------------------------------

               Total    Copied   Skipped  Mismatch    FAILED    Extras
    Dirs :       152       152       152         0         0         0
   Files :       243         0       242         0         0         0
   Bytes :   495.7 k         0   495.5 k         0         0         0
   Times :   0:00:00   0:00:00                       0:00:00   0:00:00
   Ended : Wednesday, January 3, 2024 11:17:32 PM


-------------------------------------------------------------------------------
   ROBOCOPY     ::     Robust File Copy for Windows                              
-------------------------------------------------------------------------------

  Started : Wednesday, January 3, 2024 11:18:07 PM
   Source : I:\nvim\
     Dest : E:\realtime_backups\nvim\

    Files : *.*
	    
  Options : *.* /S /E /DCOPY:DA /COPY:DAT /PURGE /MIR /MT:8 /R:1000000 /W:30 

------------------------------------------------------------------------------


------------------------------------------------------------------------------

               Total    Copied   Skipped  Mismatch    FAILED    Extras
    Dirs :       152       152       152         0         0         0
   Files :       243         0       243         0         0         0
   Bytes :   495.7 k         0   495.7 k         0         0         0
   Times :   0:00:00   0:00:00                       0:00:00   0:00:00
   Ended : Wednesday, January 3, 2024 11:18:07 PM


-------------------------------------------------------------------------------
   ROBOCOPY     ::     Robust File Copy for Windows                              
-------------------------------------------------------------------------------

  Started : Wednesday, January 3, 2024 11:23:28 PM
   Source : I:\nvim\
     Dest : E:\realtime_backups\nvim\

    Files : *.*
	    
  Options : *.* /S /E /DCOPY:DA /COPY:DAT /PURGE /MIR /MT:8 /R:1000000 /W:30 

------------------------------------------------------------------------------


------------------------------------------------------------------------------

               Total    Copied   Skipped  Mismatch    FAILED    Extras
    Dirs :       152       152       152         0         0         0
   Files :       243         0       243         0         0         0
   Bytes :   495.7 k         0   495.7 k         0         0         0
   Times :   0:00:00   0:00:00                       0:00:00   0:00:00
   Ended : Wednesday, January 3, 2024 11:23:28 PM


-------------------------------------------------------------------------------
   ROBOCOPY     ::     Robust File Copy for Windows                              
-------------------------------------------------------------------------------

  Started : Wednesday, January 3, 2024 11:29:11 PM
   Source : I:\nvim\
     Dest : E:\realtime_backups\nvim\

    Files : *.*
	    
  Options : *.* /S /E /DCOPY:DA /COPY:DAT /PURGE /MIR /MT:8 /R:1000000 /W:30 

------------------------------------------------------------------------------


------------------------------------------------------------------------------

               Total    Copied   Skipped  Mismatch    FAILED    Extras
    Dirs :       152       152       152         0         0         0
   Files :       242         0       241         0         0         0
   Bytes :   448.9 k         0   493.6 k         0         0         0
   Times :   0:00:00   0:00:00                       0:00:00   0:00:00
   Ended : Wednesday, January 3, 2024 11:29:11 PM


-------------------------------------------------------------------------------
   ROBOCOPY     ::     Robust File Copy for Windows                              
-------------------------------------------------------------------------------

  Started : Wednesday, January 3, 2024 11:34:32 PM
   Source : I:\nvim\
     Dest : E:\realtime_backups\nvim\

    Files : *.*
	    
  Options : *.* /S /E /DCOPY:DA /COPY:DAT /PURGE /MIR /MT:8 /R:1000000 /W:30 

------------------------------------------------------------------------------


------------------------------------------------------------------------------

               Total    Copied   Skipped  Mismatch    FAILED    Extras
    Dirs :       152       152       152         0         0         0
   Files :       243         0       243         0         0         0
   Bytes :   495.7 k         0   495.7 k         0         0         0
   Times :   0:00:00   0:00:00                       0:00:00   0:00:00
   Ended : Wednesday, January 3, 2024 11:34:32 PM


-------------------------------------------------------------------------------
   ROBOCOPY     ::     Robust File Copy for Windows                              
-------------------------------------------------------------------------------

  Started : Wednesday, January 3, 2024 11:40:15 PM
   Source : I:\nvim\
     Dest : E:\realtime_backups\nvim\

    Files : *.*
	    
  Options : *.* /S /E /DCOPY:DA /COPY:DAT /PURGE /MIR /MT:8 /R:1000000 /W:30 

------------------------------------------------------------------------------


------------------------------------------------------------------------------

               Total    Copied   Skipped  Mismatch    FAILED    Extras
    Dirs :       152       152       152         0         0         0
   Files :       243         0       243         0         0         0
   Bytes :   495.7 k         0   495.7 k         0         0         0
   Times :   0:00:00   0:00:00                       0:00:00   0:00:00
   Ended : Wednesday, January 3, 2024 11:40:15 PM


-------------------------------------------------------------------------------
   ROBOCOPY     ::     Robust File Copy for Windows                              
-------------------------------------------------------------------------------

  Started : Wednesday, January 3, 2024 11:45:58 PM
   Source : I:\nvim\
     Dest : E:\realtime_backups\nvim\

    Files : *.*
	    
  Options : *.* /S /E /DCOPY:DA /COPY:DAT /PURGE /MIR /MT:8 /R:1000000 /W:30 

------------------------------------------------------------------------------


------------------------------------------------------------------------------

               Total    Copied   Skipped  Mismatch    FAILED    Extras
    Dirs :       152       152       152         0         0         0
   Files :       243         0       243         0         0         0
   Bytes :   495.7 k         0   495.7 k         0         0         0
   Times :   0:00:00   0:00:00                       0:00:00   0:00:00
   Ended : Wednesday, January 3, 2024 11:45:58 PM


-------------------------------------------------------------------------------
   ROBOCOPY     ::     Robust File Copy for Windows                              
-------------------------------------------------------------------------------

  Started : Wednesday, January 3, 2024 11:51:19 PM
   Source : I:\nvim\
     Dest : E:\realtime_backups\nvim\

    Files : *.*
	    
  Options : *.* /S /E /DCOPY:DA /COPY:DAT /PURGE /MIR /MT:8 /R:1000000 /W:30 

------------------------------------------------------------------------------


------------------------------------------------------------------------------

               Total    Copied   Skipped  Mismatch    FAILED    Extras
    Dirs :       152       152       152         0         0         0
   Files :       243         0       243         0         0         0
   Bytes :   495.7 k         0   495.7 k         0         0         0
   Times :   0:00:00   0:00:00                       0:00:00   0:00:00
   Ended : Wednesday, January 3, 2024 11:51:19 PM


-------------------------------------------------------------------------------
   ROBOCOPY     ::     Robust File Copy for Windows                              
-------------------------------------------------------------------------------

  Started : Wednesday, January 3, 2024 11:57:02 PM
   Source : I:\nvim\
     Dest : E:\realtime_backups\nvim\

    Files : *.*
	    
  Options : *.* /S /E /DCOPY:DA /COPY:DAT /PURGE /MIR /MT:8 /R:1000000 /W:30 

------------------------------------------------------------------------------


------------------------------------------------------------------------------

               Total    Copied   Skipped  Mismatch    FAILED    Extras
    Dirs :       152       152       152         0         0         0
   Files :       242         0       243         0         0         0
   Bytes :   495.5 k         0   495.7 k         0         0         0
   Times :   0:00:00   0:00:00                       0:00:00   0:00:00
   Ended : Wednesday, January 3, 2024 11:57:02 PM

