
-------------------------------------------------------------------------------
   ROBOCOPY     ::     Robust File Copy for Windows                              
-------------------------------------------------------------------------------

  Started : Sunday, January 21, 2024 1:19:43 PM
   Source : J:\EasyHKS\
     Dest : E:\monthly_backups\Jan\EasyHKS\

    Files : *.*
	    
  Options : *.* /S /E /DCOPY:DA /COPY:DAT /PURGE /MIR /MT:8 /R:1000000 /W:30 

------------------------------------------------------------------------------


------------------------------------------------------------------------------

               Total    Copied   Skipped  Mismatch    FAILED    Extras
    Dirs :       472       472       472         0         0         0
   Files :      1897         0      1897         0         0         0
   Bytes :   33.24 m         0   33.24 m         0         0         0
   Times :   0:00:00   0:00:00                       0:00:00   0:00:00
   Ended : Sunday, January 21, 2024 1:19:44 PM


-------------------------------------------------------------------------------
   ROBOCOPY     ::     Robust File Copy for Windows                              
-------------------------------------------------------------------------------

  Started : Sunday, January 21, 2024 1:20:23 PM
   Source : J:\EasyHKS\
     Dest : E:\realtime_backups\EasyHKS\

    Files : *.*
	    
  Options : *.* /S /E /DCOPY:DA /COPY:DAT /PURGE /MIR /MT:8 /R:1000000 /W:30 

------------------------------------------------------------------------------


------------------------------------------------------------------------------

               Total    Copied   Skipped  Mismatch    FAILED    Extras
    Dirs :       472       472       472         0         0         0
   Files :      1896         0      1896         0         0         0
   Bytes :   33.24 m         0   33.24 m         0         0         0
   Times :   0:00:00   0:00:00                       0:00:00   0:00:00
   Ended : Sunday, January 21, 2024 1:20:23 PM


-------------------------------------------------------------------------------
   ROBOCOPY     ::     Robust File Copy for Windows                              
-------------------------------------------------------------------------------

  Started : Sunday, January 21, 2024 1:25:44 PM
   Source : J:\EasyHKS\
     Dest : E:\realtime_backups\EasyHKS\

    Files : *.*
	    
  Options : *.* /S /E /DCOPY:DA /COPY:DAT /PURGE /MIR /MT:8 /R:1000000 /W:30 

------------------------------------------------------------------------------


------------------------------------------------------------------------------

               Total    Copied   Skipped  Mismatch    FAILED    Extras
    Dirs :       472       472       472         0         0         0
   Files :      1897         0      1897         0         0         0
   Bytes :   33.24 m         0   33.24 m         0         0         0
   Times :   0:00:00   0:00:00                       0:00:00   0:00:00
   Ended : Sunday, January 21, 2024 1:25:44 PM


-------------------------------------------------------------------------------
   ROBOCOPY     ::     Robust File Copy for Windows                              
-------------------------------------------------------------------------------

  Started : Sunday, January 21, 2024 1:31:06 PM
   Source : J:\EasyHKS\
     Dest : E:\realtime_backups\EasyHKS\

    Files : *.*
	    
  Options : *.* /S /E /DCOPY:DA /COPY:DAT /PURGE /MIR /MT:8 /R:1000000 /W:30 

------------------------------------------------------------------------------


------------------------------------------------------------------------------

               Total    Copied   Skipped  Mismatch    FAILED    Extras
    Dirs :       472       472       472         0         0         0
   Files :      1896         0      1896         0         0         0
   Bytes :   33.24 m         0   33.21 m         0         0         0
   Times :   0:00:00   0:00:00                       0:00:00   0:00:00
   Ended : Sunday, January 21, 2024 1:31:06 PM

