
-------------------------------------------------------------------------------
   ROBOCOPY     ::     Robust File Copy for Windows                              
-------------------------------------------------------------------------------

  Started : Friday, December 22, 2023 12:03:05 AM
   Source : I:\zig\
     Dest : E:\realtime_backups\zig\

    Files : *.*
	    
  Options : *.* /S /E /DCOPY:DA /COPY:DAT /PURGE /MIR /MT:8 /R:1000000 /W:30 

------------------------------------------------------------------------------


------------------------------------------------------------------------------

               Total    Copied   Skipped  Mismatch    FAILED    Extras
    Dirs :        95        95        95         0         0         0
   Files :       136         0       136         0         0         0
   Bytes :  253.33 m         0  253.33 m         0         0         0
   Times :   0:00:00   0:00:00                       0:00:00   0:00:00
   Ended : Friday, December 22, 2023 12:03:05 AM


-------------------------------------------------------------------------------
   ROBOCOPY     ::     Robust File Copy for Windows                              
-------------------------------------------------------------------------------

  Started : Friday, December 22, 2023 12:08:34 AM
   Source : I:\zig\
     Dest : E:\realtime_backups\zig\

    Files : *.*
	    
  Options : *.* /S /E /DCOPY:DA /COPY:DAT /PURGE /MIR /MT:8 /R:1000000 /W:30 

------------------------------------------------------------------------------


------------------------------------------------------------------------------

               Total    Copied   Skipped  Mismatch    FAILED    Extras
    Dirs :        95        95        95         0         0         0
   Files :       136         0       136         0         0         0
   Bytes :  253.33 m         0  253.33 m         0         0         0
   Times :   0:00:00   0:00:00                       0:00:00   0:00:00
   Ended : Friday, December 22, 2023 12:08:34 AM


-------------------------------------------------------------------------------
   ROBOCOPY     ::     Robust File Copy for Windows                              
-------------------------------------------------------------------------------

  Started : Friday, December 22, 2023 12:14:24 AM
   Source : I:\zig\
     Dest : E:\realtime_backups\zig\

    Files : *.*
	    
  Options : *.* /S /E /DCOPY:DA /COPY:DAT /PURGE /MIR /MT:8 /R:1000000 /W:30 

------------------------------------------------------------------------------


------------------------------------------------------------------------------

               Total    Copied   Skipped  Mismatch    FAILED    Extras
    Dirs :        95        95        95         0         0         0
   Files :       136         0       136         0         0         0
   Bytes :  253.33 m         0  253.33 m         0         0         0
   Times :   0:00:00   0:00:00                       0:00:00   0:00:00
   Ended : Friday, December 22, 2023 12:14:24 AM


-------------------------------------------------------------------------------
   ROBOCOPY     ::     Robust File Copy for Windows                              
-------------------------------------------------------------------------------

  Started : Friday, December 22, 2023 12:19:47 AM
   Source : I:\zig\
     Dest : E:\realtime_backups\zig\

    Files : *.*
	    
  Options : *.* /S /E /DCOPY:DA /COPY:DAT /PURGE /MIR /MT:8 /R:1000000 /W:30 

------------------------------------------------------------------------------


------------------------------------------------------------------------------

               Total    Copied   Skipped  Mismatch    FAILED    Extras
    Dirs :        95        95        95         0         0         0
   Files :       136         0       136         0         0         0
   Bytes :  253.33 m         0  253.33 m         0         0         0
   Times :   0:00:00   0:00:00                       0:00:00   0:00:00
   Ended : Friday, December 22, 2023 12:19:47 AM


-------------------------------------------------------------------------------
   ROBOCOPY     ::     Robust File Copy for Windows                              
-------------------------------------------------------------------------------

  Started : Friday, December 22, 2023 12:25:08 AM
   Source : I:\zig\
     Dest : E:\realtime_backups\zig\

    Files : *.*
	    
  Options : *.* /S /E /DCOPY:DA /COPY:DAT /PURGE /MIR /MT:8 /R:1000000 /W:30 

------------------------------------------------------------------------------


------------------------------------------------------------------------------

               Total    Copied   Skipped  Mismatch    FAILED    Extras
    Dirs :        95        95        95         0         0         0
   Files :       136         0       136         0         0         0
   Bytes :  253.33 m         0  253.33 m         0         0         0
   Times :   0:00:00   0:00:00                       0:00:00   0:00:00
   Ended : Friday, December 22, 2023 12:25:08 AM


-------------------------------------------------------------------------------
   ROBOCOPY     ::     Robust File Copy for Windows                              
-------------------------------------------------------------------------------

  Started : Friday, December 22, 2023 12:30:29 AM
   Source : I:\zig\
     Dest : E:\realtime_backups\zig\

    Files : *.*
	    
  Options : *.* /S /E /DCOPY:DA /COPY:DAT /PURGE /MIR /MT:8 /R:1000000 /W:30 

------------------------------------------------------------------------------


------------------------------------------------------------------------------

               Total    Copied   Skipped  Mismatch    FAILED    Extras
    Dirs :        95        95        95         0         0         0
   Files :       136         0       136         0         0         0
   Bytes :  253.33 m         0  253.33 m         0         0         0
   Times :   0:00:00   0:00:00                       0:00:00   0:00:00
   Ended : Friday, December 22, 2023 12:30:29 AM


-------------------------------------------------------------------------------
   ROBOCOPY     ::     Robust File Copy for Windows                              
-------------------------------------------------------------------------------

  Started : Friday, December 22, 2023 12:35:50 AM
   Source : I:\zig\
     Dest : E:\realtime_backups\zig\

    Files : *.*
	    
  Options : *.* /S /E /DCOPY:DA /COPY:DAT /PURGE /MIR /MT:8 /R:1000000 /W:30 

------------------------------------------------------------------------------


------------------------------------------------------------------------------

               Total    Copied   Skipped  Mismatch    FAILED    Extras
    Dirs :        95        95        95         0         0         0
   Files :       136         0       136         0         0         0
   Bytes :  253.33 m         0  253.33 m         0         0         0
   Times :   0:00:00   0:00:00                       0:00:00   0:00:00
   Ended : Friday, December 22, 2023 12:35:50 AM


-------------------------------------------------------------------------------
   ROBOCOPY     ::     Robust File Copy for Windows                              
-------------------------------------------------------------------------------

  Started : Friday, December 22, 2023 12:41:19 AM
   Source : I:\zig\
     Dest : E:\realtime_backups\zig\

    Files : *.*
	    
  Options : *.* /S /E /DCOPY:DA /COPY:DAT /PURGE /MIR /MT:8 /R:1000000 /W:30 

------------------------------------------------------------------------------


------------------------------------------------------------------------------

               Total    Copied   Skipped  Mismatch    FAILED    Extras
    Dirs :        95        95        95         0         0         0
   Files :       136         0       136         0         0         0
   Bytes :  253.33 m         0  253.33 m         0         0         0
   Times :   0:00:00   0:00:00                       0:00:00   0:00:00
   Ended : Friday, December 22, 2023 12:41:19 AM


-------------------------------------------------------------------------------
   ROBOCOPY     ::     Robust File Copy for Windows                              
-------------------------------------------------------------------------------

  Started : Friday, December 22, 2023 12:46:41 AM
   Source : I:\zig\
     Dest : E:\realtime_backups\zig\

    Files : *.*
	    
  Options : *.* /S /E /DCOPY:DA /COPY:DAT /PURGE /MIR /MT:8 /R:1000000 /W:30 

------------------------------------------------------------------------------


------------------------------------------------------------------------------

               Total    Copied   Skipped  Mismatch    FAILED    Extras
    Dirs :        95        95        95         0         0         0
   Files :       136         0       136         0         0         0
   Bytes :  253.33 m         0  253.33 m         0         0         0
   Times :   0:00:00   0:00:00                       0:00:00   0:00:00
   Ended : Friday, December 22, 2023 12:46:41 AM


-------------------------------------------------------------------------------
   ROBOCOPY     ::     Robust File Copy for Windows                              
-------------------------------------------------------------------------------

  Started : Friday, December 22, 2023 12:52:20 AM
   Source : I:\zig\
     Dest : E:\realtime_backups\zig\

    Files : *.*
	    
  Options : *.* /S /E /DCOPY:DA /COPY:DAT /PURGE /MIR /MT:8 /R:1000000 /W:30 

------------------------------------------------------------------------------


------------------------------------------------------------------------------

               Total    Copied   Skipped  Mismatch    FAILED    Extras
    Dirs :        95        95        95         0         0         0
   Files :       136         0       136         0         0         0
   Bytes :  253.33 m         0  253.33 m         0         0         0
   Times :   0:00:00   0:00:00                       0:00:00   0:00:00
   Ended : Friday, December 22, 2023 12:52:20 AM


-------------------------------------------------------------------------------
   ROBOCOPY     ::     Robust File Copy for Windows                              
-------------------------------------------------------------------------------

  Started : Friday, December 22, 2023 12:57:41 AM
   Source : I:\zig\
     Dest : E:\realtime_backups\zig\

    Files : *.*
	    
  Options : *.* /S /E /DCOPY:DA /COPY:DAT /PURGE /MIR /MT:8 /R:1000000 /W:30 

------------------------------------------------------------------------------


------------------------------------------------------------------------------

               Total    Copied   Skipped  Mismatch    FAILED    Extras
    Dirs :        95        95        95         0         0         0
   Files :       136         0       136         0         0         0
   Bytes :  253.33 m         0  253.33 m         0         0         0
   Times :   0:00:00   0:00:00                       0:00:00   0:00:00
   Ended : Friday, December 22, 2023 12:57:41 AM


-------------------------------------------------------------------------------
   ROBOCOPY     ::     Robust File Copy for Windows                              
-------------------------------------------------------------------------------

  Started : Friday, December 22, 2023 2:05:09 AM
   Source : I:\zig\
     Dest : E:\realtime_backups\zig\

    Files : *.*
	    
  Options : *.* /S /E /DCOPY:DA /COPY:DAT /PURGE /MIR /MT:8 /R:1000000 /W:30 

------------------------------------------------------------------------------


------------------------------------------------------------------------------

               Total    Copied   Skipped  Mismatch    FAILED    Extras
    Dirs :        95        95        95         0         0         0
   Files :       136         0       136         0         0         0
   Bytes :  253.33 m         0  253.33 m         0         0         0
   Times :   0:00:00   0:00:00                       0:00:00   0:00:00
   Ended : Friday, December 22, 2023 2:05:09 AM


-------------------------------------------------------------------------------
   ROBOCOPY     ::     Robust File Copy for Windows                              
-------------------------------------------------------------------------------

  Started : Friday, December 22, 2023 2:10:39 AM
   Source : I:\zig\
     Dest : E:\realtime_backups\zig\

    Files : *.*
	    
  Options : *.* /S /E /DCOPY:DA /COPY:DAT /PURGE /MIR /MT:8 /R:1000000 /W:30 

------------------------------------------------------------------------------


------------------------------------------------------------------------------

               Total    Copied   Skipped  Mismatch    FAILED    Extras
    Dirs :        95        95        95         0         0         0
   Files :       136         0       136         0         0         0
   Bytes :  253.33 m         0  253.33 m         0         0         0
   Times :   0:00:00   0:00:00                       0:00:00   0:00:00
   Ended : Friday, December 22, 2023 2:10:39 AM


-------------------------------------------------------------------------------
   ROBOCOPY     ::     Robust File Copy for Windows                              
-------------------------------------------------------------------------------

  Started : Friday, December 22, 2023 2:16:00 AM
   Source : I:\zig\
     Dest : E:\realtime_backups\zig\

    Files : *.*
	    
  Options : *.* /S /E /DCOPY:DA /COPY:DAT /PURGE /MIR /MT:8 /R:1000000 /W:30 

------------------------------------------------------------------------------


------------------------------------------------------------------------------

               Total    Copied   Skipped  Mismatch    FAILED    Extras
    Dirs :        95        95        95         0         0         0
   Files :       136         0       136         0         0         0
   Bytes :  253.33 m         0  253.33 m         0         0         0
   Times :   0:00:00   0:00:00                       0:00:00   0:00:00
   Ended : Friday, December 22, 2023 2:16:00 AM


-------------------------------------------------------------------------------
   ROBOCOPY     ::     Robust File Copy for Windows                              
-------------------------------------------------------------------------------

  Started : Friday, December 22, 2023 2:21:21 AM
   Source : I:\zig\
     Dest : E:\realtime_backups\zig\

    Files : *.*
	    
  Options : *.* /S /E /DCOPY:DA /COPY:DAT /PURGE /MIR /MT:8 /R:1000000 /W:30 

------------------------------------------------------------------------------


------------------------------------------------------------------------------

               Total    Copied   Skipped  Mismatch    FAILED    Extras
    Dirs :        95        95        95         0         0         0
   Files :       136         0       135         0         0         0
   Bytes :  253.33 m         0  253.33 m         0         0         0
   Times :   0:00:00   0:00:00                       0:00:00   0:00:00
   Ended : Friday, December 22, 2023 2:21:21 AM


-------------------------------------------------------------------------------
   ROBOCOPY     ::     Robust File Copy for Windows                              
-------------------------------------------------------------------------------

  Started : Friday, December 22, 2023 2:26:42 AM
   Source : I:\zig\
     Dest : E:\realtime_backups\zig\

    Files : *.*
	    
  Options : *.* /S /E /DCOPY:DA /COPY:DAT /PURGE /MIR /MT:8 /R:1000000 /W:30 

------------------------------------------------------------------------------


------------------------------------------------------------------------------

               Total    Copied   Skipped  Mismatch    FAILED    Extras
    Dirs :        95        95        95         0         0         0
   Files :       136         0       136         0         0         0
   Bytes :  253.33 m         0  253.33 m         0         0         0
   Times :   0:00:00   0:00:00                       0:00:00   0:00:00
   Ended : Friday, December 22, 2023 2:26:42 AM


-------------------------------------------------------------------------------
   ROBOCOPY     ::     Robust File Copy for Windows                              
-------------------------------------------------------------------------------

  Started : Friday, December 22, 2023 2:32:03 AM
   Source : I:\zig\
     Dest : E:\realtime_backups\zig\

    Files : *.*
	    
  Options : *.* /S /E /DCOPY:DA /COPY:DAT /PURGE /MIR /MT:8 /R:1000000 /W:30 

------------------------------------------------------------------------------


------------------------------------------------------------------------------

               Total    Copied   Skipped  Mismatch    FAILED    Extras
    Dirs :        95        95        95         0         0         0
   Files :       136         0       136         0         0         0
   Bytes :  253.33 m         0  253.33 m         0         0         0
   Times :   0:00:00   0:00:00                       0:00:00   0:00:00
   Ended : Friday, December 22, 2023 2:32:03 AM


-------------------------------------------------------------------------------
   ROBOCOPY     ::     Robust File Copy for Windows                              
-------------------------------------------------------------------------------

  Started : Friday, December 22, 2023 2:37:25 AM
   Source : I:\zig\
     Dest : E:\realtime_backups\zig\

    Files : *.*
	    
  Options : *.* /S /E /DCOPY:DA /COPY:DAT /PURGE /MIR /MT:8 /R:1000000 /W:30 

------------------------------------------------------------------------------


------------------------------------------------------------------------------

               Total    Copied   Skipped  Mismatch    FAILED    Extras
    Dirs :        95        95        95         0         0         0
   Files :       136         0       136         0         0         0
   Bytes :  253.33 m         0  253.33 m         0         0         0
   Times :   0:00:00   0:00:00                       0:00:00   0:00:00
   Ended : Friday, December 22, 2023 2:37:25 AM


-------------------------------------------------------------------------------
   ROBOCOPY     ::     Robust File Copy for Windows                              
-------------------------------------------------------------------------------

  Started : Friday, December 22, 2023 2:42:46 AM
   Source : I:\zig\
     Dest : E:\realtime_backups\zig\

    Files : *.*
	    
  Options : *.* /S /E /DCOPY:DA /COPY:DAT /PURGE /MIR /MT:8 /R:1000000 /W:30 

------------------------------------------------------------------------------


------------------------------------------------------------------------------

               Total    Copied   Skipped  Mismatch    FAILED    Extras
    Dirs :        95        95        95         0         0         0
   Files :       136         0       136         0         0         0
   Bytes :  253.33 m         0  253.33 m         0         0         0
   Times :   0:00:00   0:00:00                       0:00:00   0:00:00
   Ended : Friday, December 22, 2023 2:42:46 AM


-------------------------------------------------------------------------------
   ROBOCOPY     ::     Robust File Copy for Windows                              
-------------------------------------------------------------------------------

  Started : Friday, December 22, 2023 2:48:07 AM
   Source : I:\zig\
     Dest : E:\realtime_backups\zig\

    Files : *.*
	    
  Options : *.* /S /E /DCOPY:DA /COPY:DAT /PURGE /MIR /MT:8 /R:1000000 /W:30 

------------------------------------------------------------------------------


------------------------------------------------------------------------------

               Total    Copied   Skipped  Mismatch    FAILED    Extras
    Dirs :        95        95        95         0         0         0
   Files :       136         0       136         0         0         0
   Bytes :  253.33 m         0  253.33 m         0         0         0
   Times :   0:00:00   0:00:00                       0:00:00   0:00:00
   Ended : Friday, December 22, 2023 2:48:07 AM


-------------------------------------------------------------------------------
   ROBOCOPY     ::     Robust File Copy for Windows                              
-------------------------------------------------------------------------------

  Started : Friday, December 22, 2023 2:53:29 AM
   Source : I:\zig\
     Dest : E:\realtime_backups\zig\

    Files : *.*
	    
  Options : *.* /S /E /DCOPY:DA /COPY:DAT /PURGE /MIR /MT:8 /R:1000000 /W:30 

------------------------------------------------------------------------------


------------------------------------------------------------------------------

               Total    Copied   Skipped  Mismatch    FAILED    Extras
    Dirs :        95        95        95         0         0         0
   Files :       136         0       136         0         0         0
   Bytes :  253.33 m         0  253.33 m         0         0         0
   Times :   0:00:00   0:00:00                       0:00:00   0:00:00
   Ended : Friday, December 22, 2023 2:53:29 AM


-------------------------------------------------------------------------------
   ROBOCOPY     ::     Robust File Copy for Windows                              
-------------------------------------------------------------------------------

  Started : Friday, December 22, 2023 2:58:50 AM
   Source : I:\zig\
     Dest : E:\realtime_backups\zig\

    Files : *.*
	    
  Options : *.* /S /E /DCOPY:DA /COPY:DAT /PURGE /MIR /MT:8 /R:1000000 /W:30 

------------------------------------------------------------------------------


------------------------------------------------------------------------------

               Total    Copied   Skipped  Mismatch    FAILED    Extras
    Dirs :        95        95        95         0         0         0
   Files :       136         0       136         0         0         0
   Bytes :  253.33 m         0  253.33 m         0         0         0
   Times :   0:00:00   0:00:00                       0:00:00   0:00:00
   Ended : Friday, December 22, 2023 2:58:50 AM


-------------------------------------------------------------------------------
   ROBOCOPY     ::     Robust File Copy for Windows                              
-------------------------------------------------------------------------------

  Started : Friday, December 22, 2023 3:04:11 AM
   Source : I:\zig\
     Dest : E:\realtime_backups\zig\

    Files : *.*
	    
  Options : *.* /S /E /DCOPY:DA /COPY:DAT /PURGE /MIR /MT:8 /R:1000000 /W:30 

------------------------------------------------------------------------------


------------------------------------------------------------------------------

               Total    Copied   Skipped  Mismatch    FAILED    Extras
    Dirs :        95        95        95         0         0         0
   Files :       136         0       136         0         0         0
   Bytes :  253.33 m         0  253.33 m         0         0         0
   Times :   0:00:00   0:00:00                       0:00:00   0:00:00
   Ended : Friday, December 22, 2023 3:04:11 AM


-------------------------------------------------------------------------------
   ROBOCOPY     ::     Robust File Copy for Windows                              
-------------------------------------------------------------------------------

  Started : Friday, December 22, 2023 3:09:33 AM
   Source : I:\zig\
     Dest : E:\realtime_backups\zig\

    Files : *.*
	    
  Options : *.* /S /E /DCOPY:DA /COPY:DAT /PURGE /MIR /MT:8 /R:1000000 /W:30 

------------------------------------------------------------------------------


------------------------------------------------------------------------------

               Total    Copied   Skipped  Mismatch    FAILED    Extras
    Dirs :        95        95        95         0         0         0
   Files :       136         0       136         0         0         0
   Bytes :  253.33 m         0  253.33 m         0         0         0
   Times :   0:00:00   0:00:00                       0:00:00   0:00:00
   Ended : Friday, December 22, 2023 3:09:33 AM


-------------------------------------------------------------------------------
   ROBOCOPY     ::     Robust File Copy for Windows                              
-------------------------------------------------------------------------------

  Started : Friday, December 22, 2023 3:14:54 AM
   Source : I:\zig\
     Dest : E:\realtime_backups\zig\

    Files : *.*
	    
  Options : *.* /S /E /DCOPY:DA /COPY:DAT /PURGE /MIR /MT:8 /R:1000000 /W:30 

------------------------------------------------------------------------------


------------------------------------------------------------------------------

               Total    Copied   Skipped  Mismatch    FAILED    Extras
    Dirs :        95        95        95         0         0         0
   Files :       136         0       136         0         0         0
   Bytes :  253.33 m         0  253.33 m         0         0         0
   Times :   0:00:00   0:00:00                       0:00:00   0:00:00
   Ended : Friday, December 22, 2023 3:14:54 AM


-------------------------------------------------------------------------------
   ROBOCOPY     ::     Robust File Copy for Windows                              
-------------------------------------------------------------------------------

  Started : Friday, December 22, 2023 3:20:15 AM
   Source : I:\zig\
     Dest : E:\realtime_backups\zig\

    Files : *.*
	    
  Options : *.* /S /E /DCOPY:DA /COPY:DAT /PURGE /MIR /MT:8 /R:1000000 /W:30 

------------------------------------------------------------------------------


------------------------------------------------------------------------------

               Total    Copied   Skipped  Mismatch    FAILED    Extras
    Dirs :        95        95        95         0         0         0
   Files :       136         0       136         0         0         0
   Bytes :  253.33 m         0  253.33 m         0         0         0
   Times :   0:00:00   0:00:00                       0:00:00   0:00:00
   Ended : Friday, December 22, 2023 3:20:15 AM


-------------------------------------------------------------------------------
   ROBOCOPY     ::     Robust File Copy for Windows                              
-------------------------------------------------------------------------------

  Started : Friday, December 22, 2023 3:25:36 AM
   Source : I:\zig\
     Dest : E:\realtime_backups\zig\

    Files : *.*
	    
  Options : *.* /S /E /DCOPY:DA /COPY:DAT /PURGE /MIR /MT:8 /R:1000000 /W:30 

------------------------------------------------------------------------------


------------------------------------------------------------------------------

               Total    Copied   Skipped  Mismatch    FAILED    Extras
    Dirs :        95        95        95         0         0         0
   Files :       136         0       136         0         0         0
   Bytes :  253.33 m         0  253.33 m         0         0         0
   Times :   0:00:00   0:00:00                       0:00:00   0:00:00
   Ended : Friday, December 22, 2023 3:25:36 AM


-------------------------------------------------------------------------------
   ROBOCOPY     ::     Robust File Copy for Windows                              
-------------------------------------------------------------------------------

  Started : Friday, December 22, 2023 3:30:58 AM
   Source : I:\zig\
     Dest : E:\realtime_backups\zig\

    Files : *.*
	    
  Options : *.* /S /E /DCOPY:DA /COPY:DAT /PURGE /MIR /MT:8 /R:1000000 /W:30 

------------------------------------------------------------------------------


------------------------------------------------------------------------------

               Total    Copied   Skipped  Mismatch    FAILED    Extras
    Dirs :        95        95        95         0         0         0
   Files :       136         0       136         0         0         0
   Bytes :  253.33 m         0  253.33 m         0         0         0
   Times :   0:00:00   0:00:00                       0:00:00   0:00:00
   Ended : Friday, December 22, 2023 3:30:58 AM


-------------------------------------------------------------------------------
   ROBOCOPY     ::     Robust File Copy for Windows                              
-------------------------------------------------------------------------------

  Started : Friday, December 22, 2023 3:36:19 AM
   Source : I:\zig\
     Dest : E:\realtime_backups\zig\

    Files : *.*
	    
  Options : *.* /S /E /DCOPY:DA /COPY:DAT /PURGE /MIR /MT:8 /R:1000000 /W:30 

------------------------------------------------------------------------------


------------------------------------------------------------------------------

               Total    Copied   Skipped  Mismatch    FAILED    Extras
    Dirs :        95        95        95         0         0         0
   Files :       136         0       136         0         0         0
   Bytes :  253.33 m         0  253.33 m         0         0         0
   Times :   0:00:00   0:00:00                       0:00:00   0:00:00
   Ended : Friday, December 22, 2023 3:36:19 AM


-------------------------------------------------------------------------------
   ROBOCOPY     ::     Robust File Copy for Windows                              
-------------------------------------------------------------------------------

  Started : Friday, December 22, 2023 3:41:46 AM
   Source : I:\zig\
     Dest : E:\realtime_backups\zig\

    Files : *.*
	    
  Options : *.* /S /E /DCOPY:DA /COPY:DAT /PURGE /MIR /MT:8 /R:1000000 /W:30 

------------------------------------------------------------------------------


------------------------------------------------------------------------------

               Total    Copied   Skipped  Mismatch    FAILED    Extras
    Dirs :        95        95        95         0         0         0
   Files :       136         0       136         0         0         0
   Bytes :  253.33 m         0  253.33 m         0         0         0
   Times :   0:00:00   0:00:00                       0:00:00   0:00:00
   Ended : Friday, December 22, 2023 3:41:46 AM


-------------------------------------------------------------------------------
   ROBOCOPY     ::     Robust File Copy for Windows                              
-------------------------------------------------------------------------------

  Started : Friday, December 22, 2023 3:47:06 AM
   Source : I:\zig\
     Dest : E:\realtime_backups\zig\

    Files : *.*
	    
  Options : *.* /S /E /DCOPY:DA /COPY:DAT /PURGE /MIR /MT:8 /R:1000000 /W:30 

------------------------------------------------------------------------------


------------------------------------------------------------------------------

               Total    Copied   Skipped  Mismatch    FAILED    Extras
    Dirs :        95        95        95         0         0         0
   Files :       136         0       136         0         0         0
   Bytes :  253.33 m         0  253.33 m         0         0         0
   Times :   0:00:00   0:00:00                       0:00:00   0:00:00
   Ended : Friday, December 22, 2023 3:47:06 AM


-------------------------------------------------------------------------------
   ROBOCOPY     ::     Robust File Copy for Windows                              
-------------------------------------------------------------------------------

  Started : Friday, December 22, 2023 3:52:27 AM
   Source : I:\zig\
     Dest : E:\realtime_backups\zig\

    Files : *.*
	    
  Options : *.* /S /E /DCOPY:DA /COPY:DAT /PURGE /MIR /MT:8 /R:1000000 /W:30 

------------------------------------------------------------------------------


------------------------------------------------------------------------------

               Total    Copied   Skipped  Mismatch    FAILED    Extras
    Dirs :        95        95        95         0         0         0
   Files :       136         0       136         0         0         0
   Bytes :  253.33 m         0  253.33 m         0         0         0
   Times :   0:00:00   0:00:00                       0:00:00   0:00:00
   Ended : Friday, December 22, 2023 3:52:27 AM


-------------------------------------------------------------------------------
   ROBOCOPY     ::     Robust File Copy for Windows                              
-------------------------------------------------------------------------------

  Started : Friday, December 22, 2023 3:57:48 AM
   Source : I:\zig\
     Dest : E:\realtime_backups\zig\

    Files : *.*
	    
  Options : *.* /S /E /DCOPY:DA /COPY:DAT /PURGE /MIR /MT:8 /R:1000000 /W:30 

------------------------------------------------------------------------------


------------------------------------------------------------------------------

               Total    Copied   Skipped  Mismatch    FAILED    Extras
    Dirs :        95        95        95         0         0         0
   Files :       136         0       136         0         0         0
   Bytes :  253.33 m         0  253.33 m         0         0         0
   Times :   0:00:00   0:00:00                       0:00:00   0:00:00
   Ended : Friday, December 22, 2023 3:57:48 AM


-------------------------------------------------------------------------------
   ROBOCOPY     ::     Robust File Copy for Windows                              
-------------------------------------------------------------------------------

  Started : Friday, December 22, 2023 4:03:10 AM
   Source : I:\zig\
     Dest : E:\realtime_backups\zig\

    Files : *.*
	    
  Options : *.* /S /E /DCOPY:DA /COPY:DAT /PURGE /MIR /MT:8 /R:1000000 /W:30 

------------------------------------------------------------------------------


------------------------------------------------------------------------------

               Total    Copied   Skipped  Mismatch    FAILED    Extras
    Dirs :        95        95        95         0         0         0
   Files :       136         0       136         0         0         0
   Bytes :  253.33 m         0  253.33 m         0         0         0
   Times :   0:00:00   0:00:00                       0:00:00   0:00:00
   Ended : Friday, December 22, 2023 4:03:10 AM


-------------------------------------------------------------------------------
   ROBOCOPY     ::     Robust File Copy for Windows                              
-------------------------------------------------------------------------------

  Started : Friday, December 22, 2023 4:08:31 AM
   Source : I:\zig\
     Dest : E:\realtime_backups\zig\

    Files : *.*
	    
  Options : *.* /S /E /DCOPY:DA /COPY:DAT /PURGE /MIR /MT:8 /R:1000000 /W:30 

------------------------------------------------------------------------------


------------------------------------------------------------------------------

               Total    Copied   Skipped  Mismatch    FAILED    Extras
    Dirs :        95        95        95         0         0         0
   Files :       136         0       136         0         0         0
   Bytes :  253.33 m         0  253.33 m         0         0         0
   Times :   0:00:00   0:00:00                       0:00:00   0:00:00
   Ended : Friday, December 22, 2023 4:08:31 AM


-------------------------------------------------------------------------------
   ROBOCOPY     ::     Robust File Copy for Windows                              
-------------------------------------------------------------------------------

  Started : Friday, December 22, 2023 4:13:52 AM
   Source : I:\zig\
     Dest : E:\realtime_backups\zig\

    Files : *.*
	    
  Options : *.* /S /E /DCOPY:DA /COPY:DAT /PURGE /MIR /MT:8 /R:1000000 /W:30 

------------------------------------------------------------------------------


------------------------------------------------------------------------------

               Total    Copied   Skipped  Mismatch    FAILED    Extras
    Dirs :        95        95        95         0         0         0
   Files :       136         0       136         0         0         0
   Bytes :  253.33 m         0  253.33 m         0         0         0
   Times :   0:00:00   0:00:00                       0:00:00   0:00:00
   Ended : Friday, December 22, 2023 4:13:52 AM


-------------------------------------------------------------------------------
   ROBOCOPY     ::     Robust File Copy for Windows                              
-------------------------------------------------------------------------------

  Started : Friday, December 22, 2023 4:19:13 AM
   Source : I:\zig\
     Dest : E:\realtime_backups\zig\

    Files : *.*
	    
  Options : *.* /S /E /DCOPY:DA /COPY:DAT /PURGE /MIR /MT:8 /R:1000000 /W:30 

------------------------------------------------------------------------------


------------------------------------------------------------------------------

               Total    Copied   Skipped  Mismatch    FAILED    Extras
    Dirs :        95        95        95         0         0         0
   Files :       136         0       136         0         0         0
   Bytes :  253.33 m         0  253.33 m         0         0         0
   Times :   0:00:00   0:00:00                       0:00:00   0:00:00
   Ended : Friday, December 22, 2023 4:19:13 AM


-------------------------------------------------------------------------------
   ROBOCOPY     ::     Robust File Copy for Windows                              
-------------------------------------------------------------------------------

  Started : Friday, December 22, 2023 4:24:33 AM
   Source : I:\zig\
     Dest : E:\realtime_backups\zig\

    Files : *.*
	    
  Options : *.* /S /E /DCOPY:DA /COPY:DAT /PURGE /MIR /MT:8 /R:1000000 /W:30 

------------------------------------------------------------------------------


------------------------------------------------------------------------------

               Total    Copied   Skipped  Mismatch    FAILED    Extras
    Dirs :        95        95        95         0         0         0
   Files :       136         0       136         0         0         0
   Bytes :  253.33 m         0  253.33 m         0         0         0
   Times :   0:00:00   0:00:00                       0:00:00   0:00:00
   Ended : Friday, December 22, 2023 4:24:33 AM

