
-------------------------------------------------------------------------------
   ROBOCOPY     ::     Robust File Copy for Windows                              
-------------------------------------------------------------------------------

  Started : Tuesday, March 26, 2024 5:26:50 AM
   Source : J:\android\
     Dest : E:\realtime_backups\android\

    Files : *.*
	    
  Options : *.* /S /E /DCOPY:DA /COPY:DAT /PURGE /MIR /MT:8 /R:1000000 /W:30 

------------------------------------------------------------------------------

	  *EXTRA File 		       9	E:\realtime_backups\android\APKs\planner\12.31.2023\version.txt

------------------------------------------------------------------------------

               Total    Copied   Skipped  Mismatch    FAILED    Extras
    Dirs :      2648      2648      2648         0         0         0
   Files :     10197         0     10197         0         0         1
   Bytes :  395.00 m         0  395.00 m         0         0         9
   Times :   0:00:00   0:00:00                       0:00:00   0:00:00
   Ended : Tuesday, March 26, 2024 5:26:51 AM


-------------------------------------------------------------------------------
   ROBOCOPY     ::     Robust File Copy for Windows                              
-------------------------------------------------------------------------------

  Started : Tuesday, March 26, 2024 5:32:47 AM
   Source : J:\android\
     Dest : E:\realtime_backups\android\

    Files : *.*
	    
  Options : *.* /S /E /DCOPY:DA /COPY:DAT /PURGE /MIR /MT:8 /R:1000000 /W:30 

------------------------------------------------------------------------------

	  *EXTRA File 		       9	E:\realtime_backups\android\APKs\planner\12.31.2023\version.txt

------------------------------------------------------------------------------

               Total    Copied   Skipped  Mismatch    FAILED    Extras
    Dirs :      2648      2648      2648         0         0         0
   Files :     10176         0     10180         0         0         1
   Bytes :  394.90 m         0  394.92 m         0         0         9
   Times :   0:00:00   0:00:00                       0:00:00   0:00:00
   Ended : Tuesday, March 26, 2024 5:32:48 AM


-------------------------------------------------------------------------------
   ROBOCOPY     ::     Robust File Copy for Windows                              
-------------------------------------------------------------------------------

  Started : Tuesday, March 26, 2024 5:38:21 AM
   Source : J:\android\
     Dest : E:\realtime_backups\android\

    Files : *.*
	    
  Options : *.* /S /E /DCOPY:DA /COPY:DAT /PURGE /MIR /MT:8 /R:1000000 /W:30 

------------------------------------------------------------------------------


------------------------------------------------------------------------------

               Total    Copied   Skipped  Mismatch    FAILED    Extras
    Dirs :      2648      2648      2648         0         0         0
   Files :     10188         0     10190         0         0         0
   Bytes :  394.89 m         0  394.87 m         0         0         0
   Times :   0:00:00   0:00:00                       0:00:00   0:00:00
   Ended : Tuesday, March 26, 2024 5:38:21 AM


-------------------------------------------------------------------------------
   ROBOCOPY     ::     Robust File Copy for Windows                              
-------------------------------------------------------------------------------

  Started : Tuesday, March 26, 2024 5:44:15 AM
   Source : J:\android\
     Dest : E:\realtime_backups\android\

    Files : *.*
	    
  Options : *.* /S /E /DCOPY:DA /COPY:DAT /PURGE /MIR /MT:8 /R:1000000 /W:30 

------------------------------------------------------------------------------

	  *EXTRA File 		       9	E:\realtime_backups\android\APKs\planner\12.31.2023\version.txt

------------------------------------------------------------------------------

               Total    Copied   Skipped  Mismatch    FAILED    Extras
    Dirs :      2648      2648      2648         0         0         0
   Files :     10185         0     10183         0         0         1
   Bytes :  394.95 m         0  390.56 m         0         0         9
   Times :   0:00:00   0:00:00                       0:00:00   0:00:00
   Ended : Tuesday, March 26, 2024 5:44:15 AM


-------------------------------------------------------------------------------
   ROBOCOPY     ::     Robust File Copy for Windows                              
-------------------------------------------------------------------------------

  Started : Tuesday, March 26, 2024 5:50:10 AM
   Source : J:\android\
     Dest : E:\realtime_backups\android\

    Files : *.*
	    
  Options : *.* /S /E /DCOPY:DA /COPY:DAT /PURGE /MIR /MT:8 /R:1000000 /W:30 

------------------------------------------------------------------------------

	  *EXTRA File 		       9	E:\realtime_backups\android\APKs\planner\12.31.2023\version.txt

------------------------------------------------------------------------------

               Total    Copied   Skipped  Mismatch    FAILED    Extras
    Dirs :      2648      2648      2648         0         0         0
   Files :     10186         0     10187         0         0         1
   Bytes :  393.64 m         0  393.64 m         0         0         9
   Times :   0:00:00   0:00:00                       0:00:00   0:00:00
   Ended : Tuesday, March 26, 2024 5:50:11 AM


-------------------------------------------------------------------------------
   ROBOCOPY     ::     Robust File Copy for Windows                              
-------------------------------------------------------------------------------

  Started : Tuesday, March 26, 2024 5:55:44 AM
   Source : J:\android\
     Dest : E:\realtime_backups\android\

    Files : *.*
	    
  Options : *.* /S /E /DCOPY:DA /COPY:DAT /PURGE /MIR /MT:8 /R:1000000 /W:30 

------------------------------------------------------------------------------


------------------------------------------------------------------------------

               Total    Copied   Skipped  Mismatch    FAILED    Extras
    Dirs :      2648      2648      2648         0         0         0
   Files :     10194         0     10193         0         0         0
   Bytes :  395.00 m         0  394.98 m         0         0         0
   Times :   0:00:00   0:00:00                       0:00:00   0:00:00
   Ended : Tuesday, March 26, 2024 5:55:44 AM


-------------------------------------------------------------------------------
   ROBOCOPY     ::     Robust File Copy for Windows                              
-------------------------------------------------------------------------------

  Started : Tuesday, March 26, 2024 6:01:37 AM
   Source : J:\android\
     Dest : E:\realtime_backups\android\

    Files : *.*
	    
  Options : *.* /S /E /DCOPY:DA /COPY:DAT /PURGE /MIR /MT:8 /R:1000000 /W:30 

------------------------------------------------------------------------------

	  *EXTRA File 		       9	E:\realtime_backups\android\APKs\planner\12.31.2023\version.txt

------------------------------------------------------------------------------

               Total    Copied   Skipped  Mismatch    FAILED    Extras
    Dirs :      2648      2648      2648         0         0         0
   Files :     10190         0     10191         0         0         1
   Bytes :  380.11 m         0  395.00 m         0         0         9
   Times :   0:00:00   0:00:00                       0:00:00   0:00:00
   Ended : Tuesday, March 26, 2024 6:01:38 AM


-------------------------------------------------------------------------------
   ROBOCOPY     ::     Robust File Copy for Windows                              
-------------------------------------------------------------------------------

  Started : Tuesday, March 26, 2024 6:07:32 AM
   Source : J:\android\
     Dest : E:\realtime_backups\android\

    Files : *.*
	    
  Options : *.* /S /E /DCOPY:DA /COPY:DAT /PURGE /MIR /MT:8 /R:1000000 /W:30 

------------------------------------------------------------------------------

	  *EXTRA File 		       9	E:\realtime_backups\android\APKs\planner\12.31.2023\version.txt

------------------------------------------------------------------------------

               Total    Copied   Skipped  Mismatch    FAILED    Extras
    Dirs :      2648      2648      2648         0         0         0
   Files :     10183         0     10185         0         0         1
   Bytes :  394.96 m         0  394.18 m         0         0         9
   Times :   0:00:00   0:00:00                       0:00:00   0:00:00
   Ended : Tuesday, March 26, 2024 6:07:32 AM


-------------------------------------------------------------------------------
   ROBOCOPY     ::     Robust File Copy for Windows                              
-------------------------------------------------------------------------------

  Started : Tuesday, March 26, 2024 6:13:05 AM
   Source : J:\android\
     Dest : E:\realtime_backups\android\

    Files : *.*
	    
  Options : *.* /S /E /DCOPY:DA /COPY:DAT /PURGE /MIR /MT:8 /R:1000000 /W:30 

------------------------------------------------------------------------------


------------------------------------------------------------------------------

               Total    Copied   Skipped  Mismatch    FAILED    Extras
    Dirs :      2648      2648      2648         0         0         0
   Files :     10194         0     10194         0         0         0
   Bytes :  394.97 m         0  394.97 m         0         0         0
   Times :   0:00:00   0:00:00                       0:00:00   0:00:00
   Ended : Tuesday, March 26, 2024 6:13:05 AM


-------------------------------------------------------------------------------
   ROBOCOPY     ::     Robust File Copy for Windows                              
-------------------------------------------------------------------------------

  Started : Tuesday, March 26, 2024 6:18:59 AM
   Source : J:\android\
     Dest : E:\realtime_backups\android\

    Files : *.*
	    
  Options : *.* /S /E /DCOPY:DA /COPY:DAT /PURGE /MIR /MT:8 /R:1000000 /W:30 

------------------------------------------------------------------------------

	  *EXTRA File 		       9	E:\realtime_backups\android\APKs\planner\12.31.2023\version.txt

------------------------------------------------------------------------------

               Total    Copied   Skipped  Mismatch    FAILED    Extras
    Dirs :      2648      2648      2648         0         0         0
   Files :     10194         0     10193         0         0         1
   Bytes :  394.99 m         0  394.88 m         0         0         9
   Times :   0:00:00   0:00:00                       0:00:00   0:00:00
   Ended : Tuesday, March 26, 2024 6:19:00 AM


-------------------------------------------------------------------------------
   ROBOCOPY     ::     Robust File Copy for Windows                              
-------------------------------------------------------------------------------

  Started : Tuesday, March 26, 2024 6:24:52 AM
   Source : J:\android\
     Dest : E:\realtime_backups\android\

    Files : *.*
	    
  Options : *.* /S /E /DCOPY:DA /COPY:DAT /PURGE /MIR /MT:8 /R:1000000 /W:30 

------------------------------------------------------------------------------

	  *EXTRA File 		       9	E:\realtime_backups\android\APKs\planner\12.31.2023\version.txt

------------------------------------------------------------------------------

               Total    Copied   Skipped  Mismatch    FAILED    Extras
    Dirs :      2648      2648      2647         0         0         0
   Files :     10186         0     10188         0         0         1
   Bytes :  394.83 m         0  394.97 m         0         0         9
   Times :   0:00:00   0:00:00                       0:00:00   0:00:00
   Ended : Tuesday, March 26, 2024 6:24:53 AM


-------------------------------------------------------------------------------
   ROBOCOPY     ::     Robust File Copy for Windows                              
-------------------------------------------------------------------------------

  Started : Tuesday, March 26, 2024 6:30:29 AM
   Source : J:\android\
     Dest : E:\realtime_backups\android\

    Files : *.*
	    
  Options : *.* /S /E /DCOPY:DA /COPY:DAT /PURGE /MIR /MT:8 /R:1000000 /W:30 

------------------------------------------------------------------------------


------------------------------------------------------------------------------

               Total    Copied   Skipped  Mismatch    FAILED    Extras
    Dirs :      2648      2648      2648         0         0         0
   Files :     10185         0     10186         0         0         0
   Bytes :  394.98 m         0  394.97 m         0         0         0
   Times :   0:00:00   0:00:00                       0:00:00   0:00:00
   Ended : Tuesday, March 26, 2024 6:30:29 AM

