
-------------------------------------------------------------------------------
   ROBOCOPY     ::     Robust File Copy for Windows                              
-------------------------------------------------------------------------------

  Started : Tuesday, December 19, 2023 4:33:08 PM
   Source : I:\NavyFedApi\
     Dest : E:\monthly_backups\Dec\NavyFedApi\

    Files : *.*
	    
  Options : *.* /S /E /DCOPY:DA /COPY:DAT /PURGE /MIR /MT:8 /R:1000000 /W:30 

------------------------------------------------------------------------------


------------------------------------------------------------------------------

               Total    Copied   Skipped  Mismatch    FAILED    Extras
    Dirs :        25        25        25         0         0         0
   Files :        34         0        34         0         0         0
   Bytes :    37.2 k         0    37.2 k         0         0         0
   Times :   0:00:00   0:00:00                       0:00:00   0:00:00
   Ended : Tuesday, December 19, 2023 4:33:08 PM


-------------------------------------------------------------------------------
   ROBOCOPY     ::     Robust File Copy for Windows                              
-------------------------------------------------------------------------------

  Started : Tuesday, December 19, 2023 4:33:29 PM
   Source : I:\NavyFedApi\
     Dest : \\hksCenter\hks\backup\NavyFedApi\

    Files : *.*
	    
  Options : *.* /S /E /DCOPY:DA /COPY:DAT /PURGE /MIR /MT:8 /R:1000000 /W:30 

------------------------------------------------------------------------------


------------------------------------------------------------------------------

               Total    Copied   Skipped  Mismatch    FAILED    Extras
    Dirs :        25        25        25         0         0         0
   Files :        34         0        34         0         0         0
   Bytes :    37.2 k         0    37.2 k         0         0         0
   Times :   0:00:00   0:00:00                       0:00:00   0:00:00
   Ended : Tuesday, December 19, 2023 4:33:29 PM


-------------------------------------------------------------------------------
   ROBOCOPY     ::     Robust File Copy for Windows                              
-------------------------------------------------------------------------------

  Started : Tuesday, December 19, 2023 7:18:41 PM
   Source : I:\NavyFedApi\
     Dest : E:\realtime_backups\NavyFedApi\

    Files : *.*
	    
  Options : *.* /S /E /DCOPY:DA /COPY:DAT /PURGE /MIR /MT:8 /R:1000000 /W:30 

------------------------------------------------------------------------------


------------------------------------------------------------------------------

               Total    Copied   Skipped  Mismatch    FAILED    Extras
    Dirs :        25        25        25         0         0         0
   Files :        34         0        34         0         0         0
   Bytes :    37.2 k         0    37.2 k         0         0         0
   Times :   0:00:00   0:00:00                       0:00:00   0:00:00
   Ended : Tuesday, December 19, 2023 7:18:41 PM


-------------------------------------------------------------------------------
   ROBOCOPY     ::     Robust File Copy for Windows                              
-------------------------------------------------------------------------------

  Started : Tuesday, December 19, 2023 7:24:07 PM
   Source : I:\NavyFedApi\
     Dest : E:\realtime_backups\NavyFedApi\

    Files : *.*
	    
  Options : *.* /S /E /DCOPY:DA /COPY:DAT /PURGE /MIR /MT:8 /R:1000000 /W:30 

------------------------------------------------------------------------------


------------------------------------------------------------------------------

               Total    Copied   Skipped  Mismatch    FAILED    Extras
    Dirs :        25        25        25         0         0         0
   Files :        34         0        34         0         0         0
   Bytes :    37.2 k         0    37.2 k         0         0         0
   Times :   0:00:00   0:00:00                       0:00:00   0:00:00
   Ended : Tuesday, December 19, 2023 7:24:07 PM


-------------------------------------------------------------------------------
   ROBOCOPY     ::     Robust File Copy for Windows                              
-------------------------------------------------------------------------------

  Started : Tuesday, December 19, 2023 7:29:27 PM
   Source : I:\NavyFedApi\
     Dest : E:\realtime_backups\NavyFedApi\

    Files : *.*
	    
  Options : *.* /S /E /DCOPY:DA /COPY:DAT /PURGE /MIR /MT:8 /R:1000000 /W:30 

------------------------------------------------------------------------------


------------------------------------------------------------------------------

               Total    Copied   Skipped  Mismatch    FAILED    Extras
    Dirs :        25        25        25         0         0         0
   Files :        34         0        34         0         0         0
   Bytes :    37.2 k         0    37.2 k         0         0         0
   Times :   0:00:00   0:00:00                       0:00:00   0:00:00
   Ended : Tuesday, December 19, 2023 7:29:27 PM


-------------------------------------------------------------------------------
   ROBOCOPY     ::     Robust File Copy for Windows                              
-------------------------------------------------------------------------------

  Started : Tuesday, December 19, 2023 7:34:48 PM
   Source : I:\NavyFedApi\
     Dest : E:\realtime_backups\NavyFedApi\

    Files : *.*
	    
  Options : *.* /S /E /DCOPY:DA /COPY:DAT /PURGE /MIR /MT:8 /R:1000000 /W:30 

------------------------------------------------------------------------------


------------------------------------------------------------------------------

               Total    Copied   Skipped  Mismatch    FAILED    Extras
    Dirs :        25        25        25         0         0         0
   Files :        34         0        34         0         0         0
   Bytes :    37.2 k         0    37.2 k         0         0         0
   Times :   0:00:00   0:00:00                       0:00:00   0:00:00
   Ended : Tuesday, December 19, 2023 7:34:48 PM


-------------------------------------------------------------------------------
   ROBOCOPY     ::     Robust File Copy for Windows                              
-------------------------------------------------------------------------------

  Started : Tuesday, December 19, 2023 7:40:09 PM
   Source : I:\NavyFedApi\
     Dest : E:\realtime_backups\NavyFedApi\

    Files : *.*
	    
  Options : *.* /S /E /DCOPY:DA /COPY:DAT /PURGE /MIR /MT:8 /R:1000000 /W:30 

------------------------------------------------------------------------------


------------------------------------------------------------------------------

               Total    Copied   Skipped  Mismatch    FAILED    Extras
    Dirs :        25        25        25         0         0         0
   Files :        34         0        34         0         0         0
   Bytes :    37.2 k         0    37.2 k         0         0         0
   Times :   0:00:00   0:00:00                       0:00:00   0:00:00
   Ended : Tuesday, December 19, 2023 7:40:09 PM


-------------------------------------------------------------------------------
   ROBOCOPY     ::     Robust File Copy for Windows                              
-------------------------------------------------------------------------------

  Started : Tuesday, December 19, 2023 7:45:29 PM
   Source : I:\NavyFedApi\
     Dest : E:\realtime_backups\NavyFedApi\

    Files : *.*
	    
  Options : *.* /S /E /DCOPY:DA /COPY:DAT /PURGE /MIR /MT:8 /R:1000000 /W:30 

------------------------------------------------------------------------------


------------------------------------------------------------------------------

               Total    Copied   Skipped  Mismatch    FAILED    Extras
    Dirs :        25        25        25         0         0         0
   Files :        34         0        34         0         0         0
   Bytes :    37.2 k         0    37.2 k         0         0         0
   Times :   0:00:00   0:00:00                       0:00:00   0:00:00
   Ended : Tuesday, December 19, 2023 7:45:29 PM


-------------------------------------------------------------------------------
   ROBOCOPY     ::     Robust File Copy for Windows                              
-------------------------------------------------------------------------------

  Started : Tuesday, December 19, 2023 7:50:50 PM
   Source : I:\NavyFedApi\
     Dest : E:\realtime_backups\NavyFedApi\

    Files : *.*
	    
  Options : *.* /S /E /DCOPY:DA /COPY:DAT /PURGE /MIR /MT:8 /R:1000000 /W:30 

------------------------------------------------------------------------------


------------------------------------------------------------------------------

               Total    Copied   Skipped  Mismatch    FAILED    Extras
    Dirs :        25        25        25         0         0         0
   Files :        34         0        34         0         0         0
   Bytes :    37.2 k         0    37.2 k         0         0         0
   Times :   0:00:00   0:00:00                       0:00:00   0:00:00
   Ended : Tuesday, December 19, 2023 7:50:50 PM


-------------------------------------------------------------------------------
   ROBOCOPY     ::     Robust File Copy for Windows                              
-------------------------------------------------------------------------------

  Started : Tuesday, December 19, 2023 7:56:11 PM
   Source : I:\NavyFedApi\
     Dest : E:\realtime_backups\NavyFedApi\

    Files : *.*
	    
  Options : *.* /S /E /DCOPY:DA /COPY:DAT /PURGE /MIR /MT:8 /R:1000000 /W:30 

------------------------------------------------------------------------------


------------------------------------------------------------------------------

               Total    Copied   Skipped  Mismatch    FAILED    Extras
    Dirs :        25        25        25         0         0         0
   Files :        34         0        34         0         0         0
   Bytes :    37.2 k         0    37.2 k         0         0         0
   Times :   0:00:00   0:00:00                       0:00:00   0:00:00
   Ended : Tuesday, December 19, 2023 7:56:11 PM

